My SLURM_ARRAY_TASK_ID:  3
Running s.Figure5.angle with flags 5 with VGG19
Working in /n/home05/isvetkey/cnn-stimuli/RESULTS/s.Figure5.angle/5/VGG19
Storing /n/home05/isvetkey/cnn-stimuli/RESULTS/s.Figure5.angle/5/VGG19.p
Storing /n/home05/isvetkey/cnn-stimuli/RESULTS/s.Figure5.angle/5/VGG19.h5
Done 23.3308768272 seconds ( 130595 iterations)
memory usage 60.016 MB

 32/600 [>.............................] - ETA: 39s
 64/600 [==>...........................] - ETA: 19s
 96/600 [===>..........................] - ETA: 12s
128/600 [=====>........................] - ETA: 8s 
160/600 [=======>......................] - ETA: 6s
192/600 [========>.....................] - ETA: 5s
224/600 [==========>...................] - ETA: 4s
256/600 [===========>..................] - ETA: 3s
288/600 [=============>................] - ETA: 2s
320/600 [===============>..............] - ETA: 2s
352/600 [================>.............] - ETA: 1s
384/600 [==================>...........] - ETA: 1s
416/600 [===================>..........] - ETA: 1s
448/600 [=====================>........] - ETA: 1s
480/600 [=======================>......] - ETA: 0s
512/600 [========================>.....] - ETA: 0s
544/600 [==========================>...] - ETA: 0s
576/600 [===========================>..] - ETA: 0s
600/600 [==============================] - 4s 6ms/step

 32/200 [===>..........................] - ETA: 0s
 64/200 [========>.....................] - ETA: 0s
 96/200 [=============>................] - ETA: 0s
128/200 [==================>...........] - ETA: 0s
160/200 [=======================>......] - ETA: 0s
192/200 [===========================>..] - ETA: 0s
200/200 [==============================] - 1s 3ms/step

 32/200 [===>..........................] - ETA: 0s
 64/200 [========>.....................] - ETA: 0s
 96/200 [=============>................] - ETA: 0s
128/200 [==================>...........] - ETA: 0s
160/200 [=======================>......] - ETA: 0s
192/200 [===========================>..] - ETA: 0s
200/200 [==============================] - 0s 2ms/step
VGG19 features done after 4.46792697906
memory usage 24.576 MB
Train on 600 samples, validate on 200 samples
Epoch 1/1000

 32/600 [>.............................] - ETA: 6s - loss: 0.3889 - mean_squared_error: 0.3889 - mean_absolute_error: 0.5432
416/600 [===================>..........] - ETA: 0s - loss: 0.3290 - mean_squared_error: 0.3290 - mean_absolute_error: 0.4832
Epoch 00001: val_loss improved from inf to 0.34534, saving model to /n/home05/isvetkey/cnn-stimuli/RESULTS/s.Figure5.angle/5/VGG19.h5

600/600 [==============================] - 1s 1ms/step - loss: 0.3321 - mean_squared_error: 0.3321 - mean_absolute_error: 0.4843 - val_loss: 0.3453 - val_mean_squared_error: 0.3453 - val_mean_absolute_error: 0.5181
Epoch 2/1000

 32/600 [>.............................] - ETA: 0s - loss: 0.3896 - mean_squared_error: 0.3896 - mean_absolute_error: 0.5291
352/600 [================>.............] - ETA: 0s - loss: 0.3203 - mean_squared_error: 0.3203 - mean_absolute_error: 0.4719
Epoch 00002: val_loss improved from 0.34534 to 0.33768, saving model to /n/home05/isvetkey/cnn-stimuli/RESULTS/s.Figure5.angle/5/VGG19.h5

600/600 [==============================] - 0s 598us/step - loss: 0.3255 - mean_squared_error: 0.3255 - mean_absolute_error: 0.4786 - val_loss: 0.3377 - val_mean_squared_error: 0.3377 - val_mean_absolute_error: 0.5113
Epoch 3/1000

 32/600 [>.............................] - ETA: 0s - loss: 0.2545 - mean_squared_error: 0.2545 - mean_absolute_error: 0.3987
256/600 [===========>..................] - ETA: 0s - loss: 0.3215 - mean_squared_error: 0.3215 - mean_absolute_error: 0.4727
544/600 [==========================>...] - ETA: 0s - loss: 0.3198 - mean_squared_error: 0.3198 - mean_absolute_error: 0.4743
Epoch 00003: val_loss improved from 0.33768 to 0.32992, saving model to /n/home05/isvetkey/cnn-stimuli/RESULTS/s.Figure5.angle/5/VGG19.h5

600/600 [==============================] - 0s 337us/step - loss: 0.3181 - mean_squared_error: 0.3181 - mean_absolute_error: 0.4720 - val_loss: 0.3299 - val_mean_squared_error: 0.3299 - val_mean_absolute_error: 0.5045
Epoch 4/1000

 32/600 [>.............................] - ETA: 0s - loss: 0.3333 - mean_squared_error: 0.3333 - mean_absolute_error: 0.4925
384/600 [==================>...........] - ETA: 0s - loss: 0.3085 - mean_squared_error: 0.3085 - mean_absolute_error: 0.4622
Epoch 00004: val_loss improved from 0.32992 to 0.32237, saving model to /n/home05/isvetkey/cnn-stimuli/RESULTS/s.Figure5.angle/5/VGG19.h5

600/600 [==============================] - 0s 282us/step - loss: 0.3109 - mean_squared_error: 0.3109 - mean_absolute_error: 0.4654 - val_loss: 0.3224 - val_mean_squared_error: 0.3224 - val_mean_absolute_error: 0.4979
Epoch 5/1000

 32/600 [>.............................] - ETA: 0s - loss: 0.2926 - mean_squared_error: 0.2926 - mean_absolute_error: 0.4383
224/600 [==========>...................] - ETA: 0s - loss: 0.3012 - mean_squared_error: 0.3012 - mean_absolute_error: 0.4535
576/600 [===========================>..] - ETA: 0s - loss: 0.3039 - mean_squared_error: 0.3039 - mean_absolute_error: 0.4588
Epoch 00005: val_loss improved from 0.32237 to 0.31495, saving model to /n/home05/isvetkey/cnn-stimuli/RESULTS/s.Figure5.angle/5/VGG19.h5

600/600 [==============================] - 0s 325us/step - loss: 0.3035 - mean_squared_error: 0.3035 - mean_absolute_error: 0.4589 - val_loss: 0.3149 - val_mean_squared_error: 0.3149 - val_mean_absolute_error: 0.4914
Epoch 6/1000

 32/600 [>.............................] - ETA: 0s - loss: 0.3272 - mean_squared_error: 0.3272 - mean_absolute_error: 0.4897
384/600 [==================>...........] - ETA: 0s - loss: 0.3029 - mean_squared_error: 0.3029 - mean_absolute_error: 0.4589
Epoch 00006: val_loss improved from 0.31495 to 0.30762, saving model to /n/home05/isvetkey/cnn-stimuli/RESULTS/s.Figure5.angle/5/VGG19.h5

600/600 [==============================] - 0s 305us/step - loss: 0.2967 - mean_squared_error: 0.2967 - mean_absolute_error: 0.4524 - val_loss: 0.3076 - val_mean_squared_error: 0.3076 - val_mean_absolute_error: 0.4851
Epoch 7/1000

 32/600 [>.............................] - ETA: 0s - loss: 0.2882 - mean_squared_error: 0.2882 - mean_absolute_error: 0.4420
288/600 [=============>................] - ETA: 0s - loss: 0.2994 - mean_squared_error: 0.2994 - mean_absolute_error: 0.4581
Epoch 00007: val_loss improved from 0.30762 to 0.30052, saving model to /n/home05/isvetkey/cnn-stimuli/RESULTS/s.Figure5.angle/5/VGG19.h5

600/600 [==============================] - 0s 658us/step - loss: 0.2898 - mean_squared_error: 0.2898 - mean_absolute_error: 0.4460 - val_loss: 0.3005 - val_mean_squared_error: 0.3005 - val_mean_absolute_error: 0.4788
Epoch 8/1000

 32/600 [>.............................] - ETA: 0s - loss: 0.2850 - mean_squared_error: 0.2850 - mean_absolute_error: 0.4356
256/600 [===========>..................] - ETA: 0s - loss: 0.2860 - mean_squared_error: 0.2860 - mean_absolute_error: 0.4434
544/600 [==========================>...] - ETA: 0s - loss: 0.2859 - mean_squared_error: 0.2859 - mean_absolute_error: 0.4420
Epoch 00008: val_loss improved from 0.30052 to 0.29363, saving model to /n/home05/isvetkey/cnn-stimuli/RESULTS/s.Figure5.angle/5/VGG19.h5

600/600 [==============================] - 0s 340us/step - loss: 0.2833 - mean_squared_error: 0.2833 - mean_absolute_error: 0.4400 - val_loss: 0.2936 - val_mean_squared_error: 0.2936 - val_mean_absolute_error: 0.4728
Epoch 9/1000

 32/600 [>.............................] - ETA: 0s - loss: 0.3247 - mean_squared_error: 0.3247 - mean_absolute_error: 0.4831
384/600 [==================>...........] - ETA: 0s - loss: 0.2777 - mean_squared_error: 0.2777 - mean_absolute_error: 0.4350
Epoch 00009: val_loss improved from 0.29363 to 0.28693, saving model to /n/home05/isvetkey/cnn-stimuli/RESULTS/s.Figure5.angle/5/VGG19.h5

600/600 [==============================] - 0s 282us/step - loss: 0.2770 - mean_squared_error: 0.2770 - mean_absolute_error: 0.4342 - val_loss: 0.2869 - val_mean_squared_error: 0.2869 - val_mean_absolute_error: 0.4668
Epoch 10/1000

 32/600 [>.............................] - ETA: 0s - loss: 0.2819 - mean_squared_error: 0.2819 - mean_absolute_error: 0.4407
288/600 [=============>................] - ETA: 0s - loss: 0.2694 - mean_squared_error: 0.2694 - mean_absolute_error: 0.4278
448/600 [=====================>........] - ETA: 0s - loss: 0.2716 - mean_squared_error: 0.2716 - mean_absolute_error: 0.4298
Epoch 00010: val_loss improved from 0.28693 to 0.28047, saving model to /n/home05/isvetkey/cnn-stimuli/RESULTS/s.Figure5.angle/5/VGG19.h5

600/600 [==============================] - 0s 387us/step - loss: 0.2710 - mean_squared_error: 0.2710 - mean_absolute_error: 0.4286 - val_loss: 0.2805 - val_mean_squared_error: 0.2805 - val_mean_absolute_error: 0.4610
Epoch 11/1000

 32/600 [>.............................] - ETA: 0s - loss: 0.2893 - mean_squared_error: 0.2893 - mean_absolute_error: 0.4459
384/600 [==================>...........] - ETA: 0s - loss: 0.2620 - mean_squared_error: 0.2620 - mean_absolute_error: 0.4201
Epoch 00011: val_loss improved from 0.28047 to 0.27414, saving model to /n/home05/isvetkey/cnn-stimuli/RESULTS/s.Figure5.angle/5/VGG19.h5

600/600 [==============================] - 0s 280us/step - loss: 0.2647 - mean_squared_error: 0.2647 - mean_absolute_error: 0.4229 - val_loss: 0.2741 - val_mean_squared_error: 0.2741 - val_mean_absolute_error: 0.4552
Epoch 12/1000

 32/600 [>.............................] - ETA: 0s - loss: 0.2937 - mean_squared_error: 0.2937 - mean_absolute_error: 0.4594
384/600 [==================>...........] - ETA: 0s - loss: 0.2634 - mean_squared_error: 0.2634 - mean_absolute_error: 0.4214
Epoch 00012: val_loss improved from 0.27414 to 0.26799, saving model to /n/home05/isvetkey/cnn-stimuli/RESULTS/s.Figure5.angle/5/VGG19.h5

600/600 [==============================] - 0s 297us/step - loss: 0.2590 - mean_squared_error: 0.2590 - mean_absolute_error: 0.4175 - val_loss: 0.2680 - val_mean_squared_error: 0.2680 - val_mean_absolute_error: 0.4495
Epoch 13/1000

 32/600 [>.............................] - ETA: 0s - loss: 0.2712 - mean_squared_error: 0.2712 - mean_absolute_error: 0.4329
320/600 [===============>..............] - ETA: 0s - loss: 0.2552 - mean_squared_error: 0.2552 - mean_absolute_error: 0.4149
Epoch 00013: val_loss improved from 0.26799 to 0.26205, saving model to /n/home05/isvetkey/cnn-stimuli/RESULTS/s.Figure5.angle/5/VGG19.h5

600/600 [==============================] - 0s 358us/step - loss: 0.2531 - mean_squared_error: 0.2531 - mean_absolute_error: 0.4122 - val_loss: 0.2620 - val_mean_squared_error: 0.2620 - val_mean_absolute_error: 0.4440
Epoch 14/1000

 32/600 [>.............................] - ETA: 0s - loss: 0.2246 - mean_squared_error: 0.2246 - mean_absolute_error: 0.3847
384/600 [==================>...........] - ETA: 0s - loss: 0.2484 - mean_squared_error: 0.2484 - mean_absolute_error: 0.4071
Epoch 00014: val_loss improved from 0.26205 to 0.25623, saving model to /n/home05/isvetkey/cnn-stimuli/RESULTS/s.Figure5.angle/5/VGG19.h5

600/600 [==============================] - 0s 283us/step - loss: 0.2477 - mean_squared_error: 0.2477 - mean_absolute_error: 0.4072 - val_loss: 0.2562 - val_mean_squared_error: 0.2562 - val_mean_absolute_error: 0.4386
Epoch 15/1000

 32/600 [>.............................] - ETA: 0s - loss: 0.2265 - mean_squared_error: 0.2265 - mean_absolute_error: 0.3837
288/600 [=============>................] - ETA: 0s - loss: 0.2432 - mean_squared_error: 0.2432 - mean_absolute_error: 0.4055
Epoch 00015: val_loss improved from 0.25623 to 0.25060, saving model to /n/home05/isvetkey/cnn-stimuli/RESULTS/s.Figure5.angle/5/VGG19.h5

600/600 [==============================] - 0s 319us/step - loss: 0.2425 - mean_squared_error: 0.2425 - mean_absolute_error: 0.4025 - val_loss: 0.2506 - val_mean_squared_error: 0.2506 - val_mean_absolute_error: 0.4332
Epoch 16/1000

 32/600 [>.............................] - ETA: 0s - loss: 0.2453 - mean_squared_error: 0.2453 - mean_absolute_error: 0.4120
288/600 [=============>................] - ETA: 0s - loss: 0.2350 - mean_squared_error: 0.2350 - mean_absolute_error: 0.3961
Epoch 00016: val_loss improved from 0.25060 to 0.24506, saving model to /n/home05/isvetkey/cnn-stimuli/RESULTS/s.Figure5.angle/5/VGG19.h5

600/600 [==============================] - 0s 323us/step - loss: 0.2367 - mean_squared_error: 0.2367 - mean_absolute_error: 0.3972 - val_loss: 0.2451 - val_mean_squared_error: 0.2451 - val_mean_absolute_error: 0.4278
Epoch 17/1000

 32/600 [>.............................] - ETA: 0s - loss: 0.1989 - mean_squared_error: 0.1989 - mean_absolute_error: 0.3460
384/600 [==================>...........] - ETA: 0s - loss: 0.2315 - mean_squared_error: 0.2315 - mean_absolute_error: 0.3936
Epoch 00017: val_loss improved from 0.24506 to 0.23972, saving model to /n/home05/isvetkey/cnn-stimuli/RESULTS/s.Figure5.angle/5/VGG19.h5

600/600 [==============================] - 0s 591us/step - loss: 0.2321 - mean_squared_error: 0.2321 - mean_absolute_error: 0.3926 - val_loss: 0.2397 - val_mean_squared_error: 0.2397 - val_mean_absolute_error: 0.4227
Epoch 18/1000

 32/600 [>.............................] - ETA: 0s - loss: 0.2239 - mean_squared_error: 0.2239 - mean_absolute_error: 0.3856
352/600 [================>.............] - ETA: 0s - loss: 0.2208 - mean_squared_error: 0.2208 - mean_absolute_error: 0.3813
Epoch 00018: val_loss improved from 0.23972 to 0.23454, saving model to /n/home05/isvetkey/cnn-stimuli/RESULTS/s.Figure5.angle/5/VGG19.h5

600/600 [==============================] - 0s 452us/step - loss: 0.2272 - mean_squared_error: 0.2272 - mean_absolute_error: 0.3881 - val_loss: 0.2345 - val_mean_squared_error: 0.2345 - val_mean_absolute_error: 0.4177
Epoch 19/1000

 32/600 [>.............................] - ETA: 0s - loss: 0.2808 - mean_squared_error: 0.2808 - mean_absolute_error: 0.4532
256/600 [===========>..................] - ETA: 0s - loss: 0.2190 - mean_squared_error: 0.2190 - mean_absolute_error: 0.3795
544/600 [==========================>...] - ETA: 0s - loss: 0.2202 - mean_squared_error: 0.2202 - mean_absolute_error: 0.3813
Epoch 00019: val_loss improved from 0.23454 to 0.22950, saving model to /n/home05/isvetkey/cnn-stimuli/RESULTS/s.Figure5.angle/5/VGG19.h5

600/600 [==============================] - 0s 343us/step - loss: 0.2222 - mean_squared_error: 0.2222 - mean_absolute_error: 0.3834 - val_loss: 0.2295 - val_mean_squared_error: 0.2295 - val_mean_absolute_error: 0.4127
Epoch 20/1000

 32/600 [>.............................] - ETA: 0s - loss: 0.2527 - mean_squared_error: 0.2527 - mean_absolute_error: 0.4110
384/600 [==================>...........] - ETA: 0s - loss: 0.2177 - mean_squared_error: 0.2177 - mean_absolute_error: 0.3795
Epoch 00020: val_loss improved from 0.22950 to 0.22461, saving model to /n/home05/isvetkey/cnn-stimuli/RESULTS/s.Figure5.angle/5/VGG19.h5

600/600 [==============================] - 0s 306us/step - loss: 0.2183 - mean_squared_error: 0.2183 - mean_absolute_error: 0.3798 - val_loss: 0.2246 - val_mean_squared_error: 0.2246 - val_mean_absolute_error: 0.4078
Epoch 21/1000

 32/600 [>.............................] - ETA: 0s - loss: 0.2623 - mean_squared_error: 0.2623 - mean_absolute_error: 0.4337
256/600 [===========>..................] - ETA: 0s - loss: 0.2228 - mean_squared_error: 0.2228 - mean_absolute_error: 0.3855
544/600 [==========================>...] - ETA: 0s - loss: 0.2107 - mean_squared_error: 0.2107 - mean_absolute_error: 0.3708
Epoch 00021: val_loss improved from 0.22461 to 0.21982, saving model to /n/home05/isvetkey/cnn-stimuli/RESULTS/s.Figure5.angle/5/VGG19.h5

600/600 [==============================] - 0s 365us/step - loss: 0.2127 - mean_squared_error: 0.2127 - mean_absolute_error: 0.3742 - val_loss: 0.2198 - val_mean_squared_error: 0.2198 - val_mean_absolute_error: 0.4030
Epoch 22/1000

 32/600 [>.............................] - ETA: 0s - loss: 0.1744 - mean_squared_error: 0.1744 - mean_absolute_error: 0.3260
384/600 [==================>...........] - ETA: 0s - loss: 0.2035 - mean_squared_error: 0.2035 - mean_absolute_error: 0.3646
Epoch 00022: val_loss improved from 0.21982 to 0.21522, saving model to /n/home05/isvetkey/cnn-stimuli/RESULTS/s.Figure5.angle/5/VGG19.h5

600/600 [==============================] - 0s 286us/step - loss: 0.2092 - mean_squared_error: 0.2092 - mean_absolute_error: 0.3709 - val_loss: 0.2152 - val_mean_squared_error: 0.2152 - val_mean_absolute_error: 0.3983
Epoch 23/1000

 32/600 [>.............................] - ETA: 0s - loss: 0.2121 - mean_squared_error: 0.2121 - mean_absolute_error: 0.3691
384/600 [==================>...........] - ETA: 0s - loss: 0.2099 - mean_squared_error: 0.2099 - mean_absolute_error: 0.3725
Epoch 00023: val_loss improved from 0.21522 to 0.21065, saving model to /n/home05/isvetkey/cnn-stimuli/RESULTS/s.Figure5.angle/5/VGG19.h5

600/600 [==============================] - 0s 325us/step - loss: 0.2040 - mean_squared_error: 0.2040 - mean_absolute_error: 0.3661 - val_loss: 0.2107 - val_mean_squared_error: 0.2107 - val_mean_absolute_error: 0.3936
Epoch 24/1000

 32/600 [>.............................] - ETA: 0s - loss: 0.2365 - mean_squared_error: 0.2365 - mean_absolute_error: 0.4021
288/600 [=============>................] - ETA: 0s - loss: 0.2099 - mean_squared_error: 0.2099 - mean_absolute_error: 0.3721
Epoch 00024: val_loss improved from 0.21065 to 0.20626, saving model to /n/home05/isvetkey/cnn-stimuli/RESULTS/s.Figure5.angle/5/VGG19.h5

600/600 [==============================] - 0s 302us/step - loss: 0.2009 - mean_squared_error: 0.2009 - mean_absolute_error: 0.3632 - val_loss: 0.2063 - val_mean_squared_error: 0.2063 - val_mean_absolute_error: 0.3891
Epoch 25/1000

 32/600 [>.............................] - ETA: 0s - loss: 0.2171 - mean_squared_error: 0.2171 - mean_absolute_error: 0.3841
384/600 [==================>...........] - ETA: 0s - loss: 0.1971 - mean_squared_error: 0.1971 - mean_absolute_error: 0.3587
Epoch 00025: val_loss improved from 0.20626 to 0.20202, saving model to /n/home05/isvetkey/cnn-stimuli/RESULTS/s.Figure5.angle/5/VGG19.h5

600/600 [==============================] - 0s 274us/step - loss: 0.1960 - mean_squared_error: 0.1960 - mean_absolute_error: 0.3583 - val_loss: 0.2020 - val_mean_squared_error: 0.2020 - val_mean_absolute_error: 0.3846
Epoch 26/1000

 32/600 [>.............................] - ETA: 0s - loss: 0.2204 - mean_squared_error: 0.2204 - mean_absolute_error: 0.4009
320/600 [===============>..............] - ETA: 0s - loss: 0.1939 - mean_squared_error: 0.1939 - mean_absolute_error: 0.3562
Epoch 00026: val_loss improved from 0.20202 to 0.19785, saving model to /n/home05/isvetkey/cnn-stimuli/RESULTS/s.Figure5.angle/5/VGG19.h5

600/600 [==============================] - 0s 301us/step - loss: 0.1921 - mean_squared_error: 0.1921 - mean_absolute_error: 0.3549 - val_loss: 0.1978 - val_mean_squared_error: 0.1978 - val_mean_absolute_error: 0.3803
Epoch 27/1000

 32/600 [>.............................] - ETA: 0s - loss: 0.1655 - mean_squared_error: 0.1655 - mean_absolute_error: 0.3251
352/600 [================>.............] - ETA: 0s - loss: 0.1838 - mean_squared_error: 0.1838 - mean_absolute_error: 0.3462
Epoch 00027: val_loss improved from 0.19785 to 0.19383, saving model to /n/home05/isvetkey/cnn-stimuli/RESULTS/s.Figure5.angle/5/VGG19.h5

600/600 [==============================] - 0s 282us/step - loss: 0.1885 - mean_squared_error: 0.1885 - mean_absolute_error: 0.3513 - val_loss: 0.1938 - val_mean_squared_error: 0.1938 - val_mean_absolute_error: 0.3760
Epoch 28/1000

 32/600 [>.............................] - ETA: 0s - loss: 0.1949 - mean_squared_error: 0.1949 - mean_absolute_error: 0.3536
384/600 [==================>...........] - ETA: 0s - loss: 0.1886 - mean_squared_error: 0.1886 - mean_absolute_error: 0.3532
Epoch 00028: val_loss improved from 0.19383 to 0.18990, saving model to /n/home05/isvetkey/cnn-stimuli/RESULTS/s.Figure5.angle/5/VGG19.h5

600/600 [==============================] - 0s 267us/step - loss: 0.1849 - mean_squared_error: 0.1849 - mean_absolute_error: 0.3479 - val_loss: 0.1899 - val_mean_squared_error: 0.1899 - val_mean_absolute_error: 0.3718
Epoch 29/1000

 32/600 [>.............................] - ETA: 0s - loss: 0.1896 - mean_squared_error: 0.1896 - mean_absolute_error: 0.3570
288/600 [=============>................] - ETA: 0s - loss: 0.1796 - mean_squared_error: 0.1796 - mean_absolute_error: 0.3427
Epoch 00029: val_loss improved from 0.18990 to 0.18608, saving model to /n/home05/isvetkey/cnn-stimuli/RESULTS/s.Figure5.angle/5/VGG19.h5

600/600 [==============================] - 0s 331us/step - loss: 0.1809 - mean_squared_error: 0.1809 - mean_absolute_error: 0.3438 - val_loss: 0.1861 - val_mean_squared_error: 0.1861 - val_mean_absolute_error: 0.3677
Epoch 30/1000

 32/600 [>.............................] - ETA: 0s - loss: 0.1425 - mean_squared_error: 0.1425 - mean_absolute_error: 0.2957
384/600 [==================>...........] - ETA: 0s - loss: 0.1763 - mean_squared_error: 0.1763 - mean_absolute_error: 0.3383
Epoch 00030: val_loss improved from 0.18608 to 0.18239, saving model to /n/home05/isvetkey/cnn-stimuli/RESULTS/s.Figure5.angle/5/VGG19.h5

600/600 [==============================] - 0s 606us/step - loss: 0.1780 - mean_squared_error: 0.1780 - mean_absolute_error: 0.3413 - val_loss: 0.1824 - val_mean_squared_error: 0.1824 - val_mean_absolute_error: 0.3637
Epoch 31/1000

 32/600 [>.............................] - ETA: 0s - loss: 0.1814 - mean_squared_error: 0.1814 - mean_absolute_error: 0.3472
352/600 [================>.............] - ETA: 0s - loss: 0.1830 - mean_squared_error: 0.1830 - mean_absolute_error: 0.3478
Epoch 00031: val_loss improved from 0.18239 to 0.17876, saving model to /n/home05/isvetkey/cnn-stimuli/RESULTS/s.Figure5.angle/5/VGG19.h5

600/600 [==============================] - 0s 289us/step - loss: 0.1747 - mean_squared_error: 0.1747 - mean_absolute_error: 0.3379 - val_loss: 0.1788 - val_mean_squared_error: 0.1788 - val_mean_absolute_error: 0.3598
Epoch 32/1000

 32/600 [>.............................] - ETA: 0s - loss: 0.2195 - mean_squared_error: 0.2195 - mean_absolute_error: 0.4103
416/600 [===================>..........] - ETA: 0s - loss: 0.1695 - mean_squared_error: 0.1695 - mean_absolute_error: 0.3327
Epoch 00032: val_loss improved from 0.17876 to 0.17527, saving model to /n/home05/isvetkey/cnn-stimuli/RESULTS/s.Figure5.angle/5/VGG19.h5

600/600 [==============================] - 0s 313us/step - loss: 0.1712 - mean_squared_error: 0.1712 - mean_absolute_error: 0.3345 - val_loss: 0.1753 - val_mean_squared_error: 0.1753 - val_mean_absolute_error: 0.3559
Epoch 33/1000

 32/600 [>.............................] - ETA: 0s - loss: 0.1857 - mean_squared_error: 0.1857 - mean_absolute_error: 0.3514
352/600 [================>.............] - ETA: 0s - loss: 0.1687 - mean_squared_error: 0.1687 - mean_absolute_error: 0.3314
Epoch 00033: val_loss improved from 0.17527 to 0.17187, saving model to /n/home05/isvetkey/cnn-stimuli/RESULTS/s.Figure5.angle/5/VGG19.h5

600/600 [==============================] - 0s 297us/step - loss: 0.1682 - mean_squared_error: 0.1682 - mean_absolute_error: 0.3316 - val_loss: 0.1719 - val_mean_squared_error: 0.1719 - val_mean_absolute_error: 0.3521
Epoch 34/1000

 32/600 [>.............................] - ETA: 0s - loss: 0.1699 - mean_squared_error: 0.1699 - mean_absolute_error: 0.3314
320/600 [===============>..............] - ETA: 0s - loss: 0.1591 - mean_squared_error: 0.1591 - mean_absolute_error: 0.3197
Epoch 00034: val_loss improved from 0.17187 to 0.16860, saving model to /n/home05/isvetkey/cnn-stimuli/RESULTS/s.Figure5.angle/5/VGG19.h5

600/600 [==============================] - 0s 291us/step - loss: 0.1647 - mean_squared_error: 0.1647 - mean_absolute_error: 0.3282 - val_loss: 0.1686 - val_mean_squared_error: 0.1686 - val_mean_absolute_error: 0.3484
Epoch 35/1000

 32/600 [>.............................] - ETA: 0s - loss: 0.1737 - mean_squared_error: 0.1737 - mean_absolute_error: 0.3489
384/600 [==================>...........] - ETA: 0s - loss: 0.1644 - mean_squared_error: 0.1644 - mean_absolute_error: 0.3277
Epoch 00035: val_loss improved from 0.16860 to 0.16535, saving model to /n/home05/isvetkey/cnn-stimuli/RESULTS/s.Figure5.angle/5/VGG19.h5

600/600 [==============================] - 0s 277us/step - loss: 0.1617 - mean_squared_error: 0.1617 - mean_absolute_error: 0.3251 - val_loss: 0.1654 - val_mean_squared_error: 0.1654 - val_mean_absolute_error: 0.3447
Epoch 36/1000

 32/600 [>.............................] - ETA: 0s - loss: 0.1337 - mean_squared_error: 0.1337 - mean_absolute_error: 0.2819
416/600 [===================>..........] - ETA: 0s - loss: 0.1606 - mean_squared_error: 0.1606 - mean_absolute_error: 0.3235
Epoch 00036: val_loss improved from 0.16535 to 0.16224, saving model to /n/home05/isvetkey/cnn-stimuli/RESULTS/s.Figure5.angle/5/VGG19.h5

600/600 [==============================] - 0s 319us/step - loss: 0.1591 - mean_squared_error: 0.1591 - mean_absolute_error: 0.3224 - val_loss: 0.1622 - val_mean_squared_error: 0.1622 - val_mean_absolute_error: 0.3410
Epoch 37/1000

 32/600 [>.............................] - ETA: 0s - loss: 0.1783 - mean_squared_error: 0.1783 - mean_absolute_error: 0.3493
384/600 [==================>...........] - ETA: 0s - loss: 0.1607 - mean_squared_error: 0.1607 - mean_absolute_error: 0.3262
Epoch 00037: val_loss improved from 0.16224 to 0.15920, saving model to /n/home05/isvetkey/cnn-stimuli/RESULTS/s.Figure5.angle/5/VGG19.h5
