My SLURM_ARRAY_TASK_ID:  1
Running s.Figure5.curvature with flags 5 with VGG19
Working in /n/home05/isvetkey/cnn-stimuli/RESULTS/s.Figure5.curvature/5/VGG19
Storing /n/home05/isvetkey/cnn-stimuli/RESULTS/s.Figure5.curvature/5/VGG19.p
Storing /n/home05/isvetkey/cnn-stimuli/RESULTS/s.Figure5.curvature/5/VGG19.h5
Done 0.858682155609 seconds ( 1765 iterations)
memory usage 60.016 MB

 32/600 [>.............................] - ETA: 40s
 64/600 [==>...........................] - ETA: 19s
 96/600 [===>..........................] - ETA: 12s
128/600 [=====>........................] - ETA: 9s 
160/600 [=======>......................] - ETA: 6s
192/600 [========>.....................] - ETA: 5s
224/600 [==========>...................] - ETA: 4s
256/600 [===========>..................] - ETA: 3s
288/600 [=============>................] - ETA: 2s
320/600 [===============>..............] - ETA: 2s
352/600 [================>.............] - ETA: 2s
384/600 [==================>...........] - ETA: 1s
416/600 [===================>..........] - ETA: 1s
448/600 [=====================>........] - ETA: 1s
480/600 [=======================>......] - ETA: 0s
512/600 [========================>.....] - ETA: 0s
544/600 [==========================>...] - ETA: 0s
576/600 [===========================>..] - ETA: 0s
600/600 [==============================] - 4s 6ms/step

 32/200 [===>..........................] - ETA: 0s
 64/200 [========>.....................] - ETA: 0s
 96/200 [=============>................] - ETA: 0s
128/200 [==================>...........] - ETA: 0s
160/200 [=======================>......] - ETA: 0s
192/200 [===========================>..] - ETA: 0s
200/200 [==============================] - 1s 3ms/step

 32/200 [===>..........................] - ETA: 0s
 64/200 [========>.....................] - ETA: 0s
 96/200 [=============>................] - ETA: 0s
128/200 [==================>...........] - ETA: 0s
160/200 [=======================>......] - ETA: 0s
192/200 [===========================>..] - ETA: 0s
200/200 [==============================] - 0s 2ms/step
VGG19 features done after 4.59906411171
memory usage 24.576 MB
Train on 600 samples, validate on 200 samples
Epoch 1/1000

 32/600 [>.............................] - ETA: 8s - loss: 0.3042 - mean_squared_error: 0.3042 - mean_absolute_error: 0.4750
384/600 [==================>...........] - ETA: 0s - loss: 0.3261 - mean_squared_error: 0.3261 - mean_absolute_error: 0.4881
Epoch 00001: val_loss improved from inf to 0.32839, saving model to /n/home05/isvetkey/cnn-stimuli/RESULTS/s.Figure5.curvature/5/VGG19.h5

600/600 [==============================] - 1s 1ms/step - loss: 0.3293 - mean_squared_error: 0.3293 - mean_absolute_error: 0.4932 - val_loss: 0.3284 - val_mean_squared_error: 0.3284 - val_mean_absolute_error: 0.4911
Epoch 2/1000

 32/600 [>.............................] - ETA: 0s - loss: 0.3385 - mean_squared_error: 0.3385 - mean_absolute_error: 0.5062
256/600 [===========>..................] - ETA: 0s - loss: 0.3267 - mean_squared_error: 0.3267 - mean_absolute_error: 0.4916
576/600 [===========================>..] - ETA: 0s - loss: 0.3242 - mean_squared_error: 0.3242 - mean_absolute_error: 0.4893
Epoch 00002: val_loss improved from 0.32839 to 0.32051, saving model to /n/home05/isvetkey/cnn-stimuli/RESULTS/s.Figure5.curvature/5/VGG19.h5

600/600 [==============================] - 0s 332us/step - loss: 0.3222 - mean_squared_error: 0.3222 - mean_absolute_error: 0.4872 - val_loss: 0.3205 - val_mean_squared_error: 0.3205 - val_mean_absolute_error: 0.4843
Epoch 3/1000

 32/600 [>.............................] - ETA: 0s - loss: 0.3665 - mean_squared_error: 0.3665 - mean_absolute_error: 0.5332
352/600 [================>.............] - ETA: 0s - loss: 0.3215 - mean_squared_error: 0.3215 - mean_absolute_error: 0.4848
Epoch 00003: val_loss improved from 0.32051 to 0.31254, saving model to /n/home05/isvetkey/cnn-stimuli/RESULTS/s.Figure5.curvature/5/VGG19.h5

600/600 [==============================] - 0s 302us/step - loss: 0.3143 - mean_squared_error: 0.3143 - mean_absolute_error: 0.4804 - val_loss: 0.3125 - val_mean_squared_error: 0.3125 - val_mean_absolute_error: 0.4773
Epoch 4/1000

 32/600 [>.............................] - ETA: 0s - loss: 0.2873 - mean_squared_error: 0.2873 - mean_absolute_error: 0.4441
352/600 [================>.............] - ETA: 0s - loss: 0.3050 - mean_squared_error: 0.3050 - mean_absolute_error: 0.4710
Epoch 00004: val_loss improved from 0.31254 to 0.30476, saving model to /n/home05/isvetkey/cnn-stimuli/RESULTS/s.Figure5.curvature/5/VGG19.h5

600/600 [==============================] - 0s 295us/step - loss: 0.3064 - mean_squared_error: 0.3064 - mean_absolute_error: 0.4735 - val_loss: 0.3048 - val_mean_squared_error: 0.3048 - val_mean_absolute_error: 0.4705
Epoch 5/1000

 32/600 [>.............................] - ETA: 0s - loss: 0.2890 - mean_squared_error: 0.2890 - mean_absolute_error: 0.4689
352/600 [================>.............] - ETA: 0s - loss: 0.3044 - mean_squared_error: 0.3044 - mean_absolute_error: 0.4724
Epoch 00005: val_loss improved from 0.30476 to 0.29714, saving model to /n/home05/isvetkey/cnn-stimuli/RESULTS/s.Figure5.curvature/5/VGG19.h5

600/600 [==============================] - 0s 298us/step - loss: 0.2987 - mean_squared_error: 0.2987 - mean_absolute_error: 0.4666 - val_loss: 0.2971 - val_mean_squared_error: 0.2971 - val_mean_absolute_error: 0.4636
Epoch 6/1000

 32/600 [>.............................] - ETA: 0s - loss: 0.3052 - mean_squared_error: 0.3052 - mean_absolute_error: 0.4691
352/600 [================>.............] - ETA: 0s - loss: 0.2921 - mean_squared_error: 0.2921 - mean_absolute_error: 0.4610
Epoch 00006: val_loss improved from 0.29714 to 0.28979, saving model to /n/home05/isvetkey/cnn-stimuli/RESULTS/s.Figure5.curvature/5/VGG19.h5

600/600 [==============================] - 0s 295us/step - loss: 0.2912 - mean_squared_error: 0.2912 - mean_absolute_error: 0.4600 - val_loss: 0.2898 - val_mean_squared_error: 0.2898 - val_mean_absolute_error: 0.4569
Epoch 7/1000

 32/600 [>.............................] - ETA: 0s - loss: 0.2927 - mean_squared_error: 0.2927 - mean_absolute_error: 0.4766
256/600 [===========>..................] - ETA: 0s - loss: 0.2888 - mean_squared_error: 0.2888 - mean_absolute_error: 0.4583
544/600 [==========================>...] - ETA: 0s - loss: 0.2840 - mean_squared_error: 0.2840 - mean_absolute_error: 0.4531
Epoch 00007: val_loss improved from 0.28979 to 0.28263, saving model to /n/home05/isvetkey/cnn-stimuli/RESULTS/s.Figure5.curvature/5/VGG19.h5

600/600 [==============================] - 0s 342us/step - loss: 0.2839 - mean_squared_error: 0.2839 - mean_absolute_error: 0.4533 - val_loss: 0.2826 - val_mean_squared_error: 0.2826 - val_mean_absolute_error: 0.4505
Epoch 8/1000

 32/600 [>.............................] - ETA: 0s - loss: 0.2782 - mean_squared_error: 0.2782 - mean_absolute_error: 0.4466
256/600 [===========>..................] - ETA: 0s - loss: 0.2765 - mean_squared_error: 0.2765 - mean_absolute_error: 0.4478
544/600 [==========================>...] - ETA: 0s - loss: 0.2789 - mean_squared_error: 0.2789 - mean_absolute_error: 0.4495
Epoch 00008: val_loss improved from 0.28263 to 0.27568, saving model to /n/home05/isvetkey/cnn-stimuli/RESULTS/s.Figure5.curvature/5/VGG19.h5

600/600 [==============================] - 0s 350us/step - loss: 0.2770 - mean_squared_error: 0.2770 - mean_absolute_error: 0.4471 - val_loss: 0.2757 - val_mean_squared_error: 0.2757 - val_mean_absolute_error: 0.4443
Epoch 9/1000

 32/600 [>.............................] - ETA: 0s - loss: 0.2800 - mean_squared_error: 0.2800 - mean_absolute_error: 0.4488
320/600 [===============>..............] - ETA: 0s - loss: 0.2731 - mean_squared_error: 0.2731 - mean_absolute_error: 0.4456
Epoch 00009: val_loss improved from 0.27568 to 0.26897, saving model to /n/home05/isvetkey/cnn-stimuli/RESULTS/s.Figure5.curvature/5/VGG19.h5

600/600 [==============================] - 0s 343us/step - loss: 0.2702 - mean_squared_error: 0.2702 - mean_absolute_error: 0.4410 - val_loss: 0.2690 - val_mean_squared_error: 0.2690 - val_mean_absolute_error: 0.4382
Epoch 10/1000

 32/600 [>.............................] - ETA: 0s - loss: 0.2800 - mean_squared_error: 0.2800 - mean_absolute_error: 0.4496
224/600 [==========>...................] - ETA: 0s - loss: 0.2626 - mean_squared_error: 0.2626 - mean_absolute_error: 0.4347
480/600 [=======================>......] - ETA: 0s - loss: 0.2641 - mean_squared_error: 0.2641 - mean_absolute_error: 0.4355
Epoch 00010: val_loss improved from 0.26897 to 0.26246, saving model to /n/home05/isvetkey/cnn-stimuli/RESULTS/s.Figure5.curvature/5/VGG19.h5

600/600 [==============================] - 0s 362us/step - loss: 0.2637 - mean_squared_error: 0.2637 - mean_absolute_error: 0.4350 - val_loss: 0.2625 - val_mean_squared_error: 0.2625 - val_mean_absolute_error: 0.4322
Epoch 11/1000

 32/600 [>.............................] - ETA: 0s - loss: 0.2440 - mean_squared_error: 0.2440 - mean_absolute_error: 0.4141
320/600 [===============>..............] - ETA: 0s - loss: 0.2621 - mean_squared_error: 0.2621 - mean_absolute_error: 0.4350
Epoch 00011: val_loss improved from 0.26246 to 0.25611, saving model to /n/home05/isvetkey/cnn-stimuli/RESULTS/s.Figure5.curvature/5/VGG19.h5

600/600 [==============================] - 0s 321us/step - loss: 0.2569 - mean_squared_error: 0.2569 - mean_absolute_error: 0.4287 - val_loss: 0.2561 - val_mean_squared_error: 0.2561 - val_mean_absolute_error: 0.4263
Epoch 12/1000

 32/600 [>.............................] - ETA: 0s - loss: 0.2188 - mean_squared_error: 0.2188 - mean_absolute_error: 0.3987
224/600 [==========>...................] - ETA: 0s - loss: 0.2482 - mean_squared_error: 0.2482 - mean_absolute_error: 0.4240
480/600 [=======================>......] - ETA: 0s - loss: 0.2514 - mean_squared_error: 0.2514 - mean_absolute_error: 0.4242
Epoch 00012: val_loss improved from 0.25611 to 0.24996, saving model to /n/home05/isvetkey/cnn-stimuli/RESULTS/s.Figure5.curvature/5/VGG19.h5

600/600 [==============================] - 0s 362us/step - loss: 0.2506 - mean_squared_error: 0.2506 - mean_absolute_error: 0.4229 - val_loss: 0.2500 - val_mean_squared_error: 0.2500 - val_mean_absolute_error: 0.4205
Epoch 13/1000

 32/600 [>.............................] - ETA: 0s - loss: 0.2571 - mean_squared_error: 0.2571 - mean_absolute_error: 0.4287
320/600 [===============>..............] - ETA: 0s - loss: 0.2513 - mean_squared_error: 0.2513 - mean_absolute_error: 0.4229
480/600 [=======================>......] - ETA: 0s - loss: 0.2474 - mean_squared_error: 0.2474 - mean_absolute_error: 0.4195
Epoch 00013: val_loss improved from 0.24996 to 0.24397, saving model to /n/home05/isvetkey/cnn-stimuli/RESULTS/s.Figure5.curvature/5/VGG19.h5

600/600 [==============================] - 0s 364us/step - loss: 0.2445 - mean_squared_error: 0.2445 - mean_absolute_error: 0.4170 - val_loss: 0.2440 - val_mean_squared_error: 0.2440 - val_mean_absolute_error: 0.4150
Epoch 14/1000

 32/600 [>.............................] - ETA: 0s - loss: 0.2620 - mean_squared_error: 0.2620 - mean_absolute_error: 0.4330
320/600 [===============>..............] - ETA: 0s - loss: 0.2394 - mean_squared_error: 0.2394 - mean_absolute_error: 0.4106
Epoch 00014: val_loss improved from 0.24397 to 0.23817, saving model to /n/home05/isvetkey/cnn-stimuli/RESULTS/s.Figure5.curvature/5/VGG19.h5

600/600 [==============================] - 0s 315us/step - loss: 0.2387 - mean_squared_error: 0.2387 - mean_absolute_error: 0.4116 - val_loss: 0.2382 - val_mean_squared_error: 0.2382 - val_mean_absolute_error: 0.4096
Epoch 15/1000

 32/600 [>.............................] - ETA: 0s - loss: 0.2362 - mean_squared_error: 0.2362 - mean_absolute_error: 0.4087
320/600 [===============>..............] - ETA: 0s - loss: 0.2366 - mean_squared_error: 0.2366 - mean_absolute_error: 0.4112
Epoch 00015: val_loss improved from 0.23817 to 0.23254, saving model to /n/home05/isvetkey/cnn-stimuli/RESULTS/s.Figure5.curvature/5/VGG19.h5

600/600 [==============================] - 0s 320us/step - loss: 0.2333 - mean_squared_error: 0.2333 - mean_absolute_error: 0.4065 - val_loss: 0.2325 - val_mean_squared_error: 0.2325 - val_mean_absolute_error: 0.4044
Epoch 16/1000

 32/600 [>.............................] - ETA: 0s - loss: 0.2046 - mean_squared_error: 0.2046 - mean_absolute_error: 0.3694
256/600 [===========>..................] - ETA: 0s - loss: 0.2176 - mean_squared_error: 0.2176 - mean_absolute_error: 0.3910
544/600 [==========================>...] - ETA: 0s - loss: 0.2297 - mean_squared_error: 0.2297 - mean_absolute_error: 0.4031
Epoch 00016: val_loss improved from 0.23254 to 0.22711, saving model to /n/home05/isvetkey/cnn-stimuli/RESULTS/s.Figure5.curvature/5/VGG19.h5

600/600 [==============================] - 0s 328us/step - loss: 0.2276 - mean_squared_error: 0.2276 - mean_absolute_error: 0.4011 - val_loss: 0.2271 - val_mean_squared_error: 0.2271 - val_mean_absolute_error: 0.3992
Epoch 17/1000

 32/600 [>.............................] - ETA: 0s - loss: 0.1994 - mean_squared_error: 0.1994 - mean_absolute_error: 0.3702
352/600 [================>.............] - ETA: 0s - loss: 0.2229 - mean_squared_error: 0.2229 - mean_absolute_error: 0.3961
Epoch 00017: val_loss improved from 0.22711 to 0.22182, saving model to /n/home05/isvetkey/cnn-stimuli/RESULTS/s.Figure5.curvature/5/VGG19.h5

600/600 [==============================] - 0s 301us/step - loss: 0.2223 - mean_squared_error: 0.2223 - mean_absolute_error: 0.3958 - val_loss: 0.2218 - val_mean_squared_error: 0.2218 - val_mean_absolute_error: 0.3941
Epoch 18/1000

 32/600 [>.............................] - ETA: 0s - loss: 0.2071 - mean_squared_error: 0.2071 - mean_absolute_error: 0.3777
224/600 [==========>...................] - ETA: 0s - loss: 0.2243 - mean_squared_error: 0.2243 - mean_absolute_error: 0.3984
480/600 [=======================>......] - ETA: 0s - loss: 0.2181 - mean_squared_error: 0.2181 - mean_absolute_error: 0.3922
Epoch 00018: val_loss improved from 0.22182 to 0.21666, saving model to /n/home05/isvetkey/cnn-stimuli/RESULTS/s.Figure5.curvature/5/VGG19.h5

600/600 [==============================] - 0s 370us/step - loss: 0.2170 - mean_squared_error: 0.2170 - mean_absolute_error: 0.3908 - val_loss: 0.2167 - val_mean_squared_error: 0.2167 - val_mean_absolute_error: 0.3891
Epoch 19/1000

 32/600 [>.............................] - ETA: 0s - loss: 0.2093 - mean_squared_error: 0.2093 - mean_absolute_error: 0.3835
352/600 [================>.............] - ETA: 0s - loss: 0.2171 - mean_squared_error: 0.2171 - mean_absolute_error: 0.3929
Epoch 00019: val_loss improved from 0.21666 to 0.21168, saving model to /n/home05/isvetkey/cnn-stimuli/RESULTS/s.Figure5.curvature/5/VGG19.h5

600/600 [==============================] - 0s 338us/step - loss: 0.2125 - mean_squared_error: 0.2125 - mean_absolute_error: 0.3862 - val_loss: 0.2117 - val_mean_squared_error: 0.2117 - val_mean_absolute_error: 0.3843
Epoch 20/1000

 32/600 [>.............................] - ETA: 0s - loss: 0.2262 - mean_squared_error: 0.2262 - mean_absolute_error: 0.4052
224/600 [==========>...................] - ETA: 0s - loss: 0.2007 - mean_squared_error: 0.2007 - mean_absolute_error: 0.3717
480/600 [=======================>......] - ETA: 0s - loss: 0.2062 - mean_squared_error: 0.2062 - mean_absolute_error: 0.3795
Epoch 00020: val_loss improved from 0.21168 to 0.20687, saving model to /n/home05/isvetkey/cnn-stimuli/RESULTS/s.Figure5.curvature/5/VGG19.h5

600/600 [==============================] - 0s 354us/step - loss: 0.2072 - mean_squared_error: 0.2072 - mean_absolute_error: 0.3810 - val_loss: 0.2069 - val_mean_squared_error: 0.2069 - val_mean_absolute_error: 0.3797
Epoch 21/1000

 32/600 [>.............................] - ETA: 0s - loss: 0.2244 - mean_squared_error: 0.2244 - mean_absolute_error: 0.3926
352/600 [================>.............] - ETA: 0s - loss: 0.1973 - mean_squared_error: 0.1973 - mean_absolute_error: 0.3698
Epoch 00021: val_loss improved from 0.20687 to 0.20218, saving model to /n/home05/isvetkey/cnn-stimuli/RESULTS/s.Figure5.curvature/5/VGG19.h5

600/600 [==============================] - 0s 315us/step - loss: 0.2027 - mean_squared_error: 0.2027 - mean_absolute_error: 0.3769 - val_loss: 0.2022 - val_mean_squared_error: 0.2022 - val_mean_absolute_error: 0.3751
Epoch 22/1000

 32/600 [>.............................] - ETA: 0s - loss: 0.1842 - mean_squared_error: 0.1842 - mean_absolute_error: 0.3624
352/600 [================>.............] - ETA: 0s - loss: 0.1943 - mean_squared_error: 0.1943 - mean_absolute_error: 0.3671
Epoch 00022: val_loss improved from 0.20218 to 0.19763, saving model to /n/home05/isvetkey/cnn-stimuli/RESULTS/s.Figure5.curvature/5/VGG19.h5

600/600 [==============================] - 0s 298us/step - loss: 0.1976 - mean_squared_error: 0.1976 - mean_absolute_error: 0.3713 - val_loss: 0.1976 - val_mean_squared_error: 0.1976 - val_mean_absolute_error: 0.3706
Epoch 23/1000

 32/600 [>.............................] - ETA: 0s - loss: 0.2147 - mean_squared_error: 0.2147 - mean_absolute_error: 0.3930
256/600 [===========>..................] - ETA: 0s - loss: 0.2037 - mean_squared_error: 0.2037 - mean_absolute_error: 0.3763
544/600 [==========================>...] - ETA: 0s - loss: 0.1934 - mean_squared_error: 0.1934 - mean_absolute_error: 0.3671
Epoch 00023: val_loss improved from 0.19763 to 0.19317, saving model to /n/home05/isvetkey/cnn-stimuli/RESULTS/s.Figure5.curvature/5/VGG19.h5

600/600 [==============================] - 0s 362us/step - loss: 0.1936 - mean_squared_error: 0.1936 - mean_absolute_error: 0.3672 - val_loss: 0.1932 - val_mean_squared_error: 0.1932 - val_mean_absolute_error: 0.3661
Epoch 24/1000

 32/600 [>.............................] - ETA: 0s - loss: 0.2111 - mean_squared_error: 0.2111 - mean_absolute_error: 0.3868
256/600 [===========>..................] - ETA: 0s - loss: 0.1956 - mean_squared_error: 0.1956 - mean_absolute_error: 0.3724
544/600 [==========================>...] - ETA: 0s - loss: 0.1889 - mean_squared_error: 0.1889 - mean_absolute_error: 0.3631
Epoch 00024: val_loss improved from 0.19317 to 0.18886, saving model to /n/home05/isvetkey/cnn-stimuli/RESULTS/s.Figure5.curvature/5/VGG19.h5

600/600 [==============================] - 0s 344us/step - loss: 0.1891 - mean_squared_error: 0.1891 - mean_absolute_error: 0.3626 - val_loss: 0.1889 - val_mean_squared_error: 0.1889 - val_mean_absolute_error: 0.3617
Epoch 25/1000

 32/600 [>.............................] - ETA: 0s - loss: 0.1930 - mean_squared_error: 0.1930 - mean_absolute_error: 0.3696
320/600 [===============>..............] - ETA: 0s - loss: 0.1925 - mean_squared_error: 0.1925 - mean_absolute_error: 0.3679
Epoch 00025: val_loss improved from 0.18886 to 0.18470, saving model to /n/home05/isvetkey/cnn-stimuli/RESULTS/s.Figure5.curvature/5/VGG19.h5

600/600 [==============================] - 0s 315us/step - loss: 0.1850 - mean_squared_error: 0.1850 - mean_absolute_error: 0.3586 - val_loss: 0.1847 - val_mean_squared_error: 0.1847 - val_mean_absolute_error: 0.3575
Epoch 26/1000

 32/600 [>.............................] - ETA: 0s - loss: 0.1997 - mean_squared_error: 0.1997 - mean_absolute_error: 0.3806
320/600 [===============>..............] - ETA: 0s - loss: 0.1868 - mean_squared_error: 0.1868 - mean_absolute_error: 0.3606
Epoch 00026: val_loss improved from 0.18470 to 0.18066, saving model to /n/home05/isvetkey/cnn-stimuli/RESULTS/s.Figure5.curvature/5/VGG19.h5

600/600 [==============================] - 0s 321us/step - loss: 0.1805 - mean_squared_error: 0.1805 - mean_absolute_error: 0.3541 - val_loss: 0.1807 - val_mean_squared_error: 0.1807 - val_mean_absolute_error: 0.3534
Epoch 27/1000

 32/600 [>.............................] - ETA: 0s - loss: 0.1908 - mean_squared_error: 0.1908 - mean_absolute_error: 0.3596
256/600 [===========>..................] - ETA: 0s - loss: 0.1867 - mean_squared_error: 0.1867 - mean_absolute_error: 0.3580
512/600 [========================>.....] - ETA: 0s - loss: 0.1780 - mean_squared_error: 0.1780 - mean_absolute_error: 0.3512
Epoch 00027: val_loss improved from 0.18066 to 0.17673, saving model to /n/home05/isvetkey/cnn-stimuli/RESULTS/s.Figure5.curvature/5/VGG19.h5

600/600 [==============================] - 0s 352us/step - loss: 0.1766 - mean_squared_error: 0.1766 - mean_absolute_error: 0.3499 - val_loss: 0.1767 - val_mean_squared_error: 0.1767 - val_mean_absolute_error: 0.3494
Epoch 28/1000

 32/600 [>.............................] - ETA: 0s - loss: 0.1815 - mean_squared_error: 0.1815 - mean_absolute_error: 0.3577
224/600 [==========>...................] - ETA: 0s - loss: 0.1772 - mean_squared_error: 0.1772 - mean_absolute_error: 0.3500
480/600 [=======================>......] - ETA: 0s - loss: 0.1744 - mean_squared_error: 0.1744 - mean_absolute_error: 0.3480
Epoch 00028: val_loss improved from 0.17673 to 0.17291, saving model to /n/home05/isvetkey/cnn-stimuli/RESULTS/s.Figure5.curvature/5/VGG19.h5

600/600 [==============================] - 0s 356us/step - loss: 0.1726 - mean_squared_error: 0.1726 - mean_absolute_error: 0.3458 - val_loss: 0.1729 - val_mean_squared_error: 0.1729 - val_mean_absolute_error: 0.3455
Epoch 29/1000

 32/600 [>.............................] - ETA: 0s - loss: 0.1532 - mean_squared_error: 0.1532 - mean_absolute_error: 0.3243
224/600 [==========>...................] - ETA: 0s - loss: 0.1717 - mean_squared_error: 0.1717 - mean_absolute_error: 0.3451
480/600 [=======================>......] - ETA: 0s - loss: 0.1704 - mean_squared_error: 0.1704 - mean_absolute_error: 0.3444
Epoch 00029: val_loss improved from 0.17291 to 0.16922, saving model to /n/home05/isvetkey/cnn-stimuli/RESULTS/s.Figure5.curvature/5/VGG19.h5

600/600 [==============================] - 0s 360us/step - loss: 0.1697 - mean_squared_error: 0.1697 - mean_absolute_error: 0.3427 - val_loss: 0.1692 - val_mean_squared_error: 0.1692 - val_mean_absolute_error: 0.3417
Epoch 30/1000

 32/600 [>.............................] - ETA: 0s - loss: 0.1831 - mean_squared_error: 0.1831 - mean_absolute_error: 0.3633
320/600 [===============>..............] - ETA: 0s - loss: 0.1738 - mean_squared_error: 0.1738 - mean_absolute_error: 0.3486
Epoch 00030: val_loss improved from 0.16922 to 0.16560, saving model to /n/home05/isvetkey/cnn-stimuli/RESULTS/s.Figure5.curvature/5/VGG19.h5

600/600 [==============================] - 0s 326us/step - loss: 0.1654 - mean_squared_error: 0.1654 - mean_absolute_error: 0.3376 - val_loss: 0.1656 - val_mean_squared_error: 0.1656 - val_mean_absolute_error: 0.3379
Epoch 31/1000

 32/600 [>.............................] - ETA: 0s - loss: 0.1485 - mean_squared_error: 0.1485 - mean_absolute_error: 0.3154
224/600 [==========>...................] - ETA: 0s - loss: 0.1629 - mean_squared_error: 0.1629 - mean_absolute_error: 0.3330
480/600 [=======================>......] - ETA: 0s - loss: 0.1640 - mean_squared_error: 0.1640 - mean_absolute_error: 0.3358
Epoch 00031: val_loss improved from 0.16560 to 0.16215, saving model to /n/home05/isvetkey/cnn-stimuli/RESULTS/s.Figure5.curvature/5/VGG19.h5

600/600 [==============================] - 0s 407us/step - loss: 0.1620 - mean_squared_error: 0.1620 - mean_absolute_error: 0.3345 - val_loss: 0.1622 - val_mean_squared_error: 0.1622 - val_mean_absolute_error: 0.3342
Epoch 32/1000

 32/600 [>.............................] - ETA: 0s - loss: 0.1692 - mean_squared_error: 0.1692 - mean_absolute_error: 0.3445
320/600 [===============>..............] - ETA: 0s - loss: 0.1684 - mean_squared_error: 0.1684 - mean_absolute_error: 0.3454
Epoch 00032: val_loss improved from 0.16215 to 0.15876, saving model to /n/home05/isvetkey/cnn-stimuli/RESULTS/s.Figure5.curvature/5/VGG19.h5

600/600 [==============================] - 0s 320us/step - loss: 0.1591 - mean_squared_error: 0.1591 - mean_absolute_error: 0.3310 - val_loss: 0.1588 - val_mean_squared_error: 0.1588 - val_mean_absolute_error: 0.3305
Epoch 33/1000

 32/600 [>.............................] - ETA: 0s - loss: 0.1699 - mean_squared_error: 0.1699 - mean_absolute_error: 0.3522
320/600 [===============>..............] - ETA: 0s - loss: 0.1534 - mean_squared_error: 0.1534 - mean_absolute_error: 0.3253
Epoch 00033: val_loss improved from 0.15876 to 0.15552, saving model to /n/home05/isvetkey/cnn-stimuli/RESULTS/s.Figure5.curvature/5/VGG19.h5

600/600 [==============================] - 0s 319us/step - loss: 0.1553 - mean_squared_error: 0.1553 - mean_absolute_error: 0.3274 - val_loss: 0.1555 - val_mean_squared_error: 0.1555 - val_mean_absolute_error: 0.3270
Epoch 34/1000

 32/600 [>.............................] - ETA: 0s - loss: 0.1445 - mean_squared_error: 0.1445 - mean_absolute_error: 0.3110
352/600 [================>.............] - ETA: 0s - loss: 0.1483 - mean_squared_error: 0.1483 - mean_absolute_error: 0.3165
Epoch 00034: val_loss improved from 0.15552 to 0.15234, saving model to /n/home05/isvetkey/cnn-stimuli/RESULTS/s.Figure5.curvature/5/VGG19.h5

600/600 [==============================] - 0s 310us/step - loss: 0.1523 - mean_squared_error: 0.1523 - mean_absolute_error: 0.3239 - val_loss: 0.1523 - val_mean_squared_error: 0.1523 - val_mean_absolute_error: 0.3234
Epoch 35/1000

 32/600 [>.............................] - ETA: 0s - loss: 0.1626 - mean_squared_error: 0.1626 - mean_absolute_error: 0.3427
320/600 [===============>..............] - ETA: 0s - loss: 0.1575 - mean_squared_error: 0.1575 - mean_absolute_error: 0.3306
Epoch 00035: val_loss improved from 0.15234 to 0.14922, saving model to /n/home05/isvetkey/cnn-stimuli/RESULTS/s.Figure5.curvature/5/VGG19.h5

600/600 [==============================] - 0s 310us/step - loss: 0.1497 - mean_squared_error: 0.1497 - mean_absolute_error: 0.3206 - val_loss: 0.1492 - val_mean_squared_error: 0.1492 - val_mean_absolute_error: 0.3200
Epoch 36/1000

 32/600 [>.............................] - ETA: 0s - loss: 0.1214 - mean_squared_error: 0.1214 - mean_absolute_error: 0.2838
352/600 [================>.............] - ETA: 0s - loss: 0.1481 - mean_squared_error: 0.1481 - mean_absolute_error: 0.3184
Epoch 00036: val_loss improved from 0.14922 to 0.14624, saving model to /n/home05/isvetkey/cnn-stimuli/RESULTS/s.Figure5.curvature/5/VGG19.h5

600/600 [==============================] - 0s 289us/step - loss: 0.1457 - mean_squared_error: 0.1457 - mean_absolute_error: 0.3162 - val_loss: 0.1462 - val_mean_squared_error: 0.1462 - val_mean_absolute_error: 0.3168
Epoch 37/1000

 32/600 [>.............................] - ETA: 0s - loss: 0.1240 - mean_squared_error: 0.1240 - mean_absolute_error: 0.2842
352/600 [================>.............] - ETA: 0s - loss: 0.1428 - mean_squared_error: 0.1428 - mean_absolute_error: 0.3131
Epoch 00037: val_loss improved from 0.14624 to 0.14335, saving model to /n/home05/isvetkey/cnn-stimuli/RESULTS/s.Figure5.curvature/5/VGG19.h5

600/600 [==============================] - 0s 295us/step - loss: 0.1428 - mean_squared_error: 0.1428 - mean_absolute_error: 0.3131 - val_loss: 0.1433 - val_mean_squared_error: 0.1433 - val_mean_absolute_error: 0.3136
Epoch 38/1000

 32/600 [>.............................] - ETA: 0s - loss: 0.1111 - mean_squared_error: 0.1111 - mean_absolute_error: 0.2718
352/600 [================>.............] - ETA: 0s - loss: 0.1428 - mean_squared_error: 0.1428 - mean_absolute_error: 0.3121
Epoch 00038: val_loss improved from 0.14335 to 0.14053, saving model to /n/home05/isvetkey/cnn-stimuli/RESULTS/s.Figure5.curvature/5/VGG19.h5

600/600 [==============================] - 0s 297us/step - loss: 0.1406 - mean_squared_error: 0.1406 - mean_absolute_error: 0.3103 - val_loss: 0.1405 - val_mean_squared_error: 0.1405 - val_mean_absolute_error: 0.3105
Epoch 39/1000

 32/600 [>.............................] - ETA: 0s - loss: 0.1269 - mean_squared_error: 0.1269 - mean_absolute_error: 0.2915
256/600 [===========>..................] - ETA: 0s - loss: 0.1375 - mean_squared_error: 0.1375 - mean_absolute_error: 0.3076
544/600 [==========================>...] - ETA: 0s - loss: 0.1381 - mean_squared_error: 0.1381 - mean_absolute_error: 0.3073
Epoch 00039: val_loss improved from 0.14053 to 0.13780, saving model to /n/home05/isvetkey/cnn-stimuli/RESULTS/s.Figure5.curvature/5/VGG19.h5

600/600 [==============================] - 0s 343us/step - loss: 0.1376 - mean_squared_error: 0.1376 - mean_absolute_error: 0.3070 - val_loss: 0.1378 - val_mean_squared_error: 0.1378 - val_mean_absolute_error: 0.3074
Epoch 40/1000

 32/600 [>.............................] - ETA: 0s - loss: 0.1281 - mean_squared_error: 0.1281 - mean_absolute_error: 0.2970
224/600 [==========>...................] - ETA: 0s - loss: 0.1295 - mean_squared_error: 0.1295 - mean_absolute_error: 0.2965
480/600 [=======================>......] - ETA: 0s - loss: 0.1352 - mean_squared_error: 0.1352 - mean_absolute_error: 0.3038
Epoch 00040: val_loss improved from 0.13780 to 0.13517, saving model to /n/home05/isvetkey/cnn-stimuli/RESULTS/s.Figure5.curvature/5/VGG19.h5

600/600 [==============================] - 0s 361us/step - loss: 0.1352 - mean_squared_error: 0.1352 - mean_absolute_error: 0.3045 - val_loss: 0.1352 - val_mean_squared_error: 0.1352 - val_mean_absolute_error: 0.3044
Epoch 41/1000

 32/600 [>.............................] - ETA: 0s - loss: 0.1317 - mean_squared_error: 0.1317 - mean_absolute_error: 0.3025
320/600 [===============>..............] - ETA: 0s - loss: 0.1321 - mean_squared_error: 0.1321 - mean_absolute_error: 0.3023
Epoch 00041: val_loss improved from 0.13517 to 0.13258, saving model to /n/home05/isvetkey/cnn-stimuli/RESULTS/s.Figure5.curvature/5/VGG19.h5

600/600 [==============================] - 0s 316us/step - loss: 0.1322 - mean_squared_error: 0.1322 - mean_absolute_error: 0.3009 - val_loss: 0.1326 - val_mean_squared_error: 0.1326 - val_mean_absolute_error: 0.3014
Epoch 42/1000

 32/600 [>.............................] - ETA: 0s - loss: 0.1351 - mean_squared_error: 0.1351 - mean_absolute_error: 0.3028
320/600 [===============>..............] - ETA: 0s - loss: 0.1314 - mean_squared_error: 0.1314 - mean_absolute_error: 0.2999
Epoch 00042: val_loss improved from 0.13258 to 0.13008, saving model to /n/home05/isvetkey/cnn-stimuli/RESULTS/s.Figure5.curvature/5/VGG19.h5

600/600 [==============================] - 0s 323us/step - loss: 0.1285 - mean_squared_error: 0.1285 - mean_absolute_error: 0.2966 - val_loss: 0.1301 - val_mean_squared_error: 0.1301 - val_mean_absolute_error: 0.2985
Epoch 43/1000

 32/600 [>.............................] - ETA: 0s - loss: 0.1265 - mean_squared_error: 0.1265 - mean_absolute_error: 0.2944
224/600 [==========>...................] - ETA: 0s - loss: 0.1264 - mean_squared_error: 0.1264 - mean_absolute_error: 0.2932
480/600 [=======================>......] - ETA: 0s - loss: 0.1308 - mean_squared_error: 0.1308 - mean_absolute_error: 0.2986
Epoch 00043: val_loss improved from 0.13008 to 0.12766, saving model to /n/home05/isvetkey/cnn-stimuli/RESULTS/s.Figure5.curvature/5/VGG19.h5

600/600 [==============================] - 0s 359us/step - loss: 0.1274 - mean_squared_error: 0.1274 - mean_absolute_error: 0.2951 - val_loss: 0.1277 - val_mean_squared_error: 0.1277 - val_mean_absolute_error: 0.2957
Epoch 44/1000

 32/600 [>.............................] - ETA: 0s - loss: 0.1333 - mean_squared_error: 0.1333 - mean_absolute_error: 0.2978
256/600 [===========>..................] - ETA: 0s - loss: 0.1324 - mean_squared_error: 0.1324 - mean_absolute_error: 0.3001
512/600 [========================>.....] - ETA: 0s - loss: 0.1286 - mean_squared_error: 0.1286 - mean_absolute_error: 0.2973
Epoch 00044: val_loss improved from 0.12766 to 0.12532, saving model to /n/home05/isvetkey/cnn-stimuli/RESULTS/s.Figure5.curvature/5/VGG19.h5

600/600 [==============================] - 0s 351us/step - loss: 0.1255 - mean_squared_error: 0.1255 - mean_absolute_error: 0.2932 - val_loss: 0.1253 - val_mean_squared_error: 0.1253 - val_mean_absolute_error: 0.2930
Epoch 45/1000

 32/600 [>.............................] - ETA: 0s - loss: 0.1370 - mean_squared_error: 0.1370 - mean_absolute_error: 0.3033
320/600 [===============>..............] - ETA: 0s - loss: 0.1196 - mean_squared_error: 0.1196 - mean_absolute_error: 0.2842
Epoch 00045: val_loss improved from 0.12532 to 0.12307, saving model to /n/home05/isvetkey/cnn-stimuli/RESULTS/s.Figure5.curvature/5/VGG19.h5

600/600 [==============================] - 0s 319us/step - loss: 0.1228 - mean_squared_error: 0.1228 - mean_absolute_error: 0.2892 - val_loss: 0.1231 - val_mean_squared_error: 0.1231 - val_mean_absolute_error: 0.2904
Epoch 46/1000

 32/600 [>.............................] - ETA: 0s - loss: 0.1354 - mean_squared_error: 0.1354 - mean_absolute_error: 0.3118
256/600 [===========>..................] - ETA: 0s - loss: 0.1235 - mean_squared_error: 0.1235 - mean_absolute_error: 0.2920
544/600 [==========================>...] - ETA: 0s - loss: 0.1210 - mean_squared_error: 0.1210 - mean_absolute_error: 0.2870
Epoch 00046: val_loss improved from 0.12307 to 0.12087, saving model to /n/home05/isvetkey/cnn-stimuli/RESULTS/s.Figure5.curvature/5/VGG19.h5

600/600 [==============================] - 0s 345us/step - loss: 0.1209 - mean_squared_error: 0.1209 - mean_absolute_error: 0.2875 - val_loss: 0.1209 - val_mean_squared_error: 0.1209 - val_mean_absolute_error: 0.2878
Epoch 47/1000

 32/600 [>.............................] - ETA: 0s - loss: 0.1056 - mean_squared_error: 0.1056 - mean_absolute_error: 0.2690
320/600 [===============>..............] - ETA: 0s - loss: 0.1199 - mean_squared_error: 0.1199 - mean_absolute_error: 0.2869
Epoch 00047: val_loss improved from 0.12087 to 0.11873, saving model to /n/home05/isvetkey/cnn-stimuli/RESULTS/s.Figure5.curvature/5/VGG19.h5

600/600 [==============================] - 0s 316us/step - loss: 0.1184 - mean_squared_error: 0.1184 - mean_absolute_error: 0.2840 - val_loss: 0.1187 - val_mean_squared_error: 0.1187 - val_mean_absolute_error: 0.2853
Epoch 48/1000

 32/600 [>.............................] - ETA: 0s - loss: 0.1012 - mean_squared_error: 0.1012 - mean_absolute_error: 0.2622
320/600 [===============>..............] - ETA: 0s - loss: 0.1142 - mean_squared_error: 0.1142 - mean_absolute_error: 0.2792
Epoch 00048: val_loss improved from 0.11873 to 0.11668, saving model to /n/home05/isvetkey/cnn-stimuli/RESULTS/s.Figure5.curvature/5/VGG19.h5

600/600 [==============================] - 0s 336us/step - loss: 0.1159 - mean_squared_error: 0.1159 - mean_absolute_error: 0.2811 - val_loss: 0.1167 - val_mean_squared_error: 0.1167 - val_mean_absolute_error: 0.2829
Epoch 49/1000

 32/600 [>.............................] - ETA: 0s - loss: 0.1131 - mean_squared_error: 0.1131 - mean_absolute_error: 0.2779
320/600 [===============>..............] - ETA: 0s - loss: 0.1122 - mean_squared_error: 0.1122 - mean_absolute_error: 0.2756
Epoch 00049: val_loss improved from 0.11668 to 0.11468, saving model to /n/home05/isvetkey/cnn-stimuli/RESULTS/s.Figure5.curvature/5/VGG19.h5

600/600 [==============================] - 0s 316us/step - loss: 0.1144 - mean_squared_error: 0.1144 - mean_absolute_error: 0.2789 - val_loss: 0.1147 - val_mean_squared_error: 0.1147 - val_mean_absolute_error: 0.2804
Epoch 50/1000

 32/600 [>.............................] - ETA: 0s - loss: 0.1034 - mean_squared_error: 0.1034 - mean_absolute_error: 0.2695
256/600 [===========>..................] - ETA: 0s - loss: 0.1172 - mean_squared_error: 0.1172 - mean_absolute_error: 0.2854
512/600 [========================>.....] - ETA: 0s - loss: 0.1118 - mean_squared_error: 0.1118 - mean_absolute_error: 0.2762
Epoch 00050: val_loss improved from 0.11468 to 0.11273, saving model to /n/home05/isvetkey/cnn-stimuli/RESULTS/s.Figure5.curvature/5/VGG19.h5

600/600 [==============================] - 0s 353us/step - loss: 0.1128 - mean_squared_error: 0.1128 - mean_absolute_error: 0.2774 - val_loss: 0.1127 - val_mean_squared_error: 0.1127 - val_mean_absolute_error: 0.2780
Epoch 51/1000

 32/600 [>.............................] - ETA: 0s - loss: 0.1070 - mean_squared_error: 0.1070 - mean_absolute_error: 0.2695
256/600 [===========>..................] - ETA: 0s - loss: 0.1119 - mean_squared_error: 0.1119 - mean_absolute_error: 0.2804
512/600 [========================>.....] - ETA: 0s - loss: 0.1095 - mean_squared_error: 0.1095 - mean_absolute_error: 0.2732
Epoch 00051: val_loss improved from 0.11273 to 0.11085, saving model to /n/home05/isvetkey/cnn-stimuli/RESULTS/s.Figure5.curvature/5/VGG19.h5

600/600 [==============================] - 0s 356us/step - loss: 0.1104 - mean_squared_error: 0.1104 - mean_absolute_error: 0.2746 - val_loss: 0.1109 - val_mean_squared_error: 0.1109 - val_mean_absolute_error: 0.2757
Epoch 52/1000

 32/600 [>.............................] - ETA: 0s - loss: 0.1098 - mean_squared_error: 0.1098 - mean_absolute_error: 0.2776
224/600 [==========>...................] - ETA: 0s - loss: 0.1139 - mean_squared_error: 0.1139 - mean_absolute_error: 0.2810
480/600 [=======================>......] - ETA: 0s - loss: 0.1108 - mean_squared_error: 0.1108 - mean_absolute_error: 0.2747
Epoch 00052: val_loss improved from 0.11085 to 0.10902, saving model to /n/home05/isvetkey/cnn-stimuli/RESULTS/s.Figure5.curvature/5/VGG19.h5

600/600 [==============================] - 0s 366us/step - loss: 0.1100 - mean_squared_error: 0.1100 - mean_absolute_error: 0.2732 - val_loss: 0.1090 - val_mean_squared_error: 0.1090 - val_mean_absolute_error: 0.2735
Epoch 53/1000

 32/600 [>.............................] - ETA: 0s - loss: 0.0959 - mean_squared_error: 0.0959 - mean_absolute_error: 0.2563
352/600 [================>.............] - ETA: 0s - loss: 0.1102 - mean_squared_error: 0.1102 - mean_absolute_error: 0.2760
Epoch 00053: val_loss improved from 0.10902 to 0.10725, saving model to /n/home05/isvetkey/cnn-stimuli/RESULTS/s.Figure5.curvature/5/VGG19.h5

600/600 [==============================] - 0s 311us/step - loss: 0.1070 - mean_squared_error: 0.1070 - mean_absolute_error: 0.2704 - val_loss: 0.1073 - val_mean_squared_error: 0.1073 - val_mean_absolute_error: 0.2712
Epoch 54/1000

 32/600 [>.............................] - ETA: 0s - loss: 0.0994 - mean_squared_error: 0.0994 - mean_absolute_error: 0.2587
288/600 [=============>................] - ETA: 0s - loss: 0.1043 - mean_squared_error: 0.1043 - mean_absolute_error: 0.2670
512/600 [========================>.....] - ETA: 0s - loss: 0.1058 - mean_squared_error: 0.1058 - mean_absolute_error: 0.2689
Epoch 00054: val_loss improved from 0.10725 to 0.10556, saving model to /n/home05/isvetkey/cnn-stimuli/RESULTS/s.Figure5.curvature/5/VGG19.h5

600/600 [==============================] - 0s 359us/step - loss: 0.1054 - mean_squared_error: 0.1054 - mean_absolute_error: 0.2681 - val_loss: 0.1056 - val_mean_squared_error: 0.1056 - val_mean_absolute_error: 0.2691
Epoch 55/1000

 32/600 [>.............................] - ETA: 0s - loss: 0.1049 - mean_squared_error: 0.1049 - mean_absolute_error: 0.2747
224/600 [==========>...................] - ETA: 0s - loss: 0.1067 - mean_squared_error: 0.1067 - mean_absolute_error: 0.2724
480/600 [=======================>......] - ETA: 0s - loss: 0.1052 - mean_squared_error: 0.1052 - mean_absolute_error: 0.2690
Epoch 00055: val_loss improved from 0.10556 to 0.10389, saving model to /n/home05/isvetkey/cnn-stimuli/RESULTS/s.Figure5.curvature/5/VGG19.h5

600/600 [==============================] - 0s 364us/step - loss: 0.1032 - mean_squared_error: 0.1032 - mean_absolute_error: 0.2656 - val_loss: 0.1039 - val_mean_squared_error: 0.1039 - val_mean_absolute_error: 0.2670
Epoch 56/1000

 32/600 [>.............................] - ETA: 0s - loss: 0.0897 - mean_squared_error: 0.0897 - mean_absolute_error: 0.2412
320/600 [===============>..............] - ETA: 0s - loss: 0.1016 - mean_squared_error: 0.1016 - mean_absolute_error: 0.2630
Epoch 00056: val_loss improved from 0.10389 to 0.10229, saving model to /n/home05/isvetkey/cnn-stimuli/RESULTS/s.Figure5.curvature/5/VGG19.h5
