My SLURM_ARRAY_TASK_ID:  1
Running s.Figure5.direction with flags 5 with VGG19
Working in /n/home05/isvetkey/cnn-stimuli/RESULTS/s.Figure5.direction/5/VGG19
Storing /n/home05/isvetkey/cnn-stimuli/RESULTS/s.Figure5.direction/5/VGG19.p
Storing /n/home05/isvetkey/cnn-stimuli/RESULTS/s.Figure5.direction/5/VGG19.h5
Done 25.3567819595 seconds ( 157271 iterations)
memory usage 60.016 MB

 32/600 [>.............................] - ETA: 41s
 64/600 [==>...........................] - ETA: 19s
 96/600 [===>..........................] - ETA: 12s
128/600 [=====>........................] - ETA: 9s 
160/600 [=======>......................] - ETA: 6s
192/600 [========>.....................] - ETA: 5s
224/600 [==========>...................] - ETA: 4s
256/600 [===========>..................] - ETA: 3s
288/600 [=============>................] - ETA: 2s
320/600 [===============>..............] - ETA: 2s
352/600 [================>.............] - ETA: 2s
384/600 [==================>...........] - ETA: 1s
416/600 [===================>..........] - ETA: 1s
448/600 [=====================>........] - ETA: 1s
480/600 [=======================>......] - ETA: 0s
512/600 [========================>.....] - ETA: 0s
544/600 [==========================>...] - ETA: 0s
576/600 [===========================>..] - ETA: 0s
600/600 [==============================] - 4s 6ms/step

 32/200 [===>..........................] - ETA: 0s
 64/200 [========>.....................] - ETA: 0s
 96/200 [=============>................] - ETA: 0s
128/200 [==================>...........] - ETA: 0s
160/200 [=======================>......] - ETA: 0s
192/200 [===========================>..] - ETA: 0s
200/200 [==============================] - 1s 3ms/step

 32/200 [===>..........................] - ETA: 0s
 64/200 [========>.....................] - ETA: 0s
 96/200 [=============>................] - ETA: 0s
128/200 [==================>...........] - ETA: 0s
160/200 [=======================>......] - ETA: 0s
192/200 [===========================>..] - ETA: 0s
200/200 [==============================] - 0s 2ms/step
VGG19 features done after 4.60317993164
memory usage 24.576 MB
Train on 600 samples, validate on 200 samples
Epoch 1/1000

 32/600 [>.............................] - ETA: 8s - loss: 0.3830 - mean_squared_error: 0.3830 - mean_absolute_error: 0.5485
352/600 [================>.............] - ETA: 0s - loss: 0.3726 - mean_squared_error: 0.3726 - mean_absolute_error: 0.5334
Epoch 00001: val_loss improved from inf to 0.31138, saving model to /n/home05/isvetkey/cnn-stimuli/RESULTS/s.Figure5.direction/5/VGG19.h5

600/600 [==============================] - 1s 1ms/step - loss: 0.3704 - mean_squared_error: 0.3704 - mean_absolute_error: 0.5301 - val_loss: 0.3114 - val_mean_squared_error: 0.3114 - val_mean_absolute_error: 0.4675
Epoch 2/1000

 32/600 [>.............................] - ETA: 0s - loss: 0.3591 - mean_squared_error: 0.3591 - mean_absolute_error: 0.5201
352/600 [================>.............] - ETA: 0s - loss: 0.3631 - mean_squared_error: 0.3631 - mean_absolute_error: 0.5220
Epoch 00002: val_loss improved from 0.31138 to 0.30427, saving model to /n/home05/isvetkey/cnn-stimuli/RESULTS/s.Figure5.direction/5/VGG19.h5
