/n/home05/isvetkey/.conda/envs/CP/lib/python2.7/site-packages/h5py/__init__.py:36: FutureWarning: Conversion of the second argument of issubdtype from `float` to `np.floating` is deprecated. In future, it will be treated as `np.float64 == np.dtype(float).type`.
  from ._conv import register_converters as _register_converters
Using TensorFlow backend.
Traceback (most recent call last):
  File "run_regression_isvetkey.py", line 1, in <module>
    from keras import models, layers, optimizers, applications, callbacks
  File "/n/home05/isvetkey/.conda/envs/CP/lib/python2.7/site-packages/keras/__init__.py", line 3, in <module>
    from . import utils
  File "/n/home05/isvetkey/.conda/envs/CP/lib/python2.7/site-packages/keras/utils/__init__.py", line 26, in <module>
    from .multi_gpu_utils import multi_gpu_model
  File "/n/home05/isvetkey/.conda/envs/CP/lib/python2.7/site-packages/keras/utils/multi_gpu_utils.py", line 7, in <module>
    from ..layers.merge import concatenate
  File "/n/home05/isvetkey/.conda/envs/CP/lib/python2.7/site-packages/keras/layers/__init__.py", line 4, in <module>
    from ..engine.base_layer import Layer
  File "/n/home05/isvetkey/.conda/envs/CP/lib/python2.7/site-packages/keras/engine/__init__.py", line 8, in <module>
    from .training import Model
  File "/n/home05/isvetkey/.conda/envs/CP/lib/python2.7/site-packages/keras/engine/training.py", line 21, in <module>
    from . import training_arrays
  File "/n/home05/isvetkey/.conda/envs/CP/lib/python2.7/site-packages/keras/engine/training_arrays.py", line 8, in <module>
    from scipy.sparse import issparse
  File "/n/home05/isvetkey/.conda/envs/CP/lib/python2.7/site-packages/scipy/sparse/__init__.py", line 229, in <module>
    from .csr import *
  File "/n/home05/isvetkey/.conda/envs/CP/lib/python2.7/site-packages/scipy/sparse/csr.py", line 15, in <module>
    from ._sparsetools import csr_tocsc, csr_tobsr, csr_count_blocks, \
ImportError: /lib64/libstdc++.so.6: version `CXXABI_1.3.9' not found (required by /n/home05/isvetkey/.conda/envs/CP/lib/python2.7/site-packages/scipy/sparse/_sparsetools.so)
