My SLURM_ARRAY_TASK_ID:  1
Running s.Figure5.area with flags 5 with VGG19
Race condition, what are you? True
Working in /n/home05/isvetkey/cnn-stimuli/RESULTS/s.Figure5.area/5/VGG19
Storing /n/home05/isvetkey/cnn-stimuli/RESULTS/s.Figure5.area/5/VGG19.p
Storing /n/home05/isvetkey/cnn-stimuli/RESULTS/s.Figure5.area/5/VGG19.h5
Done 0.218832969666 seconds ( 1780 iterations)
memory usage 60.016 MB

 32/600 [>.............................] - ETA: 1:11
 64/600 [==>...........................] - ETA: 34s 
 96/600 [===>..........................] - ETA: 21s
128/600 [=====>........................] - ETA: 15s
160/600 [=======>......................] - ETA: 11s
192/600 [========>.....................] - ETA: 9s 
224/600 [==========>...................] - ETA: 7s
256/600 [===========>..................] - ETA: 5s
288/600 [=============>................] - ETA: 4s
320/600 [===============>..............] - ETA: 3s
352/600 [================>.............] - ETA: 3s
384/600 [==================>...........] - ETA: 2s
416/600 [===================>..........] - ETA: 2s
448/600 [=====================>........] - ETA: 1s
480/600 [=======================>......] - ETA: 1s
512/600 [========================>.....] - ETA: 0s
544/600 [==========================>...] - ETA: 0s
576/600 [===========================>..] - ETA: 0s
600/600 [==============================] - 5s 9ms/step

 32/200 [===>..........................] - ETA: 0s
 64/200 [========>.....................] - ETA: 0s
 96/200 [=============>................] - ETA: 0s
128/200 [==================>...........] - ETA: 0s
160/200 [=======================>......] - ETA: 0s
192/200 [===========================>..] - ETA: 0s
200/200 [==============================] - 1s 3ms/step

 32/200 [===>..........................] - ETA: 0s
 64/200 [========>.....................] - ETA: 0s
 96/200 [=============>................] - ETA: 0s
128/200 [==================>...........] - ETA: 0s
160/200 [=======================>......] - ETA: 0s
192/200 [===========================>..] - ETA: 0s
200/200 [==============================] - 0s 2ms/step
VGG19 features done after 6.24292016029
memory usage 24.576 MB
Train on 600 samples, validate on 200 samples
Epoch 1/1000

 32/600 [>.............................] - ETA: 5s - loss: 0.2455 - mean_squared_error: 0.2455 - mean_absolute_error: 0.3781
416/600 [===================>..........] - ETA: 0s - loss: 0.2443 - mean_squared_error: 0.2443 - mean_absolute_error: 0.3742
Epoch 00001: val_loss improved from inf to 0.23850, saving model to /n/home05/isvetkey/cnn-stimuli/RESULTS/s.Figure5.area/5/VGG19.h5
