My SLURM_ARRAY_TASK_ID:  4
Running s.Figure5.curvature with flags 5 with VGG19
Working in /n/home05/isvetkey/cnn-stimuli/RESULTS/s.Figure5.curvature/5/VGG19
Storing /n/home05/isvetkey/cnn-stimuli/RESULTS/s.Figure5.curvature/5/VGG19.p
Storing /n/home05/isvetkey/cnn-stimuli/RESULTS/s.Figure5.curvature/5/VGG19.h5
Done 0.672405004501 seconds ( 1856 iterations)
memory usage 60.016 MB

 32/600 [>.............................] - ETA: 38s
 64/600 [==>...........................] - ETA: 18s
 96/600 [===>..........................] - ETA: 11s
128/600 [=====>........................] - ETA: 8s 
160/600 [=======>......................] - ETA: 6s
192/600 [========>.....................] - ETA: 5s
224/600 [==========>...................] - ETA: 4s
256/600 [===========>..................] - ETA: 3s
288/600 [=============>................] - ETA: 2s
320/600 [===============>..............] - ETA: 2s
352/600 [================>.............] - ETA: 1s
384/600 [==================>...........] - ETA: 1s
416/600 [===================>..........] - ETA: 1s
448/600 [=====================>........] - ETA: 0s
480/600 [=======================>......] - ETA: 0s
512/600 [========================>.....] - ETA: 0s
544/600 [==========================>...] - ETA: 0s
576/600 [===========================>..] - ETA: 0s
600/600 [==============================] - 4s 6ms/step

 32/200 [===>..........................] - ETA: 0s
 64/200 [========>.....................] - ETA: 0s
 96/200 [=============>................] - ETA: 0s
128/200 [==================>...........] - ETA: 0s
160/200 [=======================>......] - ETA: 0s
192/200 [===========================>..] - ETA: 0s
200/200 [==============================] - 1s 3ms/step

 32/200 [===>..........................] - ETA: 0s
 64/200 [========>.....................] - ETA: 0s
 96/200 [=============>................] - ETA: 0s
128/200 [==================>...........] - ETA: 0s
160/200 [=======================>......] - ETA: 0s
192/200 [===========================>..] - ETA: 0s
200/200 [==============================] - 0s 2ms/step
VGG19 features done after 4.46657204628
memory usage 24.576 MB
Train on 600 samples, validate on 200 samples
Epoch 1/1000

 32/600 [>.............................] - ETA: 5s - loss: 0.2912 - mean_squared_error: 0.2912 - mean_absolute_error: 0.4558
352/600 [================>.............] - ETA: 0s - loss: 0.3312 - mean_squared_error: 0.3312 - mean_absolute_error: 0.4960
Epoch 00001: val_loss improved from inf to 0.35084, saving model to /n/home05/isvetkey/cnn-stimuli/RESULTS/s.Figure5.curvature/5/VGG19.h5

600/600 [==============================] - 1s 930us/step - loss: 0.3265 - mean_squared_error: 0.3265 - mean_absolute_error: 0.4907 - val_loss: 0.3508 - val_mean_squared_error: 0.3508 - val_mean_absolute_error: 0.5124
Epoch 2/1000

 32/600 [>.............................] - ETA: 0s - loss: 0.3133 - mean_squared_error: 0.3133 - mean_absolute_error: 0.4802
352/600 [================>.............] - ETA: 0s - loss: 0.3215 - mean_squared_error: 0.3215 - mean_absolute_error: 0.4870
Epoch 00002: val_loss improved from 0.35084 to 0.34275, saving model to /n/home05/isvetkey/cnn-stimuli/RESULTS/s.Figure5.curvature/5/VGG19.h5

600/600 [==============================] - 0s 295us/step - loss: 0.3194 - mean_squared_error: 0.3194 - mean_absolute_error: 0.4846 - val_loss: 0.3428 - val_mean_squared_error: 0.3428 - val_mean_absolute_error: 0.5056
Epoch 3/1000

 32/600 [>.............................] - ETA: 0s - loss: 0.2905 - mean_squared_error: 0.2905 - mean_absolute_error: 0.4611
224/600 [==========>...................] - ETA: 0s - loss: 0.3125 - mean_squared_error: 0.3125 - mean_absolute_error: 0.4790
480/600 [=======================>......] - ETA: 0s - loss: 0.3132 - mean_squared_error: 0.3132 - mean_absolute_error: 0.4792
Epoch 00003: val_loss improved from 0.34275 to 0.33462, saving model to /n/home05/isvetkey/cnn-stimuli/RESULTS/s.Figure5.curvature/5/VGG19.h5

600/600 [==============================] - 0s 357us/step - loss: 0.3116 - mean_squared_error: 0.3116 - mean_absolute_error: 0.4778 - val_loss: 0.3346 - val_mean_squared_error: 0.3346 - val_mean_absolute_error: 0.4987
Epoch 4/1000

 32/600 [>.............................] - ETA: 0s - loss: 0.2757 - mean_squared_error: 0.2757 - mean_absolute_error: 0.4513
352/600 [================>.............] - ETA: 0s - loss: 0.3130 - mean_squared_error: 0.3130 - mean_absolute_error: 0.4794
Epoch 00004: val_loss improved from 0.33462 to 0.32667, saving model to /n/home05/isvetkey/cnn-stimuli/RESULTS/s.Figure5.curvature/5/VGG19.h5

600/600 [==============================] - 0s 303us/step - loss: 0.3039 - mean_squared_error: 0.3039 - mean_absolute_error: 0.4708 - val_loss: 0.3267 - val_mean_squared_error: 0.3267 - val_mean_absolute_error: 0.4918
Epoch 5/1000

 32/600 [>.............................] - ETA: 0s - loss: 0.2897 - mean_squared_error: 0.2897 - mean_absolute_error: 0.4525
352/600 [================>.............] - ETA: 0s - loss: 0.3015 - mean_squared_error: 0.3015 - mean_absolute_error: 0.4685
Epoch 00005: val_loss improved from 0.32667 to 0.31897, saving model to /n/home05/isvetkey/cnn-stimuli/RESULTS/s.Figure5.curvature/5/VGG19.h5

600/600 [==============================] - 0s 301us/step - loss: 0.2965 - mean_squared_error: 0.2965 - mean_absolute_error: 0.4641 - val_loss: 0.3190 - val_mean_squared_error: 0.3190 - val_mean_absolute_error: 0.4851
Epoch 6/1000

 32/600 [>.............................] - ETA: 0s - loss: 0.3409 - mean_squared_error: 0.3409 - mean_absolute_error: 0.5035
352/600 [================>.............] - ETA: 0s - loss: 0.2948 - mean_squared_error: 0.2948 - mean_absolute_error: 0.4623
Epoch 00006: val_loss improved from 0.31897 to 0.31147, saving model to /n/home05/isvetkey/cnn-stimuli/RESULTS/s.Figure5.curvature/5/VGG19.h5

600/600 [==============================] - 0s 299us/step - loss: 0.2891 - mean_squared_error: 0.2891 - mean_absolute_error: 0.4574 - val_loss: 0.3115 - val_mean_squared_error: 0.3115 - val_mean_absolute_error: 0.4785
Epoch 7/1000

 32/600 [>.............................] - ETA: 0s - loss: 0.3185 - mean_squared_error: 0.3185 - mean_absolute_error: 0.4920
224/600 [==========>...................] - ETA: 0s - loss: 0.2877 - mean_squared_error: 0.2877 - mean_absolute_error: 0.4592
480/600 [=======================>......] - ETA: 0s - loss: 0.2839 - mean_squared_error: 0.2839 - mean_absolute_error: 0.4536
Epoch 00007: val_loss improved from 0.31147 to 0.30420, saving model to /n/home05/isvetkey/cnn-stimuli/RESULTS/s.Figure5.curvature/5/VGG19.h5

600/600 [==============================] - 0s 364us/step - loss: 0.2822 - mean_squared_error: 0.2822 - mean_absolute_error: 0.4511 - val_loss: 0.3042 - val_mean_squared_error: 0.3042 - val_mean_absolute_error: 0.4720
Epoch 8/1000

 32/600 [>.............................] - ETA: 0s - loss: 0.2952 - mean_squared_error: 0.2952 - mean_absolute_error: 0.4527
352/600 [================>.............] - ETA: 0s - loss: 0.2729 - mean_squared_error: 0.2729 - mean_absolute_error: 0.4405
Epoch 00008: val_loss improved from 0.30420 to 0.29713, saving model to /n/home05/isvetkey/cnn-stimuli/RESULTS/s.Figure5.curvature/5/VGG19.h5

600/600 [==============================] - 0s 350us/step - loss: 0.2750 - mean_squared_error: 0.2750 - mean_absolute_error: 0.4446 - val_loss: 0.2971 - val_mean_squared_error: 0.2971 - val_mean_absolute_error: 0.4658
Epoch 9/1000

 32/600 [>.............................] - ETA: 0s - loss: 0.2874 - mean_squared_error: 0.2874 - mean_absolute_error: 0.4748
352/600 [================>.............] - ETA: 0s - loss: 0.2701 - mean_squared_error: 0.2701 - mean_absolute_error: 0.4413
Epoch 00009: val_loss improved from 0.29713 to 0.29027, saving model to /n/home05/isvetkey/cnn-stimuli/RESULTS/s.Figure5.curvature/5/VGG19.h5

600/600 [==============================] - 0s 329us/step - loss: 0.2689 - mean_squared_error: 0.2689 - mean_absolute_error: 0.4388 - val_loss: 0.2903 - val_mean_squared_error: 0.2903 - val_mean_absolute_error: 0.4596
Epoch 10/1000

 32/600 [>.............................] - ETA: 0s - loss: 0.2457 - mean_squared_error: 0.2457 - mean_absolute_error: 0.4130
352/600 [================>.............] - ETA: 0s - loss: 0.2732 - mean_squared_error: 0.2732 - mean_absolute_error: 0.4442
Epoch 00010: val_loss improved from 0.29027 to 0.28358, saving model to /n/home05/isvetkey/cnn-stimuli/RESULTS/s.Figure5.curvature/5/VGG19.h5
