My SLURM_ARRAY_TASK_ID:  1
Running s.Figure5.position_non_aligned_scale with flags 1 with VGG19
Working in /n/home05/isvetkey/cnn-stimuli/RESULTS/s.Figure5.position_non_aligned_scale/1/VGG19
Storing /n/home05/isvetkey/cnn-stimuli/RESULTS/s.Figure5.position_non_aligned_scale/1/VGG19.p
Storing /n/home05/isvetkey/cnn-stimuli/RESULTS/s.Figure5.position_non_aligned_scale/1/VGG19.h5
Done 12.8594520092 seconds ( 196605 iterations)
memory usage 60.016 MB

 32/600 [>.............................] - ETA: 38s
 64/600 [==>...........................] - ETA: 18s
 96/600 [===>..........................] - ETA: 11s
128/600 [=====>........................] - ETA: 8s 
160/600 [=======>......................] - ETA: 6s
192/600 [========>.....................] - ETA: 5s
224/600 [==========>...................] - ETA: 4s
256/600 [===========>..................] - ETA: 3s
288/600 [=============>................] - ETA: 2s
320/600 [===============>..............] - ETA: 2s
352/600 [================>.............] - ETA: 1s
384/600 [==================>...........] - ETA: 1s
416/600 [===================>..........] - ETA: 1s
448/600 [=====================>........] - ETA: 0s
480/600 [=======================>......] - ETA: 0s
512/600 [========================>.....] - ETA: 0s
544/600 [==========================>...] - ETA: 0s
576/600 [===========================>..] - ETA: 0s
600/600 [==============================] - 3s 6ms/step

 32/200 [===>..........................] - ETA: 0s
 64/200 [========>.....................] - ETA: 0s
 96/200 [=============>................] - ETA: 0s
128/200 [==================>...........] - ETA: 0s
160/200 [=======================>......] - ETA: 0s
192/200 [===========================>..] - ETA: 0s
200/200 [==============================] - 1s 3ms/step

 32/200 [===>..........................] - ETA: 0s
 64/200 [========>.....................] - ETA: 0s
 96/200 [=============>................] - ETA: 0s
128/200 [==================>...........] - ETA: 0s
160/200 [=======================>......] - ETA: 0s
192/200 [===========================>..] - ETA: 0s
200/200 [==============================] - 0s 2ms/step
VGG19 features done after 4.37460303307
memory usage 24.576 MB
Train on 600 samples, validate on 200 samples
Epoch 1/1000

 32/600 [>.............................] - ETA: 5s - loss: 0.5682 - mean_squared_error: 0.5682 - mean_absolute_error: 0.7106
416/600 [===================>..........] - ETA: 0s - loss: 0.5540 - mean_squared_error: 0.5540 - mean_absolute_error: 0.6997
Epoch 00001: val_loss improved from inf to 0.19543, saving model to /n/home05/isvetkey/cnn-stimuli/RESULTS/s.Figure5.position_non_aligned_scale/1/VGG19.h5

600/600 [==============================] - 0s 825us/step - loss: 0.5518 - mean_squared_error: 0.5518 - mean_absolute_error: 0.6991 - val_loss: 0.1954 - val_mean_squared_error: 0.1954 - val_mean_absolute_error: 0.3379
Epoch 2/1000

 32/600 [>.............................] - ETA: 0s - loss: 0.5521 - mean_squared_error: 0.5521 - mean_absolute_error: 0.7010
320/600 [===============>..............] - ETA: 0s - loss: 0.5468 - mean_squared_error: 0.5468 - mean_absolute_error: 0.6980
Epoch 00002: val_loss improved from 0.19543 to 0.18831, saving model to /n/home05/isvetkey/cnn-stimuli/RESULTS/s.Figure5.position_non_aligned_scale/1/VGG19.h5

600/600 [==============================] - 0s 299us/step - loss: 0.5392 - mean_squared_error: 0.5392 - mean_absolute_error: 0.6905 - val_loss: 0.1883 - val_mean_squared_error: 0.1883 - val_mean_absolute_error: 0.3282
Epoch 3/1000

 32/600 [>.............................] - ETA: 0s - loss: 0.5560 - mean_squared_error: 0.5560 - mean_absolute_error: 0.7104
384/600 [==================>...........] - ETA: 0s - loss: 0.5256 - mean_squared_error: 0.5256 - mean_absolute_error: 0.6797
Epoch 00003: val_loss improved from 0.18831 to 0.18112, saving model to /n/home05/isvetkey/cnn-stimuli/RESULTS/s.Figure5.position_non_aligned_scale/1/VGG19.h5

600/600 [==============================] - 0s 272us/step - loss: 0.5250 - mean_squared_error: 0.5250 - mean_absolute_error: 0.6806 - val_loss: 0.1811 - val_mean_squared_error: 0.1811 - val_mean_absolute_error: 0.3205
Epoch 4/1000

 32/600 [>.............................] - ETA: 0s - loss: 0.4515 - mean_squared_error: 0.4515 - mean_absolute_error: 0.6115
384/600 [==================>...........] - ETA: 0s - loss: 0.5085 - mean_squared_error: 0.5085 - mean_absolute_error: 0.6673
Epoch 00004: val_loss improved from 0.18112 to 0.17417, saving model to /n/home05/isvetkey/cnn-stimuli/RESULTS/s.Figure5.position_non_aligned_scale/1/VGG19.h5

600/600 [==============================] - 0s 271us/step - loss: 0.5112 - mean_squared_error: 0.5112 - mean_absolute_error: 0.6709 - val_loss: 0.1742 - val_mean_squared_error: 0.1742 - val_mean_absolute_error: 0.3134
Epoch 5/1000

 32/600 [>.............................] - ETA: 0s - loss: 0.4983 - mean_squared_error: 0.4983 - mean_absolute_error: 0.6630
384/600 [==================>...........] - ETA: 0s - loss: 0.5060 - mean_squared_error: 0.5060 - mean_absolute_error: 0.6672
Epoch 00005: val_loss improved from 0.17417 to 0.16753, saving model to /n/home05/isvetkey/cnn-stimuli/RESULTS/s.Figure5.position_non_aligned_scale/1/VGG19.h5

600/600 [==============================] - 0s 295us/step - loss: 0.4979 - mean_squared_error: 0.4979 - mean_absolute_error: 0.6614 - val_loss: 0.1675 - val_mean_squared_error: 0.1675 - val_mean_absolute_error: 0.3068
Epoch 6/1000

 32/600 [>.............................] - ETA: 0s - loss: 0.4972 - mean_squared_error: 0.4972 - mean_absolute_error: 0.6683
384/600 [==================>...........] - ETA: 0s - loss: 0.4861 - mean_squared_error: 0.4861 - mean_absolute_error: 0.6562
Epoch 00006: val_loss improved from 0.16753 to 0.16122, saving model to /n/home05/isvetkey/cnn-stimuli/RESULTS/s.Figure5.position_non_aligned_scale/1/VGG19.h5

600/600 [==============================] - 0s 271us/step - loss: 0.4850 - mean_squared_error: 0.4850 - mean_absolute_error: 0.6519 - val_loss: 0.1612 - val_mean_squared_error: 0.1612 - val_mean_absolute_error: 0.3005
Epoch 7/1000

 32/600 [>.............................] - ETA: 0s - loss: 0.5043 - mean_squared_error: 0.5043 - mean_absolute_error: 0.6708
288/600 [=============>................] - ETA: 0s - loss: 0.4742 - mean_squared_error: 0.4742 - mean_absolute_error: 0.6454
Epoch 00007: val_loss improved from 0.16122 to 0.15516, saving model to /n/home05/isvetkey/cnn-stimuli/RESULTS/s.Figure5.position_non_aligned_scale/1/VGG19.h5

600/600 [==============================] - 0s 310us/step - loss: 0.4718 - mean_squared_error: 0.4718 - mean_absolute_error: 0.6422 - val_loss: 0.1552 - val_mean_squared_error: 0.1552 - val_mean_absolute_error: 0.2946
Epoch 8/1000

 32/600 [>.............................] - ETA: 0s - loss: 0.4224 - mean_squared_error: 0.4224 - mean_absolute_error: 0.5978
384/600 [==================>...........] - ETA: 0s - loss: 0.4589 - mean_squared_error: 0.4589 - mean_absolute_error: 0.6330
Epoch 00008: val_loss improved from 0.15516 to 0.14938, saving model to /n/home05/isvetkey/cnn-stimuli/RESULTS/s.Figure5.position_non_aligned_scale/1/VGG19.h5

600/600 [==============================] - 0s 276us/step - loss: 0.4599 - mean_squared_error: 0.4599 - mean_absolute_error: 0.6334 - val_loss: 0.1494 - val_mean_squared_error: 0.1494 - val_mean_absolute_error: 0.2891
Epoch 9/1000

 32/600 [>.............................] - ETA: 0s - loss: 0.4504 - mean_squared_error: 0.4504 - mean_absolute_error: 0.6276
384/600 [==================>...........] - ETA: 0s - loss: 0.4576 - mean_squared_error: 0.4576 - mean_absolute_error: 0.6328
Epoch 00009: val_loss improved from 0.14938 to 0.14383, saving model to /n/home05/isvetkey/cnn-stimuli/RESULTS/s.Figure5.position_non_aligned_scale/1/VGG19.h5

600/600 [==============================] - 0s 273us/step - loss: 0.4474 - mean_squared_error: 0.4474 - mean_absolute_error: 0.6239 - val_loss: 0.1438 - val_mean_squared_error: 0.1438 - val_mean_absolute_error: 0.2836
Epoch 10/1000

 32/600 [>.............................] - ETA: 0s - loss: 0.4823 - mean_squared_error: 0.4823 - mean_absolute_error: 0.6598
288/600 [=============>................] - ETA: 0s - loss: 0.4353 - mean_squared_error: 0.4353 - mean_absolute_error: 0.6147
Epoch 00010: val_loss improved from 0.14383 to 0.13856, saving model to /n/home05/isvetkey/cnn-stimuli/RESULTS/s.Figure5.position_non_aligned_scale/1/VGG19.h5

600/600 [==============================] - 0s 304us/step - loss: 0.4360 - mean_squared_error: 0.4360 - mean_absolute_error: 0.6151 - val_loss: 0.1386 - val_mean_squared_error: 0.1386 - val_mean_absolute_error: 0.2783
Epoch 11/1000

 32/600 [>.............................] - ETA: 0s - loss: 0.4151 - mean_squared_error: 0.4151 - mean_absolute_error: 0.6007
384/600 [==================>...........] - ETA: 0s - loss: 0.4289 - mean_squared_error: 0.4289 - mean_absolute_error: 0.6088
Epoch 00011: val_loss improved from 0.13856 to 0.13349, saving model to /n/home05/isvetkey/cnn-stimuli/RESULTS/s.Figure5.position_non_aligned_scale/1/VGG19.h5

600/600 [==============================] - 0s 277us/step - loss: 0.4236 - mean_squared_error: 0.4236 - mean_absolute_error: 0.6054 - val_loss: 0.1335 - val_mean_squared_error: 0.1335 - val_mean_absolute_error: 0.2730
Epoch 12/1000

 32/600 [>.............................] - ETA: 0s - loss: 0.4031 - mean_squared_error: 0.4031 - mean_absolute_error: 0.5938
384/600 [==================>...........] - ETA: 0s - loss: 0.4099 - mean_squared_error: 0.4099 - mean_absolute_error: 0.5944
Epoch 00012: val_loss improved from 0.13349 to 0.12867, saving model to /n/home05/isvetkey/cnn-stimuli/RESULTS/s.Figure5.position_non_aligned_scale/1/VGG19.h5

600/600 [==============================] - 0s 272us/step - loss: 0.4128 - mean_squared_error: 0.4128 - mean_absolute_error: 0.5969 - val_loss: 0.1287 - val_mean_squared_error: 0.1287 - val_mean_absolute_error: 0.2680
Epoch 13/1000

 32/600 [>.............................] - ETA: 0s - loss: 0.4237 - mean_squared_error: 0.4237 - mean_absolute_error: 0.6052
288/600 [=============>................] - ETA: 0s - loss: 0.4145 - mean_squared_error: 0.4145 - mean_absolute_error: 0.5987
512/600 [========================>.....] - ETA: 0s - loss: 0.4029 - mean_squared_error: 0.4029 - mean_absolute_error: 0.5896
Epoch 00013: val_loss improved from 0.12867 to 0.12403, saving model to /n/home05/isvetkey/cnn-stimuli/RESULTS/s.Figure5.position_non_aligned_scale/1/VGG19.h5

600/600 [==============================] - 0s 357us/step - loss: 0.4014 - mean_squared_error: 0.4014 - mean_absolute_error: 0.5879 - val_loss: 0.1240 - val_mean_squared_error: 0.1240 - val_mean_absolute_error: 0.2631
Epoch 14/1000

 32/600 [>.............................] - ETA: 0s - loss: 0.4026 - mean_squared_error: 0.4026 - mean_absolute_error: 0.5877
288/600 [=============>................] - ETA: 0s - loss: 0.3914 - mean_squared_error: 0.3914 - mean_absolute_error: 0.5796
Epoch 00014: val_loss improved from 0.12403 to 0.11965, saving model to /n/home05/isvetkey/cnn-stimuli/RESULTS/s.Figure5.position_non_aligned_scale/1/VGG19.h5

600/600 [==============================] - 0s 307us/step - loss: 0.3914 - mean_squared_error: 0.3914 - mean_absolute_error: 0.5798 - val_loss: 0.1197 - val_mean_squared_error: 0.1197 - val_mean_absolute_error: 0.2584
Epoch 15/1000

 32/600 [>.............................] - ETA: 0s - loss: 0.3967 - mean_squared_error: 0.3967 - mean_absolute_error: 0.5995
288/600 [=============>................] - ETA: 0s - loss: 0.3833 - mean_squared_error: 0.3833 - mean_absolute_error: 0.5743
Epoch 00015: val_loss improved from 0.11965 to 0.11549, saving model to /n/home05/isvetkey/cnn-stimuli/RESULTS/s.Figure5.position_non_aligned_scale/1/VGG19.h5

600/600 [==============================] - 0s 309us/step - loss: 0.3823 - mean_squared_error: 0.3823 - mean_absolute_error: 0.5726 - val_loss: 0.1155 - val_mean_squared_error: 0.1155 - val_mean_absolute_error: 0.2539
Epoch 16/1000

 32/600 [>.............................] - ETA: 0s - loss: 0.3855 - mean_squared_error: 0.3855 - mean_absolute_error: 0.5820
384/600 [==================>...........] - ETA: 0s - loss: 0.3788 - mean_squared_error: 0.3788 - mean_absolute_error: 0.5708
Epoch 00016: val_loss improved from 0.11549 to 0.11153, saving model to /n/home05/isvetkey/cnn-stimuli/RESULTS/s.Figure5.position_non_aligned_scale/1/VGG19.h5

600/600 [==============================] - 0s 274us/step - loss: 0.3722 - mean_squared_error: 0.3722 - mean_absolute_error: 0.5645 - val_loss: 0.1115 - val_mean_squared_error: 0.1115 - val_mean_absolute_error: 0.2496
Epoch 17/1000

 32/600 [>.............................] - ETA: 0s - loss: 0.3404 - mean_squared_error: 0.3404 - mean_absolute_error: 0.5255
288/600 [=============>................] - ETA: 0s - loss: 0.3623 - mean_squared_error: 0.3623 - mean_absolute_error: 0.5559
Epoch 00017: val_loss improved from 0.11153 to 0.10776, saving model to /n/home05/isvetkey/cnn-stimuli/RESULTS/s.Figure5.position_non_aligned_scale/1/VGG19.h5

600/600 [==============================] - 0s 310us/step - loss: 0.3618 - mean_squared_error: 0.3618 - mean_absolute_error: 0.5565 - val_loss: 0.1078 - val_mean_squared_error: 0.1078 - val_mean_absolute_error: 0.2454
Epoch 18/1000

 32/600 [>.............................] - ETA: 0s - loss: 0.3716 - mean_squared_error: 0.3716 - mean_absolute_error: 0.5678
384/600 [==================>...........] - ETA: 0s - loss: 0.3600 - mean_squared_error: 0.3600 - mean_absolute_error: 0.5571
Epoch 00018: val_loss improved from 0.10776 to 0.10417, saving model to /n/home05/isvetkey/cnn-stimuli/RESULTS/s.Figure5.position_non_aligned_scale/1/VGG19.h5

600/600 [==============================] - 0s 270us/step - loss: 0.3525 - mean_squared_error: 0.3525 - mean_absolute_error: 0.5490 - val_loss: 0.1042 - val_mean_squared_error: 0.1042 - val_mean_absolute_error: 0.2415
Epoch 19/1000

 32/600 [>.............................] - ETA: 0s - loss: 0.3465 - mean_squared_error: 0.3465 - mean_absolute_error: 0.5343
384/600 [==================>...........] - ETA: 0s - loss: 0.3422 - mean_squared_error: 0.3422 - mean_absolute_error: 0.5387
Epoch 00019: val_loss improved from 0.10417 to 0.10077, saving model to /n/home05/isvetkey/cnn-stimuli/RESULTS/s.Figure5.position_non_aligned_scale/1/VGG19.h5

600/600 [==============================] - 0s 273us/step - loss: 0.3429 - mean_squared_error: 0.3429 - mean_absolute_error: 0.5411 - val_loss: 0.1008 - val_mean_squared_error: 0.1008 - val_mean_absolute_error: 0.2376
Epoch 20/1000

 32/600 [>.............................] - ETA: 0s - loss: 0.3246 - mean_squared_error: 0.3246 - mean_absolute_error: 0.5196
384/600 [==================>...........] - ETA: 0s - loss: 0.3342 - mean_squared_error: 0.3342 - mean_absolute_error: 0.5350
Epoch 00020: val_loss improved from 0.10077 to 0.09755, saving model to /n/home05/isvetkey/cnn-stimuli/RESULTS/s.Figure5.position_non_aligned_scale/1/VGG19.h5

600/600 [==============================] - 0s 278us/step - loss: 0.3343 - mean_squared_error: 0.3343 - mean_absolute_error: 0.5343 - val_loss: 0.0975 - val_mean_squared_error: 0.0975 - val_mean_absolute_error: 0.2341
Epoch 21/1000

 32/600 [>.............................] - ETA: 0s - loss: 0.3348 - mean_squared_error: 0.3348 - mean_absolute_error: 0.5284
384/600 [==================>...........] - ETA: 0s - loss: 0.3246 - mean_squared_error: 0.3246 - mean_absolute_error: 0.5246
Epoch 00021: val_loss improved from 0.09755 to 0.09450, saving model to /n/home05/isvetkey/cnn-stimuli/RESULTS/s.Figure5.position_non_aligned_scale/1/VGG19.h5

600/600 [==============================] - 0s 320us/step - loss: 0.3253 - mean_squared_error: 0.3253 - mean_absolute_error: 0.5270 - val_loss: 0.0945 - val_mean_squared_error: 0.0945 - val_mean_absolute_error: 0.2307
Epoch 22/1000

 32/600 [>.............................] - ETA: 0s - loss: 0.3180 - mean_squared_error: 0.3180 - mean_absolute_error: 0.5243
288/600 [=============>................] - ETA: 0s - loss: 0.3195 - mean_squared_error: 0.3195 - mean_absolute_error: 0.5236
Epoch 00022: val_loss improved from 0.09450 to 0.09162, saving model to /n/home05/isvetkey/cnn-stimuli/RESULTS/s.Figure5.position_non_aligned_scale/1/VGG19.h5

600/600 [==============================] - 0s 373us/step - loss: 0.3176 - mean_squared_error: 0.3176 - mean_absolute_error: 0.5207 - val_loss: 0.0916 - val_mean_squared_error: 0.0916 - val_mean_absolute_error: 0.2275
Epoch 23/1000

 32/600 [>.............................] - ETA: 0s - loss: 0.3377 - mean_squared_error: 0.3377 - mean_absolute_error: 0.5517
320/600 [===============>..............] - ETA: 0s - loss: 0.3143 - mean_squared_error: 0.3143 - mean_absolute_error: 0.5193
Epoch 00023: val_loss improved from 0.09162 to 0.08889, saving model to /n/home05/isvetkey/cnn-stimuli/RESULTS/s.Figure5.position_non_aligned_scale/1/VGG19.h5

600/600 [==============================] - 0s 319us/step - loss: 0.3093 - mean_squared_error: 0.3093 - mean_absolute_error: 0.5135 - val_loss: 0.0889 - val_mean_squared_error: 0.0889 - val_mean_absolute_error: 0.2247
Epoch 24/1000

 32/600 [>.............................] - ETA: 0s - loss: 0.3156 - mean_squared_error: 0.3156 - mean_absolute_error: 0.5261
384/600 [==================>...........] - ETA: 0s - loss: 0.3031 - mean_squared_error: 0.3031 - mean_absolute_error: 0.5078
Epoch 00024: val_loss improved from 0.08889 to 0.08633, saving model to /n/home05/isvetkey/cnn-stimuli/RESULTS/s.Figure5.position_non_aligned_scale/1/VGG19.h5

600/600 [==============================] - 0s 272us/step - loss: 0.3011 - mean_squared_error: 0.3011 - mean_absolute_error: 0.5065 - val_loss: 0.0863 - val_mean_squared_error: 0.0863 - val_mean_absolute_error: 0.2219
Epoch 25/1000

 32/600 [>.............................] - ETA: 0s - loss: 0.2961 - mean_squared_error: 0.2961 - mean_absolute_error: 0.5065
320/600 [===============>..............] - ETA: 0s - loss: 0.2998 - mean_squared_error: 0.2998 - mean_absolute_error: 0.5059
Epoch 00025: val_loss improved from 0.08633 to 0.08392, saving model to /n/home05/isvetkey/cnn-stimuli/RESULTS/s.Figure5.position_non_aligned_scale/1/VGG19.h5

600/600 [==============================] - 0s 349us/step - loss: 0.2938 - mean_squared_error: 0.2938 - mean_absolute_error: 0.4996 - val_loss: 0.0839 - val_mean_squared_error: 0.0839 - val_mean_absolute_error: 0.2195
Epoch 26/1000

 32/600 [>.............................] - ETA: 0s - loss: 0.2848 - mean_squared_error: 0.2848 - mean_absolute_error: 0.4957
320/600 [===============>..............] - ETA: 0s - loss: 0.2856 - mean_squared_error: 0.2856 - mean_absolute_error: 0.4915
Epoch 00026: val_loss improved from 0.08392 to 0.08166, saving model to /n/home05/isvetkey/cnn-stimuli/RESULTS/s.Figure5.position_non_aligned_scale/1/VGG19.h5

600/600 [==============================] - 0s 308us/step - loss: 0.2862 - mean_squared_error: 0.2862 - mean_absolute_error: 0.4935 - val_loss: 0.0817 - val_mean_squared_error: 0.0817 - val_mean_absolute_error: 0.2173
Epoch 27/1000

 32/600 [>.............................] - ETA: 0s - loss: 0.3036 - mean_squared_error: 0.3036 - mean_absolute_error: 0.5113
384/600 [==================>...........] - ETA: 0s - loss: 0.2781 - mean_squared_error: 0.2781 - mean_absolute_error: 0.4863
Epoch 00027: val_loss improved from 0.08166 to 0.07955, saving model to /n/home05/isvetkey/cnn-stimuli/RESULTS/s.Figure5.position_non_aligned_scale/1/VGG19.h5

600/600 [==============================] - 0s 331us/step - loss: 0.2789 - mean_squared_error: 0.2789 - mean_absolute_error: 0.4868 - val_loss: 0.0795 - val_mean_squared_error: 0.0795 - val_mean_absolute_error: 0.2152
Epoch 28/1000

 32/600 [>.............................] - ETA: 0s - loss: 0.2881 - mean_squared_error: 0.2881 - mean_absolute_error: 0.5000
416/600 [===================>..........] - ETA: 0s - loss: 0.2776 - mean_squared_error: 0.2776 - mean_absolute_error: 0.4876
Epoch 00028: val_loss improved from 0.07955 to 0.07756, saving model to /n/home05/isvetkey/cnn-stimuli/RESULTS/s.Figure5.position_non_aligned_scale/1/VGG19.h5

600/600 [==============================] - 0s 279us/step - loss: 0.2717 - mean_squared_error: 0.2717 - mean_absolute_error: 0.4807 - val_loss: 0.0776 - val_mean_squared_error: 0.0776 - val_mean_absolute_error: 0.2135
Epoch 29/1000

 32/600 [>.............................] - ETA: 0s - loss: 0.2581 - mean_squared_error: 0.2581 - mean_absolute_error: 0.4644
384/600 [==================>...........] - ETA: 0s - loss: 0.2652 - mean_squared_error: 0.2652 - mean_absolute_error: 0.4755
Epoch 00029: val_loss improved from 0.07756 to 0.07572, saving model to /n/home05/isvetkey/cnn-stimuli/RESULTS/s.Figure5.position_non_aligned_scale/1/VGG19.h5

600/600 [==============================] - 0s 280us/step - loss: 0.2638 - mean_squared_error: 0.2638 - mean_absolute_error: 0.4731 - val_loss: 0.0757 - val_mean_squared_error: 0.0757 - val_mean_absolute_error: 0.2118
Epoch 30/1000

 32/600 [>.............................] - ETA: 0s - loss: 0.2498 - mean_squared_error: 0.2498 - mean_absolute_error: 0.4548
384/600 [==================>...........] - ETA: 0s - loss: 0.2597 - mean_squared_error: 0.2597 - mean_absolute_error: 0.4695
Epoch 00030: val_loss improved from 0.07572 to 0.07399, saving model to /n/home05/isvetkey/cnn-stimuli/RESULTS/s.Figure5.position_non_aligned_scale/1/VGG19.h5

600/600 [==============================] - 0s 276us/step - loss: 0.2585 - mean_squared_error: 0.2585 - mean_absolute_error: 0.4684 - val_loss: 0.0740 - val_mean_squared_error: 0.0740 - val_mean_absolute_error: 0.2105
Epoch 31/1000

 32/600 [>.............................] - ETA: 0s - loss: 0.2791 - mean_squared_error: 0.2791 - mean_absolute_error: 0.4950
384/600 [==================>...........] - ETA: 0s - loss: 0.2500 - mean_squared_error: 0.2500 - mean_absolute_error: 0.4588
Epoch 00031: val_loss improved from 0.07399 to 0.07240, saving model to /n/home05/isvetkey/cnn-stimuli/RESULTS/s.Figure5.position_non_aligned_scale/1/VGG19.h5

600/600 [==============================] - 0s 287us/step - loss: 0.2515 - mean_squared_error: 0.2515 - mean_absolute_error: 0.4618 - val_loss: 0.0724 - val_mean_squared_error: 0.0724 - val_mean_absolute_error: 0.2093
Epoch 32/1000

 32/600 [>.............................] - ETA: 0s - loss: 0.2493 - mean_squared_error: 0.2493 - mean_absolute_error: 0.4626
288/600 [=============>................] - ETA: 0s - loss: 0.2397 - mean_squared_error: 0.2397 - mean_absolute_error: 0.4503
Epoch 00032: val_loss improved from 0.07240 to 0.07093, saving model to /n/home05/isvetkey/cnn-stimuli/RESULTS/s.Figure5.position_non_aligned_scale/1/VGG19.h5

600/600 [==============================] - 0s 312us/step - loss: 0.2450 - mean_squared_error: 0.2450 - mean_absolute_error: 0.4554 - val_loss: 0.0709 - val_mean_squared_error: 0.0709 - val_mean_absolute_error: 0.2082
Epoch 33/1000

 32/600 [>.............................] - ETA: 0s - loss: 0.2277 - mean_squared_error: 0.2277 - mean_absolute_error: 0.4308
384/600 [==================>...........] - ETA: 0s - loss: 0.2391 - mean_squared_error: 0.2391 - mean_absolute_error: 0.4495
Epoch 00033: val_loss improved from 0.07093 to 0.06957, saving model to /n/home05/isvetkey/cnn-stimuli/RESULTS/s.Figure5.position_non_aligned_scale/1/VGG19.h5

600/600 [==============================] - 0s 315us/step - loss: 0.2401 - mean_squared_error: 0.2401 - mean_absolute_error: 0.4506 - val_loss: 0.0696 - val_mean_squared_error: 0.0696 - val_mean_absolute_error: 0.2074
Epoch 34/1000

 32/600 [>.............................] - ETA: 0s - loss: 0.2154 - mean_squared_error: 0.2154 - mean_absolute_error: 0.4243
384/600 [==================>...........] - ETA: 0s - loss: 0.2317 - mean_squared_error: 0.2317 - mean_absolute_error: 0.4429
Epoch 00034: val_loss improved from 0.06957 to 0.06832, saving model to /n/home05/isvetkey/cnn-stimuli/RESULTS/s.Figure5.position_non_aligned_scale/1/VGG19.h5

600/600 [==============================] - 0s 336us/step - loss: 0.2328 - mean_squared_error: 0.2328 - mean_absolute_error: 0.4435 - val_loss: 0.0683 - val_mean_squared_error: 0.0683 - val_mean_absolute_error: 0.2068
Epoch 35/1000

 32/600 [>.............................] - ETA: 0s - loss: 0.2372 - mean_squared_error: 0.2372 - mean_absolute_error: 0.4438
384/600 [==================>...........] - ETA: 0s - loss: 0.2296 - mean_squared_error: 0.2296 - mean_absolute_error: 0.4402
Epoch 00035: val_loss improved from 0.06832 to 0.06719, saving model to /n/home05/isvetkey/cnn-stimuli/RESULTS/s.Figure5.position_non_aligned_scale/1/VGG19.h5

600/600 [==============================] - 0s 272us/step - loss: 0.2283 - mean_squared_error: 0.2283 - mean_absolute_error: 0.4390 - val_loss: 0.0672 - val_mean_squared_error: 0.0672 - val_mean_absolute_error: 0.2063
Epoch 36/1000

 32/600 [>.............................] - ETA: 0s - loss: 0.2361 - mean_squared_error: 0.2361 - mean_absolute_error: 0.4495
384/600 [==================>...........] - ETA: 0s - loss: 0.2233 - mean_squared_error: 0.2233 - mean_absolute_error: 0.4333
Epoch 00036: val_loss improved from 0.06719 to 0.06616, saving model to /n/home05/isvetkey/cnn-stimuli/RESULTS/s.Figure5.position_non_aligned_scale/1/VGG19.h5

600/600 [==============================] - 0s 304us/step - loss: 0.2227 - mean_squared_error: 0.2227 - mean_absolute_error: 0.4332 - val_loss: 0.0662 - val_mean_squared_error: 0.0662 - val_mean_absolute_error: 0.2059
Epoch 37/1000

 32/600 [>.............................] - ETA: 0s - loss: 0.2199 - mean_squared_error: 0.2199 - mean_absolute_error: 0.4247
288/600 [=============>................] - ETA: 0s - loss: 0.2185 - mean_squared_error: 0.2185 - mean_absolute_error: 0.4300
Epoch 00037: val_loss improved from 0.06616 to 0.06523, saving model to /n/home05/isvetkey/cnn-stimuli/RESULTS/s.Figure5.position_non_aligned_scale/1/VGG19.h5

600/600 [==============================] - 0s 308us/step - loss: 0.2172 - mean_squared_error: 0.2172 - mean_absolute_error: 0.4280 - val_loss: 0.0652 - val_mean_squared_error: 0.0652 - val_mean_absolute_error: 0.2058
Epoch 38/1000

 32/600 [>.............................] - ETA: 0s - loss: 0.2125 - mean_squared_error: 0.2125 - mean_absolute_error: 0.4223
384/600 [==================>...........] - ETA: 0s - loss: 0.2138 - mean_squared_error: 0.2138 - mean_absolute_error: 0.4235
Epoch 00038: val_loss improved from 0.06523 to 0.06441, saving model to /n/home05/isvetkey/cnn-stimuli/RESULTS/s.Figure5.position_non_aligned_scale/1/VGG19.h5

600/600 [==============================] - 0s 293us/step - loss: 0.2117 - mean_squared_error: 0.2117 - mean_absolute_error: 0.4219 - val_loss: 0.0644 - val_mean_squared_error: 0.0644 - val_mean_absolute_error: 0.2057
Epoch 39/1000

 32/600 [>.............................] - ETA: 0s - loss: 0.2336 - mean_squared_error: 0.2336 - mean_absolute_error: 0.4529
288/600 [=============>................] - ETA: 0s - loss: 0.2043 - mean_squared_error: 0.2043 - mean_absolute_error: 0.4157
Epoch 00039: val_loss improved from 0.06441 to 0.06368, saving model to /n/home05/isvetkey/cnn-stimuli/RESULTS/s.Figure5.position_non_aligned_scale/1/VGG19.h5

600/600 [==============================] - 0s 315us/step - loss: 0.2059 - mean_squared_error: 0.2059 - mean_absolute_error: 0.4161 - val_loss: 0.0637 - val_mean_squared_error: 0.0637 - val_mean_absolute_error: 0.2058
Epoch 40/1000

 32/600 [>.............................] - ETA: 0s - loss: 0.1998 - mean_squared_error: 0.1998 - mean_absolute_error: 0.4030
384/600 [==================>...........] - ETA: 0s - loss: 0.2015 - mean_squared_error: 0.2015 - mean_absolute_error: 0.4107
Epoch 00040: val_loss improved from 0.06368 to 0.06304, saving model to /n/home05/isvetkey/cnn-stimuli/RESULTS/s.Figure5.position_non_aligned_scale/1/VGG19.h5

600/600 [==============================] - 0s 271us/step - loss: 0.2008 - mean_squared_error: 0.2008 - mean_absolute_error: 0.4109 - val_loss: 0.0630 - val_mean_squared_error: 0.0630 - val_mean_absolute_error: 0.2059
Epoch 41/1000

 32/600 [>.............................] - ETA: 0s - loss: 0.2031 - mean_squared_error: 0.2031 - mean_absolute_error: 0.4205
384/600 [==================>...........] - ETA: 0s - loss: 0.1976 - mean_squared_error: 0.1976 - mean_absolute_error: 0.4078
Epoch 00041: val_loss improved from 0.06304 to 0.06249, saving model to /n/home05/isvetkey/cnn-stimuli/RESULTS/s.Figure5.position_non_aligned_scale/1/VGG19.h5

600/600 [==============================] - 0s 313us/step - loss: 0.1968 - mean_squared_error: 0.1968 - mean_absolute_error: 0.4064 - val_loss: 0.0625 - val_mean_squared_error: 0.0625 - val_mean_absolute_error: 0.2061
Epoch 42/1000

 32/600 [>.............................] - ETA: 0s - loss: 0.1892 - mean_squared_error: 0.1892 - mean_absolute_error: 0.3977
384/600 [==================>...........] - ETA: 0s - loss: 0.1899 - mean_squared_error: 0.1899 - mean_absolute_error: 0.3981
Epoch 00042: val_loss improved from 0.06249 to 0.06203, saving model to /n/home05/isvetkey/cnn-stimuli/RESULTS/s.Figure5.position_non_aligned_scale/1/VGG19.h5

600/600 [==============================] - 0s 272us/step - loss: 0.1910 - mean_squared_error: 0.1910 - mean_absolute_error: 0.4001 - val_loss: 0.0620 - val_mean_squared_error: 0.0620 - val_mean_absolute_error: 0.2065
Epoch 43/1000

 32/600 [>.............................] - ETA: 0s - loss: 0.1820 - mean_squared_error: 0.1820 - mean_absolute_error: 0.3879
384/600 [==================>...........] - ETA: 0s - loss: 0.1843 - mean_squared_error: 0.1843 - mean_absolute_error: 0.3910
Epoch 00043: val_loss improved from 0.06203 to 0.06164, saving model to /n/home05/isvetkey/cnn-stimuli/RESULTS/s.Figure5.position_non_aligned_scale/1/VGG19.h5

600/600 [==============================] - 0s 277us/step - loss: 0.1863 - mean_squared_error: 0.1863 - mean_absolute_error: 0.3949 - val_loss: 0.0616 - val_mean_squared_error: 0.0616 - val_mean_absolute_error: 0.2070
Epoch 44/1000

 32/600 [>.............................] - ETA: 0s - loss: 0.1882 - mean_squared_error: 0.1882 - mean_absolute_error: 0.4025
384/600 [==================>...........] - ETA: 0s - loss: 0.1797 - mean_squared_error: 0.1797 - mean_absolute_error: 0.3846
Epoch 00044: val_loss improved from 0.06164 to 0.06135, saving model to /n/home05/isvetkey/cnn-stimuli/RESULTS/s.Figure5.position_non_aligned_scale/1/VGG19.h5
