My SLURM_ARRAY_TASK_ID:  1
Running s.Figure5.angle with flags 5 with VGG19
Race condition, what are you? True
Working in /n/home05/isvetkey/cnn-stimuli/RESULTS/s.Figure5.angle/5/VGG19
Storing /n/home05/isvetkey/cnn-stimuli/RESULTS/s.Figure5.angle/5/VGG19.p
Storing /n/home05/isvetkey/cnn-stimuli/RESULTS/s.Figure5.angle/5/VGG19.h5
Done 22.581610918 seconds ( 126613 iterations)
memory usage 60.016 MB

 32/600 [>.............................] - ETA: 46s
 64/600 [==>...........................] - ETA: 22s
 96/600 [===>..........................] - ETA: 14s
128/600 [=====>........................] - ETA: 10s
160/600 [=======>......................] - ETA: 7s 
192/600 [========>.....................] - ETA: 6s
224/600 [==========>...................] - ETA: 5s
256/600 [===========>..................] - ETA: 4s
288/600 [=============>................] - ETA: 3s
320/600 [===============>..............] - ETA: 2s
352/600 [================>.............] - ETA: 2s
384/600 [==================>...........] - ETA: 1s
416/600 [===================>..........] - ETA: 1s
448/600 [=====================>........] - ETA: 1s
480/600 [=======================>......] - ETA: 0s
512/600 [========================>.....] - ETA: 0s
544/600 [==========================>...] - ETA: 0s
576/600 [===========================>..] - ETA: 0s
600/600 [==============================] - 4s 7ms/step

 32/200 [===>..........................] - ETA: 0s
 64/200 [========>.....................] - ETA: 0s
 96/200 [=============>................] - ETA: 0s
128/200 [==================>...........] - ETA: 0s
160/200 [=======================>......] - ETA: 0s
192/200 [===========================>..] - ETA: 0s
200/200 [==============================] - 1s 3ms/step

 32/200 [===>..........................] - ETA: 0s
 64/200 [========>.....................] - ETA: 0s
 96/200 [=============>................] - ETA: 0s
128/200 [==================>...........] - ETA: 0s
160/200 [=======================>......] - ETA: 0s
192/200 [===========================>..] - ETA: 0s
200/200 [==============================] - 0s 2ms/step
VGG19 features done after 4.86943793297
memory usage 24.576 MB
Train on 600 samples, validate on 200 samples
Epoch 1/1000

 32/600 [>.............................] - ETA: 6s - loss: 0.4898 - mean_squared_error: 0.4898 - mean_absolute_error: 0.6423
416/600 [===================>..........] - ETA: 0s - loss: 0.5213 - mean_squared_error: 0.5213 - mean_absolute_error: 0.6633
Epoch 00001: val_loss improved from inf to 0.21923, saving model to /n/home05/isvetkey/cnn-stimuli/RESULTS/s.Figure5.angle/5/VGG19.h5

600/600 [==============================] - 1s 900us/step - loss: 0.5279 - mean_squared_error: 0.5279 - mean_absolute_error: 0.6677 - val_loss: 0.2192 - val_mean_squared_error: 0.2192 - val_mean_absolute_error: 0.3894
Epoch 2/1000

 32/600 [>.............................] - ETA: 0s - loss: 0.5679 - mean_squared_error: 0.5679 - mean_absolute_error: 0.6982
384/600 [==================>...........] - ETA: 0s - loss: 0.5166 - mean_squared_error: 0.5166 - mean_absolute_error: 0.6569
Epoch 00002: val_loss improved from 0.21923 to 0.21205, saving model to /n/home05/isvetkey/cnn-stimuli/RESULTS/s.Figure5.angle/5/VGG19.h5

600/600 [==============================] - 0s 273us/step - loss: 0.5171 - mean_squared_error: 0.5171 - mean_absolute_error: 0.6600 - val_loss: 0.2120 - val_mean_squared_error: 0.2120 - val_mean_absolute_error: 0.3810
Epoch 3/1000

 32/600 [>.............................] - ETA: 0s - loss: 0.5315 - mean_squared_error: 0.5315 - mean_absolute_error: 0.6747
384/600 [==================>...........] - ETA: 0s - loss: 0.5056 - mean_squared_error: 0.5056 - mean_absolute_error: 0.6510
Epoch 00003: val_loss improved from 0.21205 to 0.20489, saving model to /n/home05/isvetkey/cnn-stimuli/RESULTS/s.Figure5.angle/5/VGG19.h5

600/600 [==============================] - 0s 272us/step - loss: 0.5053 - mean_squared_error: 0.5053 - mean_absolute_error: 0.6514 - val_loss: 0.2049 - val_mean_squared_error: 0.2049 - val_mean_absolute_error: 0.3728
Epoch 4/1000

 32/600 [>.............................] - ETA: 0s - loss: 0.5162 - mean_squared_error: 0.5162 - mean_absolute_error: 0.6475
320/600 [===============>..............] - ETA: 0s - loss: 0.4898 - mean_squared_error: 0.4898 - mean_absolute_error: 0.6400
Epoch 00004: val_loss improved from 0.20489 to 0.19789, saving model to /n/home05/isvetkey/cnn-stimuli/RESULTS/s.Figure5.angle/5/VGG19.h5

600/600 [==============================] - 0s 327us/step - loss: 0.4937 - mean_squared_error: 0.4937 - mean_absolute_error: 0.6428 - val_loss: 0.1979 - val_mean_squared_error: 0.1979 - val_mean_absolute_error: 0.3646
Epoch 5/1000

 32/600 [>.............................] - ETA: 0s - loss: 0.4685 - mean_squared_error: 0.4685 - mean_absolute_error: 0.6201
320/600 [===============>..............] - ETA: 0s - loss: 0.4818 - mean_squared_error: 0.4818 - mean_absolute_error: 0.6357
Epoch 00005: val_loss improved from 0.19789 to 0.19102, saving model to /n/home05/isvetkey/cnn-stimuli/RESULTS/s.Figure5.angle/5/VGG19.h5

600/600 [==============================] - 0s 663us/step - loss: 0.4820 - mean_squared_error: 0.4820 - mean_absolute_error: 0.6342 - val_loss: 0.1910 - val_mean_squared_error: 0.1910 - val_mean_absolute_error: 0.3564
Epoch 6/1000

 32/600 [>.............................] - ETA: 0s - loss: 0.5081 - mean_squared_error: 0.5081 - mean_absolute_error: 0.6644
352/600 [================>.............] - ETA: 0s - loss: 0.4741 - mean_squared_error: 0.4741 - mean_absolute_error: 0.6301
Epoch 00006: val_loss improved from 0.19102 to 0.18439, saving model to /n/home05/isvetkey/cnn-stimuli/RESULTS/s.Figure5.angle/5/VGG19.h5

600/600 [==============================] - 0s 310us/step - loss: 0.4704 - mean_squared_error: 0.4704 - mean_absolute_error: 0.6258 - val_loss: 0.1844 - val_mean_squared_error: 0.1844 - val_mean_absolute_error: 0.3483
Epoch 7/1000

 32/600 [>.............................] - ETA: 0s - loss: 0.4362 - mean_squared_error: 0.4362 - mean_absolute_error: 0.5942
384/600 [==================>...........] - ETA: 0s - loss: 0.4610 - mean_squared_error: 0.4610 - mean_absolute_error: 0.6182
Epoch 00007: val_loss improved from 0.18439 to 0.17799, saving model to /n/home05/isvetkey/cnn-stimuli/RESULTS/s.Figure5.angle/5/VGG19.h5

600/600 [==============================] - 0s 289us/step - loss: 0.4593 - mean_squared_error: 0.4593 - mean_absolute_error: 0.6178 - val_loss: 0.1780 - val_mean_squared_error: 0.1780 - val_mean_absolute_error: 0.3407
Epoch 8/1000

 32/600 [>.............................] - ETA: 0s - loss: 0.4897 - mean_squared_error: 0.4897 - mean_absolute_error: 0.6556
288/600 [=============>................] - ETA: 0s - loss: 0.4526 - mean_squared_error: 0.4526 - mean_absolute_error: 0.6136
Epoch 00008: val_loss improved from 0.17799 to 0.17184, saving model to /n/home05/isvetkey/cnn-stimuli/RESULTS/s.Figure5.angle/5/VGG19.h5

600/600 [==============================] - 0s 300us/step - loss: 0.4488 - mean_squared_error: 0.4488 - mean_absolute_error: 0.6100 - val_loss: 0.1718 - val_mean_squared_error: 0.1718 - val_mean_absolute_error: 0.3332
Epoch 9/1000

 32/600 [>.............................] - ETA: 0s - loss: 0.3990 - mean_squared_error: 0.3990 - mean_absolute_error: 0.5726
320/600 [===============>..............] - ETA: 0s - loss: 0.4485 - mean_squared_error: 0.4485 - mean_absolute_error: 0.6139
Epoch 00009: val_loss improved from 0.17184 to 0.16591, saving model to /n/home05/isvetkey/cnn-stimuli/RESULTS/s.Figure5.angle/5/VGG19.h5

600/600 [==============================] - 0s 294us/step - loss: 0.4383 - mean_squared_error: 0.4383 - mean_absolute_error: 0.6022 - val_loss: 0.1659 - val_mean_squared_error: 0.1659 - val_mean_absolute_error: 0.3258
Epoch 10/1000

 32/600 [>.............................] - ETA: 0s - loss: 0.3656 - mean_squared_error: 0.3656 - mean_absolute_error: 0.5326
288/600 [=============>................] - ETA: 0s - loss: 0.4318 - mean_squared_error: 0.4318 - mean_absolute_error: 0.5975
Epoch 00010: val_loss improved from 0.16591 to 0.16020, saving model to /n/home05/isvetkey/cnn-stimuli/RESULTS/s.Figure5.angle/5/VGG19.h5

600/600 [==============================] - 0s 675us/step - loss: 0.4279 - mean_squared_error: 0.4279 - mean_absolute_error: 0.5945 - val_loss: 0.1602 - val_mean_squared_error: 0.1602 - val_mean_absolute_error: 0.3188
Epoch 11/1000

 32/600 [>.............................] - ETA: 0s - loss: 0.4469 - mean_squared_error: 0.4469 - mean_absolute_error: 0.6233
352/600 [================>.............] - ETA: 0s - loss: 0.4239 - mean_squared_error: 0.4239 - mean_absolute_error: 0.5918
Epoch 00011: val_loss improved from 0.16020 to 0.15472, saving model to /n/home05/isvetkey/cnn-stimuli/RESULTS/s.Figure5.angle/5/VGG19.h5

600/600 [==============================] - 0s 345us/step - loss: 0.4182 - mean_squared_error: 0.4182 - mean_absolute_error: 0.5873 - val_loss: 0.1547 - val_mean_squared_error: 0.1547 - val_mean_absolute_error: 0.3120
Epoch 12/1000

 32/600 [>.............................] - ETA: 0s - loss: 0.3895 - mean_squared_error: 0.3895 - mean_absolute_error: 0.5521
384/600 [==================>...........] - ETA: 0s - loss: 0.4077 - mean_squared_error: 0.4077 - mean_absolute_error: 0.5787
Epoch 00012: val_loss improved from 0.15472 to 0.14942, saving model to /n/home05/isvetkey/cnn-stimuli/RESULTS/s.Figure5.angle/5/VGG19.h5

600/600 [==============================] - 0s 300us/step - loss: 0.4080 - mean_squared_error: 0.4080 - mean_absolute_error: 0.5795 - val_loss: 0.1494 - val_mean_squared_error: 0.1494 - val_mean_absolute_error: 0.3055
Epoch 13/1000

 32/600 [>.............................] - ETA: 0s - loss: 0.4301 - mean_squared_error: 0.4301 - mean_absolute_error: 0.6018
384/600 [==================>...........] - ETA: 0s - loss: 0.4024 - mean_squared_error: 0.4024 - mean_absolute_error: 0.5760
Epoch 00013: val_loss improved from 0.14942 to 0.14428, saving model to /n/home05/isvetkey/cnn-stimuli/RESULTS/s.Figure5.angle/5/VGG19.h5

600/600 [==============================] - 0s 374us/step - loss: 0.3994 - mean_squared_error: 0.3994 - mean_absolute_error: 0.5730 - val_loss: 0.1443 - val_mean_squared_error: 0.1443 - val_mean_absolute_error: 0.2994
Epoch 14/1000

 32/600 [>.............................] - ETA: 0s - loss: 0.4257 - mean_squared_error: 0.4257 - mean_absolute_error: 0.6006
416/600 [===================>..........] - ETA: 0s - loss: 0.3952 - mean_squared_error: 0.3952 - mean_absolute_error: 0.5719
Epoch 00014: val_loss improved from 0.14428 to 0.13935, saving model to /n/home05/isvetkey/cnn-stimuli/RESULTS/s.Figure5.angle/5/VGG19.h5

600/600 [==============================] - 0s 270us/step - loss: 0.3898 - mean_squared_error: 0.3898 - mean_absolute_error: 0.5655 - val_loss: 0.1393 - val_mean_squared_error: 0.1393 - val_mean_absolute_error: 0.2935
Epoch 15/1000

 32/600 [>.............................] - ETA: 0s - loss: 0.3580 - mean_squared_error: 0.3580 - mean_absolute_error: 0.5330
384/600 [==================>...........] - ETA: 0s - loss: 0.3813 - mean_squared_error: 0.3813 - mean_absolute_error: 0.5579
Epoch 00015: val_loss improved from 0.13935 to 0.13463, saving model to /n/home05/isvetkey/cnn-stimuli/RESULTS/s.Figure5.angle/5/VGG19.h5

600/600 [==============================] - 0s 295us/step - loss: 0.3811 - mean_squared_error: 0.3811 - mean_absolute_error: 0.5585 - val_loss: 0.1346 - val_mean_squared_error: 0.1346 - val_mean_absolute_error: 0.2881
Epoch 16/1000

 32/600 [>.............................] - ETA: 0s - loss: 0.3524 - mean_squared_error: 0.3524 - mean_absolute_error: 0.5191
288/600 [=============>................] - ETA: 0s - loss: 0.3666 - mean_squared_error: 0.3666 - mean_absolute_error: 0.5429
Epoch 00016: val_loss improved from 0.13463 to 0.13007, saving model to /n/home05/isvetkey/cnn-stimuli/RESULTS/s.Figure5.angle/5/VGG19.h5

600/600 [==============================] - 0s 344us/step - loss: 0.3725 - mean_squared_error: 0.3725 - mean_absolute_error: 0.5517 - val_loss: 0.1301 - val_mean_squared_error: 0.1301 - val_mean_absolute_error: 0.2829
Epoch 17/1000

 32/600 [>.............................] - ETA: 0s - loss: 0.3978 - mean_squared_error: 0.3978 - mean_absolute_error: 0.5815
384/600 [==================>...........] - ETA: 0s - loss: 0.3670 - mean_squared_error: 0.3670 - mean_absolute_error: 0.5478
Epoch 00017: val_loss improved from 0.13007 to 0.12566, saving model to /n/home05/isvetkey/cnn-stimuli/RESULTS/s.Figure5.angle/5/VGG19.h5

600/600 [==============================] - 0s 282us/step - loss: 0.3636 - mean_squared_error: 0.3636 - mean_absolute_error: 0.5444 - val_loss: 0.1257 - val_mean_squared_error: 0.1257 - val_mean_absolute_error: 0.2778
Epoch 18/1000

 32/600 [>.............................] - ETA: 0s - loss: 0.3295 - mean_squared_error: 0.3295 - mean_absolute_error: 0.5058
384/600 [==================>...........] - ETA: 0s - loss: 0.3532 - mean_squared_error: 0.3532 - mean_absolute_error: 0.5349
Epoch 00018: val_loss improved from 0.12566 to 0.12144, saving model to /n/home05/isvetkey/cnn-stimuli/RESULTS/s.Figure5.angle/5/VGG19.h5

600/600 [==============================] - 0s 368us/step - loss: 0.3553 - mean_squared_error: 0.3553 - mean_absolute_error: 0.5377 - val_loss: 0.1214 - val_mean_squared_error: 0.1214 - val_mean_absolute_error: 0.2729
Epoch 19/1000

 32/600 [>.............................] - ETA: 0s - loss: 0.3826 - mean_squared_error: 0.3826 - mean_absolute_error: 0.5759
352/600 [================>.............] - ETA: 0s - loss: 0.3466 - mean_squared_error: 0.3466 - mean_absolute_error: 0.5316
Epoch 00019: val_loss improved from 0.12144 to 0.11736, saving model to /n/home05/isvetkey/cnn-stimuli/RESULTS/s.Figure5.angle/5/VGG19.h5

600/600 [==============================] - 0s 624us/step - loss: 0.3469 - mean_squared_error: 0.3469 - mean_absolute_error: 0.5308 - val_loss: 0.1174 - val_mean_squared_error: 0.1174 - val_mean_absolute_error: 0.2682
Epoch 20/1000

 32/600 [>.............................] - ETA: 0s - loss: 0.3117 - mean_squared_error: 0.3117 - mean_absolute_error: 0.5019
224/600 [==========>...................] - ETA: 0s - loss: 0.3395 - mean_squared_error: 0.3395 - mean_absolute_error: 0.5265
480/600 [=======================>......] - ETA: 0s - loss: 0.3385 - mean_squared_error: 0.3385 - mean_absolute_error: 0.5242
Epoch 00020: val_loss improved from 0.11736 to 0.11345, saving model to /n/home05/isvetkey/cnn-stimuli/RESULTS/s.Figure5.angle/5/VGG19.h5

600/600 [==============================] - 0s 401us/step - loss: 0.3392 - mean_squared_error: 0.3392 - mean_absolute_error: 0.5245 - val_loss: 0.1135 - val_mean_squared_error: 0.1135 - val_mean_absolute_error: 0.2638
Epoch 21/1000

 32/600 [>.............................] - ETA: 0s - loss: 0.3463 - mean_squared_error: 0.3463 - mean_absolute_error: 0.5361
288/600 [=============>................] - ETA: 0s - loss: 0.3439 - mean_squared_error: 0.3439 - mean_absolute_error: 0.5299
Epoch 00021: val_loss improved from 0.11345 to 0.10968, saving model to /n/home05/isvetkey/cnn-stimuli/RESULTS/s.Figure5.angle/5/VGG19.h5

600/600 [==============================] - 0s 308us/step - loss: 0.3312 - mean_squared_error: 0.3312 - mean_absolute_error: 0.5177 - val_loss: 0.1097 - val_mean_squared_error: 0.1097 - val_mean_absolute_error: 0.2596
Epoch 22/1000

 32/600 [>.............................] - ETA: 0s - loss: 0.3299 - mean_squared_error: 0.3299 - mean_absolute_error: 0.5142
384/600 [==================>...........] - ETA: 0s - loss: 0.3235 - mean_squared_error: 0.3235 - mean_absolute_error: 0.5109
Epoch 00022: val_loss improved from 0.10968 to 0.10610, saving model to /n/home05/isvetkey/cnn-stimuli/RESULTS/s.Figure5.angle/5/VGG19.h5

600/600 [==============================] - 0s 332us/step - loss: 0.3246 - mean_squared_error: 0.3246 - mean_absolute_error: 0.5121 - val_loss: 0.1061 - val_mean_squared_error: 0.1061 - val_mean_absolute_error: 0.2556
Epoch 23/1000

 32/600 [>.............................] - ETA: 0s - loss: 0.3037 - mean_squared_error: 0.3037 - mean_absolute_error: 0.4887
288/600 [=============>................] - ETA: 0s - loss: 0.3173 - mean_squared_error: 0.3173 - mean_absolute_error: 0.5076
Epoch 00023: val_loss improved from 0.10610 to 0.10264, saving model to /n/home05/isvetkey/cnn-stimuli/RESULTS/s.Figure5.angle/5/VGG19.h5

600/600 [==============================] - 0s 310us/step - loss: 0.3164 - mean_squared_error: 0.3164 - mean_absolute_error: 0.5053 - val_loss: 0.1026 - val_mean_squared_error: 0.1026 - val_mean_absolute_error: 0.2517
Epoch 24/1000

 32/600 [>.............................] - ETA: 0s - loss: 0.3101 - mean_squared_error: 0.3101 - mean_absolute_error: 0.4964
384/600 [==================>...........] - ETA: 0s - loss: 0.3156 - mean_squared_error: 0.3156 - mean_absolute_error: 0.5068
Epoch 00024: val_loss improved from 0.10264 to 0.09931, saving model to /n/home05/isvetkey/cnn-stimuli/RESULTS/s.Figure5.angle/5/VGG19.h5

600/600 [==============================] - 0s 381us/step - loss: 0.3098 - mean_squared_error: 0.3098 - mean_absolute_error: 0.4998 - val_loss: 0.0993 - val_mean_squared_error: 0.0993 - val_mean_absolute_error: 0.2479
Epoch 25/1000

 32/600 [>.............................] - ETA: 0s - loss: 0.3004 - mean_squared_error: 0.3004 - mean_absolute_error: 0.4842
256/600 [===========>..................] - ETA: 0s - loss: 0.3031 - mean_squared_error: 0.3031 - mean_absolute_error: 0.4930
512/600 [========================>.....] - ETA: 0s - loss: 0.2991 - mean_squared_error: 0.2991 - mean_absolute_error: 0.4894
Epoch 00025: val_loss improved from 0.09931 to 0.09614, saving model to /n/home05/isvetkey/cnn-stimuli/RESULTS/s.Figure5.angle/5/VGG19.h5

600/600 [==============================] - 0s 354us/step - loss: 0.3024 - mean_squared_error: 0.3024 - mean_absolute_error: 0.4933 - val_loss: 0.0961 - val_mean_squared_error: 0.0961 - val_mean_absolute_error: 0.2443
Epoch 26/1000

 32/600 [>.............................] - ETA: 0s - loss: 0.3351 - mean_squared_error: 0.3351 - mean_absolute_error: 0.5273
416/600 [===================>..........] - ETA: 0s - loss: 0.2969 - mean_squared_error: 0.2969 - mean_absolute_error: 0.4895
Epoch 00026: val_loss improved from 0.09614 to 0.09308, saving model to /n/home05/isvetkey/cnn-stimuli/RESULTS/s.Figure5.angle/5/VGG19.h5

600/600 [==============================] - 0s 275us/step - loss: 0.2967 - mean_squared_error: 0.2967 - mean_absolute_error: 0.4886 - val_loss: 0.0931 - val_mean_squared_error: 0.0931 - val_mean_absolute_error: 0.2407
Epoch 27/1000

 32/600 [>.............................] - ETA: 0s - loss: 0.2783 - mean_squared_error: 0.2783 - mean_absolute_error: 0.4713
416/600 [===================>..........] - ETA: 0s - loss: 0.2917 - mean_squared_error: 0.2917 - mean_absolute_error: 0.4831
Epoch 00027: val_loss improved from 0.09308 to 0.09017, saving model to /n/home05/isvetkey/cnn-stimuli/RESULTS/s.Figure5.angle/5/VGG19.h5

600/600 [==============================] - 0s 290us/step - loss: 0.2895 - mean_squared_error: 0.2895 - mean_absolute_error: 0.4822 - val_loss: 0.0902 - val_mean_squared_error: 0.0902 - val_mean_absolute_error: 0.2373
Epoch 28/1000

 32/600 [>.............................] - ETA: 0s - loss: 0.2532 - mean_squared_error: 0.2532 - mean_absolute_error: 0.4504
416/600 [===================>..........] - ETA: 0s - loss: 0.2858 - mean_squared_error: 0.2858 - mean_absolute_error: 0.4801
Epoch 00028: val_loss improved from 0.09017 to 0.08737, saving model to /n/home05/isvetkey/cnn-stimuli/RESULTS/s.Figure5.angle/5/VGG19.h5

600/600 [==============================] - 0s 274us/step - loss: 0.2838 - mean_squared_error: 0.2838 - mean_absolute_error: 0.4775 - val_loss: 0.0874 - val_mean_squared_error: 0.0874 - val_mean_absolute_error: 0.2339
Epoch 29/1000

 32/600 [>.............................] - ETA: 0s - loss: 0.2631 - mean_squared_error: 0.2631 - mean_absolute_error: 0.4538
416/600 [===================>..........] - ETA: 0s - loss: 0.2760 - mean_squared_error: 0.2760 - mean_absolute_error: 0.4709
Epoch 00029: val_loss improved from 0.08737 to 0.08471, saving model to /n/home05/isvetkey/cnn-stimuli/RESULTS/s.Figure5.angle/5/VGG19.h5

600/600 [==============================] - 0s 273us/step - loss: 0.2771 - mean_squared_error: 0.2771 - mean_absolute_error: 0.4714 - val_loss: 0.0847 - val_mean_squared_error: 0.0847 - val_mean_absolute_error: 0.2308
Epoch 30/1000

 32/600 [>.............................] - ETA: 0s - loss: 0.2711 - mean_squared_error: 0.2711 - mean_absolute_error: 0.4641
416/600 [===================>..........] - ETA: 0s - loss: 0.2783 - mean_squared_error: 0.2783 - mean_absolute_error: 0.4731
Epoch 00030: val_loss improved from 0.08471 to 0.08216, saving model to /n/home05/isvetkey/cnn-stimuli/RESULTS/s.Figure5.angle/5/VGG19.h5

600/600 [==============================] - 0s 281us/step - loss: 0.2715 - mean_squared_error: 0.2715 - mean_absolute_error: 0.4663 - val_loss: 0.0822 - val_mean_squared_error: 0.0822 - val_mean_absolute_error: 0.2277
Epoch 31/1000

 32/600 [>.............................] - ETA: 0s - loss: 0.3092 - mean_squared_error: 0.3092 - mean_absolute_error: 0.5073
384/600 [==================>...........] - ETA: 0s - loss: 0.2621 - mean_squared_error: 0.2621 - mean_absolute_error: 0.4562
Epoch 00031: val_loss improved from 0.08216 to 0.07973, saving model to /n/home05/isvetkey/cnn-stimuli/RESULTS/s.Figure5.angle/5/VGG19.h5

600/600 [==============================] - 0s 268us/step - loss: 0.2643 - mean_squared_error: 0.2643 - mean_absolute_error: 0.4603 - val_loss: 0.0797 - val_mean_squared_error: 0.0797 - val_mean_absolute_error: 0.2249
Epoch 32/1000

 32/600 [>.............................] - ETA: 0s - loss: 0.2776 - mean_squared_error: 0.2776 - mean_absolute_error: 0.4689
384/600 [==================>...........] - ETA: 0s - loss: 0.2668 - mean_squared_error: 0.2668 - mean_absolute_error: 0.4634
Epoch 00032: val_loss improved from 0.07973 to 0.07739, saving model to /n/home05/isvetkey/cnn-stimuli/RESULTS/s.Figure5.angle/5/VGG19.h5

600/600 [==============================] - 0s 698us/step - loss: 0.2584 - mean_squared_error: 0.2584 - mean_absolute_error: 0.4548 - val_loss: 0.0774 - val_mean_squared_error: 0.0774 - val_mean_absolute_error: 0.2221
Epoch 33/1000

 32/600 [>.............................] - ETA: 0s - loss: 0.2591 - mean_squared_error: 0.2591 - mean_absolute_error: 0.4593
320/600 [===============>..............] - ETA: 0s - loss: 0.2588 - mean_squared_error: 0.2588 - mean_absolute_error: 0.4564
Epoch 00033: val_loss improved from 0.07739 to 0.07517, saving model to /n/home05/isvetkey/cnn-stimuli/RESULTS/s.Figure5.angle/5/VGG19.h5

600/600 [==============================] - 0s 312us/step - loss: 0.2533 - mean_squared_error: 0.2533 - mean_absolute_error: 0.4506 - val_loss: 0.0752 - val_mean_squared_error: 0.0752 - val_mean_absolute_error: 0.2196
Epoch 34/1000

 32/600 [>.............................] - ETA: 0s - loss: 0.2478 - mean_squared_error: 0.2478 - mean_absolute_error: 0.4381
320/600 [===============>..............] - ETA: 0s - loss: 0.2506 - mean_squared_error: 0.2506 - mean_absolute_error: 0.4487
Epoch 00034: val_loss improved from 0.07517 to 0.07306, saving model to /n/home05/isvetkey/cnn-stimuli/RESULTS/s.Figure5.angle/5/VGG19.h5

600/600 [==============================] - 0s 313us/step - loss: 0.2485 - mean_squared_error: 0.2485 - mean_absolute_error: 0.4462 - val_loss: 0.0731 - val_mean_squared_error: 0.0731 - val_mean_absolute_error: 0.2171
Epoch 35/1000

 32/600 [>.............................] - ETA: 0s - loss: 0.2410 - mean_squared_error: 0.2410 - mean_absolute_error: 0.4357
416/600 [===================>..........] - ETA: 0s - loss: 0.2438 - mean_squared_error: 0.2438 - mean_absolute_error: 0.4426
Epoch 00035: val_loss improved from 0.07306 to 0.07106, saving model to /n/home05/isvetkey/cnn-stimuli/RESULTS/s.Figure5.angle/5/VGG19.h5

600/600 [==============================] - 0s 276us/step - loss: 0.2414 - mean_squared_error: 0.2414 - mean_absolute_error: 0.4397 - val_loss: 0.0711 - val_mean_squared_error: 0.0711 - val_mean_absolute_error: 0.2147
Epoch 36/1000

 32/600 [>.............................] - ETA: 0s - loss: 0.2270 - mean_squared_error: 0.2270 - mean_absolute_error: 0.4239
320/600 [===============>..............] - ETA: 0s - loss: 0.2359 - mean_squared_error: 0.2359 - mean_absolute_error: 0.4359
Epoch 00036: val_loss improved from 0.07106 to 0.06915, saving model to /n/home05/isvetkey/cnn-stimuli/RESULTS/s.Figure5.angle/5/VGG19.h5

600/600 [==============================] - 0s 294us/step - loss: 0.2367 - mean_squared_error: 0.2367 - mean_absolute_error: 0.4356 - val_loss: 0.0691 - val_mean_squared_error: 0.0691 - val_mean_absolute_error: 0.2124
Epoch 37/1000

 32/600 [>.............................] - ETA: 0s - loss: 0.2009 - mean_squared_error: 0.2009 - mean_absolute_error: 0.3971
416/600 [===================>..........] - ETA: 0s - loss: 0.2374 - mean_squared_error: 0.2374 - mean_absolute_error: 0.4366
Epoch 00037: val_loss improved from 0.06915 to 0.06733, saving model to /n/home05/isvetkey/cnn-stimuli/RESULTS/s.Figure5.angle/5/VGG19.h5

600/600 [==============================] - 0s 293us/step - loss: 0.2329 - mean_squared_error: 0.2329 - mean_absolute_error: 0.4320 - val_loss: 0.0673 - val_mean_squared_error: 0.0673 - val_mean_absolute_error: 0.2103
Epoch 38/1000

 32/600 [>.............................] - ETA: 0s - loss: 0.2385 - mean_squared_error: 0.2385 - mean_absolute_error: 0.4498
320/600 [===============>..............] - ETA: 0s - loss: 0.2281 - mean_squared_error: 0.2281 - mean_absolute_error: 0.4266
Epoch 00038: val_loss improved from 0.06733 to 0.06562, saving model to /n/home05/isvetkey/cnn-stimuli/RESULTS/s.Figure5.angle/5/VGG19.h5

600/600 [==============================] - 0s 320us/step - loss: 0.2279 - mean_squared_error: 0.2279 - mean_absolute_error: 0.4271 - val_loss: 0.0656 - val_mean_squared_error: 0.0656 - val_mean_absolute_error: 0.2083
Epoch 39/1000

 32/600 [>.............................] - ETA: 0s - loss: 0.2053 - mean_squared_error: 0.2053 - mean_absolute_error: 0.4033
320/600 [===============>..............] - ETA: 0s - loss: 0.2244 - mean_squared_error: 0.2244 - mean_absolute_error: 0.4230
Epoch 00039: val_loss improved from 0.06562 to 0.06400, saving model to /n/home05/isvetkey/cnn-stimuli/RESULTS/s.Figure5.angle/5/VGG19.h5

600/600 [==============================] - 0s 405us/step - loss: 0.2228 - mean_squared_error: 0.2228 - mean_absolute_error: 0.4223 - val_loss: 0.0640 - val_mean_squared_error: 0.0640 - val_mean_absolute_error: 0.2063
Epoch 40/1000

 32/600 [>.............................] - ETA: 0s - loss: 0.2210 - mean_squared_error: 0.2210 - mean_absolute_error: 0.4209
224/600 [==========>...................] - ETA: 0s - loss: 0.2119 - mean_squared_error: 0.2119 - mean_absolute_error: 0.4108
480/600 [=======================>......] - ETA: 0s - loss: 0.2156 - mean_squared_error: 0.2156 - mean_absolute_error: 0.4148
Epoch 00040: val_loss improved from 0.06400 to 0.06247, saving model to /n/home05/isvetkey/cnn-stimuli/RESULTS/s.Figure5.angle/5/VGG19.h5

600/600 [==============================] - 0s 352us/step - loss: 0.2183 - mean_squared_error: 0.2183 - mean_absolute_error: 0.4180 - val_loss: 0.0625 - val_mean_squared_error: 0.0625 - val_mean_absolute_error: 0.2044
Epoch 41/1000

 32/600 [>.............................] - ETA: 0s - loss: 0.2143 - mean_squared_error: 0.2143 - mean_absolute_error: 0.4117
384/600 [==================>...........] - ETA: 0s - loss: 0.2169 - mean_squared_error: 0.2169 - mean_absolute_error: 0.4153
Epoch 00041: val_loss improved from 0.06247 to 0.06101, saving model to /n/home05/isvetkey/cnn-stimuli/RESULTS/s.Figure5.angle/5/VGG19.h5

600/600 [==============================] - 0s 280us/step - loss: 0.2128 - mean_squared_error: 0.2128 - mean_absolute_error: 0.4125 - val_loss: 0.0610 - val_mean_squared_error: 0.0610 - val_mean_absolute_error: 0.2027
Epoch 42/1000

 32/600 [>.............................] - ETA: 0s - loss: 0.1835 - mean_squared_error: 0.1835 - mean_absolute_error: 0.3753
384/600 [==================>...........] - ETA: 0s - loss: 0.2054 - mean_squared_error: 0.2054 - mean_absolute_error: 0.4041
Epoch 00042: val_loss improved from 0.06101 to 0.05965, saving model to /n/home05/isvetkey/cnn-stimuli/RESULTS/s.Figure5.angle/5/VGG19.h5

600/600 [==============================] - 0s 297us/step - loss: 0.2097 - mean_squared_error: 0.2097 - mean_absolute_error: 0.4096 - val_loss: 0.0597 - val_mean_squared_error: 0.0597 - val_mean_absolute_error: 0.2010
Epoch 43/1000

 32/600 [>.............................] - ETA: 0s - loss: 0.2144 - mean_squared_error: 0.2144 - mean_absolute_error: 0.4125
288/600 [=============>................] - ETA: 0s - loss: 0.2098 - mean_squared_error: 0.2098 - mean_absolute_error: 0.4091
Epoch 00043: val_loss improved from 0.05965 to 0.05837, saving model to /n/home05/isvetkey/cnn-stimuli/RESULTS/s.Figure5.angle/5/VGG19.h5

600/600 [==============================] - 0s 340us/step - loss: 0.2053 - mean_squared_error: 0.2053 - mean_absolute_error: 0.4055 - val_loss: 0.0584 - val_mean_squared_error: 0.0584 - val_mean_absolute_error: 0.1995
Epoch 44/1000

 32/600 [>.............................] - ETA: 0s - loss: 0.2069 - mean_squared_error: 0.2069 - mean_absolute_error: 0.4126
384/600 [==================>...........] - ETA: 0s - loss: 0.2030 - mean_squared_error: 0.2030 - mean_absolute_error: 0.4040
Epoch 00044: val_loss improved from 0.05837 to 0.05716, saving model to /n/home05/isvetkey/cnn-stimuli/RESULTS/s.Figure5.angle/5/VGG19.h5

600/600 [==============================] - 0s 289us/step - loss: 0.1994 - mean_squared_error: 0.1994 - mean_absolute_error: 0.3998 - val_loss: 0.0572 - val_mean_squared_error: 0.0572 - val_mean_absolute_error: 0.1980
Epoch 45/1000

 32/600 [>.............................] - ETA: 0s - loss: 0.2046 - mean_squared_error: 0.2046 - mean_absolute_error: 0.4075
416/600 [===================>..........] - ETA: 0s - loss: 0.1970 - mean_squared_error: 0.1970 - mean_absolute_error: 0.3984
Epoch 00045: val_loss improved from 0.05716 to 0.05604, saving model to /n/home05/isvetkey/cnn-stimuli/RESULTS/s.Figure5.angle/5/VGG19.h5

600/600 [==============================] - 0s 279us/step - loss: 0.1960 - mean_squared_error: 0.1960 - mean_absolute_error: 0.3965 - val_loss: 0.0560 - val_mean_squared_error: 0.0560 - val_mean_absolute_error: 0.1967
Epoch 46/1000

 32/600 [>.............................] - ETA: 0s - loss: 0.2003 - mean_squared_error: 0.2003 - mean_absolute_error: 0.4103
416/600 [===================>..........] - ETA: 0s - loss: 0.1933 - mean_squared_error: 0.1933 - mean_absolute_error: 0.3934
Epoch 00046: val_loss improved from 0.05604 to 0.05498, saving model to /n/home05/isvetkey/cnn-stimuli/RESULTS/s.Figure5.angle/5/VGG19.h5

600/600 [==============================] - 0s 302us/step - loss: 0.1932 - mean_squared_error: 0.1932 - mean_absolute_error: 0.3940 - val_loss: 0.0550 - val_mean_squared_error: 0.0550 - val_mean_absolute_error: 0.1955
Epoch 47/1000

 32/600 [>.............................] - ETA: 0s - loss: 0.2117 - mean_squared_error: 0.2117 - mean_absolute_error: 0.4166
352/600 [================>.............] - ETA: 0s - loss: 0.1918 - mean_squared_error: 0.1918 - mean_absolute_error: 0.3937
Epoch 00047: val_loss improved from 0.05498 to 0.05400, saving model to /n/home05/isvetkey/cnn-stimuli/RESULTS/s.Figure5.angle/5/VGG19.h5

600/600 [==============================] - 0s 305us/step - loss: 0.1888 - mean_squared_error: 0.1888 - mean_absolute_error: 0.3886 - val_loss: 0.0540 - val_mean_squared_error: 0.0540 - val_mean_absolute_error: 0.1944
Epoch 48/1000

 32/600 [>.............................] - ETA: 0s - loss: 0.1838 - mean_squared_error: 0.1838 - mean_absolute_error: 0.3823
416/600 [===================>..........] - ETA: 0s - loss: 0.1872 - mean_squared_error: 0.1872 - mean_absolute_error: 0.3879
Epoch 00048: val_loss improved from 0.05400 to 0.05309, saving model to /n/home05/isvetkey/cnn-stimuli/RESULTS/s.Figure5.angle/5/VGG19.h5

600/600 [==============================] - 0s 296us/step - loss: 0.1852 - mean_squared_error: 0.1852 - mean_absolute_error: 0.3848 - val_loss: 0.0531 - val_mean_squared_error: 0.0531 - val_mean_absolute_error: 0.1933
Epoch 49/1000

 32/600 [>.............................] - ETA: 0s - loss: 0.1908 - mean_squared_error: 0.1908 - mean_absolute_error: 0.3915
416/600 [===================>..........] - ETA: 0s - loss: 0.1814 - mean_squared_error: 0.1814 - mean_absolute_error: 0.3815
Epoch 00049: val_loss improved from 0.05309 to 0.05224, saving model to /n/home05/isvetkey/cnn-stimuli/RESULTS/s.Figure5.angle/5/VGG19.h5

600/600 [==============================] - 0s 278us/step - loss: 0.1809 - mean_squared_error: 0.1809 - mean_absolute_error: 0.3806 - val_loss: 0.0522 - val_mean_squared_error: 0.0522 - val_mean_absolute_error: 0.1923
Epoch 50/1000

 32/600 [>.............................] - ETA: 0s - loss: 0.1856 - mean_squared_error: 0.1856 - mean_absolute_error: 0.3887
416/600 [===================>..........] - ETA: 0s - loss: 0.1786 - mean_squared_error: 0.1786 - mean_absolute_error: 0.3781
Epoch 00050: val_loss improved from 0.05224 to 0.05147, saving model to /n/home05/isvetkey/cnn-stimuli/RESULTS/s.Figure5.angle/5/VGG19.h5

600/600 [==============================] - 0s 275us/step - loss: 0.1767 - mean_squared_error: 0.1767 - mean_absolute_error: 0.3757 - val_loss: 0.0515 - val_mean_squared_error: 0.0515 - val_mean_absolute_error: 0.1914
Epoch 51/1000

 32/600 [>.............................] - ETA: 0s - loss: 0.1646 - mean_squared_error: 0.1646 - mean_absolute_error: 0.3595
320/600 [===============>..............] - ETA: 0s - loss: 0.1707 - mean_squared_error: 0.1707 - mean_absolute_error: 0.3682
Epoch 00051: val_loss improved from 0.05147 to 0.05075, saving model to /n/home05/isvetkey/cnn-stimuli/RESULTS/s.Figure5.angle/5/VGG19.h5

600/600 [==============================] - 0s 308us/step - loss: 0.1740 - mean_squared_error: 0.1740 - mean_absolute_error: 0.3729 - val_loss: 0.0508 - val_mean_squared_error: 0.0508 - val_mean_absolute_error: 0.1905
Epoch 52/1000

 32/600 [>.............................] - ETA: 0s - loss: 0.2003 - mean_squared_error: 0.2003 - mean_absolute_error: 0.4100
384/600 [==================>...........] - ETA: 0s - loss: 0.1738 - mean_squared_error: 0.1738 - mean_absolute_error: 0.3745
Epoch 00052: val_loss improved from 0.05075 to 0.05010, saving model to /n/home05/isvetkey/cnn-stimuli/RESULTS/s.Figure5.angle/5/VGG19.h5

600/600 [==============================] - 0s 298us/step - loss: 0.1708 - mean_squared_error: 0.1708 - mean_absolute_error: 0.3696 - val_loss: 0.0501 - val_mean_squared_error: 0.0501 - val_mean_absolute_error: 0.1897
Epoch 53/1000

 32/600 [>.............................] - ETA: 0s - loss: 0.1612 - mean_squared_error: 0.1612 - mean_absolute_error: 0.3636
384/600 [==================>...........] - ETA: 0s - loss: 0.1730 - mean_squared_error: 0.1730 - mean_absolute_error: 0.3734
Epoch 00053: val_loss improved from 0.05010 to 0.04950, saving model to /n/home05/isvetkey/cnn-stimuli/RESULTS/s.Figure5.angle/5/VGG19.h5

600/600 [==============================] - 0s 274us/step - loss: 0.1683 - mean_squared_error: 0.1683 - mean_absolute_error: 0.3669 - val_loss: 0.0495 - val_mean_squared_error: 0.0495 - val_mean_absolute_error: 0.1890
Epoch 54/1000

 32/600 [>.............................] - ETA: 0s - loss: 0.1763 - mean_squared_error: 0.1763 - mean_absolute_error: 0.3833
416/600 [===================>..........] - ETA: 0s - loss: 0.1686 - mean_squared_error: 0.1686 - mean_absolute_error: 0.3686
Epoch 00054: val_loss improved from 0.04950 to 0.04897, saving model to /n/home05/isvetkey/cnn-stimuli/RESULTS/s.Figure5.angle/5/VGG19.h5

600/600 [==============================] - 0s 272us/step - loss: 0.1645 - mean_squared_error: 0.1645 - mean_absolute_error: 0.3625 - val_loss: 0.0490 - val_mean_squared_error: 0.0490 - val_mean_absolute_error: 0.1884
Epoch 55/1000

 32/600 [>.............................] - ETA: 0s - loss: 0.1829 - mean_squared_error: 0.1829 - mean_absolute_error: 0.3847
416/600 [===================>..........] - ETA: 0s - loss: 0.1610 - mean_squared_error: 0.1610 - mean_absolute_error: 0.3593
Epoch 00055: val_loss improved from 0.04897 to 0.04848, saving model to /n/home05/isvetkey/cnn-stimuli/RESULTS/s.Figure5.angle/5/VGG19.h5

600/600 [==============================] - 0s 280us/step - loss: 0.1608 - mean_squared_error: 0.1608 - mean_absolute_error: 0.3586 - val_loss: 0.0485 - val_mean_squared_error: 0.0485 - val_mean_absolute_error: 0.1879
Epoch 56/1000

 32/600 [>.............................] - ETA: 0s - loss: 0.1741 - mean_squared_error: 0.1741 - mean_absolute_error: 0.3778
416/600 [===================>..........] - ETA: 0s - loss: 0.1577 - mean_squared_error: 0.1577 - mean_absolute_error: 0.3537
Epoch 00056: val_loss improved from 0.04848 to 0.04806, saving model to /n/home05/isvetkey/cnn-stimuli/RESULTS/s.Figure5.angle/5/VGG19.h5

600/600 [==============================] - 0s 278us/step - loss: 0.1585 - mean_squared_error: 0.1585 - mean_absolute_error: 0.3558 - val_loss: 0.0481 - val_mean_squared_error: 0.0481 - val_mean_absolute_error: 0.1875
Epoch 57/1000

 32/600 [>.............................] - ETA: 0s - loss: 0.1750 - mean_squared_error: 0.1750 - mean_absolute_error: 0.3715
416/600 [===================>..........] - ETA: 0s - loss: 0.1555 - mean_squared_error: 0.1555 - mean_absolute_error: 0.3520
Epoch 00057: val_loss improved from 0.04806 to 0.04768, saving model to /n/home05/isvetkey/cnn-stimuli/RESULTS/s.Figure5.angle/5/VGG19.h5

600/600 [==============================] - 0s 287us/step - loss: 0.1552 - mean_squared_error: 0.1552 - mean_absolute_error: 0.3522 - val_loss: 0.0477 - val_mean_squared_error: 0.0477 - val_mean_absolute_error: 0.1871
Epoch 58/1000

 32/600 [>.............................] - ETA: 0s - loss: 0.1622 - mean_squared_error: 0.1622 - mean_absolute_error: 0.3615
416/600 [===================>..........] - ETA: 0s - loss: 0.1548 - mean_squared_error: 0.1548 - mean_absolute_error: 0.3521
Epoch 00058: val_loss improved from 0.04768 to 0.04735, saving model to /n/home05/isvetkey/cnn-stimuli/RESULTS/s.Figure5.angle/5/VGG19.h5

600/600 [==============================] - 0s 275us/step - loss: 0.1538 - mean_squared_error: 0.1538 - mean_absolute_error: 0.3509 - val_loss: 0.0474 - val_mean_squared_error: 0.0474 - val_mean_absolute_error: 0.1867
Epoch 59/1000

 32/600 [>.............................] - ETA: 0s - loss: 0.1567 - mean_squared_error: 0.1567 - mean_absolute_error: 0.3548
416/600 [===================>..........] - ETA: 0s - loss: 0.1474 - mean_squared_error: 0.1474 - mean_absolute_error: 0.3424
Epoch 00059: val_loss improved from 0.04735 to 0.04708, saving model to /n/home05/isvetkey/cnn-stimuli/RESULTS/s.Figure5.angle/5/VGG19.h5

600/600 [==============================] - 0s 326us/step - loss: 0.1500 - mean_squared_error: 0.1500 - mean_absolute_error: 0.3464 - val_loss: 0.0471 - val_mean_squared_error: 0.0471 - val_mean_absolute_error: 0.1865
Epoch 60/1000

 32/600 [>.............................] - ETA: 0s - loss: 0.1739 - mean_squared_error: 0.1739 - mean_absolute_error: 0.3811
416/600 [===================>..........] - ETA: 0s - loss: 0.1457 - mean_squared_error: 0.1457 - mean_absolute_error: 0.3402
Epoch 00060: val_loss improved from 0.04708 to 0.04684, saving model to /n/home05/isvetkey/cnn-stimuli/RESULTS/s.Figure5.angle/5/VGG19.h5

600/600 [==============================] - 0s 273us/step - loss: 0.1476 - mean_squared_error: 0.1476 - mean_absolute_error: 0.3434 - val_loss: 0.0468 - val_mean_squared_error: 0.0468 - val_mean_absolute_error: 0.1862
Epoch 61/1000

 32/600 [>.............................] - ETA: 0s - loss: 0.1346 - mean_squared_error: 0.1346 - mean_absolute_error: 0.3271
416/600 [===================>..........] - ETA: 0s - loss: 0.1470 - mean_squared_error: 0.1470 - mean_absolute_error: 0.3429
Epoch 00061: val_loss improved from 0.04684 to 0.04666, saving model to /n/home05/isvetkey/cnn-stimuli/RESULTS/s.Figure5.angle/5/VGG19.h5

600/600 [==============================] - 0s 270us/step - loss: 0.1444 - mean_squared_error: 0.1444 - mean_absolute_error: 0.3395 - val_loss: 0.0467 - val_mean_squared_error: 0.0467 - val_mean_absolute_error: 0.1860
Epoch 62/1000

 32/600 [>.............................] - ETA: 0s - loss: 0.1576 - mean_squared_error: 0.1576 - mean_absolute_error: 0.3529
416/600 [===================>..........] - ETA: 0s - loss: 0.1379 - mean_squared_error: 0.1379 - mean_absolute_error: 0.3300
Epoch 00062: val_loss improved from 0.04666 to 0.04651, saving model to /n/home05/isvetkey/cnn-stimuli/RESULTS/s.Figure5.angle/5/VGG19.h5

600/600 [==============================] - 0s 264us/step - loss: 0.1427 - mean_squared_error: 0.1427 - mean_absolute_error: 0.3379 - val_loss: 0.0465 - val_mean_squared_error: 0.0465 - val_mean_absolute_error: 0.1859
Epoch 63/1000

 32/600 [>.............................] - ETA: 0s - loss: 0.1290 - mean_squared_error: 0.1290 - mean_absolute_error: 0.3144
416/600 [===================>..........] - ETA: 0s - loss: 0.1382 - mean_squared_error: 0.1382 - mean_absolute_error: 0.3318
Epoch 00063: val_loss improved from 0.04651 to 0.04641, saving model to /n/home05/isvetkey/cnn-stimuli/RESULTS/s.Figure5.angle/5/VGG19.h5

600/600 [==============================] - 0s 274us/step - loss: 0.1387 - mean_squared_error: 0.1387 - mean_absolute_error: 0.3329 - val_loss: 0.0464 - val_mean_squared_error: 0.0464 - val_mean_absolute_error: 0.1857
Epoch 64/1000

 32/600 [>.............................] - ETA: 0s - loss: 0.1303 - mean_squared_error: 0.1303 - mean_absolute_error: 0.3207
416/600 [===================>..........] - ETA: 0s - loss: 0.1367 - mean_squared_error: 0.1367 - mean_absolute_error: 0.3299
Epoch 00064: val_loss improved from 0.04641 to 0.04635, saving model to /n/home05/isvetkey/cnn-stimuli/RESULTS/s.Figure5.angle/5/VGG19.h5

600/600 [==============================] - 0s 281us/step - loss: 0.1375 - mean_squared_error: 0.1375 - mean_absolute_error: 0.3317 - val_loss: 0.0463 - val_mean_squared_error: 0.0463 - val_mean_absolute_error: 0.1856
Epoch 65/1000

 32/600 [>.............................] - ETA: 0s - loss: 0.1463 - mean_squared_error: 0.1463 - mean_absolute_error: 0.3516
416/600 [===================>..........] - ETA: 0s - loss: 0.1365 - mean_squared_error: 0.1365 - mean_absolute_error: 0.3299
Epoch 00065: val_loss improved from 0.04635 to 0.04633, saving model to /n/home05/isvetkey/cnn-stimuli/RESULTS/s.Figure5.angle/5/VGG19.h5

600/600 [==============================] - 0s 262us/step - loss: 0.1347 - mean_squared_error: 0.1347 - mean_absolute_error: 0.3277 - val_loss: 0.0463 - val_mean_squared_error: 0.0463 - val_mean_absolute_error: 0.1856
Epoch 66/1000

 32/600 [>.............................] - ETA: 0s - loss: 0.1412 - mean_squared_error: 0.1412 - mean_absolute_error: 0.3315
416/600 [===================>..........] - ETA: 0s - loss: 0.1331 - mean_squared_error: 0.1331 - mean_absolute_error: 0.3248
Epoch 00066: val_loss did not improve

600/600 [==============================] - 0s 156us/step - loss: 0.1331 - mean_squared_error: 0.1331 - mean_absolute_error: 0.3259 - val_loss: 0.0463 - val_mean_squared_error: 0.0463 - val_mean_absolute_error: 0.1856
Epoch 67/1000

 32/600 [>.............................] - ETA: 0s - loss: 0.1295 - mean_squared_error: 0.1295 - mean_absolute_error: 0.3173
416/600 [===================>..........] - ETA: 0s - loss: 0.1302 - mean_squared_error: 0.1302 - mean_absolute_error: 0.3237
Epoch 00067: val_loss did not improve

600/600 [==============================] - 0s 154us/step - loss: 0.1311 - mean_squared_error: 0.1311 - mean_absolute_error: 0.3243 - val_loss: 0.0464 - val_mean_squared_error: 0.0464 - val_mean_absolute_error: 0.1857
Epoch 68/1000

 32/600 [>.............................] - ETA: 0s - loss: 0.1218 - mean_squared_error: 0.1218 - mean_absolute_error: 0.3133
416/600 [===================>..........] - ETA: 0s - loss: 0.1321 - mean_squared_error: 0.1321 - mean_absolute_error: 0.3252
Epoch 00068: val_loss did not improve

600/600 [==============================] - 0s 154us/step - loss: 0.1302 - mean_squared_error: 0.1302 - mean_absolute_error: 0.3226 - val_loss: 0.0465 - val_mean_squared_error: 0.0465 - val_mean_absolute_error: 0.1858
Epoch 69/1000

 32/600 [>.............................] - ETA: 0s - loss: 0.1280 - mean_squared_error: 0.1280 - mean_absolute_error: 0.3161
416/600 [===================>..........] - ETA: 0s - loss: 0.1251 - mean_squared_error: 0.1251 - mean_absolute_error: 0.3156
Epoch 00069: val_loss did not improve

600/600 [==============================] - 0s 154us/step - loss: 0.1266 - mean_squared_error: 0.1266 - mean_absolute_error: 0.3184 - val_loss: 0.0466 - val_mean_squared_error: 0.0466 - val_mean_absolute_error: 0.1859
Epoch 70/1000

 32/600 [>.............................] - ETA: 0s - loss: 0.1306 - mean_squared_error: 0.1306 - mean_absolute_error: 0.3271
416/600 [===================>..........] - ETA: 0s - loss: 0.1233 - mean_squared_error: 0.1233 - mean_absolute_error: 0.3136
Epoch 00070: val_loss did not improve

600/600 [==============================] - 0s 155us/step - loss: 0.1238 - mean_squared_error: 0.1238 - mean_absolute_error: 0.3147 - val_loss: 0.0467 - val_mean_squared_error: 0.0467 - val_mean_absolute_error: 0.1861
Epoch 71/1000

 32/600 [>.............................] - ETA: 0s - loss: 0.1371 - mean_squared_error: 0.1371 - mean_absolute_error: 0.3381
416/600 [===================>..........] - ETA: 0s - loss: 0.1229 - mean_squared_error: 0.1229 - mean_absolute_error: 0.3124
Epoch 00071: val_loss did not improve

600/600 [==============================] - 0s 152us/step - loss: 0.1233 - mean_squared_error: 0.1233 - mean_absolute_error: 0.3138 - val_loss: 0.0469 - val_mean_squared_error: 0.0469 - val_mean_absolute_error: 0.1863
Epoch 72/1000

 32/600 [>.............................] - ETA: 0s - loss: 0.1313 - mean_squared_error: 0.1313 - mean_absolute_error: 0.3250
416/600 [===================>..........] - ETA: 0s - loss: 0.1198 - mean_squared_error: 0.1198 - mean_absolute_error: 0.3097
Epoch 00072: val_loss did not improve

600/600 [==============================] - 0s 152us/step - loss: 0.1198 - mean_squared_error: 0.1198 - mean_absolute_error: 0.3091 - val_loss: 0.0471 - val_mean_squared_error: 0.0471 - val_mean_absolute_error: 0.1866
Epoch 73/1000

 32/600 [>.............................] - ETA: 0s - loss: 0.1231 - mean_squared_error: 0.1231 - mean_absolute_error: 0.3171
416/600 [===================>..........] - ETA: 0s - loss: 0.1193 - mean_squared_error: 0.1193 - mean_absolute_error: 0.3092
Epoch 00073: val_loss did not improve

600/600 [==============================] - 0s 152us/step - loss: 0.1196 - mean_squared_error: 0.1196 - mean_absolute_error: 0.3092 - val_loss: 0.0473 - val_mean_squared_error: 0.0473 - val_mean_absolute_error: 0.1869
Epoch 74/1000

 32/600 [>.............................] - ETA: 0s - loss: 0.1151 - mean_squared_error: 0.1151 - mean_absolute_error: 0.2983
416/600 [===================>..........] - ETA: 0s - loss: 0.1182 - mean_squared_error: 0.1182 - mean_absolute_error: 0.3075
Epoch 00074: val_loss did not improve

600/600 [==============================] - 0s 155us/step - loss: 0.1174 - mean_squared_error: 0.1174 - mean_absolute_error: 0.3061 - val_loss: 0.0476 - val_mean_squared_error: 0.0476 - val_mean_absolute_error: 0.1873
Epoch 75/1000

 32/600 [>.............................] - ETA: 0s - loss: 0.1155 - mean_squared_error: 0.1155 - mean_absolute_error: 0.3026
416/600 [===================>..........] - ETA: 0s - loss: 0.1176 - mean_squared_error: 0.1176 - mean_absolute_error: 0.3071
Epoch 00075: val_loss did not improve

600/600 [==============================] - 0s 152us/step - loss: 0.1168 - mean_squared_error: 0.1168 - mean_absolute_error: 0.3060 - val_loss: 0.0479 - val_mean_squared_error: 0.0479 - val_mean_absolute_error: 0.1877
Fitting done 14.055109024
MLAE 4.52719038085
Written /n/home05/isvetkey/cnn-stimuli/RESULTS/s.Figure5.angle/5/VGG19.p
Written /n/home05/isvetkey/cnn-stimuli/RESULTS/s.Figure5.angle/5/VGG19.h5
All done. Give your computer a pat on the back.
actually don't do that.
