My SLURM_ARRAY_TASK_ID:  4
Running s.Figure5.position_common_scale with flags 1 with VGG19
Working in /n/home05/isvetkey/cnn-stimuli/RESULTS/s.Figure5.position_common_scale/1/VGG19
Storing /n/home05/isvetkey/cnn-stimuli/RESULTS/s.Figure5.position_common_scale/1/VGG19.p
Storing /n/home05/isvetkey/cnn-stimuli/RESULTS/s.Figure5.position_common_scale/1/VGG19.h5
Done 133.78072691 seconds ( 2235492 iterations)
memory usage 60.016 MB

 32/600 [>.............................] - ETA: 47s
 64/600 [==>...........................] - ETA: 23s
 96/600 [===>..........................] - ETA: 14s
128/600 [=====>........................] - ETA: 10s
160/600 [=======>......................] - ETA: 8s 
192/600 [========>.....................] - ETA: 6s
224/600 [==========>...................] - ETA: 5s
256/600 [===========>..................] - ETA: 4s
288/600 [=============>................] - ETA: 3s
320/600 [===============>..............] - ETA: 2s
352/600 [================>.............] - ETA: 2s
384/600 [==================>...........] - ETA: 1s
416/600 [===================>..........] - ETA: 1s
448/600 [=====================>........] - ETA: 1s
480/600 [=======================>......] - ETA: 0s
512/600 [========================>.....] - ETA: 0s
544/600 [==========================>...] - ETA: 0s
576/600 [===========================>..] - ETA: 0s
600/600 [==============================] - 4s 7ms/step

 32/200 [===>..........................] - ETA: 0s
 64/200 [========>.....................] - ETA: 0s
 96/200 [=============>................] - ETA: 0s
128/200 [==================>...........] - ETA: 0s
160/200 [=======================>......] - ETA: 0s
192/200 [===========================>..] - ETA: 0s
200/200 [==============================] - 1s 3ms/step

 32/200 [===>..........................] - ETA: 0s
 64/200 [========>.....................] - ETA: 0s
 96/200 [=============>................] - ETA: 0s
128/200 [==================>...........] - ETA: 0s
160/200 [=======================>......] - ETA: 0s
192/200 [===========================>..] - ETA: 0s
200/200 [==============================] - 0s 2ms/step
VGG19 features done after 4.91910505295
memory usage 24.576 MB
Train on 600 samples, validate on 200 samples
Epoch 1/1000

 32/600 [>.............................] - ETA: 5s - loss: 0.3794 - mean_squared_error: 0.3794 - mean_absolute_error: 0.5587
416/600 [===================>..........] - ETA: 0s - loss: 0.3918 - mean_squared_error: 0.3918 - mean_absolute_error: 0.5659
Epoch 00001: val_loss improved from inf to 0.27155, saving model to /n/home05/isvetkey/cnn-stimuli/RESULTS/s.Figure5.position_common_scale/1/VGG19.h5

600/600 [==============================] - 0s 800us/step - loss: 0.3960 - mean_squared_error: 0.3960 - mean_absolute_error: 0.5666 - val_loss: 0.2716 - val_mean_squared_error: 0.2716 - val_mean_absolute_error: 0.4278
Epoch 2/1000

 32/600 [>.............................] - ETA: 0s - loss: 0.4009 - mean_squared_error: 0.4009 - mean_absolute_error: 0.5707
448/600 [=====================>........] - ETA: 0s - loss: 0.3932 - mean_squared_error: 0.3932 - mean_absolute_error: 0.5647
Epoch 00002: val_loss improved from 0.27155 to 0.26465, saving model to /n/home05/isvetkey/cnn-stimuli/RESULTS/s.Figure5.position_common_scale/1/VGG19.h5

600/600 [==============================] - 0s 254us/step - loss: 0.3878 - mean_squared_error: 0.3878 - mean_absolute_error: 0.5598 - val_loss: 0.2646 - val_mean_squared_error: 0.2646 - val_mean_absolute_error: 0.4204
Epoch 3/1000

 32/600 [>.............................] - ETA: 0s - loss: 0.3854 - mean_squared_error: 0.3854 - mean_absolute_error: 0.5592
416/600 [===================>..........] - ETA: 0s - loss: 0.3840 - mean_squared_error: 0.3840 - mean_absolute_error: 0.5561
Epoch 00003: val_loss improved from 0.26465 to 0.25767, saving model to /n/home05/isvetkey/cnn-stimuli/RESULTS/s.Figure5.position_common_scale/1/VGG19.h5

600/600 [==============================] - 0s 262us/step - loss: 0.3788 - mean_squared_error: 0.3788 - mean_absolute_error: 0.5523 - val_loss: 0.2577 - val_mean_squared_error: 0.2577 - val_mean_absolute_error: 0.4128
Epoch 4/1000

 32/600 [>.............................] - ETA: 0s - loss: 0.3821 - mean_squared_error: 0.3821 - mean_absolute_error: 0.5535
416/600 [===================>..........] - ETA: 0s - loss: 0.3728 - mean_squared_error: 0.3728 - mean_absolute_error: 0.5481
Epoch 00004: val_loss improved from 0.25767 to 0.25083, saving model to /n/home05/isvetkey/cnn-stimuli/RESULTS/s.Figure5.position_common_scale/1/VGG19.h5

600/600 [==============================] - 0s 261us/step - loss: 0.3697 - mean_squared_error: 0.3697 - mean_absolute_error: 0.5447 - val_loss: 0.2508 - val_mean_squared_error: 0.2508 - val_mean_absolute_error: 0.4052
Epoch 5/1000

 32/600 [>.............................] - ETA: 0s - loss: 0.3614 - mean_squared_error: 0.3614 - mean_absolute_error: 0.5455
416/600 [===================>..........] - ETA: 0s - loss: 0.3608 - mean_squared_error: 0.3608 - mean_absolute_error: 0.5369
Epoch 00005: val_loss improved from 0.25083 to 0.24422, saving model to /n/home05/isvetkey/cnn-stimuli/RESULTS/s.Figure5.position_common_scale/1/VGG19.h5

600/600 [==============================] - 0s 259us/step - loss: 0.3610 - mean_squared_error: 0.3610 - mean_absolute_error: 0.5376 - val_loss: 0.2442 - val_mean_squared_error: 0.2442 - val_mean_absolute_error: 0.3977
Epoch 6/1000

 32/600 [>.............................] - ETA: 0s - loss: 0.3634 - mean_squared_error: 0.3634 - mean_absolute_error: 0.5475
416/600 [===================>..........] - ETA: 0s - loss: 0.3530 - mean_squared_error: 0.3530 - mean_absolute_error: 0.5316
Epoch 00006: val_loss improved from 0.24422 to 0.23781, saving model to /n/home05/isvetkey/cnn-stimuli/RESULTS/s.Figure5.position_common_scale/1/VGG19.h5

600/600 [==============================] - 0s 261us/step - loss: 0.3526 - mean_squared_error: 0.3526 - mean_absolute_error: 0.5306 - val_loss: 0.2378 - val_mean_squared_error: 0.2378 - val_mean_absolute_error: 0.3907
Epoch 7/1000

 32/600 [>.............................] - ETA: 0s - loss: 0.3297 - mean_squared_error: 0.3297 - mean_absolute_error: 0.5207
416/600 [===================>..........] - ETA: 0s - loss: 0.3462 - mean_squared_error: 0.3462 - mean_absolute_error: 0.5270
Epoch 00007: val_loss improved from 0.23781 to 0.23144, saving model to /n/home05/isvetkey/cnn-stimuli/RESULTS/s.Figure5.position_common_scale/1/VGG19.h5

600/600 [==============================] - 0s 263us/step - loss: 0.3440 - mean_squared_error: 0.3440 - mean_absolute_error: 0.5233 - val_loss: 0.2314 - val_mean_squared_error: 0.2314 - val_mean_absolute_error: 0.3841
Epoch 8/1000

 32/600 [>.............................] - ETA: 0s - loss: 0.3333 - mean_squared_error: 0.3333 - mean_absolute_error: 0.5040
416/600 [===================>..........] - ETA: 0s - loss: 0.3317 - mean_squared_error: 0.3317 - mean_absolute_error: 0.5112
Epoch 00008: val_loss improved from 0.23144 to 0.22525, saving model to /n/home05/isvetkey/cnn-stimuli/RESULTS/s.Figure5.position_common_scale/1/VGG19.h5

600/600 [==============================] - 0s 266us/step - loss: 0.3358 - mean_squared_error: 0.3358 - mean_absolute_error: 0.5165 - val_loss: 0.2253 - val_mean_squared_error: 0.2253 - val_mean_absolute_error: 0.3776
Epoch 9/1000

 32/600 [>.............................] - ETA: 0s - loss: 0.3522 - mean_squared_error: 0.3522 - mean_absolute_error: 0.5181
416/600 [===================>..........] - ETA: 0s - loss: 0.3318 - mean_squared_error: 0.3318 - mean_absolute_error: 0.5136
Epoch 00009: val_loss improved from 0.22525 to 0.21922, saving model to /n/home05/isvetkey/cnn-stimuli/RESULTS/s.Figure5.position_common_scale/1/VGG19.h5

600/600 [==============================] - 0s 272us/step - loss: 0.3279 - mean_squared_error: 0.3279 - mean_absolute_error: 0.5095 - val_loss: 0.2192 - val_mean_squared_error: 0.2192 - val_mean_absolute_error: 0.3716
Epoch 10/1000

 32/600 [>.............................] - ETA: 0s - loss: 0.3129 - mean_squared_error: 0.3129 - mean_absolute_error: 0.4836
384/600 [==================>...........] - ETA: 0s - loss: 0.3241 - mean_squared_error: 0.3241 - mean_absolute_error: 0.5056
Epoch 00010: val_loss improved from 0.21922 to 0.21341, saving model to /n/home05/isvetkey/cnn-stimuli/RESULTS/s.Figure5.position_common_scale/1/VGG19.h5

600/600 [==============================] - 0s 276us/step - loss: 0.3196 - mean_squared_error: 0.3196 - mean_absolute_error: 0.5023 - val_loss: 0.2134 - val_mean_squared_error: 0.2134 - val_mean_absolute_error: 0.3659
Epoch 11/1000

 32/600 [>.............................] - ETA: 0s - loss: 0.3348 - mean_squared_error: 0.3348 - mean_absolute_error: 0.5198
384/600 [==================>...........] - ETA: 0s - loss: 0.3124 - mean_squared_error: 0.3124 - mean_absolute_error: 0.4958
Epoch 00011: val_loss improved from 0.21341 to 0.20775, saving model to /n/home05/isvetkey/cnn-stimuli/RESULTS/s.Figure5.position_common_scale/1/VGG19.h5

600/600 [==============================] - 0s 277us/step - loss: 0.3122 - mean_squared_error: 0.3122 - mean_absolute_error: 0.4957 - val_loss: 0.2078 - val_mean_squared_error: 0.2078 - val_mean_absolute_error: 0.3603
Epoch 12/1000

 32/600 [>.............................] - ETA: 0s - loss: 0.3037 - mean_squared_error: 0.3037 - mean_absolute_error: 0.4839
416/600 [===================>..........] - ETA: 0s - loss: 0.3079 - mean_squared_error: 0.3079 - mean_absolute_error: 0.4913
Epoch 00012: val_loss improved from 0.20775 to 0.20225, saving model to /n/home05/isvetkey/cnn-stimuli/RESULTS/s.Figure5.position_common_scale/1/VGG19.h5

600/600 [==============================] - 0s 270us/step - loss: 0.3044 - mean_squared_error: 0.3044 - mean_absolute_error: 0.4888 - val_loss: 0.2023 - val_mean_squared_error: 0.2023 - val_mean_absolute_error: 0.3548
Epoch 13/1000

 32/600 [>.............................] - ETA: 0s - loss: 0.3025 - mean_squared_error: 0.3025 - mean_absolute_error: 0.4782
352/600 [================>.............] - ETA: 0s - loss: 0.2930 - mean_squared_error: 0.2930 - mean_absolute_error: 0.4770
Epoch 00013: val_loss improved from 0.20225 to 0.19694, saving model to /n/home05/isvetkey/cnn-stimuli/RESULTS/s.Figure5.position_common_scale/1/VGG19.h5

600/600 [==============================] - 0s 291us/step - loss: 0.2975 - mean_squared_error: 0.2975 - mean_absolute_error: 0.4827 - val_loss: 0.1969 - val_mean_squared_error: 0.1969 - val_mean_absolute_error: 0.3495
Epoch 14/1000

 32/600 [>.............................] - ETA: 0s - loss: 0.3106 - mean_squared_error: 0.3106 - mean_absolute_error: 0.4922
416/600 [===================>..........] - ETA: 0s - loss: 0.2909 - mean_squared_error: 0.2909 - mean_absolute_error: 0.4765
Epoch 00014: val_loss improved from 0.19694 to 0.19177, saving model to /n/home05/isvetkey/cnn-stimuli/RESULTS/s.Figure5.position_common_scale/1/VGG19.h5

600/600 [==============================] - 0s 267us/step - loss: 0.2906 - mean_squared_error: 0.2906 - mean_absolute_error: 0.4768 - val_loss: 0.1918 - val_mean_squared_error: 0.1918 - val_mean_absolute_error: 0.3441
Epoch 15/1000

 32/600 [>.............................] - ETA: 0s - loss: 0.2956 - mean_squared_error: 0.2956 - mean_absolute_error: 0.4862
384/600 [==================>...........] - ETA: 0s - loss: 0.2830 - mean_squared_error: 0.2830 - mean_absolute_error: 0.4711
Epoch 00015: val_loss improved from 0.19177 to 0.18676, saving model to /n/home05/isvetkey/cnn-stimuli/RESULTS/s.Figure5.position_common_scale/1/VGG19.h5

600/600 [==============================] - 0s 277us/step - loss: 0.2829 - mean_squared_error: 0.2829 - mean_absolute_error: 0.4700 - val_loss: 0.1868 - val_mean_squared_error: 0.1868 - val_mean_absolute_error: 0.3388
Epoch 16/1000

 32/600 [>.............................] - ETA: 0s - loss: 0.2808 - mean_squared_error: 0.2808 - mean_absolute_error: 0.4734
352/600 [================>.............] - ETA: 0s - loss: 0.2759 - mean_squared_error: 0.2759 - mean_absolute_error: 0.4659
Epoch 00016: val_loss improved from 0.18676 to 0.18192, saving model to /n/home05/isvetkey/cnn-stimuli/RESULTS/s.Figure5.position_common_scale/1/VGG19.h5

600/600 [==============================] - 0s 285us/step - loss: 0.2762 - mean_squared_error: 0.2762 - mean_absolute_error: 0.4641 - val_loss: 0.1819 - val_mean_squared_error: 0.1819 - val_mean_absolute_error: 0.3336
Epoch 17/1000

 32/600 [>.............................] - ETA: 0s - loss: 0.2755 - mean_squared_error: 0.2755 - mean_absolute_error: 0.4752
416/600 [===================>..........] - ETA: 0s - loss: 0.2692 - mean_squared_error: 0.2692 - mean_absolute_error: 0.4573
Epoch 00017: val_loss improved from 0.18192 to 0.17725, saving model to /n/home05/isvetkey/cnn-stimuli/RESULTS/s.Figure5.position_common_scale/1/VGG19.h5

600/600 [==============================] - 0s 266us/step - loss: 0.2697 - mean_squared_error: 0.2697 - mean_absolute_error: 0.4585 - val_loss: 0.1772 - val_mean_squared_error: 0.1772 - val_mean_absolute_error: 0.3285
Epoch 18/1000

 32/600 [>.............................] - ETA: 0s - loss: 0.2610 - mean_squared_error: 0.2610 - mean_absolute_error: 0.4542
416/600 [===================>..........] - ETA: 0s - loss: 0.2679 - mean_squared_error: 0.2679 - mean_absolute_error: 0.4574
Epoch 00018: val_loss improved from 0.17725 to 0.17271, saving model to /n/home05/isvetkey/cnn-stimuli/RESULTS/s.Figure5.position_common_scale/1/VGG19.h5

600/600 [==============================] - 0s 261us/step - loss: 0.2641 - mean_squared_error: 0.2641 - mean_absolute_error: 0.4537 - val_loss: 0.1727 - val_mean_squared_error: 0.1727 - val_mean_absolute_error: 0.3236
Epoch 19/1000

 32/600 [>.............................] - ETA: 0s - loss: 0.2338 - mean_squared_error: 0.2338 - mean_absolute_error: 0.4242
416/600 [===================>..........] - ETA: 0s - loss: 0.2529 - mean_squared_error: 0.2529 - mean_absolute_error: 0.4424
Epoch 00019: val_loss improved from 0.17271 to 0.16838, saving model to /n/home05/isvetkey/cnn-stimuli/RESULTS/s.Figure5.position_common_scale/1/VGG19.h5

600/600 [==============================] - 0s 265us/step - loss: 0.2577 - mean_squared_error: 0.2577 - mean_absolute_error: 0.4480 - val_loss: 0.1684 - val_mean_squared_error: 0.1684 - val_mean_absolute_error: 0.3188
Epoch 20/1000

 32/600 [>.............................] - ETA: 0s - loss: 0.2655 - mean_squared_error: 0.2655 - mean_absolute_error: 0.4581
416/600 [===================>..........] - ETA: 0s - loss: 0.2477 - mean_squared_error: 0.2477 - mean_absolute_error: 0.4384
Epoch 00020: val_loss improved from 0.16838 to 0.16415, saving model to /n/home05/isvetkey/cnn-stimuli/RESULTS/s.Figure5.position_common_scale/1/VGG19.h5

600/600 [==============================] - 0s 261us/step - loss: 0.2514 - mean_squared_error: 0.2514 - mean_absolute_error: 0.4425 - val_loss: 0.1641 - val_mean_squared_error: 0.1641 - val_mean_absolute_error: 0.3140
Epoch 21/1000

 32/600 [>.............................] - ETA: 0s - loss: 0.2957 - mean_squared_error: 0.2957 - mean_absolute_error: 0.4916
416/600 [===================>..........] - ETA: 0s - loss: 0.2457 - mean_squared_error: 0.2457 - mean_absolute_error: 0.4366
Epoch 00021: val_loss improved from 0.16415 to 0.16007, saving model to /n/home05/isvetkey/cnn-stimuli/RESULTS/s.Figure5.position_common_scale/1/VGG19.h5

600/600 [==============================] - 0s 264us/step - loss: 0.2458 - mean_squared_error: 0.2458 - mean_absolute_error: 0.4377 - val_loss: 0.1601 - val_mean_squared_error: 0.1601 - val_mean_absolute_error: 0.3093
Epoch 22/1000

 32/600 [>.............................] - ETA: 0s - loss: 0.2063 - mean_squared_error: 0.2063 - mean_absolute_error: 0.3792
416/600 [===================>..........] - ETA: 0s - loss: 0.2387 - mean_squared_error: 0.2387 - mean_absolute_error: 0.4318
Epoch 00022: val_loss improved from 0.16007 to 0.15611, saving model to /n/home05/isvetkey/cnn-stimuli/RESULTS/s.Figure5.position_common_scale/1/VGG19.h5

600/600 [==============================] - 0s 259us/step - loss: 0.2396 - mean_squared_error: 0.2396 - mean_absolute_error: 0.4320 - val_loss: 0.1561 - val_mean_squared_error: 0.1561 - val_mean_absolute_error: 0.3048
Epoch 23/1000

 32/600 [>.............................] - ETA: 0s - loss: 0.2093 - mean_squared_error: 0.2093 - mean_absolute_error: 0.4010
384/600 [==================>...........] - ETA: 0s - loss: 0.2381 - mean_squared_error: 0.2381 - mean_absolute_error: 0.4309
Epoch 00023: val_loss improved from 0.15611 to 0.15226, saving model to /n/home05/isvetkey/cnn-stimuli/RESULTS/s.Figure5.position_common_scale/1/VGG19.h5

600/600 [==============================] - 0s 275us/step - loss: 0.2341 - mean_squared_error: 0.2341 - mean_absolute_error: 0.4271 - val_loss: 0.1523 - val_mean_squared_error: 0.1523 - val_mean_absolute_error: 0.3005
Epoch 24/1000

 32/600 [>.............................] - ETA: 0s - loss: 0.2402 - mean_squared_error: 0.2402 - mean_absolute_error: 0.4308
320/600 [===============>..............] - ETA: 0s - loss: 0.2253 - mean_squared_error: 0.2253 - mean_absolute_error: 0.4182
Epoch 00024: val_loss improved from 0.15226 to 0.14860, saving model to /n/home05/isvetkey/cnn-stimuli/RESULTS/s.Figure5.position_common_scale/1/VGG19.h5

600/600 [==============================] - 0s 285us/step - loss: 0.2292 - mean_squared_error: 0.2292 - mean_absolute_error: 0.4228 - val_loss: 0.1486 - val_mean_squared_error: 0.1486 - val_mean_absolute_error: 0.2965
Epoch 25/1000

 32/600 [>.............................] - ETA: 0s - loss: 0.2390 - mean_squared_error: 0.2390 - mean_absolute_error: 0.4345
416/600 [===================>..........] - ETA: 0s - loss: 0.2248 - mean_squared_error: 0.2248 - mean_absolute_error: 0.4187
Epoch 00025: val_loss improved from 0.14860 to 0.14502, saving model to /n/home05/isvetkey/cnn-stimuli/RESULTS/s.Figure5.position_common_scale/1/VGG19.h5

600/600 [==============================] - 0s 285us/step - loss: 0.2239 - mean_squared_error: 0.2239 - mean_absolute_error: 0.4178 - val_loss: 0.1450 - val_mean_squared_error: 0.1450 - val_mean_absolute_error: 0.2927
Epoch 26/1000

 32/600 [>.............................] - ETA: 0s - loss: 0.2249 - mean_squared_error: 0.2249 - mean_absolute_error: 0.4202
416/600 [===================>..........] - ETA: 0s - loss: 0.2180 - mean_squared_error: 0.2180 - mean_absolute_error: 0.4117
Epoch 00026: val_loss improved from 0.14502 to 0.14157, saving model to /n/home05/isvetkey/cnn-stimuli/RESULTS/s.Figure5.position_common_scale/1/VGG19.h5

600/600 [==============================] - 0s 275us/step - loss: 0.2187 - mean_squared_error: 0.2187 - mean_absolute_error: 0.4128 - val_loss: 0.1416 - val_mean_squared_error: 0.1416 - val_mean_absolute_error: 0.2890
Epoch 27/1000

 32/600 [>.............................] - ETA: 0s - loss: 0.2308 - mean_squared_error: 0.2308 - mean_absolute_error: 0.4150
416/600 [===================>..........] - ETA: 0s - loss: 0.2137 - mean_squared_error: 0.2137 - mean_absolute_error: 0.4076
Epoch 00027: val_loss improved from 0.14157 to 0.13826, saving model to /n/home05/isvetkey/cnn-stimuli/RESULTS/s.Figure5.position_common_scale/1/VGG19.h5

600/600 [==============================] - 0s 270us/step - loss: 0.2138 - mean_squared_error: 0.2138 - mean_absolute_error: 0.4084 - val_loss: 0.1383 - val_mean_squared_error: 0.1383 - val_mean_absolute_error: 0.2854
Epoch 28/1000

 32/600 [>.............................] - ETA: 0s - loss: 0.1943 - mean_squared_error: 0.1943 - mean_absolute_error: 0.3850
416/600 [===================>..........] - ETA: 0s - loss: 0.2070 - mean_squared_error: 0.2070 - mean_absolute_error: 0.4007
Epoch 00028: val_loss improved from 0.13826 to 0.13506, saving model to /n/home05/isvetkey/cnn-stimuli/RESULTS/s.Figure5.position_common_scale/1/VGG19.h5

600/600 [==============================] - 0s 617us/step - loss: 0.2090 - mean_squared_error: 0.2090 - mean_absolute_error: 0.4040 - val_loss: 0.1351 - val_mean_squared_error: 0.1351 - val_mean_absolute_error: 0.2818
Epoch 29/1000

 32/600 [>.............................] - ETA: 0s - loss: 0.1977 - mean_squared_error: 0.1977 - mean_absolute_error: 0.3925
352/600 [================>.............] - ETA: 0s - loss: 0.2061 - mean_squared_error: 0.2061 - mean_absolute_error: 0.4011
Epoch 00029: val_loss improved from 0.13506 to 0.13194, saving model to /n/home05/isvetkey/cnn-stimuli/RESULTS/s.Figure5.position_common_scale/1/VGG19.h5

600/600 [==============================] - 0s 287us/step - loss: 0.2043 - mean_squared_error: 0.2043 - mean_absolute_error: 0.3997 - val_loss: 0.1319 - val_mean_squared_error: 0.1319 - val_mean_absolute_error: 0.2783
Epoch 30/1000

 32/600 [>.............................] - ETA: 0s - loss: 0.2257 - mean_squared_error: 0.2257 - mean_absolute_error: 0.4287
416/600 [===================>..........] - ETA: 0s - loss: 0.1970 - mean_squared_error: 0.1970 - mean_absolute_error: 0.3919
Epoch 00030: val_loss improved from 0.13194 to 0.12895, saving model to /n/home05/isvetkey/cnn-stimuli/RESULTS/s.Figure5.position_common_scale/1/VGG19.h5

600/600 [==============================] - 0s 278us/step - loss: 0.1990 - mean_squared_error: 0.1990 - mean_absolute_error: 0.3944 - val_loss: 0.1290 - val_mean_squared_error: 0.1290 - val_mean_absolute_error: 0.2749
Epoch 31/1000

 32/600 [>.............................] - ETA: 0s - loss: 0.1867 - mean_squared_error: 0.1867 - mean_absolute_error: 0.3788
416/600 [===================>..........] - ETA: 0s - loss: 0.1927 - mean_squared_error: 0.1927 - mean_absolute_error: 0.3876
Epoch 00031: val_loss improved from 0.12895 to 0.12607, saving model to /n/home05/isvetkey/cnn-stimuli/RESULTS/s.Figure5.position_common_scale/1/VGG19.h5

600/600 [==============================] - 0s 265us/step - loss: 0.1959 - mean_squared_error: 0.1959 - mean_absolute_error: 0.3913 - val_loss: 0.1261 - val_mean_squared_error: 0.1261 - val_mean_absolute_error: 0.2715
Epoch 32/1000

 32/600 [>.............................] - ETA: 0s - loss: 0.2039 - mean_squared_error: 0.2039 - mean_absolute_error: 0.4053
352/600 [================>.............] - ETA: 0s - loss: 0.1883 - mean_squared_error: 0.1883 - mean_absolute_error: 0.3837
Epoch 00032: val_loss improved from 0.12607 to 0.12328, saving model to /n/home05/isvetkey/cnn-stimuli/RESULTS/s.Figure5.position_common_scale/1/VGG19.h5

600/600 [==============================] - 0s 636us/step - loss: 0.1904 - mean_squared_error: 0.1904 - mean_absolute_error: 0.3861 - val_loss: 0.1233 - val_mean_squared_error: 0.1233 - val_mean_absolute_error: 0.2684
Epoch 33/1000

 32/600 [>.............................] - ETA: 0s - loss: 0.2062 - mean_squared_error: 0.2062 - mean_absolute_error: 0.4006
256/600 [===========>..................] - ETA: 0s - loss: 0.1796 - mean_squared_error: 0.1796 - mean_absolute_error: 0.3744
544/600 [==========================>...] - ETA: 0s - loss: 0.1865 - mean_squared_error: 0.1865 - mean_absolute_error: 0.3824
Epoch 00033: val_loss improved from 0.12328 to 0.12060, saving model to /n/home05/isvetkey/cnn-stimuli/RESULTS/s.Figure5.position_common_scale/1/VGG19.h5

600/600 [==============================] - 0s 423us/step - loss: 0.1869 - mean_squared_error: 0.1869 - mean_absolute_error: 0.3824 - val_loss: 0.1206 - val_mean_squared_error: 0.1206 - val_mean_absolute_error: 0.2655
Epoch 34/1000

 32/600 [>.............................] - ETA: 0s - loss: 0.1857 - mean_squared_error: 0.1857 - mean_absolute_error: 0.3793
320/600 [===============>..............] - ETA: 0s - loss: 0.1865 - mean_squared_error: 0.1865 - mean_absolute_error: 0.3803
Epoch 00034: val_loss improved from 0.12060 to 0.11800, saving model to /n/home05/isvetkey/cnn-stimuli/RESULTS/s.Figure5.position_common_scale/1/VGG19.h5

600/600 [==============================] - 0s 291us/step - loss: 0.1827 - mean_squared_error: 0.1827 - mean_absolute_error: 0.3779 - val_loss: 0.1180 - val_mean_squared_error: 0.1180 - val_mean_absolute_error: 0.2626
Epoch 35/1000

 32/600 [>.............................] - ETA: 0s - loss: 0.1581 - mean_squared_error: 0.1581 - mean_absolute_error: 0.3462
352/600 [================>.............] - ETA: 0s - loss: 0.1793 - mean_squared_error: 0.1793 - mean_absolute_error: 0.3752
Epoch 00035: val_loss improved from 0.11800 to 0.11550, saving model to /n/home05/isvetkey/cnn-stimuli/RESULTS/s.Figure5.position_common_scale/1/VGG19.h5

600/600 [==============================] - 0s 288us/step - loss: 0.1773 - mean_squared_error: 0.1773 - mean_absolute_error: 0.3728 - val_loss: 0.1155 - val_mean_squared_error: 0.1155 - val_mean_absolute_error: 0.2600
Epoch 36/1000

 32/600 [>.............................] - ETA: 0s - loss: 0.1821 - mean_squared_error: 0.1821 - mean_absolute_error: 0.3741
416/600 [===================>..........] - ETA: 0s - loss: 0.1764 - mean_squared_error: 0.1764 - mean_absolute_error: 0.3731
Epoch 00036: val_loss improved from 0.11550 to 0.11306, saving model to /n/home05/isvetkey/cnn-stimuli/RESULTS/s.Figure5.position_common_scale/1/VGG19.h5

600/600 [==============================] - 0s 267us/step - loss: 0.1742 - mean_squared_error: 0.1742 - mean_absolute_error: 0.3697 - val_loss: 0.1131 - val_mean_squared_error: 0.1131 - val_mean_absolute_error: 0.2575
Epoch 37/1000

 32/600 [>.............................] - ETA: 0s - loss: 0.1518 - mean_squared_error: 0.1518 - mean_absolute_error: 0.3412
384/600 [==================>...........] - ETA: 0s - loss: 0.1707 - mean_squared_error: 0.1707 - mean_absolute_error: 0.3651
Epoch 00037: val_loss improved from 0.11306 to 0.11075, saving model to /n/home05/isvetkey/cnn-stimuli/RESULTS/s.Figure5.position_common_scale/1/VGG19.h5

600/600 [==============================] - 0s 272us/step - loss: 0.1712 - mean_squared_error: 0.1712 - mean_absolute_error: 0.3664 - val_loss: 0.1107 - val_mean_squared_error: 0.1107 - val_mean_absolute_error: 0.2551
Epoch 38/1000

 32/600 [>.............................] - ETA: 0s - loss: 0.1739 - mean_squared_error: 0.1739 - mean_absolute_error: 0.3769
352/600 [================>.............] - ETA: 0s - loss: 0.1678 - mean_squared_error: 0.1678 - mean_absolute_error: 0.3619
Epoch 00038: val_loss improved from 0.11075 to 0.10850, saving model to /n/home05/isvetkey/cnn-stimuli/RESULTS/s.Figure5.position_common_scale/1/VGG19.h5

600/600 [==============================] - 0s 276us/step - loss: 0.1671 - mean_squared_error: 0.1671 - mean_absolute_error: 0.3620 - val_loss: 0.1085 - val_mean_squared_error: 0.1085 - val_mean_absolute_error: 0.2527
Epoch 39/1000

 32/600 [>.............................] - ETA: 0s - loss: 0.1614 - mean_squared_error: 0.1614 - mean_absolute_error: 0.3538
320/600 [===============>..............] - ETA: 0s - loss: 0.1580 - mean_squared_error: 0.1580 - mean_absolute_error: 0.3513
Epoch 00039: val_loss improved from 0.10850 to 0.10635, saving model to /n/home05/isvetkey/cnn-stimuli/RESULTS/s.Figure5.position_common_scale/1/VGG19.h5

600/600 [==============================] - 0s 293us/step - loss: 0.1639 - mean_squared_error: 0.1639 - mean_absolute_error: 0.3582 - val_loss: 0.1064 - val_mean_squared_error: 0.1064 - val_mean_absolute_error: 0.2505
Epoch 40/1000

 32/600 [>.............................] - ETA: 0s - loss: 0.1610 - mean_squared_error: 0.1610 - mean_absolute_error: 0.3572
352/600 [================>.............] - ETA: 0s - loss: 0.1589 - mean_squared_error: 0.1589 - mean_absolute_error: 0.3531
Epoch 00040: val_loss improved from 0.10635 to 0.10427, saving model to /n/home05/isvetkey/cnn-stimuli/RESULTS/s.Figure5.position_common_scale/1/VGG19.h5

600/600 [==============================] - 0s 275us/step - loss: 0.1597 - mean_squared_error: 0.1597 - mean_absolute_error: 0.3541 - val_loss: 0.1043 - val_mean_squared_error: 0.1043 - val_mean_absolute_error: 0.2484
Epoch 41/1000

 32/600 [>.............................] - ETA: 0s - loss: 0.1586 - mean_squared_error: 0.1586 - mean_absolute_error: 0.3541
416/600 [===================>..........] - ETA: 0s - loss: 0.1562 - mean_squared_error: 0.1562 - mean_absolute_error: 0.3504
Epoch 00041: val_loss improved from 0.10427 to 0.10225, saving model to /n/home05/isvetkey/cnn-stimuli/RESULTS/s.Figure5.position_common_scale/1/VGG19.h5

600/600 [==============================] - 0s 263us/step - loss: 0.1559 - mean_squared_error: 0.1559 - mean_absolute_error: 0.3500 - val_loss: 0.1023 - val_mean_squared_error: 0.1023 - val_mean_absolute_error: 0.2464
Epoch 42/1000

 32/600 [>.............................] - ETA: 0s - loss: 0.1493 - mean_squared_error: 0.1493 - mean_absolute_error: 0.3348
352/600 [================>.............] - ETA: 0s - loss: 0.1536 - mean_squared_error: 0.1536 - mean_absolute_error: 0.3469
Epoch 00042: val_loss improved from 0.10225 to 0.10032, saving model to /n/home05/isvetkey/cnn-stimuli/RESULTS/s.Figure5.position_common_scale/1/VGG19.h5

600/600 [==============================] - 0s 278us/step - loss: 0.1532 - mean_squared_error: 0.1532 - mean_absolute_error: 0.3467 - val_loss: 0.1003 - val_mean_squared_error: 0.1003 - val_mean_absolute_error: 0.2444
Epoch 43/1000

 32/600 [>.............................] - ETA: 0s - loss: 0.1637 - mean_squared_error: 0.1637 - mean_absolute_error: 0.3509
416/600 [===================>..........] - ETA: 0s - loss: 0.1512 - mean_squared_error: 0.1512 - mean_absolute_error: 0.3446
Epoch 00043: val_loss improved from 0.10032 to 0.09848, saving model to /n/home05/isvetkey/cnn-stimuli/RESULTS/s.Figure5.position_common_scale/1/VGG19.h5

600/600 [==============================] - 0s 261us/step - loss: 0.1505 - mean_squared_error: 0.1505 - mean_absolute_error: 0.3435 - val_loss: 0.0985 - val_mean_squared_error: 0.0985 - val_mean_absolute_error: 0.2426
Epoch 44/1000

 32/600 [>.............................] - ETA: 0s - loss: 0.1464 - mean_squared_error: 0.1464 - mean_absolute_error: 0.3380
352/600 [================>.............] - ETA: 0s - loss: 0.1490 - mean_squared_error: 0.1490 - mean_absolute_error: 0.3399
Epoch 00044: val_loss improved from 0.09848 to 0.09670, saving model to /n/home05/isvetkey/cnn-stimuli/RESULTS/s.Figure5.position_common_scale/1/VGG19.h5

600/600 [==============================] - 0s 275us/step - loss: 0.1476 - mean_squared_error: 0.1476 - mean_absolute_error: 0.3401 - val_loss: 0.0967 - val_mean_squared_error: 0.0967 - val_mean_absolute_error: 0.2411
Epoch 45/1000

 32/600 [>.............................] - ETA: 0s - loss: 0.1356 - mean_squared_error: 0.1356 - mean_absolute_error: 0.3301
416/600 [===================>..........] - ETA: 0s - loss: 0.1407 - mean_squared_error: 0.1407 - mean_absolute_error: 0.3313
Epoch 00045: val_loss improved from 0.09670 to 0.09500, saving model to /n/home05/isvetkey/cnn-stimuli/RESULTS/s.Figure5.position_common_scale/1/VGG19.h5

600/600 [==============================] - 0s 264us/step - loss: 0.1440 - mean_squared_error: 0.1440 - mean_absolute_error: 0.3360 - val_loss: 0.0950 - val_mean_squared_error: 0.0950 - val_mean_absolute_error: 0.2395
Epoch 46/1000

 32/600 [>.............................] - ETA: 0s - loss: 0.1415 - mean_squared_error: 0.1415 - mean_absolute_error: 0.3386
352/600 [================>.............] - ETA: 0s - loss: 0.1402 - mean_squared_error: 0.1402 - mean_absolute_error: 0.3320
Epoch 00046: val_loss improved from 0.09500 to 0.09336, saving model to /n/home05/isvetkey/cnn-stimuli/RESULTS/s.Figure5.position_common_scale/1/VGG19.h5

600/600 [==============================] - 0s 276us/step - loss: 0.1416 - mean_squared_error: 0.1416 - mean_absolute_error: 0.3332 - val_loss: 0.0934 - val_mean_squared_error: 0.0934 - val_mean_absolute_error: 0.2381
Epoch 47/1000

 32/600 [>.............................] - ETA: 0s - loss: 0.1303 - mean_squared_error: 0.1303 - mean_absolute_error: 0.3202
416/600 [===================>..........] - ETA: 0s - loss: 0.1360 - mean_squared_error: 0.1360 - mean_absolute_error: 0.3266
Epoch 00047: val_loss improved from 0.09336 to 0.09179, saving model to /n/home05/isvetkey/cnn-stimuli/RESULTS/s.Figure5.position_common_scale/1/VGG19.h5

600/600 [==============================] - 0s 264us/step - loss: 0.1392 - mean_squared_error: 0.1392 - mean_absolute_error: 0.3307 - val_loss: 0.0918 - val_mean_squared_error: 0.0918 - val_mean_absolute_error: 0.2366
Epoch 48/1000

 32/600 [>.............................] - ETA: 0s - loss: 0.1331 - mean_squared_error: 0.1331 - mean_absolute_error: 0.3272
416/600 [===================>..........] - ETA: 0s - loss: 0.1363 - mean_squared_error: 0.1363 - mean_absolute_error: 0.3272
Epoch 00048: val_loss improved from 0.09179 to 0.09028, saving model to /n/home05/isvetkey/cnn-stimuli/RESULTS/s.Figure5.position_common_scale/1/VGG19.h5

600/600 [==============================] - 0s 263us/step - loss: 0.1354 - mean_squared_error: 0.1354 - mean_absolute_error: 0.3261 - val_loss: 0.0903 - val_mean_squared_error: 0.0903 - val_mean_absolute_error: 0.2352
Epoch 49/1000

 32/600 [>.............................] - ETA: 0s - loss: 0.1650 - mean_squared_error: 0.1650 - mean_absolute_error: 0.3652
352/600 [================>.............] - ETA: 0s - loss: 0.1337 - mean_squared_error: 0.1337 - mean_absolute_error: 0.3240
Epoch 00049: val_loss improved from 0.09028 to 0.08883, saving model to /n/home05/isvetkey/cnn-stimuli/RESULTS/s.Figure5.position_common_scale/1/VGG19.h5

600/600 [==============================] - 0s 282us/step - loss: 0.1332 - mean_squared_error: 0.1332 - mean_absolute_error: 0.3232 - val_loss: 0.0888 - val_mean_squared_error: 0.0888 - val_mean_absolute_error: 0.2339
Epoch 50/1000

 32/600 [>.............................] - ETA: 0s - loss: 0.1341 - mean_squared_error: 0.1341 - mean_absolute_error: 0.3272
416/600 [===================>..........] - ETA: 0s - loss: 0.1304 - mean_squared_error: 0.1304 - mean_absolute_error: 0.3198
Epoch 00050: val_loss improved from 0.08883 to 0.08744, saving model to /n/home05/isvetkey/cnn-stimuli/RESULTS/s.Figure5.position_common_scale/1/VGG19.h5

600/600 [==============================] - 0s 260us/step - loss: 0.1306 - mean_squared_error: 0.1306 - mean_absolute_error: 0.3203 - val_loss: 0.0874 - val_mean_squared_error: 0.0874 - val_mean_absolute_error: 0.2326
Epoch 51/1000

 32/600 [>.............................] - ETA: 0s - loss: 0.1260 - mean_squared_error: 0.1260 - mean_absolute_error: 0.3150
416/600 [===================>..........] - ETA: 0s - loss: 0.1279 - mean_squared_error: 0.1279 - mean_absolute_error: 0.3159
Epoch 00051: val_loss improved from 0.08744 to 0.08612, saving model to /n/home05/isvetkey/cnn-stimuli/RESULTS/s.Figure5.position_common_scale/1/VGG19.h5

600/600 [==============================] - 0s 263us/step - loss: 0.1277 - mean_squared_error: 0.1277 - mean_absolute_error: 0.3160 - val_loss: 0.0861 - val_mean_squared_error: 0.0861 - val_mean_absolute_error: 0.2313
Epoch 52/1000

 32/600 [>.............................] - ETA: 0s - loss: 0.1262 - mean_squared_error: 0.1262 - mean_absolute_error: 0.3159
416/600 [===================>..........] - ETA: 0s - loss: 0.1285 - mean_squared_error: 0.1285 - mean_absolute_error: 0.3174
Epoch 00052: val_loss improved from 0.08612 to 0.08485, saving model to /n/home05/isvetkey/cnn-stimuli/RESULTS/s.Figure5.position_common_scale/1/VGG19.h5

600/600 [==============================] - 0s 272us/step - loss: 0.1262 - mean_squared_error: 0.1262 - mean_absolute_error: 0.3143 - val_loss: 0.0848 - val_mean_squared_error: 0.0848 - val_mean_absolute_error: 0.2300
Epoch 53/1000

 32/600 [>.............................] - ETA: 0s - loss: 0.1317 - mean_squared_error: 0.1317 - mean_absolute_error: 0.3242
416/600 [===================>..........] - ETA: 0s - loss: 0.1208 - mean_squared_error: 0.1208 - mean_absolute_error: 0.3072
Epoch 00053: val_loss improved from 0.08485 to 0.08364, saving model to /n/home05/isvetkey/cnn-stimuli/RESULTS/s.Figure5.position_common_scale/1/VGG19.h5

600/600 [==============================] - 0s 282us/step - loss: 0.1233 - mean_squared_error: 0.1233 - mean_absolute_error: 0.3106 - val_loss: 0.0836 - val_mean_squared_error: 0.0836 - val_mean_absolute_error: 0.2288
Epoch 54/1000

 32/600 [>.............................] - ETA: 0s - loss: 0.1281 - mean_squared_error: 0.1281 - mean_absolute_error: 0.3210
352/600 [================>.............] - ETA: 0s - loss: 0.1233 - mean_squared_error: 0.1233 - mean_absolute_error: 0.3113
Epoch 00054: val_loss improved from 0.08364 to 0.08248, saving model to /n/home05/isvetkey/cnn-stimuli/RESULTS/s.Figure5.position_common_scale/1/VGG19.h5

600/600 [==============================] - 0s 280us/step - loss: 0.1207 - mean_squared_error: 0.1207 - mean_absolute_error: 0.3076 - val_loss: 0.0825 - val_mean_squared_error: 0.0825 - val_mean_absolute_error: 0.2277
Epoch 55/1000

 32/600 [>.............................] - ETA: 0s - loss: 0.1190 - mean_squared_error: 0.1190 - mean_absolute_error: 0.3073
416/600 [===================>..........] - ETA: 0s - loss: 0.1189 - mean_squared_error: 0.1189 - mean_absolute_error: 0.3051
Epoch 00055: val_loss improved from 0.08248 to 0.08136, saving model to /n/home05/isvetkey/cnn-stimuli/RESULTS/s.Figure5.position_common_scale/1/VGG19.h5

600/600 [==============================] - 0s 265us/step - loss: 0.1188 - mean_squared_error: 0.1188 - mean_absolute_error: 0.3052 - val_loss: 0.0814 - val_mean_squared_error: 0.0814 - val_mean_absolute_error: 0.2265
Epoch 56/1000

 32/600 [>.............................] - ETA: 0s - loss: 0.1045 - mean_squared_error: 0.1045 - mean_absolute_error: 0.2864
352/600 [================>.............] - ETA: 0s - loss: 0.1176 - mean_squared_error: 0.1176 - mean_absolute_error: 0.3035
Epoch 00056: val_loss improved from 0.08136 to 0.08031, saving model to /n/home05/isvetkey/cnn-stimuli/RESULTS/s.Figure5.position_common_scale/1/VGG19.h5

600/600 [==============================] - 0s 277us/step - loss: 0.1167 - mean_squared_error: 0.1167 - mean_absolute_error: 0.3020 - val_loss: 0.0803 - val_mean_squared_error: 0.0803 - val_mean_absolute_error: 0.2254
Epoch 57/1000

 32/600 [>.............................] - ETA: 0s - loss: 0.1135 - mean_squared_error: 0.1135 - mean_absolute_error: 0.3073
416/600 [===================>..........] - ETA: 0s - loss: 0.1145 - mean_squared_error: 0.1145 - mean_absolute_error: 0.2998
Epoch 00057: val_loss improved from 0.08031 to 0.07929, saving model to /n/home05/isvetkey/cnn-stimuli/RESULTS/s.Figure5.position_common_scale/1/VGG19.h5

600/600 [==============================] - 0s 265us/step - loss: 0.1150 - mean_squared_error: 0.1150 - mean_absolute_error: 0.3000 - val_loss: 0.0793 - val_mean_squared_error: 0.0793 - val_mean_absolute_error: 0.2243
Epoch 58/1000

 32/600 [>.............................] - ETA: 0s - loss: 0.1208 - mean_squared_error: 0.1208 - mean_absolute_error: 0.3130
384/600 [==================>...........] - ETA: 0s - loss: 0.1119 - mean_squared_error: 0.1119 - mean_absolute_error: 0.2951
Epoch 00058: val_loss improved from 0.07929 to 0.07832, saving model to /n/home05/isvetkey/cnn-stimuli/RESULTS/s.Figure5.position_common_scale/1/VGG19.h5

600/600 [==============================] - 0s 280us/step - loss: 0.1123 - mean_squared_error: 0.1123 - mean_absolute_error: 0.2961 - val_loss: 0.0783 - val_mean_squared_error: 0.0783 - val_mean_absolute_error: 0.2233
Epoch 59/1000

 32/600 [>.............................] - ETA: 0s - loss: 0.1100 - mean_squared_error: 0.1100 - mean_absolute_error: 0.2978
320/600 [===============>..............] - ETA: 0s - loss: 0.1101 - mean_squared_error: 0.1101 - mean_absolute_error: 0.2934
Epoch 00059: val_loss improved from 0.07832 to 0.07741, saving model to /n/home05/isvetkey/cnn-stimuli/RESULTS/s.Figure5.position_common_scale/1/VGG19.h5

600/600 [==============================] - 0s 292us/step - loss: 0.1106 - mean_squared_error: 0.1106 - mean_absolute_error: 0.2940 - val_loss: 0.0774 - val_mean_squared_error: 0.0774 - val_mean_absolute_error: 0.2223
Epoch 60/1000

 32/600 [>.............................] - ETA: 0s - loss: 0.1190 - mean_squared_error: 0.1190 - mean_absolute_error: 0.2983
416/600 [===================>..........] - ETA: 0s - loss: 0.1065 - mean_squared_error: 0.1065 - mean_absolute_error: 0.2877
Epoch 00060: val_loss improved from 0.07741 to 0.07653, saving model to /n/home05/isvetkey/cnn-stimuli/RESULTS/s.Figure5.position_common_scale/1/VGG19.h5

600/600 [==============================] - 0s 266us/step - loss: 0.1088 - mean_squared_error: 0.1088 - mean_absolute_error: 0.2918 - val_loss: 0.0765 - val_mean_squared_error: 0.0765 - val_mean_absolute_error: 0.2214
Epoch 61/1000

 32/600 [>.............................] - ETA: 0s - loss: 0.0870 - mean_squared_error: 0.0870 - mean_absolute_error: 0.2644
352/600 [================>.............] - ETA: 0s - loss: 0.1055 - mean_squared_error: 0.1055 - mean_absolute_error: 0.2866
Epoch 00061: val_loss improved from 0.07653 to 0.07570, saving model to /n/home05/isvetkey/cnn-stimuli/RESULTS/s.Figure5.position_common_scale/1/VGG19.h5

600/600 [==============================] - 0s 283us/step - loss: 0.1066 - mean_squared_error: 0.1066 - mean_absolute_error: 0.2884 - val_loss: 0.0757 - val_mean_squared_error: 0.0757 - val_mean_absolute_error: 0.2205
Epoch 62/1000

 32/600 [>.............................] - ETA: 0s - loss: 0.0863 - mean_squared_error: 0.0863 - mean_absolute_error: 0.2575
416/600 [===================>..........] - ETA: 0s - loss: 0.1053 - mean_squared_error: 0.1053 - mean_absolute_error: 0.2857
Epoch 00062: val_loss improved from 0.07570 to 0.07491, saving model to /n/home05/isvetkey/cnn-stimuli/RESULTS/s.Figure5.position_common_scale/1/VGG19.h5

600/600 [==============================] - 0s 265us/step - loss: 0.1058 - mean_squared_error: 0.1058 - mean_absolute_error: 0.2870 - val_loss: 0.0749 - val_mean_squared_error: 0.0749 - val_mean_absolute_error: 0.2197
Epoch 63/1000

 32/600 [>.............................] - ETA: 0s - loss: 0.1121 - mean_squared_error: 0.1121 - mean_absolute_error: 0.2978
416/600 [===================>..........] - ETA: 0s - loss: 0.1043 - mean_squared_error: 0.1043 - mean_absolute_error: 0.2853
Epoch 00063: val_loss improved from 0.07491 to 0.07415, saving model to /n/home05/isvetkey/cnn-stimuli/RESULTS/s.Figure5.position_common_scale/1/VGG19.h5

600/600 [==============================] - 0s 266us/step - loss: 0.1029 - mean_squared_error: 0.1029 - mean_absolute_error: 0.2829 - val_loss: 0.0742 - val_mean_squared_error: 0.0742 - val_mean_absolute_error: 0.2189
Epoch 64/1000

 32/600 [>.............................] - ETA: 0s - loss: 0.1013 - mean_squared_error: 0.1013 - mean_absolute_error: 0.2716
352/600 [================>.............] - ETA: 0s - loss: 0.1018 - mean_squared_error: 0.1018 - mean_absolute_error: 0.2818
Epoch 00064: val_loss improved from 0.07415 to 0.07344, saving model to /n/home05/isvetkey/cnn-stimuli/RESULTS/s.Figure5.position_common_scale/1/VGG19.h5

600/600 [==============================] - 0s 282us/step - loss: 0.1009 - mean_squared_error: 0.1009 - mean_absolute_error: 0.2801 - val_loss: 0.0734 - val_mean_squared_error: 0.0734 - val_mean_absolute_error: 0.2182
Epoch 65/1000

 32/600 [>.............................] - ETA: 0s - loss: 0.1059 - mean_squared_error: 0.1059 - mean_absolute_error: 0.2903
416/600 [===================>..........] - ETA: 0s - loss: 0.1001 - mean_squared_error: 0.1001 - mean_absolute_error: 0.2796
Epoch 00065: val_loss improved from 0.07344 to 0.07276, saving model to /n/home05/isvetkey/cnn-stimuli/RESULTS/s.Figure5.position_common_scale/1/VGG19.h5

600/600 [==============================] - 0s 273us/step - loss: 0.0999 - mean_squared_error: 0.0999 - mean_absolute_error: 0.2790 - val_loss: 0.0728 - val_mean_squared_error: 0.0728 - val_mean_absolute_error: 0.2176
Epoch 66/1000

 32/600 [>.............................] - ETA: 0s - loss: 0.0961 - mean_squared_error: 0.0961 - mean_absolute_error: 0.2700
416/600 [===================>..........] - ETA: 0s - loss: 0.0992 - mean_squared_error: 0.0992 - mean_absolute_error: 0.2778
Epoch 00066: val_loss improved from 0.07276 to 0.07212, saving model to /n/home05/isvetkey/cnn-stimuli/RESULTS/s.Figure5.position_common_scale/1/VGG19.h5

600/600 [==============================] - 0s 271us/step - loss: 0.0990 - mean_squared_error: 0.0990 - mean_absolute_error: 0.2778 - val_loss: 0.0721 - val_mean_squared_error: 0.0721 - val_mean_absolute_error: 0.2170
Epoch 67/1000

 32/600 [>.............................] - ETA: 0s - loss: 0.1067 - mean_squared_error: 0.1067 - mean_absolute_error: 0.2914
416/600 [===================>..........] - ETA: 0s - loss: 0.0981 - mean_squared_error: 0.0981 - mean_absolute_error: 0.2766
Epoch 00067: val_loss improved from 0.07212 to 0.07151, saving model to /n/home05/isvetkey/cnn-stimuli/RESULTS/s.Figure5.position_common_scale/1/VGG19.h5

600/600 [==============================] - 0s 268us/step - loss: 0.0965 - mean_squared_error: 0.0965 - mean_absolute_error: 0.2738 - val_loss: 0.0715 - val_mean_squared_error: 0.0715 - val_mean_absolute_error: 0.2164
Epoch 68/1000

 32/600 [>.............................] - ETA: 0s - loss: 0.0951 - mean_squared_error: 0.0951 - mean_absolute_error: 0.2662
416/600 [===================>..........] - ETA: 0s - loss: 0.0968 - mean_squared_error: 0.0968 - mean_absolute_error: 0.2744
Epoch 00068: val_loss improved from 0.07151 to 0.07094, saving model to /n/home05/isvetkey/cnn-stimuli/RESULTS/s.Figure5.position_common_scale/1/VGG19.h5

600/600 [==============================] - 0s 267us/step - loss: 0.0966 - mean_squared_error: 0.0966 - mean_absolute_error: 0.2735 - val_loss: 0.0709 - val_mean_squared_error: 0.0709 - val_mean_absolute_error: 0.2159
Epoch 69/1000

 32/600 [>.............................] - ETA: 0s - loss: 0.0813 - mean_squared_error: 0.0813 - mean_absolute_error: 0.2505
416/600 [===================>..........] - ETA: 0s - loss: 0.0939 - mean_squared_error: 0.0939 - mean_absolute_error: 0.2688
Epoch 00069: val_loss improved from 0.07094 to 0.07039, saving model to /n/home05/isvetkey/cnn-stimuli/RESULTS/s.Figure5.position_common_scale/1/VGG19.h5

600/600 [==============================] - 0s 273us/step - loss: 0.0937 - mean_squared_error: 0.0937 - mean_absolute_error: 0.2688 - val_loss: 0.0704 - val_mean_squared_error: 0.0704 - val_mean_absolute_error: 0.2154
Epoch 70/1000

 32/600 [>.............................] - ETA: 0s - loss: 0.0861 - mean_squared_error: 0.0861 - mean_absolute_error: 0.2527
416/600 [===================>..........] - ETA: 0s - loss: 0.0928 - mean_squared_error: 0.0928 - mean_absolute_error: 0.2672
Epoch 00070: val_loss improved from 0.07039 to 0.06989, saving model to /n/home05/isvetkey/cnn-stimuli/RESULTS/s.Figure5.position_common_scale/1/VGG19.h5

600/600 [==============================] - 0s 282us/step - loss: 0.0930 - mean_squared_error: 0.0930 - mean_absolute_error: 0.2684 - val_loss: 0.0699 - val_mean_squared_error: 0.0699 - val_mean_absolute_error: 0.2150
Epoch 71/1000

 32/600 [>.............................] - ETA: 0s - loss: 0.1052 - mean_squared_error: 0.1052 - mean_absolute_error: 0.2905
416/600 [===================>..........] - ETA: 0s - loss: 0.0889 - mean_squared_error: 0.0889 - mean_absolute_error: 0.2620
Epoch 00071: val_loss improved from 0.06989 to 0.06940, saving model to /n/home05/isvetkey/cnn-stimuli/RESULTS/s.Figure5.position_common_scale/1/VGG19.h5

600/600 [==============================] - 0s 270us/step - loss: 0.0915 - mean_squared_error: 0.0915 - mean_absolute_error: 0.2663 - val_loss: 0.0694 - val_mean_squared_error: 0.0694 - val_mean_absolute_error: 0.2147
Epoch 72/1000

 32/600 [>.............................] - ETA: 0s - loss: 0.0934 - mean_squared_error: 0.0934 - mean_absolute_error: 0.2643
384/600 [==================>...........] - ETA: 0s - loss: 0.0911 - mean_squared_error: 0.0911 - mean_absolute_error: 0.2654
Epoch 00072: val_loss improved from 0.06940 to 0.06895, saving model to /n/home05/isvetkey/cnn-stimuli/RESULTS/s.Figure5.position_common_scale/1/VGG19.h5

600/600 [==============================] - 0s 281us/step - loss: 0.0900 - mean_squared_error: 0.0900 - mean_absolute_error: 0.2632 - val_loss: 0.0689 - val_mean_squared_error: 0.0689 - val_mean_absolute_error: 0.2144
Epoch 73/1000

 32/600 [>.............................] - ETA: 0s - loss: 0.0995 - mean_squared_error: 0.0995 - mean_absolute_error: 0.2763
352/600 [================>.............] - ETA: 0s - loss: 0.0921 - mean_squared_error: 0.0921 - mean_absolute_error: 0.2657
Epoch 00073: val_loss improved from 0.06895 to 0.06853, saving model to /n/home05/isvetkey/cnn-stimuli/RESULTS/s.Figure5.position_common_scale/1/VGG19.h5

600/600 [==============================] - 0s 285us/step - loss: 0.0884 - mean_squared_error: 0.0884 - mean_absolute_error: 0.2609 - val_loss: 0.0685 - val_mean_squared_error: 0.0685 - val_mean_absolute_error: 0.2141
Epoch 74/1000

 32/600 [>.............................] - ETA: 0s - loss: 0.0933 - mean_squared_error: 0.0933 - mean_absolute_error: 0.2727
352/600 [================>.............] - ETA: 0s - loss: 0.0887 - mean_squared_error: 0.0887 - mean_absolute_error: 0.2606
Epoch 00074: val_loss improved from 0.06853 to 0.06813, saving model to /n/home05/isvetkey/cnn-stimuli/RESULTS/s.Figure5.position_common_scale/1/VGG19.h5

600/600 [==============================] - 0s 291us/step - loss: 0.0876 - mean_squared_error: 0.0876 - mean_absolute_error: 0.2598 - val_loss: 0.0681 - val_mean_squared_error: 0.0681 - val_mean_absolute_error: 0.2139
Epoch 75/1000

 32/600 [>.............................] - ETA: 0s - loss: 0.0915 - mean_squared_error: 0.0915 - mean_absolute_error: 0.2692
288/600 [=============>................] - ETA: 0s - loss: 0.0895 - mean_squared_error: 0.0895 - mean_absolute_error: 0.2636
Epoch 00075: val_loss improved from 0.06813 to 0.06775, saving model to /n/home05/isvetkey/cnn-stimuli/RESULTS/s.Figure5.position_common_scale/1/VGG19.h5

600/600 [==============================] - 0s 299us/step - loss: 0.0872 - mean_squared_error: 0.0872 - mean_absolute_error: 0.2589 - val_loss: 0.0678 - val_mean_squared_error: 0.0678 - val_mean_absolute_error: 0.2138
Epoch 76/1000

 32/600 [>.............................] - ETA: 0s - loss: 0.0998 - mean_squared_error: 0.0998 - mean_absolute_error: 0.2786
352/600 [================>.............] - ETA: 0s - loss: 0.0858 - mean_squared_error: 0.0858 - mean_absolute_error: 0.2565
Epoch 00076: val_loss improved from 0.06775 to 0.06741, saving model to /n/home05/isvetkey/cnn-stimuli/RESULTS/s.Figure5.position_common_scale/1/VGG19.h5

600/600 [==============================] - 0s 281us/step - loss: 0.0855 - mean_squared_error: 0.0855 - mean_absolute_error: 0.2567 - val_loss: 0.0674 - val_mean_squared_error: 0.0674 - val_mean_absolute_error: 0.2137
Epoch 77/1000

 32/600 [>.............................] - ETA: 0s - loss: 0.0773 - mean_squared_error: 0.0773 - mean_absolute_error: 0.2422
416/600 [===================>..........] - ETA: 0s - loss: 0.0846 - mean_squared_error: 0.0846 - mean_absolute_error: 0.2544
Epoch 00077: val_loss improved from 0.06741 to 0.06709, saving model to /n/home05/isvetkey/cnn-stimuli/RESULTS/s.Figure5.position_common_scale/1/VGG19.h5

600/600 [==============================] - 0s 268us/step - loss: 0.0847 - mean_squared_error: 0.0847 - mean_absolute_error: 0.2549 - val_loss: 0.0671 - val_mean_squared_error: 0.0671 - val_mean_absolute_error: 0.2137
Epoch 78/1000

 32/600 [>.............................] - ETA: 0s - loss: 0.0869 - mean_squared_error: 0.0869 - mean_absolute_error: 0.2669
416/600 [===================>..........] - ETA: 0s - loss: 0.0812 - mean_squared_error: 0.0812 - mean_absolute_error: 0.2492
Epoch 00078: val_loss improved from 0.06709 to 0.06679, saving model to /n/home05/isvetkey/cnn-stimuli/RESULTS/s.Figure5.position_common_scale/1/VGG19.h5

600/600 [==============================] - 0s 269us/step - loss: 0.0823 - mean_squared_error: 0.0823 - mean_absolute_error: 0.2511 - val_loss: 0.0668 - val_mean_squared_error: 0.0668 - val_mean_absolute_error: 0.2136
Epoch 79/1000

 32/600 [>.............................] - ETA: 0s - loss: 0.0771 - mean_squared_error: 0.0771 - mean_absolute_error: 0.2450
352/600 [================>.............] - ETA: 0s - loss: 0.0809 - mean_squared_error: 0.0809 - mean_absolute_error: 0.2495
Epoch 00079: val_loss improved from 0.06679 to 0.06652, saving model to /n/home05/isvetkey/cnn-stimuli/RESULTS/s.Figure5.position_common_scale/1/VGG19.h5

600/600 [==============================] - 0s 278us/step - loss: 0.0811 - mean_squared_error: 0.0811 - mean_absolute_error: 0.2493 - val_loss: 0.0665 - val_mean_squared_error: 0.0665 - val_mean_absolute_error: 0.2136
Epoch 80/1000

 32/600 [>.............................] - ETA: 0s - loss: 0.0781 - mean_squared_error: 0.0781 - mean_absolute_error: 0.2430
416/600 [===================>..........] - ETA: 0s - loss: 0.0821 - mean_squared_error: 0.0821 - mean_absolute_error: 0.2516
Epoch 00080: val_loss improved from 0.06652 to 0.06626, saving model to /n/home05/isvetkey/cnn-stimuli/RESULTS/s.Figure5.position_common_scale/1/VGG19.h5

600/600 [==============================] - 0s 261us/step - loss: 0.0801 - mean_squared_error: 0.0801 - mean_absolute_error: 0.2481 - val_loss: 0.0663 - val_mean_squared_error: 0.0663 - val_mean_absolute_error: 0.2135
Epoch 81/1000

 32/600 [>.............................] - ETA: 0s - loss: 0.0750 - mean_squared_error: 0.0750 - mean_absolute_error: 0.2393
416/600 [===================>..........] - ETA: 0s - loss: 0.0795 - mean_squared_error: 0.0795 - mean_absolute_error: 0.2455
Epoch 00081: val_loss improved from 0.06626 to 0.06603, saving model to /n/home05/isvetkey/cnn-stimuli/RESULTS/s.Figure5.position_common_scale/1/VGG19.h5

600/600 [==============================] - 0s 266us/step - loss: 0.0797 - mean_squared_error: 0.0797 - mean_absolute_error: 0.2459 - val_loss: 0.0660 - val_mean_squared_error: 0.0660 - val_mean_absolute_error: 0.2135
Epoch 82/1000

 32/600 [>.............................] - ETA: 0s - loss: 0.0768 - mean_squared_error: 0.0768 - mean_absolute_error: 0.2495
416/600 [===================>..........] - ETA: 0s - loss: 0.0817 - mean_squared_error: 0.0817 - mean_absolute_error: 0.2499
Epoch 00082: val_loss improved from 0.06603 to 0.06582, saving model to /n/home05/isvetkey/cnn-stimuli/RESULTS/s.Figure5.position_common_scale/1/VGG19.h5

600/600 [==============================] - 0s 262us/step - loss: 0.0793 - mean_squared_error: 0.0793 - mean_absolute_error: 0.2454 - val_loss: 0.0658 - val_mean_squared_error: 0.0658 - val_mean_absolute_error: 0.2135
Epoch 83/1000

 32/600 [>.............................] - ETA: 0s - loss: 0.0716 - mean_squared_error: 0.0716 - mean_absolute_error: 0.2363
416/600 [===================>..........] - ETA: 0s - loss: 0.0768 - mean_squared_error: 0.0768 - mean_absolute_error: 0.2404
Epoch 00083: val_loss improved from 0.06582 to 0.06562, saving model to /n/home05/isvetkey/cnn-stimuli/RESULTS/s.Figure5.position_common_scale/1/VGG19.h5

600/600 [==============================] - 0s 262us/step - loss: 0.0775 - mean_squared_error: 0.0775 - mean_absolute_error: 0.2423 - val_loss: 0.0656 - val_mean_squared_error: 0.0656 - val_mean_absolute_error: 0.2135
Epoch 84/1000

 32/600 [>.............................] - ETA: 0s - loss: 0.0743 - mean_squared_error: 0.0743 - mean_absolute_error: 0.2387
416/600 [===================>..........] - ETA: 0s - loss: 0.0769 - mean_squared_error: 0.0769 - mean_absolute_error: 0.2413
Epoch 00084: val_loss improved from 0.06562 to 0.06545, saving model to /n/home05/isvetkey/cnn-stimuli/RESULTS/s.Figure5.position_common_scale/1/VGG19.h5

600/600 [==============================] - 0s 261us/step - loss: 0.0764 - mean_squared_error: 0.0764 - mean_absolute_error: 0.2404 - val_loss: 0.0654 - val_mean_squared_error: 0.0654 - val_mean_absolute_error: 0.2135
Epoch 85/1000

 32/600 [>.............................] - ETA: 0s - loss: 0.0771 - mean_squared_error: 0.0771 - mean_absolute_error: 0.2432
352/600 [================>.............] - ETA: 0s - loss: 0.0782 - mean_squared_error: 0.0782 - mean_absolute_error: 0.2447
Epoch 00085: val_loss improved from 0.06545 to 0.06528, saving model to /n/home05/isvetkey/cnn-stimuli/RESULTS/s.Figure5.position_common_scale/1/VGG19.h5

600/600 [==============================] - 0s 279us/step - loss: 0.0765 - mean_squared_error: 0.0765 - mean_absolute_error: 0.2416 - val_loss: 0.0653 - val_mean_squared_error: 0.0653 - val_mean_absolute_error: 0.2136
Epoch 86/1000

 32/600 [>.............................] - ETA: 0s - loss: 0.0881 - mean_squared_error: 0.0881 - mean_absolute_error: 0.2529
416/600 [===================>..........] - ETA: 0s - loss: 0.0758 - mean_squared_error: 0.0758 - mean_absolute_error: 0.2395
Epoch 00086: val_loss improved from 0.06528 to 0.06514, saving model to /n/home05/isvetkey/cnn-stimuli/RESULTS/s.Figure5.position_common_scale/1/VGG19.h5

600/600 [==============================] - 0s 260us/step - loss: 0.0750 - mean_squared_error: 0.0750 - mean_absolute_error: 0.2383 - val_loss: 0.0651 - val_mean_squared_error: 0.0651 - val_mean_absolute_error: 0.2137
Epoch 87/1000

 32/600 [>.............................] - ETA: 0s - loss: 0.0746 - mean_squared_error: 0.0746 - mean_absolute_error: 0.2358
416/600 [===================>..........] - ETA: 0s - loss: 0.0771 - mean_squared_error: 0.0771 - mean_absolute_error: 0.2409
Epoch 00087: val_loss improved from 0.06514 to 0.06502, saving model to /n/home05/isvetkey/cnn-stimuli/RESULTS/s.Figure5.position_common_scale/1/VGG19.h5

600/600 [==============================] - 0s 266us/step - loss: 0.0751 - mean_squared_error: 0.0751 - mean_absolute_error: 0.2381 - val_loss: 0.0650 - val_mean_squared_error: 0.0650 - val_mean_absolute_error: 0.2138
Epoch 88/1000

 32/600 [>.............................] - ETA: 0s - loss: 0.0849 - mean_squared_error: 0.0849 - mean_absolute_error: 0.2539
416/600 [===================>..........] - ETA: 0s - loss: 0.0741 - mean_squared_error: 0.0741 - mean_absolute_error: 0.2370
Epoch 00088: val_loss improved from 0.06502 to 0.06491, saving model to /n/home05/isvetkey/cnn-stimuli/RESULTS/s.Figure5.position_common_scale/1/VGG19.h5

600/600 [==============================] - 0s 262us/step - loss: 0.0734 - mean_squared_error: 0.0734 - mean_absolute_error: 0.2350 - val_loss: 0.0649 - val_mean_squared_error: 0.0649 - val_mean_absolute_error: 0.2138
Epoch 89/1000

 32/600 [>.............................] - ETA: 0s - loss: 0.0862 - mean_squared_error: 0.0862 - mean_absolute_error: 0.2656
352/600 [================>.............] - ETA: 0s - loss: 0.0707 - mean_squared_error: 0.0707 - mean_absolute_error: 0.2305
Epoch 00089: val_loss improved from 0.06491 to 0.06481, saving model to /n/home05/isvetkey/cnn-stimuli/RESULTS/s.Figure5.position_common_scale/1/VGG19.h5

600/600 [==============================] - 0s 279us/step - loss: 0.0728 - mean_squared_error: 0.0728 - mean_absolute_error: 0.2339 - val_loss: 0.0648 - val_mean_squared_error: 0.0648 - val_mean_absolute_error: 0.2139
Epoch 90/1000

 32/600 [>.............................] - ETA: 0s - loss: 0.0730 - mean_squared_error: 0.0730 - mean_absolute_error: 0.2411
416/600 [===================>..........] - ETA: 0s - loss: 0.0729 - mean_squared_error: 0.0729 - mean_absolute_error: 0.2350
Epoch 00090: val_loss improved from 0.06481 to 0.06473, saving model to /n/home05/isvetkey/cnn-stimuli/RESULTS/s.Figure5.position_common_scale/1/VGG19.h5

600/600 [==============================] - 0s 264us/step - loss: 0.0727 - mean_squared_error: 0.0727 - mean_absolute_error: 0.2341 - val_loss: 0.0647 - val_mean_squared_error: 0.0647 - val_mean_absolute_error: 0.2140
Epoch 91/1000

 32/600 [>.............................] - ETA: 0s - loss: 0.0798 - mean_squared_error: 0.0798 - mean_absolute_error: 0.2499
352/600 [================>.............] - ETA: 0s - loss: 0.0705 - mean_squared_error: 0.0705 - mean_absolute_error: 0.2302
Epoch 00091: val_loss improved from 0.06473 to 0.06466, saving model to /n/home05/isvetkey/cnn-stimuli/RESULTS/s.Figure5.position_common_scale/1/VGG19.h5

600/600 [==============================] - 0s 280us/step - loss: 0.0714 - mean_squared_error: 0.0714 - mean_absolute_error: 0.2316 - val_loss: 0.0647 - val_mean_squared_error: 0.0647 - val_mean_absolute_error: 0.2140
Epoch 92/1000

 32/600 [>.............................] - ETA: 0s - loss: 0.0794 - mean_squared_error: 0.0794 - mean_absolute_error: 0.2485
416/600 [===================>..........] - ETA: 0s - loss: 0.0718 - mean_squared_error: 0.0718 - mean_absolute_error: 0.2322
Epoch 00092: val_loss improved from 0.06466 to 0.06460, saving model to /n/home05/isvetkey/cnn-stimuli/RESULTS/s.Figure5.position_common_scale/1/VGG19.h5

600/600 [==============================] - 0s 262us/step - loss: 0.0712 - mean_squared_error: 0.0712 - mean_absolute_error: 0.2311 - val_loss: 0.0646 - val_mean_squared_error: 0.0646 - val_mean_absolute_error: 0.2141
Epoch 93/1000

 32/600 [>.............................] - ETA: 0s - loss: 0.0729 - mean_squared_error: 0.0729 - mean_absolute_error: 0.2314
416/600 [===================>..........] - ETA: 0s - loss: 0.0723 - mean_squared_error: 0.0723 - mean_absolute_error: 0.2328
Epoch 00093: val_loss improved from 0.06460 to 0.06456, saving model to /n/home05/isvetkey/cnn-stimuli/RESULTS/s.Figure5.position_common_scale/1/VGG19.h5

600/600 [==============================] - 0s 262us/step - loss: 0.0706 - mean_squared_error: 0.0706 - mean_absolute_error: 0.2295 - val_loss: 0.0646 - val_mean_squared_error: 0.0646 - val_mean_absolute_error: 0.2142
Epoch 94/1000

 32/600 [>.............................] - ETA: 0s - loss: 0.0807 - mean_squared_error: 0.0807 - mean_absolute_error: 0.2515
416/600 [===================>..........] - ETA: 0s - loss: 0.0702 - mean_squared_error: 0.0702 - mean_absolute_error: 0.2283
Epoch 00094: val_loss improved from 0.06456 to 0.06452, saving model to /n/home05/isvetkey/cnn-stimuli/RESULTS/s.Figure5.position_common_scale/1/VGG19.h5

600/600 [==============================] - 0s 263us/step - loss: 0.0700 - mean_squared_error: 0.0700 - mean_absolute_error: 0.2286 - val_loss: 0.0645 - val_mean_squared_error: 0.0645 - val_mean_absolute_error: 0.2144
Epoch 95/1000

 32/600 [>.............................] - ETA: 0s - loss: 0.0668 - mean_squared_error: 0.0668 - mean_absolute_error: 0.2191
416/600 [===================>..........] - ETA: 0s - loss: 0.0675 - mean_squared_error: 0.0675 - mean_absolute_error: 0.2236
Epoch 00095: val_loss improved from 0.06452 to 0.06450, saving model to /n/home05/isvetkey/cnn-stimuli/RESULTS/s.Figure5.position_common_scale/1/VGG19.h5

600/600 [==============================] - 0s 267us/step - loss: 0.0691 - mean_squared_error: 0.0691 - mean_absolute_error: 0.2265 - val_loss: 0.0645 - val_mean_squared_error: 0.0645 - val_mean_absolute_error: 0.2145
Epoch 96/1000

 32/600 [>.............................] - ETA: 0s - loss: 0.0722 - mean_squared_error: 0.0722 - mean_absolute_error: 0.2360
416/600 [===================>..........] - ETA: 0s - loss: 0.0690 - mean_squared_error: 0.0690 - mean_absolute_error: 0.2284
Epoch 00096: val_loss improved from 0.06450 to 0.06449, saving model to /n/home05/isvetkey/cnn-stimuli/RESULTS/s.Figure5.position_common_scale/1/VGG19.h5

600/600 [==============================] - 0s 269us/step - loss: 0.0680 - mean_squared_error: 0.0680 - mean_absolute_error: 0.2251 - val_loss: 0.0645 - val_mean_squared_error: 0.0645 - val_mean_absolute_error: 0.2147
Epoch 97/1000

 32/600 [>.............................] - ETA: 0s - loss: 0.0725 - mean_squared_error: 0.0725 - mean_absolute_error: 0.2395
416/600 [===================>..........] - ETA: 0s - loss: 0.0693 - mean_squared_error: 0.0693 - mean_absolute_error: 0.2270
Epoch 00097: val_loss did not improve

600/600 [==============================] - 0s 152us/step - loss: 0.0681 - mean_squared_error: 0.0681 - mean_absolute_error: 0.2250 - val_loss: 0.0645 - val_mean_squared_error: 0.0645 - val_mean_absolute_error: 0.2148
Epoch 98/1000

 32/600 [>.............................] - ETA: 0s - loss: 0.0622 - mean_squared_error: 0.0622 - mean_absolute_error: 0.2126
416/600 [===================>..........] - ETA: 0s - loss: 0.0667 - mean_squared_error: 0.0667 - mean_absolute_error: 0.2223
Epoch 00098: val_loss did not improve

600/600 [==============================] - 0s 154us/step - loss: 0.0667 - mean_squared_error: 0.0667 - mean_absolute_error: 0.2223 - val_loss: 0.0645 - val_mean_squared_error: 0.0645 - val_mean_absolute_error: 0.2150
Epoch 99/1000

 32/600 [>.............................] - ETA: 0s - loss: 0.0696 - mean_squared_error: 0.0696 - mean_absolute_error: 0.2305
416/600 [===================>..........] - ETA: 0s - loss: 0.0661 - mean_squared_error: 0.0661 - mean_absolute_error: 0.2213
Epoch 00099: val_loss did not improve

600/600 [==============================] - 0s 152us/step - loss: 0.0661 - mean_squared_error: 0.0661 - mean_absolute_error: 0.2209 - val_loss: 0.0645 - val_mean_squared_error: 0.0645 - val_mean_absolute_error: 0.2153
Epoch 100/1000

 32/600 [>.............................] - ETA: 0s - loss: 0.0648 - mean_squared_error: 0.0648 - mean_absolute_error: 0.2136
416/600 [===================>..........] - ETA: 0s - loss: 0.0654 - mean_squared_error: 0.0654 - mean_absolute_error: 0.2190
Epoch 00100: val_loss did not improve

600/600 [==============================] - 0s 151us/step - loss: 0.0658 - mean_squared_error: 0.0658 - mean_absolute_error: 0.2200 - val_loss: 0.0645 - val_mean_squared_error: 0.0645 - val_mean_absolute_error: 0.2155
Epoch 101/1000

 32/600 [>.............................] - ETA: 0s - loss: 0.0705 - mean_squared_error: 0.0705 - mean_absolute_error: 0.2380
416/600 [===================>..........] - ETA: 0s - loss: 0.0658 - mean_squared_error: 0.0658 - mean_absolute_error: 0.2215
Epoch 00101: val_loss did not improve

600/600 [==============================] - 0s 152us/step - loss: 0.0658 - mean_squared_error: 0.0658 - mean_absolute_error: 0.2205 - val_loss: 0.0646 - val_mean_squared_error: 0.0646 - val_mean_absolute_error: 0.2158
Epoch 102/1000

 32/600 [>.............................] - ETA: 0s - loss: 0.0645 - mean_squared_error: 0.0645 - mean_absolute_error: 0.2151
416/600 [===================>..........] - ETA: 0s - loss: 0.0644 - mean_squared_error: 0.0644 - mean_absolute_error: 0.2175
Epoch 00102: val_loss did not improve

600/600 [==============================] - 0s 153us/step - loss: 0.0659 - mean_squared_error: 0.0659 - mean_absolute_error: 0.2205 - val_loss: 0.0646 - val_mean_squared_error: 0.0646 - val_mean_absolute_error: 0.2160
Epoch 103/1000

 32/600 [>.............................] - ETA: 0s - loss: 0.0613 - mean_squared_error: 0.0613 - mean_absolute_error: 0.2127
416/600 [===================>..........] - ETA: 0s - loss: 0.0667 - mean_squared_error: 0.0667 - mean_absolute_error: 0.2212
Epoch 00103: val_loss did not improve

600/600 [==============================] - 0s 154us/step - loss: 0.0646 - mean_squared_error: 0.0646 - mean_absolute_error: 0.2178 - val_loss: 0.0647 - val_mean_squared_error: 0.0647 - val_mean_absolute_error: 0.2162
Epoch 104/1000

 32/600 [>.............................] - ETA: 0s - loss: 0.0641 - mean_squared_error: 0.0641 - mean_absolute_error: 0.2148
416/600 [===================>..........] - ETA: 0s - loss: 0.0627 - mean_squared_error: 0.0627 - mean_absolute_error: 0.2137
Epoch 00104: val_loss did not improve

600/600 [==============================] - 0s 152us/step - loss: 0.0644 - mean_squared_error: 0.0644 - mean_absolute_error: 0.2171 - val_loss: 0.0647 - val_mean_squared_error: 0.0647 - val_mean_absolute_error: 0.2165
Epoch 105/1000

 32/600 [>.............................] - ETA: 0s - loss: 0.0638 - mean_squared_error: 0.0638 - mean_absolute_error: 0.2187
416/600 [===================>..........] - ETA: 0s - loss: 0.0646 - mean_squared_error: 0.0646 - mean_absolute_error: 0.2184
Epoch 00105: val_loss did not improve

600/600 [==============================] - 0s 154us/step - loss: 0.0645 - mean_squared_error: 0.0645 - mean_absolute_error: 0.2170 - val_loss: 0.0648 - val_mean_squared_error: 0.0648 - val_mean_absolute_error: 0.2168
Epoch 106/1000

 32/600 [>.............................] - ETA: 0s - loss: 0.0588 - mean_squared_error: 0.0588 - mean_absolute_error: 0.2085
416/600 [===================>..........] - ETA: 0s - loss: 0.0638 - mean_squared_error: 0.0638 - mean_absolute_error: 0.2170
Epoch 00106: val_loss did not improve

600/600 [==============================] - 0s 153us/step - loss: 0.0635 - mean_squared_error: 0.0635 - mean_absolute_error: 0.2157 - val_loss: 0.0649 - val_mean_squared_error: 0.0649 - val_mean_absolute_error: 0.2171
Fitting done 17.5217690468
MLAE 4.21258781416
Written /n/home05/isvetkey/cnn-stimuli/RESULTS/s.Figure5.position_common_scale/1/VGG19.p
Written /n/home05/isvetkey/cnn-stimuli/RESULTS/s.Figure5.position_common_scale/1/VGG19.h5
All done. Give your computer a pat on the back.
actually don't do that.
