My SLURM_ARRAY_TASK_ID:  2
Running s.Figure5.curvature with flags 5 with VGG19
Working in /n/home05/isvetkey/cnn-stimuli/RESULTS/s.Figure5.curvature/5/VGG19
Storing /n/home05/isvetkey/cnn-stimuli/RESULTS/s.Figure5.curvature/5/VGG19.p
Storing /n/home05/isvetkey/cnn-stimuli/RESULTS/s.Figure5.curvature/5/VGG19.h5
Done 0.873542070389 seconds ( 1849 iterations)
memory usage 60.016 MB

 32/600 [>.............................] - ETA: 41s
 64/600 [==>...........................] - ETA: 20s
 96/600 [===>..........................] - ETA: 12s
128/600 [=====>........................] - ETA: 9s 
160/600 [=======>......................] - ETA: 7s
192/600 [========>.....................] - ETA: 5s
224/600 [==========>...................] - ETA: 4s
256/600 [===========>..................] - ETA: 3s
288/600 [=============>................] - ETA: 3s
320/600 [===============>..............] - ETA: 2s
352/600 [================>.............] - ETA: 2s
384/600 [==================>...........] - ETA: 1s
416/600 [===================>..........] - ETA: 1s
448/600 [=====================>........] - ETA: 1s
480/600 [=======================>......] - ETA: 0s
512/600 [========================>.....] - ETA: 0s
544/600 [==========================>...] - ETA: 0s
576/600 [===========================>..] - ETA: 0s
600/600 [==============================] - 4s 6ms/step

 32/200 [===>..........................] - ETA: 0s
 64/200 [========>.....................] - ETA: 0s
 96/200 [=============>................] - ETA: 0s
128/200 [==================>...........] - ETA: 0s
160/200 [=======================>......] - ETA: 0s
192/200 [===========================>..] - ETA: 0s
200/200 [==============================] - 1s 3ms/step

 32/200 [===>..........................] - ETA: 0s
 64/200 [========>.....................] - ETA: 0s
 96/200 [=============>................] - ETA: 0s
128/200 [==================>...........] - ETA: 0s
160/200 [=======================>......] - ETA: 0s
192/200 [===========================>..] - ETA: 0s
200/200 [==============================] - 0s 2ms/step
VGG19 features done after 4.63012695312
memory usage 24.576 MB
Train on 600 samples, validate on 200 samples
Epoch 1/1000

 32/600 [>.............................] - ETA: 5s - loss: 0.3939 - mean_squared_error: 0.3939 - mean_absolute_error: 0.5464
352/600 [================>.............] - ETA: 0s - loss: 0.3466 - mean_squared_error: 0.3466 - mean_absolute_error: 0.5100
Epoch 00001: val_loss improved from inf to 0.30792, saving model to /n/home05/isvetkey/cnn-stimuli/RESULTS/s.Figure5.curvature/5/VGG19.h5

600/600 [==============================] - 1s 880us/step - loss: 0.3382 - mean_squared_error: 0.3382 - mean_absolute_error: 0.5038 - val_loss: 0.3079 - val_mean_squared_error: 0.3079 - val_mean_absolute_error: 0.4678
Epoch 2/1000

 32/600 [>.............................] - ETA: 0s - loss: 0.3484 - mean_squared_error: 0.3484 - mean_absolute_error: 0.5138
256/600 [===========>..................] - ETA: 0s - loss: 0.3446 - mean_squared_error: 0.3446 - mean_absolute_error: 0.5121
544/600 [==========================>...] - ETA: 0s - loss: 0.3324 - mean_squared_error: 0.3324 - mean_absolute_error: 0.4988
Epoch 00002: val_loss improved from 0.30792 to 0.30039, saving model to /n/home05/isvetkey/cnn-stimuli/RESULTS/s.Figure5.curvature/5/VGG19.h5

600/600 [==============================] - 0s 358us/step - loss: 0.3308 - mean_squared_error: 0.3308 - mean_absolute_error: 0.4975 - val_loss: 0.3004 - val_mean_squared_error: 0.3004 - val_mean_absolute_error: 0.4611
Epoch 3/1000

 32/600 [>.............................] - ETA: 0s - loss: 0.3349 - mean_squared_error: 0.3349 - mean_absolute_error: 0.4996
256/600 [===========>..................] - ETA: 0s - loss: 0.3223 - mean_squared_error: 0.3223 - mean_absolute_error: 0.4899
512/600 [========================>.....] - ETA: 0s - loss: 0.3193 - mean_squared_error: 0.3193 - mean_absolute_error: 0.4869
Epoch 00003: val_loss improved from 0.30039 to 0.29302, saving model to /n/home05/isvetkey/cnn-stimuli/RESULTS/s.Figure5.curvature/5/VGG19.h5
