My SLURM_ARRAY_TASK_ID:  2
Running s.Figure5.angle with flags 5 with VGG19
Race condition, what are you? True
Working in /n/home05/isvetkey/cnn-stimuli/RESULTS/s.Figure5.angle/5/VGG19
Storing /n/home05/isvetkey/cnn-stimuli/RESULTS/s.Figure5.angle/5/VGG19.p
Storing /n/home05/isvetkey/cnn-stimuli/RESULTS/s.Figure5.angle/5/VGG19.h5
Done 21.5998129845 seconds ( 121188 iterations)
memory usage 60.016 MB

 32/600 [>.............................] - ETA: 1:00
 64/600 [==>...........................] - ETA: 28s 
 96/600 [===>..........................] - ETA: 18s
128/600 [=====>........................] - ETA: 13s
160/600 [=======>......................] - ETA: 9s 
192/600 [========>.....................] - ETA: 7s
224/600 [==========>...................] - ETA: 6s
256/600 [===========>..................] - ETA: 5s
288/600 [=============>................] - ETA: 4s
320/600 [===============>..............] - ETA: 3s
352/600 [================>.............] - ETA: 2s
384/600 [==================>...........] - ETA: 2s
416/600 [===================>..........] - ETA: 1s
448/600 [=====================>........] - ETA: 1s
480/600 [=======================>......] - ETA: 1s
512/600 [========================>.....] - ETA: 0s
544/600 [==========================>...] - ETA: 0s
576/600 [===========================>..] - ETA: 0s
600/600 [==============================] - 5s 8ms/step

 32/200 [===>..........................] - ETA: 0s
 64/200 [========>.....................] - ETA: 0s
 96/200 [=============>................] - ETA: 0s
128/200 [==================>...........] - ETA: 0s
160/200 [=======================>......] - ETA: 0s
192/200 [===========================>..] - ETA: 0s
200/200 [==============================] - 1s 3ms/step

 32/200 [===>..........................] - ETA: 0s
 64/200 [========>.....................] - ETA: 0s
 96/200 [=============>................] - ETA: 0s
128/200 [==================>...........] - ETA: 0s
160/200 [=======================>......] - ETA: 0s
192/200 [===========================>..] - ETA: 0s
200/200 [==============================] - 0s 2ms/step
VGG19 features done after 5.62595796585
memory usage 24.576 MB
Train on 600 samples, validate on 200 samples
Epoch 1/1000

 32/600 [>.............................] - ETA: 5s - loss: 0.3515 - mean_squared_error: 0.3515 - mean_absolute_error: 0.5263
416/600 [===================>..........] - ETA: 0s - loss: 0.3357 - mean_squared_error: 0.3357 - mean_absolute_error: 0.5084
Epoch 00001: val_loss improved from inf to 0.31725, saving model to /n/home05/isvetkey/cnn-stimuli/RESULTS/s.Figure5.angle/5/VGG19.h5

600/600 [==============================] - 1s 861us/step - loss: 0.3400 - mean_squared_error: 0.3400 - mean_absolute_error: 0.5125 - val_loss: 0.3173 - val_mean_squared_error: 0.3173 - val_mean_absolute_error: 0.4850
Epoch 2/1000

 32/600 [>.............................] - ETA: 0s - loss: 0.3116 - mean_squared_error: 0.3116 - mean_absolute_error: 0.4912
416/600 [===================>..........] - ETA: 0s - loss: 0.3317 - mean_squared_error: 0.3317 - mean_absolute_error: 0.5054
Epoch 00002: val_loss improved from 0.31725 to 0.31010, saving model to /n/home05/isvetkey/cnn-stimuli/RESULTS/s.Figure5.angle/5/VGG19.h5

600/600 [==============================] - 0s 271us/step - loss: 0.3331 - mean_squared_error: 0.3331 - mean_absolute_error: 0.5063 - val_loss: 0.3101 - val_mean_squared_error: 0.3101 - val_mean_absolute_error: 0.4788
Epoch 3/1000

 32/600 [>.............................] - ETA: 0s - loss: 0.2933 - mean_squared_error: 0.2933 - mean_absolute_error: 0.4679
320/600 [===============>..............] - ETA: 0s - loss: 0.3301 - mean_squared_error: 0.3301 - mean_absolute_error: 0.5042
Epoch 00003: val_loss improved from 0.31010 to 0.30291, saving model to /n/home05/isvetkey/cnn-stimuli/RESULTS/s.Figure5.angle/5/VGG19.h5

600/600 [==============================] - 0s 323us/step - loss: 0.3255 - mean_squared_error: 0.3255 - mean_absolute_error: 0.4995 - val_loss: 0.3029 - val_mean_squared_error: 0.3029 - val_mean_absolute_error: 0.4726
Epoch 4/1000

 32/600 [>.............................] - ETA: 0s - loss: 0.3088 - mean_squared_error: 0.3088 - mean_absolute_error: 0.4858
320/600 [===============>..............] - ETA: 0s - loss: 0.3202 - mean_squared_error: 0.3202 - mean_absolute_error: 0.4939
Epoch 00004: val_loss improved from 0.30291 to 0.29584, saving model to /n/home05/isvetkey/cnn-stimuli/RESULTS/s.Figure5.angle/5/VGG19.h5

600/600 [==============================] - 0s 306us/step - loss: 0.3181 - mean_squared_error: 0.3181 - mean_absolute_error: 0.4926 - val_loss: 0.2958 - val_mean_squared_error: 0.2958 - val_mean_absolute_error: 0.4666
Epoch 5/1000

 32/600 [>.............................] - ETA: 0s - loss: 0.3380 - mean_squared_error: 0.3380 - mean_absolute_error: 0.5188
320/600 [===============>..............] - ETA: 0s - loss: 0.3079 - mean_squared_error: 0.3079 - mean_absolute_error: 0.4834
Epoch 00005: val_loss improved from 0.29584 to 0.28900, saving model to /n/home05/isvetkey/cnn-stimuli/RESULTS/s.Figure5.angle/5/VGG19.h5
