My SLURM_ARRAY_TASK_ID:  1
Running s.Figure5.length with flags 5 with VGG19
Working in /n/home05/isvetkey/cnn-stimuli/RESULTS/s.Figure5.length/5/VGG19
Storing /n/home05/isvetkey/cnn-stimuli/RESULTS/s.Figure5.length/5/VGG19.p
Storing /n/home05/isvetkey/cnn-stimuli/RESULTS/s.Figure5.length/5/VGG19.h5
Done 8.70270419121 seconds ( 122254 iterations)
memory usage 60.016 MB

 32/600 [>.............................] - ETA: 41s
 64/600 [==>...........................] - ETA: 20s
 96/600 [===>..........................] - ETA: 13s
128/600 [=====>........................] - ETA: 9s 
160/600 [=======>......................] - ETA: 7s
192/600 [========>.....................] - ETA: 5s
224/600 [==========>...................] - ETA: 4s
256/600 [===========>..................] - ETA: 3s
288/600 [=============>................] - ETA: 3s
320/600 [===============>..............] - ETA: 2s
352/600 [================>.............] - ETA: 2s
384/600 [==================>...........] - ETA: 1s
416/600 [===================>..........] - ETA: 1s
448/600 [=====================>........] - ETA: 1s
480/600 [=======================>......] - ETA: 0s
512/600 [========================>.....] - ETA: 0s
544/600 [==========================>...] - ETA: 0s
576/600 [===========================>..] - ETA: 0s
600/600 [==============================] - 4s 6ms/step

 32/200 [===>..........................] - ETA: 0s
 64/200 [========>.....................] - ETA: 0s
 96/200 [=============>................] - ETA: 0s
128/200 [==================>...........] - ETA: 0s
160/200 [=======================>......] - ETA: 0s
192/200 [===========================>..] - ETA: 0s
200/200 [==============================] - 1s 3ms/step

 32/200 [===>..........................] - ETA: 0s
 64/200 [========>.....................] - ETA: 0s
 96/200 [=============>................] - ETA: 0s
128/200 [==================>...........] - ETA: 0s
160/200 [=======================>......] - ETA: 0s
192/200 [===========================>..] - ETA: 0s
200/200 [==============================] - 0s 2ms/step
VGG19 features done after 4.65606021881
memory usage 24.576 MB
Train on 600 samples, validate on 200 samples
Epoch 1/1000

 32/600 [>.............................] - ETA: 6s - loss: 0.4271 - mean_squared_error: 0.4271 - mean_absolute_error: 0.5728
384/600 [==================>...........] - ETA: 0s - loss: 0.4331 - mean_squared_error: 0.4331 - mean_absolute_error: 0.5765
Epoch 00001: val_loss improved from inf to 0.26997, saving model to /n/home05/isvetkey/cnn-stimuli/RESULTS/s.Figure5.length/5/VGG19.h5

600/600 [==============================] - 1s 1ms/step - loss: 0.4325 - mean_squared_error: 0.4325 - mean_absolute_error: 0.5753 - val_loss: 0.2700 - val_mean_squared_error: 0.2700 - val_mean_absolute_error: 0.4467
Epoch 2/1000

 32/600 [>.............................] - ETA: 0s - loss: 0.4546 - mean_squared_error: 0.4546 - mean_absolute_error: 0.6065
224/600 [==========>...................] - ETA: 0s - loss: 0.4226 - mean_squared_error: 0.4226 - mean_absolute_error: 0.5668
480/600 [=======================>......] - ETA: 0s - loss: 0.4229 - mean_squared_error: 0.4229 - mean_absolute_error: 0.5677
Epoch 00002: val_loss improved from 0.26997 to 0.26210, saving model to /n/home05/isvetkey/cnn-stimuli/RESULTS/s.Figure5.length/5/VGG19.h5

600/600 [==============================] - 0s 352us/step - loss: 0.4235 - mean_squared_error: 0.4235 - mean_absolute_error: 0.5689 - val_loss: 0.2621 - val_mean_squared_error: 0.2621 - val_mean_absolute_error: 0.4385
Epoch 3/1000

 32/600 [>.............................] - ETA: 0s - loss: 0.4213 - mean_squared_error: 0.4213 - mean_absolute_error: 0.5755
352/600 [================>.............] - ETA: 0s - loss: 0.4198 - mean_squared_error: 0.4198 - mean_absolute_error: 0.5675
Epoch 00003: val_loss improved from 0.26210 to 0.25415, saving model to /n/home05/isvetkey/cnn-stimuli/RESULTS/s.Figure5.length/5/VGG19.h5

600/600 [==============================] - 0s 365us/step - loss: 0.4134 - mean_squared_error: 0.4134 - mean_absolute_error: 0.5616 - val_loss: 0.2541 - val_mean_squared_error: 0.2541 - val_mean_absolute_error: 0.4301
Epoch 4/1000

 32/600 [>.............................] - ETA: 0s - loss: 0.4244 - mean_squared_error: 0.4244 - mean_absolute_error: 0.5778
256/600 [===========>..................] - ETA: 0s - loss: 0.4029 - mean_squared_error: 0.4029 - mean_absolute_error: 0.5530
544/600 [==========================>...] - ETA: 0s - loss: 0.4020 - mean_squared_error: 0.4020 - mean_absolute_error: 0.5527
Epoch 00004: val_loss improved from 0.25415 to 0.24644, saving model to /n/home05/isvetkey/cnn-stimuli/RESULTS/s.Figure5.length/5/VGG19.h5

600/600 [==============================] - 0s 362us/step - loss: 0.4035 - mean_squared_error: 0.4035 - mean_absolute_error: 0.5543 - val_loss: 0.2464 - val_mean_squared_error: 0.2464 - val_mean_absolute_error: 0.4218
Epoch 5/1000

 32/600 [>.............................] - ETA: 0s - loss: 0.3830 - mean_squared_error: 0.3830 - mean_absolute_error: 0.5342
320/600 [===============>..............] - ETA: 0s - loss: 0.3920 - mean_squared_error: 0.3920 - mean_absolute_error: 0.5446
Epoch 00005: val_loss improved from 0.24644 to 0.23897, saving model to /n/home05/isvetkey/cnn-stimuli/RESULTS/s.Figure5.length/5/VGG19.h5

600/600 [==============================] - 0s 658us/step - loss: 0.3938 - mean_squared_error: 0.3938 - mean_absolute_error: 0.5472 - val_loss: 0.2390 - val_mean_squared_error: 0.2390 - val_mean_absolute_error: 0.4136
Epoch 6/1000

 32/600 [>.............................] - ETA: 0s - loss: 0.4198 - mean_squared_error: 0.4198 - mean_absolute_error: 0.5820
256/600 [===========>..................] - ETA: 0s - loss: 0.3839 - mean_squared_error: 0.3839 - mean_absolute_error: 0.5401
544/600 [==========================>...] - ETA: 0s - loss: 0.3824 - mean_squared_error: 0.3824 - mean_absolute_error: 0.5385
Epoch 00006: val_loss improved from 0.23897 to 0.23170, saving model to /n/home05/isvetkey/cnn-stimuli/RESULTS/s.Figure5.length/5/VGG19.h5

600/600 [==============================] - 0s 347us/step - loss: 0.3844 - mean_squared_error: 0.3844 - mean_absolute_error: 0.5402 - val_loss: 0.2317 - val_mean_squared_error: 0.2317 - val_mean_absolute_error: 0.4064
Epoch 7/1000

 32/600 [>.............................] - ETA: 0s - loss: 0.3881 - mean_squared_error: 0.3881 - mean_absolute_error: 0.5513
224/600 [==========>...................] - ETA: 0s - loss: 0.3801 - mean_squared_error: 0.3801 - mean_absolute_error: 0.5401
480/600 [=======================>......] - ETA: 0s - loss: 0.3839 - mean_squared_error: 0.3839 - mean_absolute_error: 0.5430
Epoch 00007: val_loss improved from 0.23170 to 0.22465, saving model to /n/home05/isvetkey/cnn-stimuli/RESULTS/s.Figure5.length/5/VGG19.h5

600/600 [==============================] - 0s 359us/step - loss: 0.3758 - mean_squared_error: 0.3758 - mean_absolute_error: 0.5334 - val_loss: 0.2247 - val_mean_squared_error: 0.2247 - val_mean_absolute_error: 0.3995
Epoch 8/1000

 32/600 [>.............................] - ETA: 0s - loss: 0.3521 - mean_squared_error: 0.3521 - mean_absolute_error: 0.5095
320/600 [===============>..............] - ETA: 0s - loss: 0.3630 - mean_squared_error: 0.3630 - mean_absolute_error: 0.5203
Epoch 00008: val_loss improved from 0.22465 to 0.21795, saving model to /n/home05/isvetkey/cnn-stimuli/RESULTS/s.Figure5.length/5/VGG19.h5

600/600 [==============================] - 0s 487us/step - loss: 0.3668 - mean_squared_error: 0.3668 - mean_absolute_error: 0.5264 - val_loss: 0.2179 - val_mean_squared_error: 0.2179 - val_mean_absolute_error: 0.3929
Epoch 9/1000

 32/600 [>.............................] - ETA: 0s - loss: 0.3534 - mean_squared_error: 0.3534 - mean_absolute_error: 0.5130
320/600 [===============>..............] - ETA: 0s - loss: 0.3689 - mean_squared_error: 0.3689 - mean_absolute_error: 0.5323
Epoch 00009: val_loss improved from 0.21795 to 0.21138, saving model to /n/home05/isvetkey/cnn-stimuli/RESULTS/s.Figure5.length/5/VGG19.h5

600/600 [==============================] - 0s 325us/step - loss: 0.3585 - mean_squared_error: 0.3585 - mean_absolute_error: 0.5198 - val_loss: 0.2114 - val_mean_squared_error: 0.2114 - val_mean_absolute_error: 0.3863
Epoch 10/1000

 32/600 [>.............................] - ETA: 0s - loss: 0.3543 - mean_squared_error: 0.3543 - mean_absolute_error: 0.5192
224/600 [==========>...................] - ETA: 0s - loss: 0.3591 - mean_squared_error: 0.3591 - mean_absolute_error: 0.5224
480/600 [=======================>......] - ETA: 0s - loss: 0.3497 - mean_squared_error: 0.3497 - mean_absolute_error: 0.5130
Epoch 00010: val_loss improved from 0.21138 to 0.20509, saving model to /n/home05/isvetkey/cnn-stimuli/RESULTS/s.Figure5.length/5/VGG19.h5

600/600 [==============================] - 0s 386us/step - loss: 0.3500 - mean_squared_error: 0.3500 - mean_absolute_error: 0.5133 - val_loss: 0.2051 - val_mean_squared_error: 0.2051 - val_mean_absolute_error: 0.3799
Epoch 11/1000

 32/600 [>.............................] - ETA: 0s - loss: 0.3660 - mean_squared_error: 0.3660 - mean_absolute_error: 0.5352
224/600 [==========>...................] - ETA: 0s - loss: 0.3519 - mean_squared_error: 0.3519 - mean_absolute_error: 0.5199
480/600 [=======================>......] - ETA: 0s - loss: 0.3411 - mean_squared_error: 0.3411 - mean_absolute_error: 0.5054
Epoch 00011: val_loss improved from 0.20509 to 0.19897, saving model to /n/home05/isvetkey/cnn-stimuli/RESULTS/s.Figure5.length/5/VGG19.h5

600/600 [==============================] - 0s 382us/step - loss: 0.3417 - mean_squared_error: 0.3417 - mean_absolute_error: 0.5067 - val_loss: 0.1990 - val_mean_squared_error: 0.1990 - val_mean_absolute_error: 0.3736
Epoch 12/1000

 32/600 [>.............................] - ETA: 0s - loss: 0.3431 - mean_squared_error: 0.3431 - mean_absolute_error: 0.5098
224/600 [==========>...................] - ETA: 0s - loss: 0.3381 - mean_squared_error: 0.3381 - mean_absolute_error: 0.5037
480/600 [=======================>......] - ETA: 0s - loss: 0.3398 - mean_squared_error: 0.3398 - mean_absolute_error: 0.5069
Epoch 00012: val_loss improved from 0.19897 to 0.19305, saving model to /n/home05/isvetkey/cnn-stimuli/RESULTS/s.Figure5.length/5/VGG19.h5

600/600 [==============================] - 0s 387us/step - loss: 0.3342 - mean_squared_error: 0.3342 - mean_absolute_error: 0.5010 - val_loss: 0.1930 - val_mean_squared_error: 0.1930 - val_mean_absolute_error: 0.3674
Epoch 13/1000

 32/600 [>.............................] - ETA: 0s - loss: 0.3401 - mean_squared_error: 0.3401 - mean_absolute_error: 0.5110
320/600 [===============>..............] - ETA: 0s - loss: 0.3315 - mean_squared_error: 0.3315 - mean_absolute_error: 0.5006
Epoch 00013: val_loss improved from 0.19305 to 0.18737, saving model to /n/home05/isvetkey/cnn-stimuli/RESULTS/s.Figure5.length/5/VGG19.h5

600/600 [==============================] - 0s 670us/step - loss: 0.3268 - mean_squared_error: 0.3268 - mean_absolute_error: 0.4954 - val_loss: 0.1874 - val_mean_squared_error: 0.1874 - val_mean_absolute_error: 0.3614
Epoch 14/1000

 32/600 [>.............................] - ETA: 0s - loss: 0.3231 - mean_squared_error: 0.3231 - mean_absolute_error: 0.4872
256/600 [===========>..................] - ETA: 0s - loss: 0.3231 - mean_squared_error: 0.3231 - mean_absolute_error: 0.4941
544/600 [==========================>...] - ETA: 0s - loss: 0.3196 - mean_squared_error: 0.3196 - mean_absolute_error: 0.4902
Epoch 00014: val_loss improved from 0.18737 to 0.18183, saving model to /n/home05/isvetkey/cnn-stimuli/RESULTS/s.Figure5.length/5/VGG19.h5

600/600 [==============================] - 0s 348us/step - loss: 0.3191 - mean_squared_error: 0.3191 - mean_absolute_error: 0.4897 - val_loss: 0.1818 - val_mean_squared_error: 0.1818 - val_mean_absolute_error: 0.3555
Epoch 15/1000

 32/600 [>.............................] - ETA: 0s - loss: 0.3301 - mean_squared_error: 0.3301 - mean_absolute_error: 0.5075
320/600 [===============>..............] - ETA: 0s - loss: 0.3174 - mean_squared_error: 0.3174 - mean_absolute_error: 0.4912
Epoch 00015: val_loss improved from 0.18183 to 0.17648, saving model to /n/home05/isvetkey/cnn-stimuli/RESULTS/s.Figure5.length/5/VGG19.h5

600/600 [==============================] - 1s 888us/step - loss: 0.3119 - mean_squared_error: 0.3119 - mean_absolute_error: 0.4843 - val_loss: 0.1765 - val_mean_squared_error: 0.1765 - val_mean_absolute_error: 0.3497
Epoch 16/1000

 32/600 [>.............................] - ETA: 0s - loss: 0.3308 - mean_squared_error: 0.3308 - mean_absolute_error: 0.5090
256/600 [===========>..................] - ETA: 0s - loss: 0.3119 - mean_squared_error: 0.3119 - mean_absolute_error: 0.4864
512/600 [========================>.....] - ETA: 0s - loss: 0.3067 - mean_squared_error: 0.3067 - mean_absolute_error: 0.4808
Epoch 00016: val_loss improved from 0.17648 to 0.17131, saving model to /n/home05/isvetkey/cnn-stimuli/RESULTS/s.Figure5.length/5/VGG19.h5

600/600 [==============================] - 0s 370us/step - loss: 0.3056 - mean_squared_error: 0.3056 - mean_absolute_error: 0.4796 - val_loss: 0.1713 - val_mean_squared_error: 0.1713 - val_mean_absolute_error: 0.3443
Epoch 17/1000

 32/600 [>.............................] - ETA: 0s - loss: 0.3015 - mean_squared_error: 0.3015 - mean_absolute_error: 0.4740
320/600 [===============>..............] - ETA: 0s - loss: 0.2929 - mean_squared_error: 0.2929 - mean_absolute_error: 0.4653
Epoch 00017: val_loss improved from 0.17131 to 0.16634, saving model to /n/home05/isvetkey/cnn-stimuli/RESULTS/s.Figure5.length/5/VGG19.h5

600/600 [==============================] - 0s 356us/step - loss: 0.2977 - mean_squared_error: 0.2977 - mean_absolute_error: 0.4736 - val_loss: 0.1663 - val_mean_squared_error: 0.1663 - val_mean_absolute_error: 0.3390
Epoch 18/1000

 32/600 [>.............................] - ETA: 0s - loss: 0.2804 - mean_squared_error: 0.2804 - mean_absolute_error: 0.4513
320/600 [===============>..............] - ETA: 0s - loss: 0.2946 - mean_squared_error: 0.2946 - mean_absolute_error: 0.4728
Epoch 00018: val_loss improved from 0.16634 to 0.16149, saving model to /n/home05/isvetkey/cnn-stimuli/RESULTS/s.Figure5.length/5/VGG19.h5

600/600 [==============================] - 1s 1ms/step - loss: 0.2914 - mean_squared_error: 0.2914 - mean_absolute_error: 0.4687 - val_loss: 0.1615 - val_mean_squared_error: 0.1615 - val_mean_absolute_error: 0.3340
Epoch 19/1000

 32/600 [>.............................] - ETA: 0s - loss: 0.3011 - mean_squared_error: 0.3011 - mean_absolute_error: 0.4789
256/600 [===========>..................] - ETA: 0s - loss: 0.2819 - mean_squared_error: 0.2819 - mean_absolute_error: 0.4563
544/600 [==========================>...] - ETA: 0s - loss: 0.2864 - mean_squared_error: 0.2864 - mean_absolute_error: 0.4653
Epoch 00019: val_loss improved from 0.16149 to 0.15683, saving model to /n/home05/isvetkey/cnn-stimuli/RESULTS/s.Figure5.length/5/VGG19.h5

600/600 [==============================] - 0s 373us/step - loss: 0.2853 - mean_squared_error: 0.2853 - mean_absolute_error: 0.4644 - val_loss: 0.1568 - val_mean_squared_error: 0.1568 - val_mean_absolute_error: 0.3291
Epoch 20/1000

 32/600 [>.............................] - ETA: 0s - loss: 0.2744 - mean_squared_error: 0.2744 - mean_absolute_error: 0.4509
320/600 [===============>..............] - ETA: 0s - loss: 0.2776 - mean_squared_error: 0.2776 - mean_absolute_error: 0.4581
Epoch 00020: val_loss improved from 0.15683 to 0.15232, saving model to /n/home05/isvetkey/cnn-stimuli/RESULTS/s.Figure5.length/5/VGG19.h5

600/600 [==============================] - 0s 325us/step - loss: 0.2796 - mean_squared_error: 0.2796 - mean_absolute_error: 0.4600 - val_loss: 0.1523 - val_mean_squared_error: 0.1523 - val_mean_absolute_error: 0.3243
Epoch 21/1000

 32/600 [>.............................] - ETA: 0s - loss: 0.2312 - mean_squared_error: 0.2312 - mean_absolute_error: 0.3841
320/600 [===============>..............] - ETA: 0s - loss: 0.2778 - mean_squared_error: 0.2778 - mean_absolute_error: 0.4598
Epoch 00021: val_loss improved from 0.15232 to 0.14795, saving model to /n/home05/isvetkey/cnn-stimuli/RESULTS/s.Figure5.length/5/VGG19.h5

600/600 [==============================] - 0s 521us/step - loss: 0.2731 - mean_squared_error: 0.2731 - mean_absolute_error: 0.4549 - val_loss: 0.1479 - val_mean_squared_error: 0.1479 - val_mean_absolute_error: 0.3197
Epoch 22/1000

 32/600 [>.............................] - ETA: 0s - loss: 0.2912 - mean_squared_error: 0.2912 - mean_absolute_error: 0.4798
320/600 [===============>..............] - ETA: 0s - loss: 0.2694 - mean_squared_error: 0.2694 - mean_absolute_error: 0.4525
Epoch 00022: val_loss improved from 0.14795 to 0.14374, saving model to /n/home05/isvetkey/cnn-stimuli/RESULTS/s.Figure5.length/5/VGG19.h5

600/600 [==============================] - 0s 360us/step - loss: 0.2673 - mean_squared_error: 0.2673 - mean_absolute_error: 0.4506 - val_loss: 0.1437 - val_mean_squared_error: 0.1437 - val_mean_absolute_error: 0.3151
Epoch 23/1000

 32/600 [>.............................] - ETA: 0s - loss: 0.2503 - mean_squared_error: 0.2503 - mean_absolute_error: 0.4222
320/600 [===============>..............] - ETA: 0s - loss: 0.2605 - mean_squared_error: 0.2605 - mean_absolute_error: 0.4420
Epoch 00023: val_loss improved from 0.14374 to 0.13968, saving model to /n/home05/isvetkey/cnn-stimuli/RESULTS/s.Figure5.length/5/VGG19.h5

600/600 [==============================] - 0s 673us/step - loss: 0.2613 - mean_squared_error: 0.2613 - mean_absolute_error: 0.4458 - val_loss: 0.1397 - val_mean_squared_error: 0.1397 - val_mean_absolute_error: 0.3106
Epoch 24/1000

 32/600 [>.............................] - ETA: 0s - loss: 0.2666 - mean_squared_error: 0.2666 - mean_absolute_error: 0.4438
192/600 [========>.....................] - ETA: 0s - loss: 0.2445 - mean_squared_error: 0.2445 - mean_absolute_error: 0.4239
448/600 [=====================>........] - ETA: 0s - loss: 0.2512 - mean_squared_error: 0.2512 - mean_absolute_error: 0.4355
Epoch 00024: val_loss improved from 0.13968 to 0.13575, saving model to /n/home05/isvetkey/cnn-stimuli/RESULTS/s.Figure5.length/5/VGG19.h5

600/600 [==============================] - 0s 383us/step - loss: 0.2561 - mean_squared_error: 0.2561 - mean_absolute_error: 0.4420 - val_loss: 0.1357 - val_mean_squared_error: 0.1357 - val_mean_absolute_error: 0.3063
Epoch 25/1000

 32/600 [>.............................] - ETA: 0s - loss: 0.2759 - mean_squared_error: 0.2759 - mean_absolute_error: 0.4735
320/600 [===============>..............] - ETA: 0s - loss: 0.2501 - mean_squared_error: 0.2501 - mean_absolute_error: 0.4351
Epoch 00025: val_loss improved from 0.13575 to 0.13192, saving model to /n/home05/isvetkey/cnn-stimuli/RESULTS/s.Figure5.length/5/VGG19.h5

600/600 [==============================] - 0s 333us/step - loss: 0.2504 - mean_squared_error: 0.2504 - mean_absolute_error: 0.4371 - val_loss: 0.1319 - val_mean_squared_error: 0.1319 - val_mean_absolute_error: 0.3020
Epoch 26/1000

 32/600 [>.............................] - ETA: 0s - loss: 0.2554 - mean_squared_error: 0.2554 - mean_absolute_error: 0.4436
224/600 [==========>...................] - ETA: 0s - loss: 0.2428 - mean_squared_error: 0.2428 - mean_absolute_error: 0.4290
448/600 [=====================>........] - ETA: 0s - loss: 0.2411 - mean_squared_error: 0.2411 - mean_absolute_error: 0.4276
Epoch 00026: val_loss improved from 0.13192 to 0.12825, saving model to /n/home05/isvetkey/cnn-stimuli/RESULTS/s.Figure5.length/5/VGG19.h5

600/600 [==============================] - 0s 480us/step - loss: 0.2447 - mean_squared_error: 0.2447 - mean_absolute_error: 0.4329 - val_loss: 0.1283 - val_mean_squared_error: 0.1283 - val_mean_absolute_error: 0.2979
Epoch 27/1000

 32/600 [>.............................] - ETA: 0s - loss: 0.2344 - mean_squared_error: 0.2344 - mean_absolute_error: 0.4186
256/600 [===========>..................] - ETA: 0s - loss: 0.2381 - mean_squared_error: 0.2381 - mean_absolute_error: 0.4252
544/600 [==========================>...] - ETA: 0s - loss: 0.2416 - mean_squared_error: 0.2416 - mean_absolute_error: 0.4307
Epoch 00027: val_loss improved from 0.12825 to 0.12469, saving model to /n/home05/isvetkey/cnn-stimuli/RESULTS/s.Figure5.length/5/VGG19.h5

600/600 [==============================] - 0s 697us/step - loss: 0.2403 - mean_squared_error: 0.2403 - mean_absolute_error: 0.4291 - val_loss: 0.1247 - val_mean_squared_error: 0.1247 - val_mean_absolute_error: 0.2938
Epoch 28/1000

 32/600 [>.............................] - ETA: 0s - loss: 0.2327 - mean_squared_error: 0.2327 - mean_absolute_error: 0.4186
256/600 [===========>..................] - ETA: 0s - loss: 0.2447 - mean_squared_error: 0.2447 - mean_absolute_error: 0.4386
544/600 [==========================>...] - ETA: 0s - loss: 0.2403 - mean_squared_error: 0.2403 - mean_absolute_error: 0.4325
Epoch 00028: val_loss improved from 0.12469 to 0.12122, saving model to /n/home05/isvetkey/cnn-stimuli/RESULTS/s.Figure5.length/5/VGG19.h5

600/600 [==============================] - 0s 372us/step - loss: 0.2355 - mean_squared_error: 0.2355 - mean_absolute_error: 0.4257 - val_loss: 0.1212 - val_mean_squared_error: 0.1212 - val_mean_absolute_error: 0.2899
Epoch 29/1000

 32/600 [>.............................] - ETA: 0s - loss: 0.2300 - mean_squared_error: 0.2300 - mean_absolute_error: 0.4182
224/600 [==========>...................] - ETA: 0s - loss: 0.2317 - mean_squared_error: 0.2317 - mean_absolute_error: 0.4219
480/600 [=======================>......] - ETA: 0s - loss: 0.2281 - mean_squared_error: 0.2281 - mean_absolute_error: 0.4180
Epoch 00029: val_loss improved from 0.12122 to 0.11796, saving model to /n/home05/isvetkey/cnn-stimuli/RESULTS/s.Figure5.length/5/VGG19.h5

600/600 [==============================] - 0s 720us/step - loss: 0.2301 - mean_squared_error: 0.2301 - mean_absolute_error: 0.4211 - val_loss: 0.1180 - val_mean_squared_error: 0.1180 - val_mean_absolute_error: 0.2861
Epoch 30/1000

 32/600 [>.............................] - ETA: 0s - loss: 0.2116 - mean_squared_error: 0.2116 - mean_absolute_error: 0.3893
288/600 [=============>................] - ETA: 0s - loss: 0.2368 - mean_squared_error: 0.2368 - mean_absolute_error: 0.4317
512/600 [========================>.....] - ETA: 0s - loss: 0.2302 - mean_squared_error: 0.2302 - mean_absolute_error: 0.4236
Epoch 00030: val_loss improved from 0.11796 to 0.11475, saving model to /n/home05/isvetkey/cnn-stimuli/RESULTS/s.Figure5.length/5/VGG19.h5

600/600 [==============================] - 0s 372us/step - loss: 0.2257 - mean_squared_error: 0.2257 - mean_absolute_error: 0.4177 - val_loss: 0.1148 - val_mean_squared_error: 0.1148 - val_mean_absolute_error: 0.2822
Epoch 31/1000

 32/600 [>.............................] - ETA: 0s - loss: 0.2125 - mean_squared_error: 0.2125 - mean_absolute_error: 0.3906
256/600 [===========>..................] - ETA: 0s - loss: 0.2336 - mean_squared_error: 0.2336 - mean_absolute_error: 0.4332
512/600 [========================>.....] - ETA: 0s - loss: 0.2245 - mean_squared_error: 0.2245 - mean_absolute_error: 0.4197
Epoch 00031: val_loss improved from 0.11475 to 0.11166, saving model to /n/home05/isvetkey/cnn-stimuli/RESULTS/s.Figure5.length/5/VGG19.h5

600/600 [==============================] - 1s 1ms/step - loss: 0.2205 - mean_squared_error: 0.2205 - mean_absolute_error: 0.4140 - val_loss: 0.1117 - val_mean_squared_error: 0.1117 - val_mean_absolute_error: 0.2786
Epoch 32/1000

 32/600 [>.............................] - ETA: 0s - loss: 0.2426 - mean_squared_error: 0.2426 - mean_absolute_error: 0.4505
288/600 [=============>................] - ETA: 0s - loss: 0.2188 - mean_squared_error: 0.2188 - mean_absolute_error: 0.4127
544/600 [==========================>...] - ETA: 0s - loss: 0.2177 - mean_squared_error: 0.2177 - mean_absolute_error: 0.4120
Epoch 00032: val_loss improved from 0.11166 to 0.10870, saving model to /n/home05/isvetkey/cnn-stimuli/RESULTS/s.Figure5.length/5/VGG19.h5

600/600 [==============================] - 0s 348us/step - loss: 0.2160 - mean_squared_error: 0.2160 - mean_absolute_error: 0.4098 - val_loss: 0.1087 - val_mean_squared_error: 0.1087 - val_mean_absolute_error: 0.2751
Epoch 33/1000

 32/600 [>.............................] - ETA: 0s - loss: 0.2178 - mean_squared_error: 0.2178 - mean_absolute_error: 0.4189
320/600 [===============>..............] - ETA: 0s - loss: 0.2120 - mean_squared_error: 0.2120 - mean_absolute_error: 0.4074
Epoch 00033: val_loss improved from 0.10870 to 0.10586, saving model to /n/home05/isvetkey/cnn-stimuli/RESULTS/s.Figure5.length/5/VGG19.h5

600/600 [==============================] - 0s 332us/step - loss: 0.2119 - mean_squared_error: 0.2119 - mean_absolute_error: 0.4066 - val_loss: 0.1059 - val_mean_squared_error: 0.1059 - val_mean_absolute_error: 0.2718
Epoch 34/1000

 32/600 [>.............................] - ETA: 0s - loss: 0.1873 - mean_squared_error: 0.1873 - mean_absolute_error: 0.3735
320/600 [===============>..............] - ETA: 0s - loss: 0.2118 - mean_squared_error: 0.2118 - mean_absolute_error: 0.4091
Epoch 00034: val_loss improved from 0.10586 to 0.10309, saving model to /n/home05/isvetkey/cnn-stimuli/RESULTS/s.Figure5.length/5/VGG19.h5

600/600 [==============================] - 0s 324us/step - loss: 0.2072 - mean_squared_error: 0.2072 - mean_absolute_error: 0.4033 - val_loss: 0.1031 - val_mean_squared_error: 0.1031 - val_mean_absolute_error: 0.2685
Epoch 35/1000

 32/600 [>.............................] - ETA: 0s - loss: 0.2308 - mean_squared_error: 0.2308 - mean_absolute_error: 0.4346
320/600 [===============>..............] - ETA: 0s - loss: 0.2076 - mean_squared_error: 0.2076 - mean_absolute_error: 0.4053
Epoch 00035: val_loss improved from 0.10309 to 0.10043, saving model to /n/home05/isvetkey/cnn-stimuli/RESULTS/s.Figure5.length/5/VGG19.h5

600/600 [==============================] - 0s 810us/step - loss: 0.2049 - mean_squared_error: 0.2049 - mean_absolute_error: 0.4012 - val_loss: 0.1004 - val_mean_squared_error: 0.1004 - val_mean_absolute_error: 0.2653
Epoch 36/1000

 32/600 [>.............................] - ETA: 0s - loss: 0.2104 - mean_squared_error: 0.2104 - mean_absolute_error: 0.4136
224/600 [==========>...................] - ETA: 0s - loss: 0.2065 - mean_squared_error: 0.2065 - mean_absolute_error: 0.4065
480/600 [=======================>......] - ETA: 0s - loss: 0.2011 - mean_squared_error: 0.2011 - mean_absolute_error: 0.3975
Epoch 00036: val_loss improved from 0.10043 to 0.09788, saving model to /n/home05/isvetkey/cnn-stimuli/RESULTS/s.Figure5.length/5/VGG19.h5

600/600 [==============================] - 0s 388us/step - loss: 0.2019 - mean_squared_error: 0.2019 - mean_absolute_error: 0.3992 - val_loss: 0.0979 - val_mean_squared_error: 0.0979 - val_mean_absolute_error: 0.2622
Epoch 37/1000

 32/600 [>.............................] - ETA: 0s - loss: 0.2068 - mean_squared_error: 0.2068 - mean_absolute_error: 0.4060
320/600 [===============>..............] - ETA: 0s - loss: 0.2003 - mean_squared_error: 0.2003 - mean_absolute_error: 0.3994
Epoch 00037: val_loss improved from 0.09788 to 0.09541, saving model to /n/home05/isvetkey/cnn-stimuli/RESULTS/s.Figure5.length/5/VGG19.h5

600/600 [==============================] - 0s 391us/step - loss: 0.1964 - mean_squared_error: 0.1964 - mean_absolute_error: 0.3941 - val_loss: 0.0954 - val_mean_squared_error: 0.0954 - val_mean_absolute_error: 0.2591
Epoch 38/1000

 32/600 [>.............................] - ETA: 0s - loss: 0.1830 - mean_squared_error: 0.1830 - mean_absolute_error: 0.3777
320/600 [===============>..............] - ETA: 0s - loss: 0.1916 - mean_squared_error: 0.1916 - mean_absolute_error: 0.3900
Epoch 00038: val_loss improved from 0.09541 to 0.09303, saving model to /n/home05/isvetkey/cnn-stimuli/RESULTS/s.Figure5.length/5/VGG19.h5

600/600 [==============================] - 0s 374us/step - loss: 0.1934 - mean_squared_error: 0.1934 - mean_absolute_error: 0.3917 - val_loss: 0.0930 - val_mean_squared_error: 0.0930 - val_mean_absolute_error: 0.2561
Epoch 39/1000

 32/600 [>.............................] - ETA: 0s - loss: 0.2027 - mean_squared_error: 0.2027 - mean_absolute_error: 0.4144
320/600 [===============>..............] - ETA: 0s - loss: 0.1956 - mean_squared_error: 0.1956 - mean_absolute_error: 0.3980
Epoch 00039: val_loss improved from 0.09303 to 0.09073, saving model to /n/home05/isvetkey/cnn-stimuli/RESULTS/s.Figure5.length/5/VGG19.h5

600/600 [==============================] - 0s 342us/step - loss: 0.1903 - mean_squared_error: 0.1903 - mean_absolute_error: 0.3897 - val_loss: 0.0907 - val_mean_squared_error: 0.0907 - val_mean_absolute_error: 0.2532
Epoch 40/1000

 32/600 [>.............................] - ETA: 0s - loss: 0.2043 - mean_squared_error: 0.2043 - mean_absolute_error: 0.4116
352/600 [================>.............] - ETA: 0s - loss: 0.1862 - mean_squared_error: 0.1862 - mean_absolute_error: 0.3844
Epoch 00040: val_loss improved from 0.09073 to 0.08856, saving model to /n/home05/isvetkey/cnn-stimuli/RESULTS/s.Figure5.length/5/VGG19.h5

600/600 [==============================] - 0s 316us/step - loss: 0.1870 - mean_squared_error: 0.1870 - mean_absolute_error: 0.3872 - val_loss: 0.0886 - val_mean_squared_error: 0.0886 - val_mean_absolute_error: 0.2506
Epoch 41/1000

 32/600 [>.............................] - ETA: 0s - loss: 0.1949 - mean_squared_error: 0.1949 - mean_absolute_error: 0.4077
256/600 [===========>..................] - ETA: 0s - loss: 0.1812 - mean_squared_error: 0.1812 - mean_absolute_error: 0.3804
544/600 [==========================>...] - ETA: 0s - loss: 0.1862 - mean_squared_error: 0.1862 - mean_absolute_error: 0.3875
Epoch 00041: val_loss improved from 0.08856 to 0.08645, saving model to /n/home05/isvetkey/cnn-stimuli/RESULTS/s.Figure5.length/5/VGG19.h5

600/600 [==============================] - 0s 367us/step - loss: 0.1841 - mean_squared_error: 0.1841 - mean_absolute_error: 0.3844 - val_loss: 0.0864 - val_mean_squared_error: 0.0864 - val_mean_absolute_error: 0.2480
Epoch 42/1000

 32/600 [>.............................] - ETA: 0s - loss: 0.1746 - mean_squared_error: 0.1746 - mean_absolute_error: 0.3764
352/600 [================>.............] - ETA: 0s - loss: 0.1817 - mean_squared_error: 0.1817 - mean_absolute_error: 0.3839
Epoch 00042: val_loss improved from 0.08645 to 0.08441, saving model to /n/home05/isvetkey/cnn-stimuli/RESULTS/s.Figure5.length/5/VGG19.h5

600/600 [==============================] - 0s 316us/step - loss: 0.1802 - mean_squared_error: 0.1802 - mean_absolute_error: 0.3810 - val_loss: 0.0844 - val_mean_squared_error: 0.0844 - val_mean_absolute_error: 0.2457
Epoch 43/1000

 32/600 [>.............................] - ETA: 0s - loss: 0.1729 - mean_squared_error: 0.1729 - mean_absolute_error: 0.3745
224/600 [==========>...................] - ETA: 0s - loss: 0.1770 - mean_squared_error: 0.1770 - mean_absolute_error: 0.3786
480/600 [=======================>......] - ETA: 0s - loss: 0.1757 - mean_squared_error: 0.1757 - mean_absolute_error: 0.3774
Epoch 00043: val_loss improved from 0.08441 to 0.08246, saving model to /n/home05/isvetkey/cnn-stimuli/RESULTS/s.Figure5.length/5/VGG19.h5

600/600 [==============================] - 0s 385us/step - loss: 0.1762 - mean_squared_error: 0.1762 - mean_absolute_error: 0.3779 - val_loss: 0.0825 - val_mean_squared_error: 0.0825 - val_mean_absolute_error: 0.2434
Epoch 44/1000

 32/600 [>.............................] - ETA: 0s - loss: 0.1516 - mean_squared_error: 0.1516 - mean_absolute_error: 0.3460
320/600 [===============>..............] - ETA: 0s - loss: 0.1755 - mean_squared_error: 0.1755 - mean_absolute_error: 0.3799
Epoch 00044: val_loss improved from 0.08246 to 0.08058, saving model to /n/home05/isvetkey/cnn-stimuli/RESULTS/s.Figure5.length/5/VGG19.h5

600/600 [==============================] - 0s 335us/step - loss: 0.1735 - mean_squared_error: 0.1735 - mean_absolute_error: 0.3753 - val_loss: 0.0806 - val_mean_squared_error: 0.0806 - val_mean_absolute_error: 0.2411
Epoch 45/1000

 32/600 [>.............................] - ETA: 0s - loss: 0.1482 - mean_squared_error: 0.1482 - mean_absolute_error: 0.3383
320/600 [===============>..............] - ETA: 0s - loss: 0.1717 - mean_squared_error: 0.1717 - mean_absolute_error: 0.3731
Epoch 00045: val_loss improved from 0.08058 to 0.07877, saving model to /n/home05/isvetkey/cnn-stimuli/RESULTS/s.Figure5.length/5/VGG19.h5

600/600 [==============================] - 0s 336us/step - loss: 0.1707 - mean_squared_error: 0.1707 - mean_absolute_error: 0.3729 - val_loss: 0.0788 - val_mean_squared_error: 0.0788 - val_mean_absolute_error: 0.2389
Epoch 46/1000

 32/600 [>.............................] - ETA: 0s - loss: 0.1806 - mean_squared_error: 0.1806 - mean_absolute_error: 0.3937
320/600 [===============>..............] - ETA: 0s - loss: 0.1653 - mean_squared_error: 0.1653 - mean_absolute_error: 0.3661
Epoch 00046: val_loss improved from 0.07877 to 0.07703, saving model to /n/home05/isvetkey/cnn-stimuli/RESULTS/s.Figure5.length/5/VGG19.h5

600/600 [==============================] - 0s 364us/step - loss: 0.1677 - mean_squared_error: 0.1677 - mean_absolute_error: 0.3704 - val_loss: 0.0770 - val_mean_squared_error: 0.0770 - val_mean_absolute_error: 0.2367
Epoch 47/1000

 32/600 [>.............................] - ETA: 0s - loss: 0.1545 - mean_squared_error: 0.1545 - mean_absolute_error: 0.3593
224/600 [==========>...................] - ETA: 0s - loss: 0.1577 - mean_squared_error: 0.1577 - mean_absolute_error: 0.3563
480/600 [=======================>......] - ETA: 0s - loss: 0.1630 - mean_squared_error: 0.1630 - mean_absolute_error: 0.3650
Epoch 00047: val_loss improved from 0.07703 to 0.07537, saving model to /n/home05/isvetkey/cnn-stimuli/RESULTS/s.Figure5.length/5/VGG19.h5

600/600 [==============================] - 0s 385us/step - loss: 0.1649 - mean_squared_error: 0.1649 - mean_absolute_error: 0.3677 - val_loss: 0.0754 - val_mean_squared_error: 0.0754 - val_mean_absolute_error: 0.2346
Epoch 48/1000

 32/600 [>.............................] - ETA: 0s - loss: 0.1644 - mean_squared_error: 0.1644 - mean_absolute_error: 0.3653
320/600 [===============>..............] - ETA: 0s - loss: 0.1628 - mean_squared_error: 0.1628 - mean_absolute_error: 0.3654
Epoch 00048: val_loss improved from 0.07537 to 0.07377, saving model to /n/home05/isvetkey/cnn-stimuli/RESULTS/s.Figure5.length/5/VGG19.h5

600/600 [==============================] - 0s 334us/step - loss: 0.1613 - mean_squared_error: 0.1613 - mean_absolute_error: 0.3641 - val_loss: 0.0738 - val_mean_squared_error: 0.0738 - val_mean_absolute_error: 0.2325
Epoch 49/1000

 32/600 [>.............................] - ETA: 0s - loss: 0.1701 - mean_squared_error: 0.1701 - mean_absolute_error: 0.3782
320/600 [===============>..............] - ETA: 0s - loss: 0.1621 - mean_squared_error: 0.1621 - mean_absolute_error: 0.3655
Epoch 00049: val_loss improved from 0.07377 to 0.07223, saving model to /n/home05/isvetkey/cnn-stimuli/RESULTS/s.Figure5.length/5/VGG19.h5

600/600 [==============================] - 0s 343us/step - loss: 0.1608 - mean_squared_error: 0.1608 - mean_absolute_error: 0.3636 - val_loss: 0.0722 - val_mean_squared_error: 0.0722 - val_mean_absolute_error: 0.2306
Epoch 50/1000

 32/600 [>.............................] - ETA: 0s - loss: 0.1655 - mean_squared_error: 0.1655 - mean_absolute_error: 0.3654
320/600 [===============>..............] - ETA: 0s - loss: 0.1562 - mean_squared_error: 0.1562 - mean_absolute_error: 0.3588
Epoch 00050: val_loss improved from 0.07223 to 0.07076, saving model to /n/home05/isvetkey/cnn-stimuli/RESULTS/s.Figure5.length/5/VGG19.h5

600/600 [==============================] - 0s 327us/step - loss: 0.1557 - mean_squared_error: 0.1557 - mean_absolute_error: 0.3589 - val_loss: 0.0708 - val_mean_squared_error: 0.0708 - val_mean_absolute_error: 0.2288
Epoch 51/1000

 32/600 [>.............................] - ETA: 0s - loss: 0.1731 - mean_squared_error: 0.1731 - mean_absolute_error: 0.3902
224/600 [==========>...................] - ETA: 0s - loss: 0.1577 - mean_squared_error: 0.1577 - mean_absolute_error: 0.3643
480/600 [=======================>......] - ETA: 0s - loss: 0.1524 - mean_squared_error: 0.1524 - mean_absolute_error: 0.3549
Epoch 00051: val_loss improved from 0.07076 to 0.06935, saving model to /n/home05/isvetkey/cnn-stimuli/RESULTS/s.Figure5.length/5/VGG19.h5

600/600 [==============================] - 0s 400us/step - loss: 0.1540 - mean_squared_error: 0.1540 - mean_absolute_error: 0.3576 - val_loss: 0.0694 - val_mean_squared_error: 0.0694 - val_mean_absolute_error: 0.2270
Epoch 52/1000

 32/600 [>.............................] - ETA: 0s - loss: 0.1490 - mean_squared_error: 0.1490 - mean_absolute_error: 0.3543
352/600 [================>.............] - ETA: 0s - loss: 0.1550 - mean_squared_error: 0.1550 - mean_absolute_error: 0.3598
Epoch 00052: val_loss improved from 0.06935 to 0.06799, saving model to /n/home05/isvetkey/cnn-stimuli/RESULTS/s.Figure5.length/5/VGG19.h5

600/600 [==============================] - 0s 311us/step - loss: 0.1515 - mean_squared_error: 0.1515 - mean_absolute_error: 0.3550 - val_loss: 0.0680 - val_mean_squared_error: 0.0680 - val_mean_absolute_error: 0.2252
Epoch 53/1000

 32/600 [>.............................] - ETA: 0s - loss: 0.1512 - mean_squared_error: 0.1512 - mean_absolute_error: 0.3559
352/600 [================>.............] - ETA: 0s - loss: 0.1537 - mean_squared_error: 0.1537 - mean_absolute_error: 0.3592
Epoch 00053: val_loss improved from 0.06799 to 0.06669, saving model to /n/home05/isvetkey/cnn-stimuli/RESULTS/s.Figure5.length/5/VGG19.h5

600/600 [==============================] - 0s 312us/step - loss: 0.1496 - mean_squared_error: 0.1496 - mean_absolute_error: 0.3530 - val_loss: 0.0667 - val_mean_squared_error: 0.0667 - val_mean_absolute_error: 0.2234
Epoch 54/1000

 32/600 [>.............................] - ETA: 0s - loss: 0.1526 - mean_squared_error: 0.1526 - mean_absolute_error: 0.3570
256/600 [===========>..................] - ETA: 0s - loss: 0.1523 - mean_squared_error: 0.1523 - mean_absolute_error: 0.3593
480/600 [=======================>......] - ETA: 0s - loss: 0.1490 - mean_squared_error: 0.1490 - mean_absolute_error: 0.3540
Epoch 00054: val_loss improved from 0.06669 to 0.06545, saving model to /n/home05/isvetkey/cnn-stimuli/RESULTS/s.Figure5.length/5/VGG19.h5

600/600 [==============================] - 0s 425us/step - loss: 0.1471 - mean_squared_error: 0.1471 - mean_absolute_error: 0.3510 - val_loss: 0.0655 - val_mean_squared_error: 0.0655 - val_mean_absolute_error: 0.2217
Epoch 55/1000

 32/600 [>.............................] - ETA: 0s - loss: 0.1568 - mean_squared_error: 0.1568 - mean_absolute_error: 0.3633
320/600 [===============>..............] - ETA: 0s - loss: 0.1483 - mean_squared_error: 0.1483 - mean_absolute_error: 0.3542
Epoch 00055: val_loss improved from 0.06545 to 0.06428, saving model to /n/home05/isvetkey/cnn-stimuli/RESULTS/s.Figure5.length/5/VGG19.h5

600/600 [==============================] - 0s 606us/step - loss: 0.1456 - mean_squared_error: 0.1456 - mean_absolute_error: 0.3494 - val_loss: 0.0643 - val_mean_squared_error: 0.0643 - val_mean_absolute_error: 0.2201
Epoch 56/1000

 32/600 [>.............................] - ETA: 0s - loss: 0.1284 - mean_squared_error: 0.1284 - mean_absolute_error: 0.3289
224/600 [==========>...................] - ETA: 0s - loss: 0.1396 - mean_squared_error: 0.1396 - mean_absolute_error: 0.3411
480/600 [=======================>......] - ETA: 0s - loss: 0.1435 - mean_squared_error: 0.1435 - mean_absolute_error: 0.3476
Epoch 00056: val_loss improved from 0.06428 to 0.06317, saving model to /n/home05/isvetkey/cnn-stimuli/RESULTS/s.Figure5.length/5/VGG19.h5

600/600 [==============================] - 0s 351us/step - loss: 0.1438 - mean_squared_error: 0.1438 - mean_absolute_error: 0.3477 - val_loss: 0.0632 - val_mean_squared_error: 0.0632 - val_mean_absolute_error: 0.2185
Epoch 57/1000

 32/600 [>.............................] - ETA: 0s - loss: 0.1342 - mean_squared_error: 0.1342 - mean_absolute_error: 0.3337
224/600 [==========>...................] - ETA: 0s - loss: 0.1427 - mean_squared_error: 0.1427 - mean_absolute_error: 0.3468
512/600 [========================>.....] - ETA: 0s - loss: 0.1403 - mean_squared_error: 0.1403 - mean_absolute_error: 0.3436
Epoch 00057: val_loss improved from 0.06317 to 0.06209, saving model to /n/home05/isvetkey/cnn-stimuli/RESULTS/s.Figure5.length/5/VGG19.h5

600/600 [==============================] - 0s 362us/step - loss: 0.1412 - mean_squared_error: 0.1412 - mean_absolute_error: 0.3452 - val_loss: 0.0621 - val_mean_squared_error: 0.0621 - val_mean_absolute_error: 0.2169
Epoch 58/1000

 32/600 [>.............................] - ETA: 0s - loss: 0.1519 - mean_squared_error: 0.1519 - mean_absolute_error: 0.3585
320/600 [===============>..............] - ETA: 0s - loss: 0.1434 - mean_squared_error: 0.1434 - mean_absolute_error: 0.3492
Epoch 00058: val_loss improved from 0.06209 to 0.06106, saving model to /n/home05/isvetkey/cnn-stimuli/RESULTS/s.Figure5.length/5/VGG19.h5

600/600 [==============================] - 0s 534us/step - loss: 0.1402 - mean_squared_error: 0.1402 - mean_absolute_error: 0.3447 - val_loss: 0.0611 - val_mean_squared_error: 0.0611 - val_mean_absolute_error: 0.2154
Epoch 59/1000

 32/600 [>.............................] - ETA: 0s - loss: 0.1600 - mean_squared_error: 0.1600 - mean_absolute_error: 0.3768
288/600 [=============>................] - ETA: 0s - loss: 0.1357 - mean_squared_error: 0.1357 - mean_absolute_error: 0.3394
576/600 [===========================>..] - ETA: 0s - loss: 0.1369 - mean_squared_error: 0.1369 - mean_absolute_error: 0.3407
Epoch 00059: val_loss improved from 0.06106 to 0.06008, saving model to /n/home05/isvetkey/cnn-stimuli/RESULTS/s.Figure5.length/5/VGG19.h5

600/600 [==============================] - 0s 359us/step - loss: 0.1366 - mean_squared_error: 0.1366 - mean_absolute_error: 0.3402 - val_loss: 0.0601 - val_mean_squared_error: 0.0601 - val_mean_absolute_error: 0.2138
Epoch 60/1000

 32/600 [>.............................] - ETA: 0s - loss: 0.1342 - mean_squared_error: 0.1342 - mean_absolute_error: 0.3384
320/600 [===============>..............] - ETA: 0s - loss: 0.1357 - mean_squared_error: 0.1357 - mean_absolute_error: 0.3389
Epoch 00060: val_loss improved from 0.06008 to 0.05915, saving model to /n/home05/isvetkey/cnn-stimuli/RESULTS/s.Figure5.length/5/VGG19.h5

600/600 [==============================] - 0s 666us/step - loss: 0.1351 - mean_squared_error: 0.1351 - mean_absolute_error: 0.3384 - val_loss: 0.0591 - val_mean_squared_error: 0.0591 - val_mean_absolute_error: 0.2125
Epoch 61/1000

 32/600 [>.............................] - ETA: 0s - loss: 0.1254 - mean_squared_error: 0.1254 - mean_absolute_error: 0.3231
320/600 [===============>..............] - ETA: 0s - loss: 0.1314 - mean_squared_error: 0.1314 - mean_absolute_error: 0.3329
Epoch 00061: val_loss improved from 0.05915 to 0.05825, saving model to /n/home05/isvetkey/cnn-stimuli/RESULTS/s.Figure5.length/5/VGG19.h5

600/600 [==============================] - 1s 2ms/step - loss: 0.1328 - mean_squared_error: 0.1328 - mean_absolute_error: 0.3357 - val_loss: 0.0583 - val_mean_squared_error: 0.0583 - val_mean_absolute_error: 0.2112
Epoch 62/1000

 32/600 [>.............................] - ETA: 0s - loss: 0.1257 - mean_squared_error: 0.1257 - mean_absolute_error: 0.3256
256/600 [===========>..................] - ETA: 0s - loss: 0.1328 - mean_squared_error: 0.1328 - mean_absolute_error: 0.3358
512/600 [========================>.....] - ETA: 0s - loss: 0.1319 - mean_squared_error: 0.1319 - mean_absolute_error: 0.3354
Epoch 00062: val_loss improved from 0.05825 to 0.05739, saving model to /n/home05/isvetkey/cnn-stimuli/RESULTS/s.Figure5.length/5/VGG19.h5

600/600 [==============================] - 0s 681us/step - loss: 0.1315 - mean_squared_error: 0.1315 - mean_absolute_error: 0.3342 - val_loss: 0.0574 - val_mean_squared_error: 0.0574 - val_mean_absolute_error: 0.2099
Epoch 63/1000

 32/600 [>.............................] - ETA: 0s - loss: 0.1412 - mean_squared_error: 0.1412 - mean_absolute_error: 0.3513
256/600 [===========>..................] - ETA: 0s - loss: 0.1330 - mean_squared_error: 0.1330 - mean_absolute_error: 0.3371
512/600 [========================>.....] - ETA: 0s - loss: 0.1297 - mean_squared_error: 0.1297 - mean_absolute_error: 0.3327
Epoch 00063: val_loss improved from 0.05739 to 0.05658, saving model to /n/home05/isvetkey/cnn-stimuli/RESULTS/s.Figure5.length/5/VGG19.h5

600/600 [==============================] - 0s 689us/step - loss: 0.1303 - mean_squared_error: 0.1303 - mean_absolute_error: 0.3336 - val_loss: 0.0566 - val_mean_squared_error: 0.0566 - val_mean_absolute_error: 0.2086
Epoch 64/1000

 32/600 [>.............................] - ETA: 0s - loss: 0.1336 - mean_squared_error: 0.1336 - mean_absolute_error: 0.3386
256/600 [===========>..................] - ETA: 0s - loss: 0.1316 - mean_squared_error: 0.1316 - mean_absolute_error: 0.3356
544/600 [==========================>...] - ETA: 0s - loss: 0.1278 - mean_squared_error: 0.1278 - mean_absolute_error: 0.3302
Epoch 00064: val_loss improved from 0.05658 to 0.05582, saving model to /n/home05/isvetkey/cnn-stimuli/RESULTS/s.Figure5.length/5/VGG19.h5

600/600 [==============================] - 0s 342us/step - loss: 0.1285 - mean_squared_error: 0.1285 - mean_absolute_error: 0.3312 - val_loss: 0.0558 - val_mean_squared_error: 0.0558 - val_mean_absolute_error: 0.2074
Epoch 65/1000

 32/600 [>.............................] - ETA: 0s - loss: 0.1337 - mean_squared_error: 0.1337 - mean_absolute_error: 0.3413
320/600 [===============>..............] - ETA: 0s - loss: 0.1233 - mean_squared_error: 0.1233 - mean_absolute_error: 0.3241
Epoch 00065: val_loss improved from 0.05582 to 0.05510, saving model to /n/home05/isvetkey/cnn-stimuli/RESULTS/s.Figure5.length/5/VGG19.h5

600/600 [==============================] - 0s 316us/step - loss: 0.1274 - mean_squared_error: 0.1274 - mean_absolute_error: 0.3299 - val_loss: 0.0551 - val_mean_squared_error: 0.0551 - val_mean_absolute_error: 0.2062
Epoch 66/1000

 32/600 [>.............................] - ETA: 0s - loss: 0.1139 - mean_squared_error: 0.1139 - mean_absolute_error: 0.3131
320/600 [===============>..............] - ETA: 0s - loss: 0.1241 - mean_squared_error: 0.1241 - mean_absolute_error: 0.3249
Epoch 00066: val_loss improved from 0.05510 to 0.05440, saving model to /n/home05/isvetkey/cnn-stimuli/RESULTS/s.Figure5.length/5/VGG19.h5

600/600 [==============================] - 0s 322us/step - loss: 0.1258 - mean_squared_error: 0.1258 - mean_absolute_error: 0.3282 - val_loss: 0.0544 - val_mean_squared_error: 0.0544 - val_mean_absolute_error: 0.2050
Epoch 67/1000

 32/600 [>.............................] - ETA: 0s - loss: 0.1253 - mean_squared_error: 0.1253 - mean_absolute_error: 0.3334
320/600 [===============>..............] - ETA: 0s - loss: 0.1228 - mean_squared_error: 0.1228 - mean_absolute_error: 0.3260
Epoch 00067: val_loss improved from 0.05440 to 0.05374, saving model to /n/home05/isvetkey/cnn-stimuli/RESULTS/s.Figure5.length/5/VGG19.h5

600/600 [==============================] - 0s 521us/step - loss: 0.1240 - mean_squared_error: 0.1240 - mean_absolute_error: 0.3261 - val_loss: 0.0537 - val_mean_squared_error: 0.0537 - val_mean_absolute_error: 0.2040
Epoch 68/1000

 32/600 [>.............................] - ETA: 0s - loss: 0.1260 - mean_squared_error: 0.1260 - mean_absolute_error: 0.3299
320/600 [===============>..............] - ETA: 0s - loss: 0.1234 - mean_squared_error: 0.1234 - mean_absolute_error: 0.3249
Epoch 00068: val_loss improved from 0.05374 to 0.05312, saving model to /n/home05/isvetkey/cnn-stimuli/RESULTS/s.Figure5.length/5/VGG19.h5

600/600 [==============================] - 0s 333us/step - loss: 0.1218 - mean_squared_error: 0.1218 - mean_absolute_error: 0.3229 - val_loss: 0.0531 - val_mean_squared_error: 0.0531 - val_mean_absolute_error: 0.2030
Epoch 69/1000

 32/600 [>.............................] - ETA: 0s - loss: 0.1213 - mean_squared_error: 0.1213 - mean_absolute_error: 0.3184
320/600 [===============>..............] - ETA: 0s - loss: 0.1187 - mean_squared_error: 0.1187 - mean_absolute_error: 0.3180
Epoch 00069: val_loss improved from 0.05312 to 0.05253, saving model to /n/home05/isvetkey/cnn-stimuli/RESULTS/s.Figure5.length/5/VGG19.h5

600/600 [==============================] - 0s 326us/step - loss: 0.1212 - mean_squared_error: 0.1212 - mean_absolute_error: 0.3221 - val_loss: 0.0525 - val_mean_squared_error: 0.0525 - val_mean_absolute_error: 0.2020
Epoch 70/1000

 32/600 [>.............................] - ETA: 0s - loss: 0.1207 - mean_squared_error: 0.1207 - mean_absolute_error: 0.3211
320/600 [===============>..............] - ETA: 0s - loss: 0.1213 - mean_squared_error: 0.1213 - mean_absolute_error: 0.3230
Epoch 00070: val_loss improved from 0.05253 to 0.05197, saving model to /n/home05/isvetkey/cnn-stimuli/RESULTS/s.Figure5.length/5/VGG19.h5

600/600 [==============================] - 0s 328us/step - loss: 0.1212 - mean_squared_error: 0.1212 - mean_absolute_error: 0.3224 - val_loss: 0.0520 - val_mean_squared_error: 0.0520 - val_mean_absolute_error: 0.2012
Epoch 71/1000

 32/600 [>.............................] - ETA: 0s - loss: 0.1100 - mean_squared_error: 0.1100 - mean_absolute_error: 0.3070
352/600 [================>.............] - ETA: 0s - loss: 0.1169 - mean_squared_error: 0.1169 - mean_absolute_error: 0.3171
Epoch 00071: val_loss improved from 0.05197 to 0.05145, saving model to /n/home05/isvetkey/cnn-stimuli/RESULTS/s.Figure5.length/5/VGG19.h5

600/600 [==============================] - 0s 307us/step - loss: 0.1188 - mean_squared_error: 0.1188 - mean_absolute_error: 0.3201 - val_loss: 0.0514 - val_mean_squared_error: 0.0514 - val_mean_absolute_error: 0.2004
Epoch 72/1000

 32/600 [>.............................] - ETA: 0s - loss: 0.1051 - mean_squared_error: 0.1051 - mean_absolute_error: 0.2997
352/600 [================>.............] - ETA: 0s - loss: 0.1194 - mean_squared_error: 0.1194 - mean_absolute_error: 0.3217
Epoch 00072: val_loss improved from 0.05145 to 0.05095, saving model to /n/home05/isvetkey/cnn-stimuli/RESULTS/s.Figure5.length/5/VGG19.h5

600/600 [==============================] - 0s 637us/step - loss: 0.1168 - mean_squared_error: 0.1168 - mean_absolute_error: 0.3175 - val_loss: 0.0509 - val_mean_squared_error: 0.0509 - val_mean_absolute_error: 0.1997
Epoch 73/1000

 32/600 [>.............................] - ETA: 0s - loss: 0.1283 - mean_squared_error: 0.1283 - mean_absolute_error: 0.3338
320/600 [===============>..............] - ETA: 0s - loss: 0.1175 - mean_squared_error: 0.1175 - mean_absolute_error: 0.3184
Epoch 00073: val_loss improved from 0.05095 to 0.05048, saving model to /n/home05/isvetkey/cnn-stimuli/RESULTS/s.Figure5.length/5/VGG19.h5

600/600 [==============================] - 0s 314us/step - loss: 0.1170 - mean_squared_error: 0.1170 - mean_absolute_error: 0.3181 - val_loss: 0.0505 - val_mean_squared_error: 0.0505 - val_mean_absolute_error: 0.1990
Epoch 74/1000

 32/600 [>.............................] - ETA: 0s - loss: 0.1018 - mean_squared_error: 0.1018 - mean_absolute_error: 0.2935
352/600 [================>.............] - ETA: 0s - loss: 0.1145 - mean_squared_error: 0.1145 - mean_absolute_error: 0.3139
Epoch 00074: val_loss improved from 0.05048 to 0.05005, saving model to /n/home05/isvetkey/cnn-stimuli/RESULTS/s.Figure5.length/5/VGG19.h5

600/600 [==============================] - 0s 667us/step - loss: 0.1142 - mean_squared_error: 0.1142 - mean_absolute_error: 0.3142 - val_loss: 0.0500 - val_mean_squared_error: 0.0500 - val_mean_absolute_error: 0.1983
Epoch 75/1000

 32/600 [>.............................] - ETA: 0s - loss: 0.1104 - mean_squared_error: 0.1104 - mean_absolute_error: 0.3045
224/600 [==========>...................] - ETA: 0s - loss: 0.1116 - mean_squared_error: 0.1116 - mean_absolute_error: 0.3092
480/600 [=======================>......] - ETA: 0s - loss: 0.1130 - mean_squared_error: 0.1130 - mean_absolute_error: 0.3117
Epoch 00075: val_loss improved from 0.05005 to 0.04964, saving model to /n/home05/isvetkey/cnn-stimuli/RESULTS/s.Figure5.length/5/VGG19.h5

600/600 [==============================] - 0s 391us/step - loss: 0.1131 - mean_squared_error: 0.1131 - mean_absolute_error: 0.3121 - val_loss: 0.0496 - val_mean_squared_error: 0.0496 - val_mean_absolute_error: 0.1976
Epoch 76/1000

 32/600 [>.............................] - ETA: 0s - loss: 0.1121 - mean_squared_error: 0.1121 - mean_absolute_error: 0.3149
320/600 [===============>..............] - ETA: 0s - loss: 0.1145 - mean_squared_error: 0.1145 - mean_absolute_error: 0.3148
Epoch 00076: val_loss improved from 0.04964 to 0.04924, saving model to /n/home05/isvetkey/cnn-stimuli/RESULTS/s.Figure5.length/5/VGG19.h5

600/600 [==============================] - 0s 320us/step - loss: 0.1126 - mean_squared_error: 0.1126 - mean_absolute_error: 0.3114 - val_loss: 0.0492 - val_mean_squared_error: 0.0492 - val_mean_absolute_error: 0.1969
Epoch 77/1000

 32/600 [>.............................] - ETA: 0s - loss: 0.1088 - mean_squared_error: 0.1088 - mean_absolute_error: 0.3057
320/600 [===============>..............] - ETA: 0s - loss: 0.1107 - mean_squared_error: 0.1107 - mean_absolute_error: 0.3091
Epoch 00077: val_loss improved from 0.04924 to 0.04888, saving model to /n/home05/isvetkey/cnn-stimuli/RESULTS/s.Figure5.length/5/VGG19.h5

600/600 [==============================] - 0s 330us/step - loss: 0.1105 - mean_squared_error: 0.1105 - mean_absolute_error: 0.3090 - val_loss: 0.0489 - val_mean_squared_error: 0.0489 - val_mean_absolute_error: 0.1962
Epoch 78/1000

 32/600 [>.............................] - ETA: 0s - loss: 0.1135 - mean_squared_error: 0.1135 - mean_absolute_error: 0.3140
320/600 [===============>..............] - ETA: 0s - loss: 0.1119 - mean_squared_error: 0.1119 - mean_absolute_error: 0.3109
Epoch 00078: val_loss improved from 0.04888 to 0.04854, saving model to /n/home05/isvetkey/cnn-stimuli/RESULTS/s.Figure5.length/5/VGG19.h5

600/600 [==============================] - 0s 321us/step - loss: 0.1113 - mean_squared_error: 0.1113 - mean_absolute_error: 0.3097 - val_loss: 0.0485 - val_mean_squared_error: 0.0485 - val_mean_absolute_error: 0.1955
Epoch 79/1000

 32/600 [>.............................] - ETA: 0s - loss: 0.1140 - mean_squared_error: 0.1140 - mean_absolute_error: 0.3156
352/600 [================>.............] - ETA: 0s - loss: 0.1092 - mean_squared_error: 0.1092 - mean_absolute_error: 0.3068
Epoch 00079: val_loss improved from 0.04854 to 0.04822, saving model to /n/home05/isvetkey/cnn-stimuli/RESULTS/s.Figure5.length/5/VGG19.h5

600/600 [==============================] - 0s 307us/step - loss: 0.1086 - mean_squared_error: 0.1086 - mean_absolute_error: 0.3061 - val_loss: 0.0482 - val_mean_squared_error: 0.0482 - val_mean_absolute_error: 0.1949
Epoch 80/1000

 32/600 [>.............................] - ETA: 0s - loss: 0.1111 - mean_squared_error: 0.1111 - mean_absolute_error: 0.3108
256/600 [===========>..................] - ETA: 0s - loss: 0.1075 - mean_squared_error: 0.1075 - mean_absolute_error: 0.3053
544/600 [==========================>...] - ETA: 0s - loss: 0.1088 - mean_squared_error: 0.1088 - mean_absolute_error: 0.3069
Epoch 00080: val_loss improved from 0.04822 to 0.04793, saving model to /n/home05/isvetkey/cnn-stimuli/RESULTS/s.Figure5.length/5/VGG19.h5

600/600 [==============================] - 0s 721us/step - loss: 0.1085 - mean_squared_error: 0.1085 - mean_absolute_error: 0.3065 - val_loss: 0.0479 - val_mean_squared_error: 0.0479 - val_mean_absolute_error: 0.1942
Epoch 81/1000

 32/600 [>.............................] - ETA: 0s - loss: 0.1148 - mean_squared_error: 0.1148 - mean_absolute_error: 0.3124
320/600 [===============>..............] - ETA: 0s - loss: 0.1084 - mean_squared_error: 0.1084 - mean_absolute_error: 0.3059
Epoch 00081: val_loss improved from 0.04793 to 0.04766, saving model to /n/home05/isvetkey/cnn-stimuli/RESULTS/s.Figure5.length/5/VGG19.h5

600/600 [==============================] - 0s 354us/step - loss: 0.1071 - mean_squared_error: 0.1071 - mean_absolute_error: 0.3039 - val_loss: 0.0477 - val_mean_squared_error: 0.0477 - val_mean_absolute_error: 0.1936
Epoch 82/1000

 32/600 [>.............................] - ETA: 0s - loss: 0.1084 - mean_squared_error: 0.1084 - mean_absolute_error: 0.3060
224/600 [==========>...................] - ETA: 0s - loss: 0.1080 - mean_squared_error: 0.1080 - mean_absolute_error: 0.3067
480/600 [=======================>......] - ETA: 0s - loss: 0.1090 - mean_squared_error: 0.1090 - mean_absolute_error: 0.3075
Epoch 00082: val_loss improved from 0.04766 to 0.04741, saving model to /n/home05/isvetkey/cnn-stimuli/RESULTS/s.Figure5.length/5/VGG19.h5

600/600 [==============================] - 0s 373us/step - loss: 0.1081 - mean_squared_error: 0.1081 - mean_absolute_error: 0.3057 - val_loss: 0.0474 - val_mean_squared_error: 0.0474 - val_mean_absolute_error: 0.1931
Epoch 83/1000

 32/600 [>.............................] - ETA: 0s - loss: 0.1111 - mean_squared_error: 0.1111 - mean_absolute_error: 0.3104
320/600 [===============>..............] - ETA: 0s - loss: 0.1047 - mean_squared_error: 0.1047 - mean_absolute_error: 0.3008
Epoch 00083: val_loss improved from 0.04741 to 0.04717, saving model to /n/home05/isvetkey/cnn-stimuli/RESULTS/s.Figure5.length/5/VGG19.h5

600/600 [==============================] - 0s 362us/step - loss: 0.1048 - mean_squared_error: 0.1048 - mean_absolute_error: 0.3007 - val_loss: 0.0472 - val_mean_squared_error: 0.0472 - val_mean_absolute_error: 0.1926
Epoch 84/1000

 32/600 [>.............................] - ETA: 0s - loss: 0.1138 - mean_squared_error: 0.1138 - mean_absolute_error: 0.3148
320/600 [===============>..............] - ETA: 0s - loss: 0.1062 - mean_squared_error: 0.1062 - mean_absolute_error: 0.3030
Epoch 00084: val_loss improved from 0.04717 to 0.04696, saving model to /n/home05/isvetkey/cnn-stimuli/RESULTS/s.Figure5.length/5/VGG19.h5

600/600 [==============================] - 0s 363us/step - loss: 0.1063 - mean_squared_error: 0.1063 - mean_absolute_error: 0.3028 - val_loss: 0.0470 - val_mean_squared_error: 0.0470 - val_mean_absolute_error: 0.1921
Epoch 85/1000

 32/600 [>.............................] - ETA: 0s - loss: 0.1009 - mean_squared_error: 0.1009 - mean_absolute_error: 0.2920
320/600 [===============>..............] - ETA: 0s - loss: 0.1039 - mean_squared_error: 0.1039 - mean_absolute_error: 0.3003
Epoch 00085: val_loss improved from 0.04696 to 0.04676, saving model to /n/home05/isvetkey/cnn-stimuli/RESULTS/s.Figure5.length/5/VGG19.h5

600/600 [==============================] - 0s 334us/step - loss: 0.1044 - mean_squared_error: 0.1044 - mean_absolute_error: 0.3000 - val_loss: 0.0468 - val_mean_squared_error: 0.0468 - val_mean_absolute_error: 0.1916
Epoch 86/1000

 32/600 [>.............................] - ETA: 0s - loss: 0.1007 - mean_squared_error: 0.1007 - mean_absolute_error: 0.2937
320/600 [===============>..............] - ETA: 0s - loss: 0.1059 - mean_squared_error: 0.1059 - mean_absolute_error: 0.3020
Epoch 00086: val_loss improved from 0.04676 to 0.04658, saving model to /n/home05/isvetkey/cnn-stimuli/RESULTS/s.Figure5.length/5/VGG19.h5

600/600 [==============================] - 0s 311us/step - loss: 0.1030 - mean_squared_error: 0.1030 - mean_absolute_error: 0.2975 - val_loss: 0.0466 - val_mean_squared_error: 0.0466 - val_mean_absolute_error: 0.1911
Epoch 87/1000

 32/600 [>.............................] - ETA: 0s - loss: 0.0948 - mean_squared_error: 0.0948 - mean_absolute_error: 0.2850
352/600 [================>.............] - ETA: 0s - loss: 0.1017 - mean_squared_error: 0.1017 - mean_absolute_error: 0.2960
Epoch 00087: val_loss improved from 0.04658 to 0.04642, saving model to /n/home05/isvetkey/cnn-stimuli/RESULTS/s.Figure5.length/5/VGG19.h5

600/600 [==============================] - 0s 312us/step - loss: 0.1024 - mean_squared_error: 0.1024 - mean_absolute_error: 0.2969 - val_loss: 0.0464 - val_mean_squared_error: 0.0464 - val_mean_absolute_error: 0.1906
Epoch 88/1000

 32/600 [>.............................] - ETA: 0s - loss: 0.0970 - mean_squared_error: 0.0970 - mean_absolute_error: 0.2871
256/600 [===========>..................] - ETA: 0s - loss: 0.0996 - mean_squared_error: 0.0996 - mean_absolute_error: 0.2923
544/600 [==========================>...] - ETA: 0s - loss: 0.1006 - mean_squared_error: 0.1006 - mean_absolute_error: 0.2940
Epoch 00088: val_loss improved from 0.04642 to 0.04627, saving model to /n/home05/isvetkey/cnn-stimuli/RESULTS/s.Figure5.length/5/VGG19.h5

600/600 [==============================] - 0s 357us/step - loss: 0.1016 - mean_squared_error: 0.1016 - mean_absolute_error: 0.2956 - val_loss: 0.0463 - val_mean_squared_error: 0.0463 - val_mean_absolute_error: 0.1901
Epoch 89/1000

 32/600 [>.............................] - ETA: 0s - loss: 0.1048 - mean_squared_error: 0.1048 - mean_absolute_error: 0.2964
352/600 [================>.............] - ETA: 0s - loss: 0.0995 - mean_squared_error: 0.0995 - mean_absolute_error: 0.2925
Epoch 00089: val_loss improved from 0.04627 to 0.04614, saving model to /n/home05/isvetkey/cnn-stimuli/RESULTS/s.Figure5.length/5/VGG19.h5

600/600 [==============================] - 0s 315us/step - loss: 0.1000 - mean_squared_error: 0.1000 - mean_absolute_error: 0.2933 - val_loss: 0.0461 - val_mean_squared_error: 0.0461 - val_mean_absolute_error: 0.1896
Epoch 90/1000

 32/600 [>.............................] - ETA: 0s - loss: 0.0965 - mean_squared_error: 0.0965 - mean_absolute_error: 0.2846
256/600 [===========>..................] - ETA: 0s - loss: 0.0968 - mean_squared_error: 0.0968 - mean_absolute_error: 0.2866
512/600 [========================>.....] - ETA: 0s - loss: 0.0999 - mean_squared_error: 0.0999 - mean_absolute_error: 0.2930
Epoch 00090: val_loss improved from 0.04614 to 0.04602, saving model to /n/home05/isvetkey/cnn-stimuli/RESULTS/s.Figure5.length/5/VGG19.h5

600/600 [==============================] - 0s 367us/step - loss: 0.1005 - mean_squared_error: 0.1005 - mean_absolute_error: 0.2940 - val_loss: 0.0460 - val_mean_squared_error: 0.0460 - val_mean_absolute_error: 0.1892
Epoch 91/1000

 32/600 [>.............................] - ETA: 0s - loss: 0.0959 - mean_squared_error: 0.0959 - mean_absolute_error: 0.2859
256/600 [===========>..................] - ETA: 0s - loss: 0.1000 - mean_squared_error: 0.1000 - mean_absolute_error: 0.2929
544/600 [==========================>...] - ETA: 0s - loss: 0.0997 - mean_squared_error: 0.0997 - mean_absolute_error: 0.2927
Epoch 00091: val_loss improved from 0.04602 to 0.04591, saving model to /n/home05/isvetkey/cnn-stimuli/RESULTS/s.Figure5.length/5/VGG19.h5

600/600 [==============================] - 0s 349us/step - loss: 0.0996 - mean_squared_error: 0.0996 - mean_absolute_error: 0.2926 - val_loss: 0.0459 - val_mean_squared_error: 0.0459 - val_mean_absolute_error: 0.1887
Epoch 92/1000

 32/600 [>.............................] - ETA: 0s - loss: 0.0950 - mean_squared_error: 0.0950 - mean_absolute_error: 0.2846
320/600 [===============>..............] - ETA: 0s - loss: 0.0968 - mean_squared_error: 0.0968 - mean_absolute_error: 0.2892
Epoch 00092: val_loss improved from 0.04591 to 0.04582, saving model to /n/home05/isvetkey/cnn-stimuli/RESULTS/s.Figure5.length/5/VGG19.h5

600/600 [==============================] - 0s 468us/step - loss: 0.0977 - mean_squared_error: 0.0977 - mean_absolute_error: 0.2898 - val_loss: 0.0458 - val_mean_squared_error: 0.0458 - val_mean_absolute_error: 0.1884
Epoch 93/1000

 32/600 [>.............................] - ETA: 0s - loss: 0.0959 - mean_squared_error: 0.0959 - mean_absolute_error: 0.2857
224/600 [==========>...................] - ETA: 0s - loss: 0.0959 - mean_squared_error: 0.0959 - mean_absolute_error: 0.2848
480/600 [=======================>......] - ETA: 0s - loss: 0.0982 - mean_squared_error: 0.0982 - mean_absolute_error: 0.2893
Epoch 00093: val_loss improved from 0.04582 to 0.04575, saving model to /n/home05/isvetkey/cnn-stimuli/RESULTS/s.Figure5.length/5/VGG19.h5

600/600 [==============================] - 0s 369us/step - loss: 0.0983 - mean_squared_error: 0.0983 - mean_absolute_error: 0.2896 - val_loss: 0.0457 - val_mean_squared_error: 0.0457 - val_mean_absolute_error: 0.1881
Epoch 94/1000

 32/600 [>.............................] - ETA: 0s - loss: 0.1005 - mean_squared_error: 0.1005 - mean_absolute_error: 0.2905
288/600 [=============>................] - ETA: 0s - loss: 0.0989 - mean_squared_error: 0.0989 - mean_absolute_error: 0.2912
576/600 [===========================>..] - ETA: 0s - loss: 0.0980 - mean_squared_error: 0.0980 - mean_absolute_error: 0.2893
Epoch 00094: val_loss improved from 0.04575 to 0.04568, saving model to /n/home05/isvetkey/cnn-stimuli/RESULTS/s.Figure5.length/5/VGG19.h5

600/600 [==============================] - 0s 331us/step - loss: 0.0980 - mean_squared_error: 0.0980 - mean_absolute_error: 0.2892 - val_loss: 0.0457 - val_mean_squared_error: 0.0457 - val_mean_absolute_error: 0.1878
Epoch 95/1000

 32/600 [>.............................] - ETA: 0s - loss: 0.1025 - mean_squared_error: 0.1025 - mean_absolute_error: 0.2952
224/600 [==========>...................] - ETA: 0s - loss: 0.0990 - mean_squared_error: 0.0990 - mean_absolute_error: 0.2916
480/600 [=======================>......] - ETA: 0s - loss: 0.0977 - mean_squared_error: 0.0977 - mean_absolute_error: 0.2893
Epoch 00095: val_loss improved from 0.04568 to 0.04563, saving model to /n/home05/isvetkey/cnn-stimuli/RESULTS/s.Figure5.length/5/VGG19.h5

600/600 [==============================] - 0s 419us/step - loss: 0.0982 - mean_squared_error: 0.0982 - mean_absolute_error: 0.2897 - val_loss: 0.0456 - val_mean_squared_error: 0.0456 - val_mean_absolute_error: 0.1875
Epoch 96/1000

 32/600 [>.............................] - ETA: 0s - loss: 0.0927 - mean_squared_error: 0.0927 - mean_absolute_error: 0.2852
352/600 [================>.............] - ETA: 0s - loss: 0.0952 - mean_squared_error: 0.0952 - mean_absolute_error: 0.2852
Epoch 00096: val_loss improved from 0.04563 to 0.04558, saving model to /n/home05/isvetkey/cnn-stimuli/RESULTS/s.Figure5.length/5/VGG19.h5

600/600 [==============================] - 0s 335us/step - loss: 0.0973 - mean_squared_error: 0.0973 - mean_absolute_error: 0.2886 - val_loss: 0.0456 - val_mean_squared_error: 0.0456 - val_mean_absolute_error: 0.1872
Epoch 97/1000

 32/600 [>.............................] - ETA: 0s - loss: 0.0982 - mean_squared_error: 0.0982 - mean_absolute_error: 0.2898
256/600 [===========>..................] - ETA: 0s - loss: 0.0968 - mean_squared_error: 0.0968 - mean_absolute_error: 0.2880
512/600 [========================>.....] - ETA: 0s - loss: 0.0959 - mean_squared_error: 0.0959 - mean_absolute_error: 0.2855
Epoch 00097: val_loss improved from 0.04558 to 0.04555, saving model to /n/home05/isvetkey/cnn-stimuli/RESULTS/s.Figure5.length/5/VGG19.h5

600/600 [==============================] - 0s 366us/step - loss: 0.0960 - mean_squared_error: 0.0960 - mean_absolute_error: 0.2856 - val_loss: 0.0456 - val_mean_squared_error: 0.0456 - val_mean_absolute_error: 0.1869
Epoch 98/1000

 32/600 [>.............................] - ETA: 0s - loss: 0.0915 - mean_squared_error: 0.0915 - mean_absolute_error: 0.2800
320/600 [===============>..............] - ETA: 0s - loss: 0.0942 - mean_squared_error: 0.0942 - mean_absolute_error: 0.2832
Epoch 00098: val_loss improved from 0.04555 to 0.04553, saving model to /n/home05/isvetkey/cnn-stimuli/RESULTS/s.Figure5.length/5/VGG19.h5

600/600 [==============================] - 0s 679us/step - loss: 0.0956 - mean_squared_error: 0.0956 - mean_absolute_error: 0.2853 - val_loss: 0.0455 - val_mean_squared_error: 0.0455 - val_mean_absolute_error: 0.1867
Epoch 99/1000

 32/600 [>.............................] - ETA: 0s - loss: 0.0925 - mean_squared_error: 0.0925 - mean_absolute_error: 0.2803
288/600 [=============>................] - ETA: 0s - loss: 0.0952 - mean_squared_error: 0.0952 - mean_absolute_error: 0.2851
576/600 [===========================>..] - ETA: 0s - loss: 0.0940 - mean_squared_error: 0.0940 - mean_absolute_error: 0.2828
Epoch 00099: val_loss improved from 0.04553 to 0.04551, saving model to /n/home05/isvetkey/cnn-stimuli/RESULTS/s.Figure5.length/5/VGG19.h5

600/600 [==============================] - 0s 646us/step - loss: 0.0940 - mean_squared_error: 0.0940 - mean_absolute_error: 0.2826 - val_loss: 0.0455 - val_mean_squared_error: 0.0455 - val_mean_absolute_error: 0.1864
Epoch 100/1000

 32/600 [>.............................] - ETA: 0s - loss: 0.0917 - mean_squared_error: 0.0917 - mean_absolute_error: 0.2796
256/600 [===========>..................] - ETA: 0s - loss: 0.0949 - mean_squared_error: 0.0949 - mean_absolute_error: 0.2851
512/600 [========================>.....] - ETA: 0s - loss: 0.0944 - mean_squared_error: 0.0944 - mean_absolute_error: 0.2833
Epoch 00100: val_loss improved from 0.04551 to 0.04550, saving model to /n/home05/isvetkey/cnn-stimuli/RESULTS/s.Figure5.length/5/VGG19.h5

600/600 [==============================] - 0s 350us/step - loss: 0.0947 - mean_squared_error: 0.0947 - mean_absolute_error: 0.2838 - val_loss: 0.0455 - val_mean_squared_error: 0.0455 - val_mean_absolute_error: 0.1861
Epoch 101/1000

 32/600 [>.............................] - ETA: 0s - loss: 0.0950 - mean_squared_error: 0.0950 - mean_absolute_error: 0.2854
320/600 [===============>..............] - ETA: 0s - loss: 0.0954 - mean_squared_error: 0.0954 - mean_absolute_error: 0.2856
Epoch 00101: val_loss did not improve

600/600 [==============================] - 0s 205us/step - loss: 0.0937 - mean_squared_error: 0.0937 - mean_absolute_error: 0.2817 - val_loss: 0.0455 - val_mean_squared_error: 0.0455 - val_mean_absolute_error: 0.1858
Epoch 102/1000

 32/600 [>.............................] - ETA: 0s - loss: 0.0965 - mean_squared_error: 0.0965 - mean_absolute_error: 0.2884
320/600 [===============>..............] - ETA: 0s - loss: 0.0916 - mean_squared_error: 0.0916 - mean_absolute_error: 0.2787
Epoch 00102: val_loss did not improve

600/600 [==============================] - 0s 206us/step - loss: 0.0924 - mean_squared_error: 0.0924 - mean_absolute_error: 0.2801 - val_loss: 0.0455 - val_mean_squared_error: 0.0455 - val_mean_absolute_error: 0.1856
Epoch 103/1000

 32/600 [>.............................] - ETA: 0s - loss: 0.0969 - mean_squared_error: 0.0969 - mean_absolute_error: 0.2842
320/600 [===============>..............] - ETA: 0s - loss: 0.0939 - mean_squared_error: 0.0939 - mean_absolute_error: 0.2813
Epoch 00103: val_loss did not improve

600/600 [==============================] - 0s 206us/step - loss: 0.0937 - mean_squared_error: 0.0937 - mean_absolute_error: 0.2817 - val_loss: 0.0455 - val_mean_squared_error: 0.0455 - val_mean_absolute_error: 0.1853
Epoch 104/1000

 32/600 [>.............................] - ETA: 0s - loss: 0.0952 - mean_squared_error: 0.0952 - mean_absolute_error: 0.2853
320/600 [===============>..............] - ETA: 0s - loss: 0.0922 - mean_squared_error: 0.0922 - mean_absolute_error: 0.2787
Epoch 00104: val_loss did not improve

600/600 [==============================] - 0s 206us/step - loss: 0.0920 - mean_squared_error: 0.0920 - mean_absolute_error: 0.2778 - val_loss: 0.0456 - val_mean_squared_error: 0.0456 - val_mean_absolute_error: 0.1850
Epoch 105/1000

 32/600 [>.............................] - ETA: 0s - loss: 0.0931 - mean_squared_error: 0.0931 - mean_absolute_error: 0.2797
320/600 [===============>..............] - ETA: 0s - loss: 0.0925 - mean_squared_error: 0.0925 - mean_absolute_error: 0.2783
Epoch 00105: val_loss did not improve

600/600 [==============================] - 0s 201us/step - loss: 0.0912 - mean_squared_error: 0.0912 - mean_absolute_error: 0.2766 - val_loss: 0.0456 - val_mean_squared_error: 0.0456 - val_mean_absolute_error: 0.1848
Epoch 106/1000

 32/600 [>.............................] - ETA: 0s - loss: 0.0887 - mean_squared_error: 0.0887 - mean_absolute_error: 0.2753
352/600 [================>.............] - ETA: 0s - loss: 0.0909 - mean_squared_error: 0.0909 - mean_absolute_error: 0.2769
Epoch 00106: val_loss did not improve

600/600 [==============================] - 0s 186us/step - loss: 0.0912 - mean_squared_error: 0.0912 - mean_absolute_error: 0.2770 - val_loss: 0.0456 - val_mean_squared_error: 0.0456 - val_mean_absolute_error: 0.1845
Epoch 107/1000

 32/600 [>.............................] - ETA: 0s - loss: 0.0979 - mean_squared_error: 0.0979 - mean_absolute_error: 0.2863
352/600 [================>.............] - ETA: 0s - loss: 0.0913 - mean_squared_error: 0.0913 - mean_absolute_error: 0.2766
Epoch 00107: val_loss did not improve

600/600 [==============================] - 0s 184us/step - loss: 0.0911 - mean_squared_error: 0.0911 - mean_absolute_error: 0.2766 - val_loss: 0.0457 - val_mean_squared_error: 0.0457 - val_mean_absolute_error: 0.1843
Epoch 108/1000

 32/600 [>.............................] - ETA: 0s - loss: 0.0925 - mean_squared_error: 0.0925 - mean_absolute_error: 0.2759
352/600 [================>.............] - ETA: 0s - loss: 0.0908 - mean_squared_error: 0.0908 - mean_absolute_error: 0.2753
Epoch 00108: val_loss did not improve

600/600 [==============================] - 0s 185us/step - loss: 0.0912 - mean_squared_error: 0.0912 - mean_absolute_error: 0.2767 - val_loss: 0.0457 - val_mean_squared_error: 0.0457 - val_mean_absolute_error: 0.1841
Epoch 109/1000

 32/600 [>.............................] - ETA: 0s - loss: 0.0896 - mean_squared_error: 0.0896 - mean_absolute_error: 0.2752
352/600 [================>.............] - ETA: 0s - loss: 0.0901 - mean_squared_error: 0.0901 - mean_absolute_error: 0.2748
Epoch 00109: val_loss did not improve

600/600 [==============================] - 0s 186us/step - loss: 0.0911 - mean_squared_error: 0.0911 - mean_absolute_error: 0.2760 - val_loss: 0.0458 - val_mean_squared_error: 0.0458 - val_mean_absolute_error: 0.1839
Epoch 110/1000

 32/600 [>.............................] - ETA: 0s - loss: 0.0945 - mean_squared_error: 0.0945 - mean_absolute_error: 0.2805
352/600 [================>.............] - ETA: 0s - loss: 0.0901 - mean_squared_error: 0.0901 - mean_absolute_error: 0.2749
Epoch 00110: val_loss did not improve

600/600 [==============================] - 0s 186us/step - loss: 0.0907 - mean_squared_error: 0.0907 - mean_absolute_error: 0.2752 - val_loss: 0.0458 - val_mean_squared_error: 0.0458 - val_mean_absolute_error: 0.1838
Fitting done 28.4709999561
MLAE 4.73013384043
Written /n/home05/isvetkey/cnn-stimuli/RESULTS/s.Figure5.length/5/VGG19.p
Written /n/home05/isvetkey/cnn-stimuli/RESULTS/s.Figure5.length/5/VGG19.h5
All done. Give your computer a pat on the back.
actually don't do that.
