My SLURM_ARRAY_TASK_ID:  3
Running s.Figure5.angle with flags 0 with VGG19
Race condition, what are you? True
Working in /n/home05/isvetkey/cnn-stimuli/RESULTS/s.Figure5.angle/0/VGG19
Storing /n/home05/isvetkey/cnn-stimuli/RESULTS/s.Figure5.angle/0/VGG19_noise.p
Storing /n/home05/isvetkey/cnn-stimuli/RESULTS/s.Figure5.angle/0/VGG19_noise.h5
Done 27.5472428799 seconds ( 154772 iterations)
memory usage 60.016 MB

 32/600 [>.............................] - ETA: 52s
 64/600 [==>...........................] - ETA: 25s
 96/600 [===>..........................] - ETA: 16s
128/600 [=====>........................] - ETA: 11s
160/600 [=======>......................] - ETA: 8s 
192/600 [========>.....................] - ETA: 6s
224/600 [==========>...................] - ETA: 5s
256/600 [===========>..................] - ETA: 4s
288/600 [=============>................] - ETA: 3s
320/600 [===============>..............] - ETA: 3s
352/600 [================>.............] - ETA: 2s
384/600 [==================>...........] - ETA: 2s
416/600 [===================>..........] - ETA: 1s
448/600 [=====================>........] - ETA: 1s
480/600 [=======================>......] - ETA: 0s
512/600 [========================>.....] - ETA: 0s
544/600 [==========================>...] - ETA: 0s
576/600 [===========================>..] - ETA: 0s
600/600 [==============================] - 4s 7ms/step

 32/200 [===>..........................] - ETA: 0s
 64/200 [========>.....................] - ETA: 0s
 96/200 [=============>................] - ETA: 0s
128/200 [==================>...........] - ETA: 0s
160/200 [=======================>......] - ETA: 0s
192/200 [===========================>..] - ETA: 0s
200/200 [==============================] - 1s 3ms/step

 32/200 [===>..........................] - ETA: 0s
 64/200 [========>.....................] - ETA: 0s
 96/200 [=============>................] - ETA: 0s
128/200 [==================>...........] - ETA: 0s
160/200 [=======================>......] - ETA: 0s
192/200 [===========================>..] - ETA: 0s
200/200 [==============================] - 0s 2ms/step
VGG19 features done after 5.16153216362
memory usage 24.576 MB
Train on 600 samples, validate on 200 samples
Epoch 1/1000

 32/600 [>.............................] - ETA: 7s - loss: 0.4633 - mean_squared_error: 0.4633 - mean_absolute_error: 0.6269
448/600 [=====================>........] - ETA: 0s - loss: 0.4385 - mean_squared_error: 0.4385 - mean_absolute_error: 0.6021
Epoch 00001: val_loss improved from inf to 0.13667, saving model to /n/home05/isvetkey/cnn-stimuli/RESULTS/s.Figure5.angle/0/VGG19_noise.h5

600/600 [==============================] - 1s 1ms/step - loss: 0.4414 - mean_squared_error: 0.4414 - mean_absolute_error: 0.6054 - val_loss: 0.1367 - val_mean_squared_error: 0.1367 - val_mean_absolute_error: 0.2785
Epoch 2/1000

 32/600 [>.............................] - ETA: 0s - loss: 0.4442 - mean_squared_error: 0.4442 - mean_absolute_error: 0.6072
448/600 [=====================>........] - ETA: 0s - loss: 0.4319 - mean_squared_error: 0.4319 - mean_absolute_error: 0.5978
Epoch 00002: val_loss improved from 0.13667 to 0.13238, saving model to /n/home05/isvetkey/cnn-stimuli/RESULTS/s.Figure5.angle/0/VGG19_noise.h5

600/600 [==============================] - 0s 256us/step - loss: 0.4327 - mean_squared_error: 0.4327 - mean_absolute_error: 0.5983 - val_loss: 0.1324 - val_mean_squared_error: 0.1324 - val_mean_absolute_error: 0.2710
Epoch 3/1000

 32/600 [>.............................] - ETA: 0s - loss: 0.4134 - mean_squared_error: 0.4134 - mean_absolute_error: 0.5811
416/600 [===================>..........] - ETA: 0s - loss: 0.4281 - mean_squared_error: 0.4281 - mean_absolute_error: 0.5968
Epoch 00003: val_loss improved from 0.13238 to 0.12805, saving model to /n/home05/isvetkey/cnn-stimuli/RESULTS/s.Figure5.angle/0/VGG19_noise.h5

600/600 [==============================] - 0s 352us/step - loss: 0.4232 - mean_squared_error: 0.4232 - mean_absolute_error: 0.5906 - val_loss: 0.1280 - val_mean_squared_error: 0.1280 - val_mean_absolute_error: 0.2643
Epoch 4/1000

 32/600 [>.............................] - ETA: 0s - loss: 0.4231 - mean_squared_error: 0.4231 - mean_absolute_error: 0.5881
416/600 [===================>..........] - ETA: 0s - loss: 0.4122 - mean_squared_error: 0.4122 - mean_absolute_error: 0.5808
Epoch 00004: val_loss improved from 0.12805 to 0.12389, saving model to /n/home05/isvetkey/cnn-stimuli/RESULTS/s.Figure5.angle/0/VGG19_noise.h5

600/600 [==============================] - 0s 256us/step - loss: 0.4138 - mean_squared_error: 0.4138 - mean_absolute_error: 0.5828 - val_loss: 0.1239 - val_mean_squared_error: 0.1239 - val_mean_absolute_error: 0.2588
Epoch 5/1000

 32/600 [>.............................] - ETA: 0s - loss: 0.4179 - mean_squared_error: 0.4179 - mean_absolute_error: 0.5892
352/600 [================>.............] - ETA: 0s - loss: 0.4066 - mean_squared_error: 0.4066 - mean_absolute_error: 0.5775
Epoch 00005: val_loss improved from 0.12389 to 0.11986, saving model to /n/home05/isvetkey/cnn-stimuli/RESULTS/s.Figure5.angle/0/VGG19_noise.h5

600/600 [==============================] - 0s 281us/step - loss: 0.4043 - mean_squared_error: 0.4043 - mean_absolute_error: 0.5748 - val_loss: 0.1199 - val_mean_squared_error: 0.1199 - val_mean_absolute_error: 0.2536
Epoch 6/1000

 32/600 [>.............................] - ETA: 0s - loss: 0.4083 - mean_squared_error: 0.4083 - mean_absolute_error: 0.5870
416/600 [===================>..........] - ETA: 0s - loss: 0.3953 - mean_squared_error: 0.3953 - mean_absolute_error: 0.5674
Epoch 00006: val_loss improved from 0.11986 to 0.11602, saving model to /n/home05/isvetkey/cnn-stimuli/RESULTS/s.Figure5.angle/0/VGG19_noise.h5

600/600 [==============================] - 0s 259us/step - loss: 0.3953 - mean_squared_error: 0.3953 - mean_absolute_error: 0.5672 - val_loss: 0.1160 - val_mean_squared_error: 0.1160 - val_mean_absolute_error: 0.2487
Epoch 7/1000

 32/600 [>.............................] - ETA: 0s - loss: 0.3993 - mean_squared_error: 0.3993 - mean_absolute_error: 0.5729
416/600 [===================>..........] - ETA: 0s - loss: 0.3946 - mean_squared_error: 0.3946 - mean_absolute_error: 0.5672
Epoch 00007: val_loss improved from 0.11602 to 0.11234, saving model to /n/home05/isvetkey/cnn-stimuli/RESULTS/s.Figure5.angle/0/VGG19_noise.h5

600/600 [==============================] - 0s 268us/step - loss: 0.3867 - mean_squared_error: 0.3867 - mean_absolute_error: 0.5598 - val_loss: 0.1123 - val_mean_squared_error: 0.1123 - val_mean_absolute_error: 0.2438
Epoch 8/1000

 32/600 [>.............................] - ETA: 0s - loss: 0.3956 - mean_squared_error: 0.3956 - mean_absolute_error: 0.5674
320/600 [===============>..............] - ETA: 0s - loss: 0.3791 - mean_squared_error: 0.3791 - mean_absolute_error: 0.5531
Epoch 00008: val_loss improved from 0.11234 to 0.10882, saving model to /n/home05/isvetkey/cnn-stimuli/RESULTS/s.Figure5.angle/0/VGG19_noise.h5

600/600 [==============================] - 0s 288us/step - loss: 0.3776 - mean_squared_error: 0.3776 - mean_absolute_error: 0.5521 - val_loss: 0.1088 - val_mean_squared_error: 0.1088 - val_mean_absolute_error: 0.2395
Epoch 9/1000

 32/600 [>.............................] - ETA: 0s - loss: 0.3699 - mean_squared_error: 0.3699 - mean_absolute_error: 0.5391
416/600 [===================>..........] - ETA: 0s - loss: 0.3666 - mean_squared_error: 0.3666 - mean_absolute_error: 0.5422
Epoch 00009: val_loss improved from 0.10882 to 0.10548, saving model to /n/home05/isvetkey/cnn-stimuli/RESULTS/s.Figure5.angle/0/VGG19_noise.h5

600/600 [==============================] - 0s 259us/step - loss: 0.3694 - mean_squared_error: 0.3694 - mean_absolute_error: 0.5451 - val_loss: 0.1055 - val_mean_squared_error: 0.1055 - val_mean_absolute_error: 0.2358
Epoch 10/1000

 32/600 [>.............................] - ETA: 0s - loss: 0.3416 - mean_squared_error: 0.3416 - mean_absolute_error: 0.5127
352/600 [================>.............] - ETA: 0s - loss: 0.3638 - mean_squared_error: 0.3638 - mean_absolute_error: 0.5398
Epoch 00010: val_loss improved from 0.10548 to 0.10227, saving model to /n/home05/isvetkey/cnn-stimuli/RESULTS/s.Figure5.angle/0/VGG19_noise.h5

600/600 [==============================] - 0s 282us/step - loss: 0.3613 - mean_squared_error: 0.3613 - mean_absolute_error: 0.5382 - val_loss: 0.1023 - val_mean_squared_error: 0.1023 - val_mean_absolute_error: 0.2323
Epoch 11/1000

 32/600 [>.............................] - ETA: 0s - loss: 0.3322 - mean_squared_error: 0.3322 - mean_absolute_error: 0.5183
320/600 [===============>..............] - ETA: 0s - loss: 0.3597 - mean_squared_error: 0.3597 - mean_absolute_error: 0.5383
Epoch 00011: val_loss improved from 0.10227 to 0.09921, saving model to /n/home05/isvetkey/cnn-stimuli/RESULTS/s.Figure5.angle/0/VGG19_noise.h5

600/600 [==============================] - 0s 285us/step - loss: 0.3527 - mean_squared_error: 0.3527 - mean_absolute_error: 0.5309 - val_loss: 0.0992 - val_mean_squared_error: 0.0992 - val_mean_absolute_error: 0.2290
Epoch 12/1000

 32/600 [>.............................] - ETA: 0s - loss: 0.3591 - mean_squared_error: 0.3591 - mean_absolute_error: 0.5467
416/600 [===================>..........] - ETA: 0s - loss: 0.3473 - mean_squared_error: 0.3473 - mean_absolute_error: 0.5270
Epoch 00012: val_loss improved from 0.09921 to 0.09631, saving model to /n/home05/isvetkey/cnn-stimuli/RESULTS/s.Figure5.angle/0/VGG19_noise.h5

600/600 [==============================] - 0s 262us/step - loss: 0.3455 - mean_squared_error: 0.3455 - mean_absolute_error: 0.5246 - val_loss: 0.0963 - val_mean_squared_error: 0.0963 - val_mean_absolute_error: 0.2261
Epoch 13/1000

 32/600 [>.............................] - ETA: 0s - loss: 0.3025 - mean_squared_error: 0.3025 - mean_absolute_error: 0.4781
352/600 [================>.............] - ETA: 0s - loss: 0.3367 - mean_squared_error: 0.3367 - mean_absolute_error: 0.5153
Epoch 00013: val_loss improved from 0.09631 to 0.09356, saving model to /n/home05/isvetkey/cnn-stimuli/RESULTS/s.Figure5.angle/0/VGG19_noise.h5

600/600 [==============================] - 0s 282us/step - loss: 0.3379 - mean_squared_error: 0.3379 - mean_absolute_error: 0.5178 - val_loss: 0.0936 - val_mean_squared_error: 0.0936 - val_mean_absolute_error: 0.2236
Epoch 14/1000

 32/600 [>.............................] - ETA: 0s - loss: 0.3042 - mean_squared_error: 0.3042 - mean_absolute_error: 0.4796
416/600 [===================>..........] - ETA: 0s - loss: 0.3285 - mean_squared_error: 0.3285 - mean_absolute_error: 0.5085
Epoch 00014: val_loss improved from 0.09356 to 0.09095, saving model to /n/home05/isvetkey/cnn-stimuli/RESULTS/s.Figure5.angle/0/VGG19_noise.h5

600/600 [==============================] - 0s 262us/step - loss: 0.3303 - mean_squared_error: 0.3303 - mean_absolute_error: 0.5112 - val_loss: 0.0909 - val_mean_squared_error: 0.0909 - val_mean_absolute_error: 0.2214
Epoch 15/1000

 32/600 [>.............................] - ETA: 0s - loss: 0.3254 - mean_squared_error: 0.3254 - mean_absolute_error: 0.5164
416/600 [===================>..........] - ETA: 0s - loss: 0.3247 - mean_squared_error: 0.3247 - mean_absolute_error: 0.5062
Epoch 00015: val_loss improved from 0.09095 to 0.08846, saving model to /n/home05/isvetkey/cnn-stimuli/RESULTS/s.Figure5.angle/0/VGG19_noise.h5

600/600 [==============================] - 0s 265us/step - loss: 0.3230 - mean_squared_error: 0.3230 - mean_absolute_error: 0.5045 - val_loss: 0.0885 - val_mean_squared_error: 0.0885 - val_mean_absolute_error: 0.2195
Epoch 16/1000

 32/600 [>.............................] - ETA: 0s - loss: 0.3226 - mean_squared_error: 0.3226 - mean_absolute_error: 0.5095
416/600 [===================>..........] - ETA: 0s - loss: 0.3221 - mean_squared_error: 0.3221 - mean_absolute_error: 0.5043
Epoch 00016: val_loss improved from 0.08846 to 0.08610, saving model to /n/home05/isvetkey/cnn-stimuli/RESULTS/s.Figure5.angle/0/VGG19_noise.h5

600/600 [==============================] - 0s 263us/step - loss: 0.3161 - mean_squared_error: 0.3161 - mean_absolute_error: 0.4984 - val_loss: 0.0861 - val_mean_squared_error: 0.0861 - val_mean_absolute_error: 0.2176
Epoch 17/1000

 32/600 [>.............................] - ETA: 0s - loss: 0.2871 - mean_squared_error: 0.2871 - mean_absolute_error: 0.4591
416/600 [===================>..........] - ETA: 0s - loss: 0.3073 - mean_squared_error: 0.3073 - mean_absolute_error: 0.4897
Epoch 00017: val_loss improved from 0.08610 to 0.08388, saving model to /n/home05/isvetkey/cnn-stimuli/RESULTS/s.Figure5.angle/0/VGG19_noise.h5

600/600 [==============================] - 0s 259us/step - loss: 0.3090 - mean_squared_error: 0.3090 - mean_absolute_error: 0.4919 - val_loss: 0.0839 - val_mean_squared_error: 0.0839 - val_mean_absolute_error: 0.2158
Epoch 18/1000

 32/600 [>.............................] - ETA: 0s - loss: 0.2780 - mean_squared_error: 0.2780 - mean_absolute_error: 0.4433
416/600 [===================>..........] - ETA: 0s - loss: 0.3084 - mean_squared_error: 0.3084 - mean_absolute_error: 0.4902
Epoch 00018: val_loss improved from 0.08388 to 0.08178, saving model to /n/home05/isvetkey/cnn-stimuli/RESULTS/s.Figure5.angle/0/VGG19_noise.h5

600/600 [==============================] - 0s 258us/step - loss: 0.3034 - mean_squared_error: 0.3034 - mean_absolute_error: 0.4863 - val_loss: 0.0818 - val_mean_squared_error: 0.0818 - val_mean_absolute_error: 0.2141
Epoch 19/1000

 32/600 [>.............................] - ETA: 0s - loss: 0.3068 - mean_squared_error: 0.3068 - mean_absolute_error: 0.4979
352/600 [================>.............] - ETA: 0s - loss: 0.2935 - mean_squared_error: 0.2935 - mean_absolute_error: 0.4780
Epoch 00019: val_loss improved from 0.08178 to 0.07981, saving model to /n/home05/isvetkey/cnn-stimuli/RESULTS/s.Figure5.angle/0/VGG19_noise.h5

600/600 [==============================] - 0s 279us/step - loss: 0.2963 - mean_squared_error: 0.2963 - mean_absolute_error: 0.4801 - val_loss: 0.0798 - val_mean_squared_error: 0.0798 - val_mean_absolute_error: 0.2125
Epoch 20/1000

 32/600 [>.............................] - ETA: 0s - loss: 0.2615 - mean_squared_error: 0.2615 - mean_absolute_error: 0.4451
416/600 [===================>..........] - ETA: 0s - loss: 0.2898 - mean_squared_error: 0.2898 - mean_absolute_error: 0.4739
Epoch 00020: val_loss improved from 0.07981 to 0.07794, saving model to /n/home05/isvetkey/cnn-stimuli/RESULTS/s.Figure5.angle/0/VGG19_noise.h5

600/600 [==============================] - 0s 266us/step - loss: 0.2904 - mean_squared_error: 0.2904 - mean_absolute_error: 0.4747 - val_loss: 0.0779 - val_mean_squared_error: 0.0779 - val_mean_absolute_error: 0.2109
Epoch 21/1000

 32/600 [>.............................] - ETA: 0s - loss: 0.2735 - mean_squared_error: 0.2735 - mean_absolute_error: 0.4599
416/600 [===================>..........] - ETA: 0s - loss: 0.2864 - mean_squared_error: 0.2864 - mean_absolute_error: 0.4712
Epoch 00021: val_loss improved from 0.07794 to 0.07618, saving model to /n/home05/isvetkey/cnn-stimuli/RESULTS/s.Figure5.angle/0/VGG19_noise.h5

600/600 [==============================] - 0s 258us/step - loss: 0.2846 - mean_squared_error: 0.2846 - mean_absolute_error: 0.4693 - val_loss: 0.0762 - val_mean_squared_error: 0.0762 - val_mean_absolute_error: 0.2095
Epoch 22/1000

 32/600 [>.............................] - ETA: 0s - loss: 0.2731 - mean_squared_error: 0.2731 - mean_absolute_error: 0.4647
416/600 [===================>..........] - ETA: 0s - loss: 0.2737 - mean_squared_error: 0.2737 - mean_absolute_error: 0.4570
Epoch 00022: val_loss improved from 0.07618 to 0.07454, saving model to /n/home05/isvetkey/cnn-stimuli/RESULTS/s.Figure5.angle/0/VGG19_noise.h5

600/600 [==============================] - 0s 262us/step - loss: 0.2787 - mean_squared_error: 0.2787 - mean_absolute_error: 0.4639 - val_loss: 0.0745 - val_mean_squared_error: 0.0745 - val_mean_absolute_error: 0.2082
Epoch 23/1000

 32/600 [>.............................] - ETA: 0s - loss: 0.2823 - mean_squared_error: 0.2823 - mean_absolute_error: 0.4661
416/600 [===================>..........] - ETA: 0s - loss: 0.2816 - mean_squared_error: 0.2816 - mean_absolute_error: 0.4682
Epoch 00023: val_loss improved from 0.07454 to 0.07298, saving model to /n/home05/isvetkey/cnn-stimuli/RESULTS/s.Figure5.angle/0/VGG19_noise.h5

600/600 [==============================] - 0s 265us/step - loss: 0.2731 - mean_squared_error: 0.2731 - mean_absolute_error: 0.4587 - val_loss: 0.0730 - val_mean_squared_error: 0.0730 - val_mean_absolute_error: 0.2070
Epoch 24/1000

 32/600 [>.............................] - ETA: 0s - loss: 0.2541 - mean_squared_error: 0.2541 - mean_absolute_error: 0.4508
192/600 [========>.....................] - ETA: 0s - loss: 0.2592 - mean_squared_error: 0.2592 - mean_absolute_error: 0.4450
512/600 [========================>.....] - ETA: 0s - loss: 0.2689 - mean_squared_error: 0.2689 - mean_absolute_error: 0.4551
Epoch 00024: val_loss improved from 0.07298 to 0.07154, saving model to /n/home05/isvetkey/cnn-stimuli/RESULTS/s.Figure5.angle/0/VGG19_noise.h5

600/600 [==============================] - 0s 332us/step - loss: 0.2670 - mean_squared_error: 0.2670 - mean_absolute_error: 0.4528 - val_loss: 0.0715 - val_mean_squared_error: 0.0715 - val_mean_absolute_error: 0.2059
Epoch 25/1000

 32/600 [>.............................] - ETA: 0s - loss: 0.2765 - mean_squared_error: 0.2765 - mean_absolute_error: 0.4656
384/600 [==================>...........] - ETA: 0s - loss: 0.2603 - mean_squared_error: 0.2603 - mean_absolute_error: 0.4464
Epoch 00025: val_loss improved from 0.07154 to 0.07019, saving model to /n/home05/isvetkey/cnn-stimuli/RESULTS/s.Figure5.angle/0/VGG19_noise.h5

600/600 [==============================] - 0s 275us/step - loss: 0.2615 - mean_squared_error: 0.2615 - mean_absolute_error: 0.4478 - val_loss: 0.0702 - val_mean_squared_error: 0.0702 - val_mean_absolute_error: 0.2049
Epoch 26/1000

 32/600 [>.............................] - ETA: 0s - loss: 0.2380 - mean_squared_error: 0.2380 - mean_absolute_error: 0.4206
384/600 [==================>...........] - ETA: 0s - loss: 0.2613 - mean_squared_error: 0.2613 - mean_absolute_error: 0.4481
Epoch 00026: val_loss improved from 0.07019 to 0.06893, saving model to /n/home05/isvetkey/cnn-stimuli/RESULTS/s.Figure5.angle/0/VGG19_noise.h5

600/600 [==============================] - 0s 278us/step - loss: 0.2563 - mean_squared_error: 0.2563 - mean_absolute_error: 0.4431 - val_loss: 0.0689 - val_mean_squared_error: 0.0689 - val_mean_absolute_error: 0.2042
Epoch 27/1000

 32/600 [>.............................] - ETA: 0s - loss: 0.2527 - mean_squared_error: 0.2527 - mean_absolute_error: 0.4432
384/600 [==================>...........] - ETA: 0s - loss: 0.2538 - mean_squared_error: 0.2538 - mean_absolute_error: 0.4407
Epoch 00027: val_loss improved from 0.06893 to 0.06776, saving model to /n/home05/isvetkey/cnn-stimuli/RESULTS/s.Figure5.angle/0/VGG19_noise.h5

600/600 [==============================] - 0s 279us/step - loss: 0.2508 - mean_squared_error: 0.2508 - mean_absolute_error: 0.4379 - val_loss: 0.0678 - val_mean_squared_error: 0.0678 - val_mean_absolute_error: 0.2036
Epoch 28/1000

 32/600 [>.............................] - ETA: 0s - loss: 0.2425 - mean_squared_error: 0.2425 - mean_absolute_error: 0.4232
384/600 [==================>...........] - ETA: 0s - loss: 0.2427 - mean_squared_error: 0.2427 - mean_absolute_error: 0.4293
Epoch 00028: val_loss improved from 0.06776 to 0.06668, saving model to /n/home05/isvetkey/cnn-stimuli/RESULTS/s.Figure5.angle/0/VGG19_noise.h5

600/600 [==============================] - 0s 274us/step - loss: 0.2463 - mean_squared_error: 0.2463 - mean_absolute_error: 0.4336 - val_loss: 0.0667 - val_mean_squared_error: 0.0667 - val_mean_absolute_error: 0.2031
Epoch 29/1000

 32/600 [>.............................] - ETA: 0s - loss: 0.2781 - mean_squared_error: 0.2781 - mean_absolute_error: 0.4723
256/600 [===========>..................] - ETA: 0s - loss: 0.2405 - mean_squared_error: 0.2405 - mean_absolute_error: 0.4280
Epoch 00029: val_loss improved from 0.06668 to 0.06569, saving model to /n/home05/isvetkey/cnn-stimuli/RESULTS/s.Figure5.angle/0/VGG19_noise.h5

600/600 [==============================] - 0s 315us/step - loss: 0.2406 - mean_squared_error: 0.2406 - mean_absolute_error: 0.4283 - val_loss: 0.0657 - val_mean_squared_error: 0.0657 - val_mean_absolute_error: 0.2028
Epoch 30/1000

 32/600 [>.............................] - ETA: 0s - loss: 0.2453 - mean_squared_error: 0.2453 - mean_absolute_error: 0.4343
384/600 [==================>...........] - ETA: 0s - loss: 0.2413 - mean_squared_error: 0.2413 - mean_absolute_error: 0.4276
Epoch 00030: val_loss improved from 0.06569 to 0.06478, saving model to /n/home05/isvetkey/cnn-stimuli/RESULTS/s.Figure5.angle/0/VGG19_noise.h5

600/600 [==============================] - 0s 271us/step - loss: 0.2371 - mean_squared_error: 0.2371 - mean_absolute_error: 0.4244 - val_loss: 0.0648 - val_mean_squared_error: 0.0648 - val_mean_absolute_error: 0.2025
Epoch 31/1000

 32/600 [>.............................] - ETA: 0s - loss: 0.2124 - mean_squared_error: 0.2124 - mean_absolute_error: 0.3950
384/600 [==================>...........] - ETA: 0s - loss: 0.2344 - mean_squared_error: 0.2344 - mean_absolute_error: 0.4218
Epoch 00031: val_loss improved from 0.06478 to 0.06394, saving model to /n/home05/isvetkey/cnn-stimuli/RESULTS/s.Figure5.angle/0/VGG19_noise.h5

600/600 [==============================] - 0s 272us/step - loss: 0.2309 - mean_squared_error: 0.2309 - mean_absolute_error: 0.4186 - val_loss: 0.0639 - val_mean_squared_error: 0.0639 - val_mean_absolute_error: 0.2025
Epoch 32/1000

 32/600 [>.............................] - ETA: 0s - loss: 0.2311 - mean_squared_error: 0.2311 - mean_absolute_error: 0.4233
384/600 [==================>...........] - ETA: 0s - loss: 0.2279 - mean_squared_error: 0.2279 - mean_absolute_error: 0.4159
Epoch 00032: val_loss improved from 0.06394 to 0.06319, saving model to /n/home05/isvetkey/cnn-stimuli/RESULTS/s.Figure5.angle/0/VGG19_noise.h5

600/600 [==============================] - 0s 271us/step - loss: 0.2268 - mean_squared_error: 0.2268 - mean_absolute_error: 0.4148 - val_loss: 0.0632 - val_mean_squared_error: 0.0632 - val_mean_absolute_error: 0.2025
Epoch 33/1000

 32/600 [>.............................] - ETA: 0s - loss: 0.2109 - mean_squared_error: 0.2109 - mean_absolute_error: 0.3958
416/600 [===================>..........] - ETA: 0s - loss: 0.2204 - mean_squared_error: 0.2204 - mean_absolute_error: 0.4068
Epoch 00033: val_loss improved from 0.06319 to 0.06251, saving model to /n/home05/isvetkey/cnn-stimuli/RESULTS/s.Figure5.angle/0/VGG19_noise.h5

600/600 [==============================] - 0s 262us/step - loss: 0.2222 - mean_squared_error: 0.2222 - mean_absolute_error: 0.4097 - val_loss: 0.0625 - val_mean_squared_error: 0.0625 - val_mean_absolute_error: 0.2027
Epoch 34/1000

 32/600 [>.............................] - ETA: 0s - loss: 0.2340 - mean_squared_error: 0.2340 - mean_absolute_error: 0.4312
352/600 [================>.............] - ETA: 0s - loss: 0.2187 - mean_squared_error: 0.2187 - mean_absolute_error: 0.4064
Epoch 00034: val_loss improved from 0.06251 to 0.06190, saving model to /n/home05/isvetkey/cnn-stimuli/RESULTS/s.Figure5.angle/0/VGG19_noise.h5

600/600 [==============================] - 0s 279us/step - loss: 0.2177 - mean_squared_error: 0.2177 - mean_absolute_error: 0.4053 - val_loss: 0.0619 - val_mean_squared_error: 0.0619 - val_mean_absolute_error: 0.2030
Epoch 35/1000

 32/600 [>.............................] - ETA: 0s - loss: 0.2234 - mean_squared_error: 0.2234 - mean_absolute_error: 0.4130
352/600 [================>.............] - ETA: 0s - loss: 0.2155 - mean_squared_error: 0.2155 - mean_absolute_error: 0.4031
Epoch 00035: val_loss improved from 0.06190 to 0.06137, saving model to /n/home05/isvetkey/cnn-stimuli/RESULTS/s.Figure5.angle/0/VGG19_noise.h5

600/600 [==============================] - 0s 280us/step - loss: 0.2143 - mean_squared_error: 0.2143 - mean_absolute_error: 0.4021 - val_loss: 0.0614 - val_mean_squared_error: 0.0614 - val_mean_absolute_error: 0.2032
Epoch 36/1000

 32/600 [>.............................] - ETA: 0s - loss: 0.2296 - mean_squared_error: 0.2296 - mean_absolute_error: 0.4120
416/600 [===================>..........] - ETA: 0s - loss: 0.2100 - mean_squared_error: 0.2100 - mean_absolute_error: 0.3968
Epoch 00036: val_loss improved from 0.06137 to 0.06090, saving model to /n/home05/isvetkey/cnn-stimuli/RESULTS/s.Figure5.angle/0/VGG19_noise.h5

600/600 [==============================] - 0s 259us/step - loss: 0.2092 - mean_squared_error: 0.2092 - mean_absolute_error: 0.3965 - val_loss: 0.0609 - val_mean_squared_error: 0.0609 - val_mean_absolute_error: 0.2034
Epoch 37/1000

 32/600 [>.............................] - ETA: 0s - loss: 0.2045 - mean_squared_error: 0.2045 - mean_absolute_error: 0.3902
416/600 [===================>..........] - ETA: 0s - loss: 0.2073 - mean_squared_error: 0.2073 - mean_absolute_error: 0.3950
Epoch 00037: val_loss improved from 0.06090 to 0.06049, saving model to /n/home05/isvetkey/cnn-stimuli/RESULTS/s.Figure5.angle/0/VGG19_noise.h5

600/600 [==============================] - 0s 259us/step - loss: 0.2064 - mean_squared_error: 0.2064 - mean_absolute_error: 0.3939 - val_loss: 0.0605 - val_mean_squared_error: 0.0605 - val_mean_absolute_error: 0.2038
Epoch 38/1000

 32/600 [>.............................] - ETA: 0s - loss: 0.2006 - mean_squared_error: 0.2006 - mean_absolute_error: 0.3802
352/600 [================>.............] - ETA: 0s - loss: 0.1992 - mean_squared_error: 0.1992 - mean_absolute_error: 0.3852
Epoch 00038: val_loss improved from 0.06049 to 0.06015, saving model to /n/home05/isvetkey/cnn-stimuli/RESULTS/s.Figure5.angle/0/VGG19_noise.h5

600/600 [==============================] - 0s 283us/step - loss: 0.2017 - mean_squared_error: 0.2017 - mean_absolute_error: 0.3889 - val_loss: 0.0602 - val_mean_squared_error: 0.0602 - val_mean_absolute_error: 0.2042
Epoch 39/1000

 32/600 [>.............................] - ETA: 0s - loss: 0.2026 - mean_squared_error: 0.2026 - mean_absolute_error: 0.3901
320/600 [===============>..............] - ETA: 0s - loss: 0.1984 - mean_squared_error: 0.1984 - mean_absolute_error: 0.3841
Epoch 00039: val_loss improved from 0.06015 to 0.05987, saving model to /n/home05/isvetkey/cnn-stimuli/RESULTS/s.Figure5.angle/0/VGG19_noise.h5

600/600 [==============================] - 0s 311us/step - loss: 0.1981 - mean_squared_error: 0.1981 - mean_absolute_error: 0.3853 - val_loss: 0.0599 - val_mean_squared_error: 0.0599 - val_mean_absolute_error: 0.2047
Epoch 40/1000

 32/600 [>.............................] - ETA: 0s - loss: 0.1885 - mean_squared_error: 0.1885 - mean_absolute_error: 0.3673
288/600 [=============>................] - ETA: 0s - loss: 0.1934 - mean_squared_error: 0.1934 - mean_absolute_error: 0.3809
Epoch 00040: val_loss improved from 0.05987 to 0.05965, saving model to /n/home05/isvetkey/cnn-stimuli/RESULTS/s.Figure5.angle/0/VGG19_noise.h5

600/600 [==============================] - 0s 302us/step - loss: 0.1938 - mean_squared_error: 0.1938 - mean_absolute_error: 0.3808 - val_loss: 0.0597 - val_mean_squared_error: 0.0597 - val_mean_absolute_error: 0.2052
Epoch 41/1000

 32/600 [>.............................] - ETA: 0s - loss: 0.1893 - mean_squared_error: 0.1893 - mean_absolute_error: 0.3680
416/600 [===================>..........] - ETA: 0s - loss: 0.1912 - mean_squared_error: 0.1912 - mean_absolute_error: 0.3776
Epoch 00041: val_loss improved from 0.05965 to 0.05949, saving model to /n/home05/isvetkey/cnn-stimuli/RESULTS/s.Figure5.angle/0/VGG19_noise.h5

600/600 [==============================] - 0s 261us/step - loss: 0.1910 - mean_squared_error: 0.1910 - mean_absolute_error: 0.3777 - val_loss: 0.0595 - val_mean_squared_error: 0.0595 - val_mean_absolute_error: 0.2059
Epoch 42/1000

 32/600 [>.............................] - ETA: 0s - loss: 0.1962 - mean_squared_error: 0.1962 - mean_absolute_error: 0.3890
352/600 [================>.............] - ETA: 0s - loss: 0.1846 - mean_squared_error: 0.1846 - mean_absolute_error: 0.3688
Epoch 00042: val_loss improved from 0.05949 to 0.05938, saving model to /n/home05/isvetkey/cnn-stimuli/RESULTS/s.Figure5.angle/0/VGG19_noise.h5

600/600 [==============================] - 0s 281us/step - loss: 0.1862 - mean_squared_error: 0.1862 - mean_absolute_error: 0.3724 - val_loss: 0.0594 - val_mean_squared_error: 0.0594 - val_mean_absolute_error: 0.2066
Epoch 43/1000

 32/600 [>.............................] - ETA: 0s - loss: 0.2089 - mean_squared_error: 0.2089 - mean_absolute_error: 0.3939
416/600 [===================>..........] - ETA: 0s - loss: 0.1896 - mean_squared_error: 0.1896 - mean_absolute_error: 0.3762
Epoch 00043: val_loss improved from 0.05938 to 0.05932, saving model to /n/home05/isvetkey/cnn-stimuli/RESULTS/s.Figure5.angle/0/VGG19_noise.h5

600/600 [==============================] - 0s 260us/step - loss: 0.1843 - mean_squared_error: 0.1843 - mean_absolute_error: 0.3705 - val_loss: 0.0593 - val_mean_squared_error: 0.0593 - val_mean_absolute_error: 0.2074
Epoch 44/1000

 32/600 [>.............................] - ETA: 0s - loss: 0.1726 - mean_squared_error: 0.1726 - mean_absolute_error: 0.3589
352/600 [================>.............] - ETA: 0s - loss: 0.1816 - mean_squared_error: 0.1816 - mean_absolute_error: 0.3656
Epoch 00044: val_loss improved from 0.05932 to 0.05932, saving model to /n/home05/isvetkey/cnn-stimuli/RESULTS/s.Figure5.angle/0/VGG19_noise.h5

600/600 [==============================] - 0s 281us/step - loss: 0.1808 - mean_squared_error: 0.1808 - mean_absolute_error: 0.3666 - val_loss: 0.0593 - val_mean_squared_error: 0.0593 - val_mean_absolute_error: 0.2083
Epoch 45/1000

 32/600 [>.............................] - ETA: 0s - loss: 0.1792 - mean_squared_error: 0.1792 - mean_absolute_error: 0.3582
416/600 [===================>..........] - ETA: 0s - loss: 0.1773 - mean_squared_error: 0.1773 - mean_absolute_error: 0.3625
Epoch 00045: val_loss did not improve

600/600 [==============================] - 0s 158us/step - loss: 0.1775 - mean_squared_error: 0.1775 - mean_absolute_error: 0.3627 - val_loss: 0.0594 - val_mean_squared_error: 0.0594 - val_mean_absolute_error: 0.2092
Epoch 46/1000

 32/600 [>.............................] - ETA: 0s - loss: 0.1590 - mean_squared_error: 0.1590 - mean_absolute_error: 0.3403
416/600 [===================>..........] - ETA: 0s - loss: 0.1759 - mean_squared_error: 0.1759 - mean_absolute_error: 0.3618
Epoch 00046: val_loss did not improve

600/600 [==============================] - 0s 154us/step - loss: 0.1746 - mean_squared_error: 0.1746 - mean_absolute_error: 0.3603 - val_loss: 0.0594 - val_mean_squared_error: 0.0594 - val_mean_absolute_error: 0.2102
Epoch 47/1000

 32/600 [>.............................] - ETA: 0s - loss: 0.1607 - mean_squared_error: 0.1607 - mean_absolute_error: 0.3414
416/600 [===================>..........] - ETA: 0s - loss: 0.1726 - mean_squared_error: 0.1726 - mean_absolute_error: 0.3579
Epoch 00047: val_loss did not improve

600/600 [==============================] - 0s 153us/step - loss: 0.1704 - mean_squared_error: 0.1704 - mean_absolute_error: 0.3553 - val_loss: 0.0596 - val_mean_squared_error: 0.0596 - val_mean_absolute_error: 0.2111
Epoch 48/1000

 32/600 [>.............................] - ETA: 0s - loss: 0.1672 - mean_squared_error: 0.1672 - mean_absolute_error: 0.3549
416/600 [===================>..........] - ETA: 0s - loss: 0.1671 - mean_squared_error: 0.1671 - mean_absolute_error: 0.3537
Epoch 00048: val_loss did not improve

600/600 [==============================] - 0s 183us/step - loss: 0.1682 - mean_squared_error: 0.1682 - mean_absolute_error: 0.3532 - val_loss: 0.0598 - val_mean_squared_error: 0.0598 - val_mean_absolute_error: 0.2121
Epoch 49/1000

 32/600 [>.............................] - ETA: 0s - loss: 0.1908 - mean_squared_error: 0.1908 - mean_absolute_error: 0.3790
416/600 [===================>..........] - ETA: 0s - loss: 0.1655 - mean_squared_error: 0.1655 - mean_absolute_error: 0.3502
Epoch 00049: val_loss did not improve

600/600 [==============================] - 0s 157us/step - loss: 0.1659 - mean_squared_error: 0.1659 - mean_absolute_error: 0.3510 - val_loss: 0.0600 - val_mean_squared_error: 0.0600 - val_mean_absolute_error: 0.2131
Epoch 50/1000

 32/600 [>.............................] - ETA: 0s - loss: 0.1687 - mean_squared_error: 0.1687 - mean_absolute_error: 0.3453
416/600 [===================>..........] - ETA: 0s - loss: 0.1643 - mean_squared_error: 0.1643 - mean_absolute_error: 0.3497
Epoch 00050: val_loss did not improve

600/600 [==============================] - 0s 151us/step - loss: 0.1626 - mean_squared_error: 0.1626 - mean_absolute_error: 0.3472 - val_loss: 0.0602 - val_mean_squared_error: 0.0602 - val_mean_absolute_error: 0.2141
Epoch 51/1000

 32/600 [>.............................] - ETA: 0s - loss: 0.1690 - mean_squared_error: 0.1690 - mean_absolute_error: 0.3509
384/600 [==================>...........] - ETA: 0s - loss: 0.1615 - mean_squared_error: 0.1615 - mean_absolute_error: 0.3468
Epoch 00051: val_loss did not improve

600/600 [==============================] - 0s 218us/step - loss: 0.1598 - mean_squared_error: 0.1598 - mean_absolute_error: 0.3440 - val_loss: 0.0605 - val_mean_squared_error: 0.0605 - val_mean_absolute_error: 0.2152
Epoch 52/1000

 32/600 [>.............................] - ETA: 0s - loss: 0.1473 - mean_squared_error: 0.1473 - mean_absolute_error: 0.3366
256/600 [===========>..................] - ETA: 0s - loss: 0.1575 - mean_squared_error: 0.1575 - mean_absolute_error: 0.3443
Epoch 00052: val_loss did not improve

600/600 [==============================] - 0s 217us/step - loss: 0.1577 - mean_squared_error: 0.1577 - mean_absolute_error: 0.3426 - val_loss: 0.0609 - val_mean_squared_error: 0.0609 - val_mean_absolute_error: 0.2162
Epoch 53/1000

 32/600 [>.............................] - ETA: 0s - loss: 0.1543 - mean_squared_error: 0.1543 - mean_absolute_error: 0.3424
416/600 [===================>..........] - ETA: 0s - loss: 0.1552 - mean_squared_error: 0.1552 - mean_absolute_error: 0.3399
Epoch 00053: val_loss did not improve

600/600 [==============================] - 0s 155us/step - loss: 0.1542 - mean_squared_error: 0.1542 - mean_absolute_error: 0.3382 - val_loss: 0.0612 - val_mean_squared_error: 0.0612 - val_mean_absolute_error: 0.2173
Epoch 54/1000

 32/600 [>.............................] - ETA: 0s - loss: 0.1532 - mean_squared_error: 0.1532 - mean_absolute_error: 0.3384
416/600 [===================>..........] - ETA: 0s - loss: 0.1508 - mean_squared_error: 0.1508 - mean_absolute_error: 0.3337
Epoch 00054: val_loss did not improve

600/600 [==============================] - 0s 154us/step - loss: 0.1531 - mean_squared_error: 0.1531 - mean_absolute_error: 0.3365 - val_loss: 0.0616 - val_mean_squared_error: 0.0616 - val_mean_absolute_error: 0.2183
Fitting done 8.85006999969
MLAE 4.50000666385
Written /n/home05/isvetkey/cnn-stimuli/RESULTS/s.Figure5.angle/0/VGG19_noise.p
Written /n/home05/isvetkey/cnn-stimuli/RESULTS/s.Figure5.angle/0/VGG19_noise.h5
All done. Give your computer a pat on the back.
actually don't do that.
