My SLURM_ARRAY_TASK_ID:  1
Running s.Figure5.position_common_scale with flags 1 with VGG19
Race condition, what are you? True
Working in /n/home05/isvetkey/cnn-stimuli/RESULTS/s.Figure5.position_common_scale/1/VGG19
Storing /n/home05/isvetkey/cnn-stimuli/RESULTS/s.Figure5.position_common_scale/1/VGG19.p
Storing /n/home05/isvetkey/cnn-stimuli/RESULTS/s.Figure5.position_common_scale/1/VGG19.h5
Done 356.629629135 seconds ( 6264283 iterations)
memory usage 60.016 MB

 32/600 [>.............................] - ETA: 40s
 64/600 [==>...........................] - ETA: 19s
 96/600 [===>..........................] - ETA: 12s
128/600 [=====>........................] - ETA: 9s 
160/600 [=======>......................] - ETA: 6s
192/600 [========>.....................] - ETA: 5s
224/600 [==========>...................] - ETA: 4s
256/600 [===========>..................] - ETA: 3s
288/600 [=============>................] - ETA: 2s
320/600 [===============>..............] - ETA: 2s
352/600 [================>.............] - ETA: 1s
384/600 [==================>...........] - ETA: 1s
416/600 [===================>..........] - ETA: 1s
448/600 [=====================>........] - ETA: 1s
480/600 [=======================>......] - ETA: 0s
512/600 [========================>.....] - ETA: 0s
544/600 [==========================>...] - ETA: 0s
576/600 [===========================>..] - ETA: 0s
600/600 [==============================] - 4s 6ms/step

 32/200 [===>..........................] - ETA: 0s
 64/200 [========>.....................] - ETA: 0s
 96/200 [=============>................] - ETA: 0s
128/200 [==================>...........] - ETA: 0s
160/200 [=======================>......] - ETA: 0s
192/200 [===========================>..] - ETA: 0s
200/200 [==============================] - 1s 3ms/step

 32/200 [===>..........................] - ETA: 0s
 64/200 [========>.....................] - ETA: 0s
 96/200 [=============>................] - ETA: 0s
128/200 [==================>...........] - ETA: 0s
160/200 [=======================>......] - ETA: 0s
192/200 [===========================>..] - ETA: 0s
200/200 [==============================] - 0s 2ms/step
VGG19 features done after 4.47125220299
memory usage 24.576 MB
Train on 600 samples, validate on 200 samples
Epoch 1/1000

 32/600 [>.............................] - ETA: 5s - loss: 0.3601 - mean_squared_error: 0.3601 - mean_absolute_error: 0.5140
480/600 [=======================>......] - ETA: 0s - loss: 0.3758 - mean_squared_error: 0.3758 - mean_absolute_error: 0.5255
Epoch 00001: val_loss improved from inf to 0.20887, saving model to /n/home05/isvetkey/cnn-stimuli/RESULTS/s.Figure5.position_common_scale/1/VGG19.h5

600/600 [==============================] - 0s 763us/step - loss: 0.3737 - mean_squared_error: 0.3737 - mean_absolute_error: 0.5258 - val_loss: 0.2089 - val_mean_squared_error: 0.2089 - val_mean_absolute_error: 0.3549
Epoch 2/1000

 32/600 [>.............................] - ETA: 0s - loss: 0.3832 - mean_squared_error: 0.3832 - mean_absolute_error: 0.5299
320/600 [===============>..............] - ETA: 0s - loss: 0.3593 - mean_squared_error: 0.3593 - mean_absolute_error: 0.5098
Epoch 00002: val_loss improved from 0.20887 to 0.20305, saving model to /n/home05/isvetkey/cnn-stimuli/RESULTS/s.Figure5.position_common_scale/1/VGG19.h5

600/600 [==============================] - 0s 286us/step - loss: 0.3659 - mean_squared_error: 0.3659 - mean_absolute_error: 0.5190 - val_loss: 0.2031 - val_mean_squared_error: 0.2031 - val_mean_absolute_error: 0.3501
Epoch 3/1000

 32/600 [>.............................] - ETA: 0s - loss: 0.3787 - mean_squared_error: 0.3787 - mean_absolute_error: 0.5350
448/600 [=====================>........] - ETA: 0s - loss: 0.3495 - mean_squared_error: 0.3495 - mean_absolute_error: 0.5019
Epoch 00003: val_loss improved from 0.20305 to 0.19717, saving model to /n/home05/isvetkey/cnn-stimuli/RESULTS/s.Figure5.position_common_scale/1/VGG19.h5

600/600 [==============================] - 0s 258us/step - loss: 0.3573 - mean_squared_error: 0.3573 - mean_absolute_error: 0.5113 - val_loss: 0.1972 - val_mean_squared_error: 0.1972 - val_mean_absolute_error: 0.3453
Epoch 4/1000

 32/600 [>.............................] - ETA: 0s - loss: 0.3014 - mean_squared_error: 0.3014 - mean_absolute_error: 0.4681
448/600 [=====================>........] - ETA: 0s - loss: 0.3442 - mean_squared_error: 0.3442 - mean_absolute_error: 0.4988
Epoch 00004: val_loss improved from 0.19717 to 0.19143, saving model to /n/home05/isvetkey/cnn-stimuli/RESULTS/s.Figure5.position_common_scale/1/VGG19.h5

600/600 [==============================] - 0s 255us/step - loss: 0.3487 - mean_squared_error: 0.3487 - mean_absolute_error: 0.5037 - val_loss: 0.1914 - val_mean_squared_error: 0.1914 - val_mean_absolute_error: 0.3409
Epoch 5/1000

 32/600 [>.............................] - ETA: 0s - loss: 0.3951 - mean_squared_error: 0.3951 - mean_absolute_error: 0.5538
352/600 [================>.............] - ETA: 0s - loss: 0.3491 - mean_squared_error: 0.3491 - mean_absolute_error: 0.5055
Epoch 00005: val_loss improved from 0.19143 to 0.18584, saving model to /n/home05/isvetkey/cnn-stimuli/RESULTS/s.Figure5.position_common_scale/1/VGG19.h5

600/600 [==============================] - 0s 273us/step - loss: 0.3402 - mean_squared_error: 0.3402 - mean_absolute_error: 0.4962 - val_loss: 0.1858 - val_mean_squared_error: 0.1858 - val_mean_absolute_error: 0.3366
Epoch 6/1000

 32/600 [>.............................] - ETA: 0s - loss: 0.3101 - mean_squared_error: 0.3101 - mean_absolute_error: 0.4619
320/600 [===============>..............] - ETA: 0s - loss: 0.3320 - mean_squared_error: 0.3320 - mean_absolute_error: 0.4888
Epoch 00006: val_loss improved from 0.18584 to 0.18048, saving model to /n/home05/isvetkey/cnn-stimuli/RESULTS/s.Figure5.position_common_scale/1/VGG19.h5

600/600 [==============================] - 0s 286us/step - loss: 0.3318 - mean_squared_error: 0.3318 - mean_absolute_error: 0.4889 - val_loss: 0.1805 - val_mean_squared_error: 0.1805 - val_mean_absolute_error: 0.3326
Epoch 7/1000

 32/600 [>.............................] - ETA: 0s - loss: 0.2942 - mean_squared_error: 0.2942 - mean_absolute_error: 0.4406
448/600 [=====================>........] - ETA: 0s - loss: 0.3229 - mean_squared_error: 0.3229 - mean_absolute_error: 0.4818
Epoch 00007: val_loss improved from 0.18048 to 0.17531, saving model to /n/home05/isvetkey/cnn-stimuli/RESULTS/s.Figure5.position_common_scale/1/VGG19.h5

600/600 [==============================] - 0s 251us/step - loss: 0.3239 - mean_squared_error: 0.3239 - mean_absolute_error: 0.4819 - val_loss: 0.1753 - val_mean_squared_error: 0.1753 - val_mean_absolute_error: 0.3288
Epoch 8/1000

 32/600 [>.............................] - ETA: 0s - loss: 0.2967 - mean_squared_error: 0.2967 - mean_absolute_error: 0.4656
384/600 [==================>...........] - ETA: 0s - loss: 0.3149 - mean_squared_error: 0.3149 - mean_absolute_error: 0.4728
Epoch 00008: val_loss improved from 0.17531 to 0.17036, saving model to /n/home05/isvetkey/cnn-stimuli/RESULTS/s.Figure5.position_common_scale/1/VGG19.h5

600/600 [==============================] - 0s 273us/step - loss: 0.3164 - mean_squared_error: 0.3164 - mean_absolute_error: 0.4752 - val_loss: 0.1704 - val_mean_squared_error: 0.1704 - val_mean_absolute_error: 0.3251
Epoch 9/1000

 32/600 [>.............................] - ETA: 0s - loss: 0.3458 - mean_squared_error: 0.3458 - mean_absolute_error: 0.5096
352/600 [================>.............] - ETA: 0s - loss: 0.3148 - mean_squared_error: 0.3148 - mean_absolute_error: 0.4748
Epoch 00009: val_loss improved from 0.17036 to 0.16556, saving model to /n/home05/isvetkey/cnn-stimuli/RESULTS/s.Figure5.position_common_scale/1/VGG19.h5

600/600 [==============================] - 0s 270us/step - loss: 0.3090 - mean_squared_error: 0.3090 - mean_absolute_error: 0.4685 - val_loss: 0.1656 - val_mean_squared_error: 0.1656 - val_mean_absolute_error: 0.3217
Epoch 10/1000

 32/600 [>.............................] - ETA: 0s - loss: 0.3560 - mean_squared_error: 0.3560 - mean_absolute_error: 0.5153
416/600 [===================>..........] - ETA: 0s - loss: 0.3078 - mean_squared_error: 0.3078 - mean_absolute_error: 0.4688
Epoch 00010: val_loss improved from 0.16556 to 0.16097, saving model to /n/home05/isvetkey/cnn-stimuli/RESULTS/s.Figure5.position_common_scale/1/VGG19.h5

600/600 [==============================] - 0s 260us/step - loss: 0.3017 - mean_squared_error: 0.3017 - mean_absolute_error: 0.4619 - val_loss: 0.1610 - val_mean_squared_error: 0.1610 - val_mean_absolute_error: 0.3186
Epoch 11/1000

 32/600 [>.............................] - ETA: 0s - loss: 0.2431 - mean_squared_error: 0.2431 - mean_absolute_error: 0.3987
288/600 [=============>................] - ETA: 0s - loss: 0.2809 - mean_squared_error: 0.2809 - mean_absolute_error: 0.4412
Epoch 00011: val_loss improved from 0.16097 to 0.15655, saving model to /n/home05/isvetkey/cnn-stimuli/RESULTS/s.Figure5.position_common_scale/1/VGG19.h5

600/600 [==============================] - 0s 288us/step - loss: 0.2940 - mean_squared_error: 0.2940 - mean_absolute_error: 0.4551 - val_loss: 0.1566 - val_mean_squared_error: 0.1566 - val_mean_absolute_error: 0.3155
Epoch 12/1000

 32/600 [>.............................] - ETA: 0s - loss: 0.2831 - mean_squared_error: 0.2831 - mean_absolute_error: 0.4419
448/600 [=====================>........] - ETA: 0s - loss: 0.2892 - mean_squared_error: 0.2892 - mean_absolute_error: 0.4494
Epoch 00012: val_loss improved from 0.15655 to 0.15228, saving model to /n/home05/isvetkey/cnn-stimuli/RESULTS/s.Figure5.position_common_scale/1/VGG19.h5

600/600 [==============================] - 0s 248us/step - loss: 0.2875 - mean_squared_error: 0.2875 - mean_absolute_error: 0.4493 - val_loss: 0.1523 - val_mean_squared_error: 0.1523 - val_mean_absolute_error: 0.3126
Epoch 13/1000

 32/600 [>.............................] - ETA: 0s - loss: 0.2791 - mean_squared_error: 0.2791 - mean_absolute_error: 0.4494
448/600 [=====================>........] - ETA: 0s - loss: 0.2791 - mean_squared_error: 0.2791 - mean_absolute_error: 0.4426
Epoch 00013: val_loss improved from 0.15228 to 0.14818, saving model to /n/home05/isvetkey/cnn-stimuli/RESULTS/s.Figure5.position_common_scale/1/VGG19.h5

600/600 [==============================] - 0s 249us/step - loss: 0.2807 - mean_squared_error: 0.2807 - mean_absolute_error: 0.4434 - val_loss: 0.1482 - val_mean_squared_error: 0.1482 - val_mean_absolute_error: 0.3098
Epoch 14/1000

 32/600 [>.............................] - ETA: 0s - loss: 0.3228 - mean_squared_error: 0.3228 - mean_absolute_error: 0.5018
448/600 [=====================>........] - ETA: 0s - loss: 0.2761 - mean_squared_error: 0.2761 - mean_absolute_error: 0.4387
Epoch 00014: val_loss improved from 0.14818 to 0.14423, saving model to /n/home05/isvetkey/cnn-stimuli/RESULTS/s.Figure5.position_common_scale/1/VGG19.h5

600/600 [==============================] - 0s 250us/step - loss: 0.2746 - mean_squared_error: 0.2746 - mean_absolute_error: 0.4380 - val_loss: 0.1442 - val_mean_squared_error: 0.1442 - val_mean_absolute_error: 0.3070
Epoch 15/1000

 32/600 [>.............................] - ETA: 0s - loss: 0.2922 - mean_squared_error: 0.2922 - mean_absolute_error: 0.4534
448/600 [=====================>........] - ETA: 0s - loss: 0.2689 - mean_squared_error: 0.2689 - mean_absolute_error: 0.4325
Epoch 00015: val_loss improved from 0.14423 to 0.14046, saving model to /n/home05/isvetkey/cnn-stimuli/RESULTS/s.Figure5.position_common_scale/1/VGG19.h5

600/600 [==============================] - 0s 248us/step - loss: 0.2687 - mean_squared_error: 0.2687 - mean_absolute_error: 0.4329 - val_loss: 0.1405 - val_mean_squared_error: 0.1405 - val_mean_absolute_error: 0.3044
Epoch 16/1000

 32/600 [>.............................] - ETA: 0s - loss: 0.2704 - mean_squared_error: 0.2704 - mean_absolute_error: 0.4306
384/600 [==================>...........] - ETA: 0s - loss: 0.2588 - mean_squared_error: 0.2588 - mean_absolute_error: 0.4241
Epoch 00016: val_loss improved from 0.14046 to 0.13683, saving model to /n/home05/isvetkey/cnn-stimuli/RESULTS/s.Figure5.position_common_scale/1/VGG19.h5

600/600 [==============================] - 0s 262us/step - loss: 0.2620 - mean_squared_error: 0.2620 - mean_absolute_error: 0.4269 - val_loss: 0.1368 - val_mean_squared_error: 0.1368 - val_mean_absolute_error: 0.3019
Epoch 17/1000

 32/600 [>.............................] - ETA: 0s - loss: 0.2378 - mean_squared_error: 0.2378 - mean_absolute_error: 0.4055
448/600 [=====================>........] - ETA: 0s - loss: 0.2521 - mean_squared_error: 0.2521 - mean_absolute_error: 0.4167
Epoch 00017: val_loss improved from 0.13683 to 0.13334, saving model to /n/home05/isvetkey/cnn-stimuli/RESULTS/s.Figure5.position_common_scale/1/VGG19.h5

600/600 [==============================] - 0s 250us/step - loss: 0.2564 - mean_squared_error: 0.2564 - mean_absolute_error: 0.4218 - val_loss: 0.1333 - val_mean_squared_error: 0.1333 - val_mean_absolute_error: 0.2994
Epoch 18/1000

 32/600 [>.............................] - ETA: 0s - loss: 0.2268 - mean_squared_error: 0.2268 - mean_absolute_error: 0.3949
352/600 [================>.............] - ETA: 0s - loss: 0.2532 - mean_squared_error: 0.2532 - mean_absolute_error: 0.4212
Epoch 00018: val_loss improved from 0.13334 to 0.12997, saving model to /n/home05/isvetkey/cnn-stimuli/RESULTS/s.Figure5.position_common_scale/1/VGG19.h5

600/600 [==============================] - 0s 267us/step - loss: 0.2509 - mean_squared_error: 0.2509 - mean_absolute_error: 0.4169 - val_loss: 0.1300 - val_mean_squared_error: 0.1300 - val_mean_absolute_error: 0.2969
Epoch 19/1000

 32/600 [>.............................] - ETA: 0s - loss: 0.2374 - mean_squared_error: 0.2374 - mean_absolute_error: 0.4106
448/600 [=====================>........] - ETA: 0s - loss: 0.2392 - mean_squared_error: 0.2392 - mean_absolute_error: 0.4069
Epoch 00019: val_loss improved from 0.12997 to 0.12676, saving model to /n/home05/isvetkey/cnn-stimuli/RESULTS/s.Figure5.position_common_scale/1/VGG19.h5

600/600 [==============================] - 0s 252us/step - loss: 0.2441 - mean_squared_error: 0.2441 - mean_absolute_error: 0.4110 - val_loss: 0.1268 - val_mean_squared_error: 0.1268 - val_mean_absolute_error: 0.2946
Epoch 20/1000

 32/600 [>.............................] - ETA: 0s - loss: 0.2535 - mean_squared_error: 0.2535 - mean_absolute_error: 0.4348
448/600 [=====================>........] - ETA: 0s - loss: 0.2440 - mean_squared_error: 0.2440 - mean_absolute_error: 0.4134
Epoch 00020: val_loss improved from 0.12676 to 0.12362, saving model to /n/home05/isvetkey/cnn-stimuli/RESULTS/s.Figure5.position_common_scale/1/VGG19.h5

600/600 [==============================] - 0s 249us/step - loss: 0.2393 - mean_squared_error: 0.2393 - mean_absolute_error: 0.4067 - val_loss: 0.1236 - val_mean_squared_error: 0.1236 - val_mean_absolute_error: 0.2922
Epoch 21/1000

 32/600 [>.............................] - ETA: 0s - loss: 0.2229 - mean_squared_error: 0.2229 - mean_absolute_error: 0.3852
448/600 [=====================>........] - ETA: 0s - loss: 0.2349 - mean_squared_error: 0.2349 - mean_absolute_error: 0.4025
Epoch 00021: val_loss improved from 0.12362 to 0.12066, saving model to /n/home05/isvetkey/cnn-stimuli/RESULTS/s.Figure5.position_common_scale/1/VGG19.h5

600/600 [==============================] - 0s 256us/step - loss: 0.2347 - mean_squared_error: 0.2347 - mean_absolute_error: 0.4027 - val_loss: 0.1207 - val_mean_squared_error: 0.1207 - val_mean_absolute_error: 0.2899
Epoch 22/1000

 32/600 [>.............................] - ETA: 0s - loss: 0.2388 - mean_squared_error: 0.2388 - mean_absolute_error: 0.3996
384/600 [==================>...........] - ETA: 0s - loss: 0.2435 - mean_squared_error: 0.2435 - mean_absolute_error: 0.4141
Epoch 00022: val_loss improved from 0.12066 to 0.11779, saving model to /n/home05/isvetkey/cnn-stimuli/RESULTS/s.Figure5.position_common_scale/1/VGG19.h5

600/600 [==============================] - 0s 268us/step - loss: 0.2292 - mean_squared_error: 0.2292 - mean_absolute_error: 0.3978 - val_loss: 0.1178 - val_mean_squared_error: 0.1178 - val_mean_absolute_error: 0.2876
Epoch 23/1000

 32/600 [>.............................] - ETA: 0s - loss: 0.1881 - mean_squared_error: 0.1881 - mean_absolute_error: 0.3452
384/600 [==================>...........] - ETA: 0s - loss: 0.2273 - mean_squared_error: 0.2273 - mean_absolute_error: 0.3961
Epoch 00023: val_loss improved from 0.11779 to 0.11508, saving model to /n/home05/isvetkey/cnn-stimuli/RESULTS/s.Figure5.position_common_scale/1/VGG19.h5

600/600 [==============================] - 0s 261us/step - loss: 0.2247 - mean_squared_error: 0.2247 - mean_absolute_error: 0.3939 - val_loss: 0.1151 - val_mean_squared_error: 0.1151 - val_mean_absolute_error: 0.2855
Epoch 24/1000

 32/600 [>.............................] - ETA: 0s - loss: 0.2021 - mean_squared_error: 0.2021 - mean_absolute_error: 0.3688
448/600 [=====================>........] - ETA: 0s - loss: 0.2189 - mean_squared_error: 0.2189 - mean_absolute_error: 0.3887
Epoch 00024: val_loss improved from 0.11508 to 0.11247, saving model to /n/home05/isvetkey/cnn-stimuli/RESULTS/s.Figure5.position_common_scale/1/VGG19.h5

600/600 [==============================] - 0s 252us/step - loss: 0.2205 - mean_squared_error: 0.2205 - mean_absolute_error: 0.3900 - val_loss: 0.1125 - val_mean_squared_error: 0.1125 - val_mean_absolute_error: 0.2835
Epoch 25/1000

 32/600 [>.............................] - ETA: 0s - loss: 0.2214 - mean_squared_error: 0.2214 - mean_absolute_error: 0.4074
448/600 [=====================>........] - ETA: 0s - loss: 0.2195 - mean_squared_error: 0.2195 - mean_absolute_error: 0.3901
Epoch 00025: val_loss improved from 0.11247 to 0.10995, saving model to /n/home05/isvetkey/cnn-stimuli/RESULTS/s.Figure5.position_common_scale/1/VGG19.h5

600/600 [==============================] - 0s 252us/step - loss: 0.2148 - mean_squared_error: 0.2148 - mean_absolute_error: 0.3854 - val_loss: 0.1100 - val_mean_squared_error: 0.1100 - val_mean_absolute_error: 0.2817
Epoch 26/1000

 32/600 [>.............................] - ETA: 0s - loss: 0.2218 - mean_squared_error: 0.2218 - mean_absolute_error: 0.3933
384/600 [==================>...........] - ETA: 0s - loss: 0.2107 - mean_squared_error: 0.2107 - mean_absolute_error: 0.3830
Epoch 00026: val_loss improved from 0.10995 to 0.10753, saving model to /n/home05/isvetkey/cnn-stimuli/RESULTS/s.Figure5.position_common_scale/1/VGG19.h5

600/600 [==============================] - 0s 265us/step - loss: 0.2099 - mean_squared_error: 0.2099 - mean_absolute_error: 0.3812 - val_loss: 0.1075 - val_mean_squared_error: 0.1075 - val_mean_absolute_error: 0.2800
Epoch 27/1000

 32/600 [>.............................] - ETA: 0s - loss: 0.2149 - mean_squared_error: 0.2149 - mean_absolute_error: 0.3872
448/600 [=====================>........] - ETA: 0s - loss: 0.2095 - mean_squared_error: 0.2095 - mean_absolute_error: 0.3805
Epoch 00027: val_loss improved from 0.10753 to 0.10523, saving model to /n/home05/isvetkey/cnn-stimuli/RESULTS/s.Figure5.position_common_scale/1/VGG19.h5

600/600 [==============================] - 0s 252us/step - loss: 0.2059 - mean_squared_error: 0.2059 - mean_absolute_error: 0.3772 - val_loss: 0.1052 - val_mean_squared_error: 0.1052 - val_mean_absolute_error: 0.2784
Epoch 28/1000

 32/600 [>.............................] - ETA: 0s - loss: 0.2163 - mean_squared_error: 0.2163 - mean_absolute_error: 0.3892
384/600 [==================>...........] - ETA: 0s - loss: 0.2027 - mean_squared_error: 0.2027 - mean_absolute_error: 0.3738
Epoch 00028: val_loss improved from 0.10523 to 0.10301, saving model to /n/home05/isvetkey/cnn-stimuli/RESULTS/s.Figure5.position_common_scale/1/VGG19.h5

600/600 [==============================] - 0s 264us/step - loss: 0.2014 - mean_squared_error: 0.2014 - mean_absolute_error: 0.3734 - val_loss: 0.1030 - val_mean_squared_error: 0.1030 - val_mean_absolute_error: 0.2768
Epoch 29/1000

 32/600 [>.............................] - ETA: 0s - loss: 0.2045 - mean_squared_error: 0.2045 - mean_absolute_error: 0.3771
448/600 [=====================>........] - ETA: 0s - loss: 0.1949 - mean_squared_error: 0.1949 - mean_absolute_error: 0.3660
Epoch 00029: val_loss improved from 0.10301 to 0.10089, saving model to /n/home05/isvetkey/cnn-stimuli/RESULTS/s.Figure5.position_common_scale/1/VGG19.h5

600/600 [==============================] - 0s 254us/step - loss: 0.1970 - mean_squared_error: 0.1970 - mean_absolute_error: 0.3697 - val_loss: 0.1009 - val_mean_squared_error: 0.1009 - val_mean_absolute_error: 0.2752
Epoch 30/1000

 32/600 [>.............................] - ETA: 0s - loss: 0.1921 - mean_squared_error: 0.1921 - mean_absolute_error: 0.3708
352/600 [================>.............] - ETA: 0s - loss: 0.1968 - mean_squared_error: 0.1968 - mean_absolute_error: 0.3702
Epoch 00030: val_loss improved from 0.10089 to 0.09886, saving model to /n/home05/isvetkey/cnn-stimuli/RESULTS/s.Figure5.position_common_scale/1/VGG19.h5

600/600 [==============================] - 0s 271us/step - loss: 0.1929 - mean_squared_error: 0.1929 - mean_absolute_error: 0.3659 - val_loss: 0.0989 - val_mean_squared_error: 0.0989 - val_mean_absolute_error: 0.2737
Epoch 31/1000

 32/600 [>.............................] - ETA: 0s - loss: 0.1689 - mean_squared_error: 0.1689 - mean_absolute_error: 0.3355
448/600 [=====================>........] - ETA: 0s - loss: 0.1892 - mean_squared_error: 0.1892 - mean_absolute_error: 0.3623
Epoch 00031: val_loss improved from 0.09886 to 0.09693, saving model to /n/home05/isvetkey/cnn-stimuli/RESULTS/s.Figure5.position_common_scale/1/VGG19.h5

600/600 [==============================] - 0s 247us/step - loss: 0.1892 - mean_squared_error: 0.1892 - mean_absolute_error: 0.3626 - val_loss: 0.0969 - val_mean_squared_error: 0.0969 - val_mean_absolute_error: 0.2721
Epoch 32/1000

 32/600 [>.............................] - ETA: 0s - loss: 0.2210 - mean_squared_error: 0.2210 - mean_absolute_error: 0.4096
448/600 [=====================>........] - ETA: 0s - loss: 0.1871 - mean_squared_error: 0.1871 - mean_absolute_error: 0.3616
Epoch 00032: val_loss improved from 0.09693 to 0.09508, saving model to /n/home05/isvetkey/cnn-stimuli/RESULTS/s.Figure5.position_common_scale/1/VGG19.h5

600/600 [==============================] - 0s 253us/step - loss: 0.1858 - mean_squared_error: 0.1858 - mean_absolute_error: 0.3596 - val_loss: 0.0951 - val_mean_squared_error: 0.0951 - val_mean_absolute_error: 0.2706
Epoch 33/1000

 32/600 [>.............................] - ETA: 0s - loss: 0.2018 - mean_squared_error: 0.2018 - mean_absolute_error: 0.3851
448/600 [=====================>........] - ETA: 0s - loss: 0.1860 - mean_squared_error: 0.1860 - mean_absolute_error: 0.3611
Epoch 00033: val_loss improved from 0.09508 to 0.09331, saving model to /n/home05/isvetkey/cnn-stimuli/RESULTS/s.Figure5.position_common_scale/1/VGG19.h5

600/600 [==============================] - 0s 254us/step - loss: 0.1817 - mean_squared_error: 0.1817 - mean_absolute_error: 0.3558 - val_loss: 0.0933 - val_mean_squared_error: 0.0933 - val_mean_absolute_error: 0.2691
Epoch 34/1000

 32/600 [>.............................] - ETA: 0s - loss: 0.1854 - mean_squared_error: 0.1854 - mean_absolute_error: 0.3703
448/600 [=====================>........] - ETA: 0s - loss: 0.1787 - mean_squared_error: 0.1787 - mean_absolute_error: 0.3527
Epoch 00034: val_loss improved from 0.09331 to 0.09164, saving model to /n/home05/isvetkey/cnn-stimuli/RESULTS/s.Figure5.position_common_scale/1/VGG19.h5

600/600 [==============================] - 0s 251us/step - loss: 0.1786 - mean_squared_error: 0.1786 - mean_absolute_error: 0.3525 - val_loss: 0.0916 - val_mean_squared_error: 0.0916 - val_mean_absolute_error: 0.2677
Epoch 35/1000

 32/600 [>.............................] - ETA: 0s - loss: 0.1567 - mean_squared_error: 0.1567 - mean_absolute_error: 0.3325
448/600 [=====================>........] - ETA: 0s - loss: 0.1739 - mean_squared_error: 0.1739 - mean_absolute_error: 0.3490
Epoch 00035: val_loss improved from 0.09164 to 0.09004, saving model to /n/home05/isvetkey/cnn-stimuli/RESULTS/s.Figure5.position_common_scale/1/VGG19.h5

600/600 [==============================] - 0s 257us/step - loss: 0.1744 - mean_squared_error: 0.1744 - mean_absolute_error: 0.3497 - val_loss: 0.0900 - val_mean_squared_error: 0.0900 - val_mean_absolute_error: 0.2662
Epoch 36/1000

 32/600 [>.............................] - ETA: 0s - loss: 0.1319 - mean_squared_error: 0.1319 - mean_absolute_error: 0.2935
448/600 [=====================>........] - ETA: 0s - loss: 0.1729 - mean_squared_error: 0.1729 - mean_absolute_error: 0.3487
Epoch 00036: val_loss improved from 0.09004 to 0.08851, saving model to /n/home05/isvetkey/cnn-stimuli/RESULTS/s.Figure5.position_common_scale/1/VGG19.h5

600/600 [==============================] - 0s 253us/step - loss: 0.1721 - mean_squared_error: 0.1721 - mean_absolute_error: 0.3472 - val_loss: 0.0885 - val_mean_squared_error: 0.0885 - val_mean_absolute_error: 0.2648
Epoch 37/1000

 32/600 [>.............................] - ETA: 0s - loss: 0.1748 - mean_squared_error: 0.1748 - mean_absolute_error: 0.3532
448/600 [=====================>........] - ETA: 0s - loss: 0.1702 - mean_squared_error: 0.1702 - mean_absolute_error: 0.3473
Epoch 00037: val_loss improved from 0.08851 to 0.08706, saving model to /n/home05/isvetkey/cnn-stimuli/RESULTS/s.Figure5.position_common_scale/1/VGG19.h5

600/600 [==============================] - 0s 252us/step - loss: 0.1684 - mean_squared_error: 0.1684 - mean_absolute_error: 0.3441 - val_loss: 0.0871 - val_mean_squared_error: 0.0871 - val_mean_absolute_error: 0.2634
Epoch 38/1000

 32/600 [>.............................] - ETA: 0s - loss: 0.1492 - mean_squared_error: 0.1492 - mean_absolute_error: 0.3202
448/600 [=====================>........] - ETA: 0s - loss: 0.1660 - mean_squared_error: 0.1660 - mean_absolute_error: 0.3415
Epoch 00038: val_loss improved from 0.08706 to 0.08568, saving model to /n/home05/isvetkey/cnn-stimuli/RESULTS/s.Figure5.position_common_scale/1/VGG19.h5

600/600 [==============================] - 0s 252us/step - loss: 0.1652 - mean_squared_error: 0.1652 - mean_absolute_error: 0.3405 - val_loss: 0.0857 - val_mean_squared_error: 0.0857 - val_mean_absolute_error: 0.2620
Epoch 39/1000

 32/600 [>.............................] - ETA: 0s - loss: 0.1568 - mean_squared_error: 0.1568 - mean_absolute_error: 0.3272
448/600 [=====================>........] - ETA: 0s - loss: 0.1618 - mean_squared_error: 0.1618 - mean_absolute_error: 0.3374
Epoch 00039: val_loss improved from 0.08568 to 0.08436, saving model to /n/home05/isvetkey/cnn-stimuli/RESULTS/s.Figure5.position_common_scale/1/VGG19.h5

600/600 [==============================] - 0s 252us/step - loss: 0.1624 - mean_squared_error: 0.1624 - mean_absolute_error: 0.3384 - val_loss: 0.0844 - val_mean_squared_error: 0.0844 - val_mean_absolute_error: 0.2606
Epoch 40/1000

 32/600 [>.............................] - ETA: 0s - loss: 0.1569 - mean_squared_error: 0.1569 - mean_absolute_error: 0.3278
448/600 [=====================>........] - ETA: 0s - loss: 0.1579 - mean_squared_error: 0.1579 - mean_absolute_error: 0.3339
Epoch 00040: val_loss improved from 0.08436 to 0.08312, saving model to /n/home05/isvetkey/cnn-stimuli/RESULTS/s.Figure5.position_common_scale/1/VGG19.h5

600/600 [==============================] - 0s 249us/step - loss: 0.1594 - mean_squared_error: 0.1594 - mean_absolute_error: 0.3359 - val_loss: 0.0831 - val_mean_squared_error: 0.0831 - val_mean_absolute_error: 0.2592
Epoch 41/1000

 32/600 [>.............................] - ETA: 0s - loss: 0.1486 - mean_squared_error: 0.1486 - mean_absolute_error: 0.3275
448/600 [=====================>........] - ETA: 0s - loss: 0.1572 - mean_squared_error: 0.1572 - mean_absolute_error: 0.3346
Epoch 00041: val_loss improved from 0.08312 to 0.08194, saving model to /n/home05/isvetkey/cnn-stimuli/RESULTS/s.Figure5.position_common_scale/1/VGG19.h5

600/600 [==============================] - 0s 251us/step - loss: 0.1557 - mean_squared_error: 0.1557 - mean_absolute_error: 0.3326 - val_loss: 0.0819 - val_mean_squared_error: 0.0819 - val_mean_absolute_error: 0.2579
Epoch 42/1000

 32/600 [>.............................] - ETA: 0s - loss: 0.1815 - mean_squared_error: 0.1815 - mean_absolute_error: 0.3690
448/600 [=====================>........] - ETA: 0s - loss: 0.1587 - mean_squared_error: 0.1587 - mean_absolute_error: 0.3368
Epoch 00042: val_loss improved from 0.08194 to 0.08081, saving model to /n/home05/isvetkey/cnn-stimuli/RESULTS/s.Figure5.position_common_scale/1/VGG19.h5

600/600 [==============================] - 0s 253us/step - loss: 0.1536 - mean_squared_error: 0.1536 - mean_absolute_error: 0.3306 - val_loss: 0.0808 - val_mean_squared_error: 0.0808 - val_mean_absolute_error: 0.2566
Epoch 43/1000

 32/600 [>.............................] - ETA: 0s - loss: 0.1473 - mean_squared_error: 0.1473 - mean_absolute_error: 0.3213
384/600 [==================>...........] - ETA: 0s - loss: 0.1512 - mean_squared_error: 0.1512 - mean_absolute_error: 0.3267
Epoch 00043: val_loss improved from 0.08081 to 0.07976, saving model to /n/home05/isvetkey/cnn-stimuli/RESULTS/s.Figure5.position_common_scale/1/VGG19.h5

600/600 [==============================] - 0s 265us/step - loss: 0.1512 - mean_squared_error: 0.1512 - mean_absolute_error: 0.3278 - val_loss: 0.0798 - val_mean_squared_error: 0.0798 - val_mean_absolute_error: 0.2554
Epoch 44/1000

 32/600 [>.............................] - ETA: 0s - loss: 0.1704 - mean_squared_error: 0.1704 - mean_absolute_error: 0.3537
352/600 [================>.............] - ETA: 0s - loss: 0.1509 - mean_squared_error: 0.1509 - mean_absolute_error: 0.3293
Epoch 00044: val_loss improved from 0.07976 to 0.07876, saving model to /n/home05/isvetkey/cnn-stimuli/RESULTS/s.Figure5.position_common_scale/1/VGG19.h5

600/600 [==============================] - 0s 271us/step - loss: 0.1474 - mean_squared_error: 0.1474 - mean_absolute_error: 0.3244 - val_loss: 0.0788 - val_mean_squared_error: 0.0788 - val_mean_absolute_error: 0.2543
Epoch 45/1000

 32/600 [>.............................] - ETA: 0s - loss: 0.1294 - mean_squared_error: 0.1294 - mean_absolute_error: 0.3040
448/600 [=====================>........] - ETA: 0s - loss: 0.1472 - mean_squared_error: 0.1472 - mean_absolute_error: 0.3243
Epoch 00045: val_loss improved from 0.07876 to 0.07782, saving model to /n/home05/isvetkey/cnn-stimuli/RESULTS/s.Figure5.position_common_scale/1/VGG19.h5

600/600 [==============================] - 0s 251us/step - loss: 0.1459 - mean_squared_error: 0.1459 - mean_absolute_error: 0.3232 - val_loss: 0.0778 - val_mean_squared_error: 0.0778 - val_mean_absolute_error: 0.2532
Epoch 46/1000

 32/600 [>.............................] - ETA: 0s - loss: 0.1680 - mean_squared_error: 0.1680 - mean_absolute_error: 0.3565
384/600 [==================>...........] - ETA: 0s - loss: 0.1388 - mean_squared_error: 0.1388 - mean_absolute_error: 0.3152
Epoch 00046: val_loss improved from 0.07782 to 0.07692, saving model to /n/home05/isvetkey/cnn-stimuli/RESULTS/s.Figure5.position_common_scale/1/VGG19.h5

600/600 [==============================] - 0s 262us/step - loss: 0.1424 - mean_squared_error: 0.1424 - mean_absolute_error: 0.3197 - val_loss: 0.0769 - val_mean_squared_error: 0.0769 - val_mean_absolute_error: 0.2523
Epoch 47/1000

 32/600 [>.............................] - ETA: 0s - loss: 0.1385 - mean_squared_error: 0.1385 - mean_absolute_error: 0.3132
448/600 [=====================>........] - ETA: 0s - loss: 0.1407 - mean_squared_error: 0.1407 - mean_absolute_error: 0.3163
Epoch 00047: val_loss improved from 0.07692 to 0.07608, saving model to /n/home05/isvetkey/cnn-stimuli/RESULTS/s.Figure5.position_common_scale/1/VGG19.h5

600/600 [==============================] - 0s 253us/step - loss: 0.1411 - mean_squared_error: 0.1411 - mean_absolute_error: 0.3179 - val_loss: 0.0761 - val_mean_squared_error: 0.0761 - val_mean_absolute_error: 0.2514
Epoch 48/1000

 32/600 [>.............................] - ETA: 0s - loss: 0.1388 - mean_squared_error: 0.1388 - mean_absolute_error: 0.3122
448/600 [=====================>........] - ETA: 0s - loss: 0.1428 - mean_squared_error: 0.1428 - mean_absolute_error: 0.3207
Epoch 00048: val_loss improved from 0.07608 to 0.07529, saving model to /n/home05/isvetkey/cnn-stimuli/RESULTS/s.Figure5.position_common_scale/1/VGG19.h5

600/600 [==============================] - 0s 263us/step - loss: 0.1391 - mean_squared_error: 0.1391 - mean_absolute_error: 0.3164 - val_loss: 0.0753 - val_mean_squared_error: 0.0753 - val_mean_absolute_error: 0.2505
Epoch 49/1000

 32/600 [>.............................] - ETA: 0s - loss: 0.1221 - mean_squared_error: 0.1221 - mean_absolute_error: 0.2827
448/600 [=====================>........] - ETA: 0s - loss: 0.1341 - mean_squared_error: 0.1341 - mean_absolute_error: 0.3106
Epoch 00049: val_loss improved from 0.07529 to 0.07456, saving model to /n/home05/isvetkey/cnn-stimuli/RESULTS/s.Figure5.position_common_scale/1/VGG19.h5

600/600 [==============================] - 0s 252us/step - loss: 0.1363 - mean_squared_error: 0.1363 - mean_absolute_error: 0.3136 - val_loss: 0.0746 - val_mean_squared_error: 0.0746 - val_mean_absolute_error: 0.2496
Epoch 50/1000

 32/600 [>.............................] - ETA: 0s - loss: 0.1231 - mean_squared_error: 0.1231 - mean_absolute_error: 0.3012
448/600 [=====================>........] - ETA: 0s - loss: 0.1330 - mean_squared_error: 0.1330 - mean_absolute_error: 0.3099
Epoch 00050: val_loss improved from 0.07456 to 0.07386, saving model to /n/home05/isvetkey/cnn-stimuli/RESULTS/s.Figure5.position_common_scale/1/VGG19.h5

600/600 [==============================] - 0s 255us/step - loss: 0.1337 - mean_squared_error: 0.1337 - mean_absolute_error: 0.3114 - val_loss: 0.0739 - val_mean_squared_error: 0.0739 - val_mean_absolute_error: 0.2487
Epoch 51/1000

 32/600 [>.............................] - ETA: 0s - loss: 0.1305 - mean_squared_error: 0.1305 - mean_absolute_error: 0.3045
448/600 [=====================>........] - ETA: 0s - loss: 0.1323 - mean_squared_error: 0.1323 - mean_absolute_error: 0.3086
Epoch 00051: val_loss improved from 0.07386 to 0.07322, saving model to /n/home05/isvetkey/cnn-stimuli/RESULTS/s.Figure5.position_common_scale/1/VGG19.h5

600/600 [==============================] - 0s 253us/step - loss: 0.1325 - mean_squared_error: 0.1325 - mean_absolute_error: 0.3098 - val_loss: 0.0732 - val_mean_squared_error: 0.0732 - val_mean_absolute_error: 0.2479
Epoch 52/1000

 32/600 [>.............................] - ETA: 0s - loss: 0.1316 - mean_squared_error: 0.1316 - mean_absolute_error: 0.3081
352/600 [================>.............] - ETA: 0s - loss: 0.1277 - mean_squared_error: 0.1277 - mean_absolute_error: 0.3050
Epoch 00052: val_loss improved from 0.07322 to 0.07262, saving model to /n/home05/isvetkey/cnn-stimuli/RESULTS/s.Figure5.position_common_scale/1/VGG19.h5

600/600 [==============================] - 0s 276us/step - loss: 0.1294 - mean_squared_error: 0.1294 - mean_absolute_error: 0.3071 - val_loss: 0.0726 - val_mean_squared_error: 0.0726 - val_mean_absolute_error: 0.2471
Epoch 53/1000

 32/600 [>.............................] - ETA: 0s - loss: 0.1301 - mean_squared_error: 0.1301 - mean_absolute_error: 0.3069
448/600 [=====================>........] - ETA: 0s - loss: 0.1267 - mean_squared_error: 0.1267 - mean_absolute_error: 0.3022
Epoch 00053: val_loss improved from 0.07262 to 0.07205, saving model to /n/home05/isvetkey/cnn-stimuli/RESULTS/s.Figure5.position_common_scale/1/VGG19.h5

600/600 [==============================] - 0s 252us/step - loss: 0.1277 - mean_squared_error: 0.1277 - mean_absolute_error: 0.3050 - val_loss: 0.0721 - val_mean_squared_error: 0.0721 - val_mean_absolute_error: 0.2463
Epoch 54/1000

 32/600 [>.............................] - ETA: 0s - loss: 0.1471 - mean_squared_error: 0.1471 - mean_absolute_error: 0.3279
448/600 [=====================>........] - ETA: 0s - loss: 0.1241 - mean_squared_error: 0.1241 - mean_absolute_error: 0.3012
Epoch 00054: val_loss improved from 0.07205 to 0.07153, saving model to /n/home05/isvetkey/cnn-stimuli/RESULTS/s.Figure5.position_common_scale/1/VGG19.h5

600/600 [==============================] - 0s 252us/step - loss: 0.1253 - mean_squared_error: 0.1253 - mean_absolute_error: 0.3022 - val_loss: 0.0715 - val_mean_squared_error: 0.0715 - val_mean_absolute_error: 0.2454
Epoch 55/1000

 32/600 [>.............................] - ETA: 0s - loss: 0.1227 - mean_squared_error: 0.1227 - mean_absolute_error: 0.2932
448/600 [=====================>........] - ETA: 0s - loss: 0.1202 - mean_squared_error: 0.1202 - mean_absolute_error: 0.2957
Epoch 00055: val_loss improved from 0.07153 to 0.07105, saving model to /n/home05/isvetkey/cnn-stimuli/RESULTS/s.Figure5.position_common_scale/1/VGG19.h5

600/600 [==============================] - 0s 252us/step - loss: 0.1242 - mean_squared_error: 0.1242 - mean_absolute_error: 0.3012 - val_loss: 0.0711 - val_mean_squared_error: 0.0711 - val_mean_absolute_error: 0.2446
Epoch 56/1000

 32/600 [>.............................] - ETA: 0s - loss: 0.1048 - mean_squared_error: 0.1048 - mean_absolute_error: 0.2662
448/600 [=====================>........] - ETA: 0s - loss: 0.1236 - mean_squared_error: 0.1236 - mean_absolute_error: 0.3011
Epoch 00056: val_loss improved from 0.07105 to 0.07060, saving model to /n/home05/isvetkey/cnn-stimuli/RESULTS/s.Figure5.position_common_scale/1/VGG19.h5

600/600 [==============================] - 0s 251us/step - loss: 0.1222 - mean_squared_error: 0.1222 - mean_absolute_error: 0.2997 - val_loss: 0.0706 - val_mean_squared_error: 0.0706 - val_mean_absolute_error: 0.2438
Epoch 57/1000

 32/600 [>.............................] - ETA: 0s - loss: 0.1261 - mean_squared_error: 0.1261 - mean_absolute_error: 0.3076
448/600 [=====================>........] - ETA: 0s - loss: 0.1221 - mean_squared_error: 0.1221 - mean_absolute_error: 0.3007
Epoch 00057: val_loss improved from 0.07060 to 0.07019, saving model to /n/home05/isvetkey/cnn-stimuli/RESULTS/s.Figure5.position_common_scale/1/VGG19.h5

600/600 [==============================] - 0s 251us/step - loss: 0.1208 - mean_squared_error: 0.1208 - mean_absolute_error: 0.2984 - val_loss: 0.0702 - val_mean_squared_error: 0.0702 - val_mean_absolute_error: 0.2431
Epoch 58/1000

 32/600 [>.............................] - ETA: 0s - loss: 0.1331 - mean_squared_error: 0.1331 - mean_absolute_error: 0.3092
352/600 [================>.............] - ETA: 0s - loss: 0.1184 - mean_squared_error: 0.1184 - mean_absolute_error: 0.2968
Epoch 00058: val_loss improved from 0.07019 to 0.06982, saving model to /n/home05/isvetkey/cnn-stimuli/RESULTS/s.Figure5.position_common_scale/1/VGG19.h5

600/600 [==============================] - 0s 270us/step - loss: 0.1183 - mean_squared_error: 0.1183 - mean_absolute_error: 0.2954 - val_loss: 0.0698 - val_mean_squared_error: 0.0698 - val_mean_absolute_error: 0.2423
Epoch 59/1000

 32/600 [>.............................] - ETA: 0s - loss: 0.1234 - mean_squared_error: 0.1234 - mean_absolute_error: 0.3018
448/600 [=====================>........] - ETA: 0s - loss: 0.1178 - mean_squared_error: 0.1178 - mean_absolute_error: 0.2953
Epoch 00059: val_loss improved from 0.06982 to 0.06948, saving model to /n/home05/isvetkey/cnn-stimuli/RESULTS/s.Figure5.position_common_scale/1/VGG19.h5

600/600 [==============================] - 0s 253us/step - loss: 0.1177 - mean_squared_error: 0.1177 - mean_absolute_error: 0.2955 - val_loss: 0.0695 - val_mean_squared_error: 0.0695 - val_mean_absolute_error: 0.2415
Epoch 60/1000

 32/600 [>.............................] - ETA: 0s - loss: 0.1126 - mean_squared_error: 0.1126 - mean_absolute_error: 0.2735
448/600 [=====================>........] - ETA: 0s - loss: 0.1195 - mean_squared_error: 0.1195 - mean_absolute_error: 0.2982
Epoch 00060: val_loss improved from 0.06948 to 0.06917, saving model to /n/home05/isvetkey/cnn-stimuli/RESULTS/s.Figure5.position_common_scale/1/VGG19.h5

600/600 [==============================] - 0s 255us/step - loss: 0.1170 - mean_squared_error: 0.1170 - mean_absolute_error: 0.2940 - val_loss: 0.0692 - val_mean_squared_error: 0.0692 - val_mean_absolute_error: 0.2408
Epoch 61/1000

 32/600 [>.............................] - ETA: 0s - loss: 0.1192 - mean_squared_error: 0.1192 - mean_absolute_error: 0.3025
384/600 [==================>...........] - ETA: 0s - loss: 0.1153 - mean_squared_error: 0.1153 - mean_absolute_error: 0.2924
Epoch 00061: val_loss improved from 0.06917 to 0.06889, saving model to /n/home05/isvetkey/cnn-stimuli/RESULTS/s.Figure5.position_common_scale/1/VGG19.h5

600/600 [==============================] - 0s 270us/step - loss: 0.1134 - mean_squared_error: 0.1134 - mean_absolute_error: 0.2900 - val_loss: 0.0689 - val_mean_squared_error: 0.0689 - val_mean_absolute_error: 0.2401
Epoch 62/1000

 32/600 [>.............................] - ETA: 0s - loss: 0.1266 - mean_squared_error: 0.1266 - mean_absolute_error: 0.3118
352/600 [================>.............] - ETA: 0s - loss: 0.1140 - mean_squared_error: 0.1140 - mean_absolute_error: 0.2903
Epoch 00062: val_loss improved from 0.06889 to 0.06864, saving model to /n/home05/isvetkey/cnn-stimuli/RESULTS/s.Figure5.position_common_scale/1/VGG19.h5

600/600 [==============================] - 0s 267us/step - loss: 0.1117 - mean_squared_error: 0.1117 - mean_absolute_error: 0.2873 - val_loss: 0.0686 - val_mean_squared_error: 0.0686 - val_mean_absolute_error: 0.2393
Epoch 63/1000

 32/600 [>.............................] - ETA: 0s - loss: 0.1155 - mean_squared_error: 0.1155 - mean_absolute_error: 0.2953
448/600 [=====================>........] - ETA: 0s - loss: 0.1068 - mean_squared_error: 0.1068 - mean_absolute_error: 0.2808
Epoch 00063: val_loss improved from 0.06864 to 0.06843, saving model to /n/home05/isvetkey/cnn-stimuli/RESULTS/s.Figure5.position_common_scale/1/VGG19.h5

600/600 [==============================] - 0s 247us/step - loss: 0.1100 - mean_squared_error: 0.1100 - mean_absolute_error: 0.2862 - val_loss: 0.0684 - val_mean_squared_error: 0.0684 - val_mean_absolute_error: 0.2386
Epoch 64/1000

 32/600 [>.............................] - ETA: 0s - loss: 0.0912 - mean_squared_error: 0.0912 - mean_absolute_error: 0.2488
448/600 [=====================>........] - ETA: 0s - loss: 0.1097 - mean_squared_error: 0.1097 - mean_absolute_error: 0.2859
Epoch 00064: val_loss improved from 0.06843 to 0.06823, saving model to /n/home05/isvetkey/cnn-stimuli/RESULTS/s.Figure5.position_common_scale/1/VGG19.h5

600/600 [==============================] - 0s 248us/step - loss: 0.1095 - mean_squared_error: 0.1095 - mean_absolute_error: 0.2853 - val_loss: 0.0682 - val_mean_squared_error: 0.0682 - val_mean_absolute_error: 0.2380
Epoch 65/1000

 32/600 [>.............................] - ETA: 0s - loss: 0.0871 - mean_squared_error: 0.0871 - mean_absolute_error: 0.2523
448/600 [=====================>........] - ETA: 0s - loss: 0.1134 - mean_squared_error: 0.1134 - mean_absolute_error: 0.2904
Epoch 00065: val_loss improved from 0.06823 to 0.06806, saving model to /n/home05/isvetkey/cnn-stimuli/RESULTS/s.Figure5.position_common_scale/1/VGG19.h5

600/600 [==============================] - 0s 255us/step - loss: 0.1093 - mean_squared_error: 0.1093 - mean_absolute_error: 0.2849 - val_loss: 0.0681 - val_mean_squared_error: 0.0681 - val_mean_absolute_error: 0.2373
Epoch 66/1000

 32/600 [>.............................] - ETA: 0s - loss: 0.1083 - mean_squared_error: 0.1083 - mean_absolute_error: 0.2870
448/600 [=====================>........] - ETA: 0s - loss: 0.1085 - mean_squared_error: 0.1085 - mean_absolute_error: 0.2849
Epoch 00066: val_loss improved from 0.06806 to 0.06792, saving model to /n/home05/isvetkey/cnn-stimuli/RESULTS/s.Figure5.position_common_scale/1/VGG19.h5

600/600 [==============================] - 0s 248us/step - loss: 0.1068 - mean_squared_error: 0.1068 - mean_absolute_error: 0.2829 - val_loss: 0.0679 - val_mean_squared_error: 0.0679 - val_mean_absolute_error: 0.2367
Epoch 67/1000

 32/600 [>.............................] - ETA: 0s - loss: 0.0932 - mean_squared_error: 0.0932 - mean_absolute_error: 0.2589
448/600 [=====================>........] - ETA: 0s - loss: 0.1052 - mean_squared_error: 0.1052 - mean_absolute_error: 0.2800
Epoch 00067: val_loss improved from 0.06792 to 0.06781, saving model to /n/home05/isvetkey/cnn-stimuli/RESULTS/s.Figure5.position_common_scale/1/VGG19.h5

600/600 [==============================] - 0s 249us/step - loss: 0.1053 - mean_squared_error: 0.1053 - mean_absolute_error: 0.2805 - val_loss: 0.0678 - val_mean_squared_error: 0.0678 - val_mean_absolute_error: 0.2361
Epoch 68/1000

 32/600 [>.............................] - ETA: 0s - loss: 0.1170 - mean_squared_error: 0.1170 - mean_absolute_error: 0.2991
448/600 [=====================>........] - ETA: 0s - loss: 0.1040 - mean_squared_error: 0.1040 - mean_absolute_error: 0.2794
Epoch 00068: val_loss improved from 0.06781 to 0.06771, saving model to /n/home05/isvetkey/cnn-stimuli/RESULTS/s.Figure5.position_common_scale/1/VGG19.h5

600/600 [==============================] - 0s 258us/step - loss: 0.1068 - mean_squared_error: 0.1068 - mean_absolute_error: 0.2829 - val_loss: 0.0677 - val_mean_squared_error: 0.0677 - val_mean_absolute_error: 0.2355
Epoch 69/1000

 32/600 [>.............................] - ETA: 0s - loss: 0.1023 - mean_squared_error: 0.1023 - mean_absolute_error: 0.2807
448/600 [=====================>........] - ETA: 0s - loss: 0.0996 - mean_squared_error: 0.0996 - mean_absolute_error: 0.2725
Epoch 00069: val_loss improved from 0.06771 to 0.06764, saving model to /n/home05/isvetkey/cnn-stimuli/RESULTS/s.Figure5.position_common_scale/1/VGG19.h5

600/600 [==============================] - 0s 252us/step - loss: 0.1025 - mean_squared_error: 0.1025 - mean_absolute_error: 0.2772 - val_loss: 0.0676 - val_mean_squared_error: 0.0676 - val_mean_absolute_error: 0.2350
Epoch 70/1000

 32/600 [>.............................] - ETA: 0s - loss: 0.1129 - mean_squared_error: 0.1129 - mean_absolute_error: 0.3007
384/600 [==================>...........] - ETA: 0s - loss: 0.0987 - mean_squared_error: 0.0987 - mean_absolute_error: 0.2727
Epoch 00070: val_loss improved from 0.06764 to 0.06758, saving model to /n/home05/isvetkey/cnn-stimuli/RESULTS/s.Figure5.position_common_scale/1/VGG19.h5

600/600 [==============================] - 0s 269us/step - loss: 0.1025 - mean_squared_error: 0.1025 - mean_absolute_error: 0.2771 - val_loss: 0.0676 - val_mean_squared_error: 0.0676 - val_mean_absolute_error: 0.2345
Epoch 71/1000

 32/600 [>.............................] - ETA: 0s - loss: 0.1012 - mean_squared_error: 0.1012 - mean_absolute_error: 0.2824
448/600 [=====================>........] - ETA: 0s - loss: 0.1016 - mean_squared_error: 0.1016 - mean_absolute_error: 0.2763
Epoch 00071: val_loss improved from 0.06758 to 0.06755, saving model to /n/home05/isvetkey/cnn-stimuli/RESULTS/s.Figure5.position_common_scale/1/VGG19.h5

600/600 [==============================] - 0s 253us/step - loss: 0.1012 - mean_squared_error: 0.1012 - mean_absolute_error: 0.2763 - val_loss: 0.0676 - val_mean_squared_error: 0.0676 - val_mean_absolute_error: 0.2340
Epoch 72/1000

 32/600 [>.............................] - ETA: 0s - loss: 0.1017 - mean_squared_error: 0.1017 - mean_absolute_error: 0.2777
352/600 [================>.............] - ETA: 0s - loss: 0.1000 - mean_squared_error: 0.1000 - mean_absolute_error: 0.2735
Epoch 00072: val_loss improved from 0.06755 to 0.06754, saving model to /n/home05/isvetkey/cnn-stimuli/RESULTS/s.Figure5.position_common_scale/1/VGG19.h5

600/600 [==============================] - 0s 277us/step - loss: 0.1004 - mean_squared_error: 0.1004 - mean_absolute_error: 0.2746 - val_loss: 0.0675 - val_mean_squared_error: 0.0675 - val_mean_absolute_error: 0.2335
Epoch 73/1000

 32/600 [>.............................] - ETA: 0s - loss: 0.0739 - mean_squared_error: 0.0739 - mean_absolute_error: 0.2371
352/600 [================>.............] - ETA: 0s - loss: 0.0982 - mean_squared_error: 0.0982 - mean_absolute_error: 0.2713
Epoch 00073: val_loss did not improve

600/600 [==============================] - 0s 168us/step - loss: 0.0992 - mean_squared_error: 0.0992 - mean_absolute_error: 0.2734 - val_loss: 0.0675 - val_mean_squared_error: 0.0675 - val_mean_absolute_error: 0.2330
Epoch 74/1000

 32/600 [>.............................] - ETA: 0s - loss: 0.0803 - mean_squared_error: 0.0803 - mean_absolute_error: 0.2437
448/600 [=====================>........] - ETA: 0s - loss: 0.0970 - mean_squared_error: 0.0970 - mean_absolute_error: 0.2704
Epoch 00074: val_loss did not improve

600/600 [==============================] - 0s 140us/step - loss: 0.0976 - mean_squared_error: 0.0976 - mean_absolute_error: 0.2710 - val_loss: 0.0676 - val_mean_squared_error: 0.0676 - val_mean_absolute_error: 0.2325
Epoch 75/1000

 32/600 [>.............................] - ETA: 0s - loss: 0.0997 - mean_squared_error: 0.0997 - mean_absolute_error: 0.2754
448/600 [=====================>........] - ETA: 0s - loss: 0.0969 - mean_squared_error: 0.0969 - mean_absolute_error: 0.2704
Epoch 00075: val_loss did not improve

600/600 [==============================] - 0s 140us/step - loss: 0.0968 - mean_squared_error: 0.0968 - mean_absolute_error: 0.2706 - val_loss: 0.0676 - val_mean_squared_error: 0.0676 - val_mean_absolute_error: 0.2321
Epoch 76/1000

 32/600 [>.............................] - ETA: 0s - loss: 0.1100 - mean_squared_error: 0.1100 - mean_absolute_error: 0.2910
448/600 [=====================>........] - ETA: 0s - loss: 0.0981 - mean_squared_error: 0.0981 - mean_absolute_error: 0.2728
Epoch 00076: val_loss did not improve

600/600 [==============================] - 0s 140us/step - loss: 0.0958 - mean_squared_error: 0.0958 - mean_absolute_error: 0.2690 - val_loss: 0.0677 - val_mean_squared_error: 0.0677 - val_mean_absolute_error: 0.2316
Epoch 77/1000

 32/600 [>.............................] - ETA: 0s - loss: 0.0972 - mean_squared_error: 0.0972 - mean_absolute_error: 0.2788
448/600 [=====================>........] - ETA: 0s - loss: 0.0939 - mean_squared_error: 0.0939 - mean_absolute_error: 0.2666
Epoch 00077: val_loss did not improve

600/600 [==============================] - 0s 140us/step - loss: 0.0940 - mean_squared_error: 0.0940 - mean_absolute_error: 0.2670 - val_loss: 0.0677 - val_mean_squared_error: 0.0677 - val_mean_absolute_error: 0.2311
Epoch 78/1000

 32/600 [>.............................] - ETA: 0s - loss: 0.0807 - mean_squared_error: 0.0807 - mean_absolute_error: 0.2414
448/600 [=====================>........] - ETA: 0s - loss: 0.0941 - mean_squared_error: 0.0941 - mean_absolute_error: 0.2660
Epoch 00078: val_loss did not improve

600/600 [==============================] - 0s 140us/step - loss: 0.0947 - mean_squared_error: 0.0947 - mean_absolute_error: 0.2669 - val_loss: 0.0678 - val_mean_squared_error: 0.0678 - val_mean_absolute_error: 0.2307
Epoch 79/1000

 32/600 [>.............................] - ETA: 0s - loss: 0.0836 - mean_squared_error: 0.0836 - mean_absolute_error: 0.2548
448/600 [=====================>........] - ETA: 0s - loss: 0.0933 - mean_squared_error: 0.0933 - mean_absolute_error: 0.2665
Epoch 00079: val_loss did not improve

600/600 [==============================] - 0s 140us/step - loss: 0.0932 - mean_squared_error: 0.0932 - mean_absolute_error: 0.2656 - val_loss: 0.0679 - val_mean_squared_error: 0.0679 - val_mean_absolute_error: 0.2304
Epoch 80/1000

 32/600 [>.............................] - ETA: 0s - loss: 0.0942 - mean_squared_error: 0.0942 - mean_absolute_error: 0.2724
448/600 [=====================>........] - ETA: 0s - loss: 0.0902 - mean_squared_error: 0.0902 - mean_absolute_error: 0.2614
Epoch 00080: val_loss did not improve

600/600 [==============================] - 0s 139us/step - loss: 0.0923 - mean_squared_error: 0.0923 - mean_absolute_error: 0.2644 - val_loss: 0.0680 - val_mean_squared_error: 0.0680 - val_mean_absolute_error: 0.2300
Epoch 81/1000

 32/600 [>.............................] - ETA: 0s - loss: 0.0809 - mean_squared_error: 0.0809 - mean_absolute_error: 0.2462
448/600 [=====================>........] - ETA: 0s - loss: 0.0908 - mean_squared_error: 0.0908 - mean_absolute_error: 0.2623
Epoch 00081: val_loss did not improve

600/600 [==============================] - 0s 139us/step - loss: 0.0915 - mean_squared_error: 0.0915 - mean_absolute_error: 0.2636 - val_loss: 0.0681 - val_mean_squared_error: 0.0681 - val_mean_absolute_error: 0.2297
Epoch 82/1000

 32/600 [>.............................] - ETA: 0s - loss: 0.0921 - mean_squared_error: 0.0921 - mean_absolute_error: 0.2647
448/600 [=====================>........] - ETA: 0s - loss: 0.0915 - mean_squared_error: 0.0915 - mean_absolute_error: 0.2631
Epoch 00082: val_loss did not improve

600/600 [==============================] - 0s 140us/step - loss: 0.0924 - mean_squared_error: 0.0924 - mean_absolute_error: 0.2650 - val_loss: 0.0683 - val_mean_squared_error: 0.0683 - val_mean_absolute_error: 0.2296
Fitting done 12.4199228287
MLAE 3.38638510852
Written /n/home05/isvetkey/cnn-stimuli/RESULTS/s.Figure5.position_common_scale/1/VGG19.p
Written /n/home05/isvetkey/cnn-stimuli/RESULTS/s.Figure5.position_common_scale/1/VGG19.h5
All done. Give your computer a pat on the back.
actually don't do that.
