My SLURM_ARRAY_TASK_ID:  2
Running s.Figure5.position_common_scale with flags 1 with VGG19
Race condition, what are you? True
Working in /n/home05/isvetkey/cnn-stimuli/RESULTS/s.Figure5.position_common_scale/1/VGG19
Storing /n/home05/isvetkey/cnn-stimuli/RESULTS/s.Figure5.position_common_scale/1/VGG19.p
Storing /n/home05/isvetkey/cnn-stimuli/RESULTS/s.Figure5.position_common_scale/1/VGG19.h5
Done 4.00350999832 seconds ( 55585 iterations)
memory usage 60.016 MB

 32/600 [>.............................] - ETA: 42s
 64/600 [==>...........................] - ETA: 20s
 96/600 [===>..........................] - ETA: 13s
128/600 [=====>........................] - ETA: 9s 
160/600 [=======>......................] - ETA: 7s
192/600 [========>.....................] - ETA: 5s
224/600 [==========>...................] - ETA: 4s
256/600 [===========>..................] - ETA: 3s
288/600 [=============>................] - ETA: 3s
320/600 [===============>..............] - ETA: 2s
352/600 [================>.............] - ETA: 2s
384/600 [==================>...........] - ETA: 1s
416/600 [===================>..........] - ETA: 1s
448/600 [=====================>........] - ETA: 1s
480/600 [=======================>......] - ETA: 0s
512/600 [========================>.....] - ETA: 0s
544/600 [==========================>...] - ETA: 0s
576/600 [===========================>..] - ETA: 0s
600/600 [==============================] - 4s 6ms/step

 32/200 [===>..........................] - ETA: 0s
 64/200 [========>.....................] - ETA: 0s
 96/200 [=============>................] - ETA: 0s
128/200 [==================>...........] - ETA: 0s
160/200 [=======================>......] - ETA: 0s
192/200 [===========================>..] - ETA: 0s
200/200 [==============================] - 1s 3ms/step

 32/200 [===>..........................] - ETA: 0s
 64/200 [========>.....................] - ETA: 0s
 96/200 [=============>................] - ETA: 0s
128/200 [==================>...........] - ETA: 0s
160/200 [=======================>......] - ETA: 0s
192/200 [===========================>..] - ETA: 0s
200/200 [==============================] - 0s 2ms/step
VGG19 features done after 4.62669301033
memory usage 24.576 MB
Train on 600 samples, validate on 200 samples
Epoch 1/1000

 32/600 [>.............................] - ETA: 5s - loss: 0.4127 - mean_squared_error: 0.4127 - mean_absolute_error: 0.5981
416/600 [===================>..........] - ETA: 0s - loss: 0.4592 - mean_squared_error: 0.4592 - mean_absolute_error: 0.6330
Epoch 00001: val_loss improved from inf to 0.18011, saving model to /n/home05/isvetkey/cnn-stimuli/RESULTS/s.Figure5.position_common_scale/1/VGG19.h5

600/600 [==============================] - 0s 793us/step - loss: 0.4575 - mean_squared_error: 0.4575 - mean_absolute_error: 0.6323 - val_loss: 0.1801 - val_mean_squared_error: 0.1801 - val_mean_absolute_error: 0.3509
Epoch 2/1000

 32/600 [>.............................] - ETA: 0s - loss: 0.4415 - mean_squared_error: 0.4415 - mean_absolute_error: 0.6242
416/600 [===================>..........] - ETA: 0s - loss: 0.4428 - mean_squared_error: 0.4428 - mean_absolute_error: 0.6209
Epoch 00002: val_loss improved from 0.18011 to 0.17335, saving model to /n/home05/isvetkey/cnn-stimuli/RESULTS/s.Figure5.position_common_scale/1/VGG19.h5

600/600 [==============================] - 0s 257us/step - loss: 0.4471 - mean_squared_error: 0.4471 - mean_absolute_error: 0.6244 - val_loss: 0.1734 - val_mean_squared_error: 0.1734 - val_mean_absolute_error: 0.3421
Epoch 3/1000

 32/600 [>.............................] - ETA: 0s - loss: 0.4099 - mean_squared_error: 0.4099 - mean_absolute_error: 0.5929
320/600 [===============>..............] - ETA: 0s - loss: 0.4360 - mean_squared_error: 0.4360 - mean_absolute_error: 0.6171
Epoch 00003: val_loss improved from 0.17335 to 0.16655, saving model to /n/home05/isvetkey/cnn-stimuli/RESULTS/s.Figure5.position_common_scale/1/VGG19.h5

600/600 [==============================] - 0s 294us/step - loss: 0.4356 - mean_squared_error: 0.4356 - mean_absolute_error: 0.6155 - val_loss: 0.1665 - val_mean_squared_error: 0.1665 - val_mean_absolute_error: 0.3330
Epoch 4/1000

 32/600 [>.............................] - ETA: 0s - loss: 0.4450 - mean_squared_error: 0.4450 - mean_absolute_error: 0.6211
416/600 [===================>..........] - ETA: 0s - loss: 0.4228 - mean_squared_error: 0.4228 - mean_absolute_error: 0.6045
Epoch 00004: val_loss improved from 0.16655 to 0.15999, saving model to /n/home05/isvetkey/cnn-stimuli/RESULTS/s.Figure5.position_common_scale/1/VGG19.h5

600/600 [==============================] - 0s 264us/step - loss: 0.4240 - mean_squared_error: 0.4240 - mean_absolute_error: 0.6066 - val_loss: 0.1600 - val_mean_squared_error: 0.1600 - val_mean_absolute_error: 0.3241
Epoch 5/1000

 32/600 [>.............................] - ETA: 0s - loss: 0.4751 - mean_squared_error: 0.4751 - mean_absolute_error: 0.6510
320/600 [===============>..............] - ETA: 0s - loss: 0.4214 - mean_squared_error: 0.4214 - mean_absolute_error: 0.6053
Epoch 00005: val_loss improved from 0.15999 to 0.15369, saving model to /n/home05/isvetkey/cnn-stimuli/RESULTS/s.Figure5.position_common_scale/1/VGG19.h5

600/600 [==============================] - 0s 286us/step - loss: 0.4129 - mean_squared_error: 0.4129 - mean_absolute_error: 0.5978 - val_loss: 0.1537 - val_mean_squared_error: 0.1537 - val_mean_absolute_error: 0.3153
Epoch 6/1000

 32/600 [>.............................] - ETA: 0s - loss: 0.3917 - mean_squared_error: 0.3917 - mean_absolute_error: 0.5880
288/600 [=============>................] - ETA: 0s - loss: 0.3955 - mean_squared_error: 0.3955 - mean_absolute_error: 0.5837
Epoch 00006: val_loss improved from 0.15369 to 0.14766, saving model to /n/home05/isvetkey/cnn-stimuli/RESULTS/s.Figure5.position_common_scale/1/VGG19.h5

600/600 [==============================] - 0s 325us/step - loss: 0.4021 - mean_squared_error: 0.4021 - mean_absolute_error: 0.5890 - val_loss: 0.1477 - val_mean_squared_error: 0.1477 - val_mean_absolute_error: 0.3066
Epoch 7/1000

 32/600 [>.............................] - ETA: 0s - loss: 0.4557 - mean_squared_error: 0.4557 - mean_absolute_error: 0.6356
416/600 [===================>..........] - ETA: 0s - loss: 0.3913 - mean_squared_error: 0.3913 - mean_absolute_error: 0.5809
Epoch 00007: val_loss improved from 0.14766 to 0.14185, saving model to /n/home05/isvetkey/cnn-stimuli/RESULTS/s.Figure5.position_common_scale/1/VGG19.h5

600/600 [==============================] - 0s 261us/step - loss: 0.3915 - mean_squared_error: 0.3915 - mean_absolute_error: 0.5804 - val_loss: 0.1418 - val_mean_squared_error: 0.1418 - val_mean_absolute_error: 0.2981
Epoch 8/1000

 32/600 [>.............................] - ETA: 0s - loss: 0.3874 - mean_squared_error: 0.3874 - mean_absolute_error: 0.5833
416/600 [===================>..........] - ETA: 0s - loss: 0.3827 - mean_squared_error: 0.3827 - mean_absolute_error: 0.5743
Epoch 00008: val_loss improved from 0.14185 to 0.13624, saving model to /n/home05/isvetkey/cnn-stimuli/RESULTS/s.Figure5.position_common_scale/1/VGG19.h5

600/600 [==============================] - 0s 262us/step - loss: 0.3812 - mean_squared_error: 0.3812 - mean_absolute_error: 0.5719 - val_loss: 0.1362 - val_mean_squared_error: 0.1362 - val_mean_absolute_error: 0.2905
Epoch 9/1000

 32/600 [>.............................] - ETA: 0s - loss: 0.3699 - mean_squared_error: 0.3699 - mean_absolute_error: 0.5556
416/600 [===================>..........] - ETA: 0s - loss: 0.3704 - mean_squared_error: 0.3704 - mean_absolute_error: 0.5629
Epoch 00009: val_loss improved from 0.13624 to 0.13085, saving model to /n/home05/isvetkey/cnn-stimuli/RESULTS/s.Figure5.position_common_scale/1/VGG19.h5

600/600 [==============================] - 0s 262us/step - loss: 0.3705 - mean_squared_error: 0.3705 - mean_absolute_error: 0.5629 - val_loss: 0.1308 - val_mean_squared_error: 0.1308 - val_mean_absolute_error: 0.2829
Epoch 10/1000

 32/600 [>.............................] - ETA: 0s - loss: 0.4079 - mean_squared_error: 0.4079 - mean_absolute_error: 0.5918
416/600 [===================>..........] - ETA: 0s - loss: 0.3673 - mean_squared_error: 0.3673 - mean_absolute_error: 0.5606
Epoch 00010: val_loss improved from 0.13085 to 0.12565, saving model to /n/home05/isvetkey/cnn-stimuli/RESULTS/s.Figure5.position_common_scale/1/VGG19.h5

600/600 [==============================] - 0s 259us/step - loss: 0.3608 - mean_squared_error: 0.3608 - mean_absolute_error: 0.5546 - val_loss: 0.1256 - val_mean_squared_error: 0.1256 - val_mean_absolute_error: 0.2754
Epoch 11/1000

 32/600 [>.............................] - ETA: 0s - loss: 0.3633 - mean_squared_error: 0.3633 - mean_absolute_error: 0.5574
320/600 [===============>..............] - ETA: 0s - loss: 0.3522 - mean_squared_error: 0.3522 - mean_absolute_error: 0.5469
Epoch 00011: val_loss improved from 0.12565 to 0.12069, saving model to /n/home05/isvetkey/cnn-stimuli/RESULTS/s.Figure5.position_common_scale/1/VGG19.h5

600/600 [==============================] - 0s 288us/step - loss: 0.3516 - mean_squared_error: 0.3516 - mean_absolute_error: 0.5467 - val_loss: 0.1207 - val_mean_squared_error: 0.1207 - val_mean_absolute_error: 0.2681
Epoch 12/1000

 32/600 [>.............................] - ETA: 0s - loss: 0.3443 - mean_squared_error: 0.3443 - mean_absolute_error: 0.5409
416/600 [===================>..........] - ETA: 0s - loss: 0.3476 - mean_squared_error: 0.3476 - mean_absolute_error: 0.5437
Epoch 00012: val_loss improved from 0.12069 to 0.11591, saving model to /n/home05/isvetkey/cnn-stimuli/RESULTS/s.Figure5.position_common_scale/1/VGG19.h5

600/600 [==============================] - 0s 265us/step - loss: 0.3422 - mean_squared_error: 0.3422 - mean_absolute_error: 0.5383 - val_loss: 0.1159 - val_mean_squared_error: 0.1159 - val_mean_absolute_error: 0.2609
Epoch 13/1000

 32/600 [>.............................] - ETA: 0s - loss: 0.3276 - mean_squared_error: 0.3276 - mean_absolute_error: 0.5225
320/600 [===============>..............] - ETA: 0s - loss: 0.3398 - mean_squared_error: 0.3398 - mean_absolute_error: 0.5365
Epoch 00013: val_loss improved from 0.11591 to 0.11135, saving model to /n/home05/isvetkey/cnn-stimuli/RESULTS/s.Figure5.position_common_scale/1/VGG19.h5

600/600 [==============================] - 0s 288us/step - loss: 0.3333 - mean_squared_error: 0.3333 - mean_absolute_error: 0.5305 - val_loss: 0.1114 - val_mean_squared_error: 0.1114 - val_mean_absolute_error: 0.2537
Epoch 14/1000

 32/600 [>.............................] - ETA: 0s - loss: 0.3421 - mean_squared_error: 0.3421 - mean_absolute_error: 0.5394
384/600 [==================>...........] - ETA: 0s - loss: 0.3280 - mean_squared_error: 0.3280 - mean_absolute_error: 0.5272
Epoch 00014: val_loss improved from 0.11135 to 0.10698, saving model to /n/home05/isvetkey/cnn-stimuli/RESULTS/s.Figure5.position_common_scale/1/VGG19.h5

600/600 [==============================] - 0s 265us/step - loss: 0.3246 - mean_squared_error: 0.3246 - mean_absolute_error: 0.5227 - val_loss: 0.1070 - val_mean_squared_error: 0.1070 - val_mean_absolute_error: 0.2468
Epoch 15/1000

 32/600 [>.............................] - ETA: 0s - loss: 0.3027 - mean_squared_error: 0.3027 - mean_absolute_error: 0.4992
384/600 [==================>...........] - ETA: 0s - loss: 0.3182 - mean_squared_error: 0.3182 - mean_absolute_error: 0.5167
Epoch 00015: val_loss improved from 0.10698 to 0.10280, saving model to /n/home05/isvetkey/cnn-stimuli/RESULTS/s.Figure5.position_common_scale/1/VGG19.h5

600/600 [==============================] - 0s 270us/step - loss: 0.3168 - mean_squared_error: 0.3168 - mean_absolute_error: 0.5155 - val_loss: 0.1028 - val_mean_squared_error: 0.1028 - val_mean_absolute_error: 0.2403
Epoch 16/1000

 32/600 [>.............................] - ETA: 0s - loss: 0.2996 - mean_squared_error: 0.2996 - mean_absolute_error: 0.4963
288/600 [=============>................] - ETA: 0s - loss: 0.3047 - mean_squared_error: 0.3047 - mean_absolute_error: 0.5019
Epoch 00016: val_loss improved from 0.10280 to 0.09880, saving model to /n/home05/isvetkey/cnn-stimuli/RESULTS/s.Figure5.position_common_scale/1/VGG19.h5

600/600 [==============================] - 0s 314us/step - loss: 0.3078 - mean_squared_error: 0.3078 - mean_absolute_error: 0.5071 - val_loss: 0.0988 - val_mean_squared_error: 0.0988 - val_mean_absolute_error: 0.2341
Epoch 17/1000

 32/600 [>.............................] - ETA: 0s - loss: 0.3304 - mean_squared_error: 0.3304 - mean_absolute_error: 0.5234
288/600 [=============>................] - ETA: 0s - loss: 0.3100 - mean_squared_error: 0.3100 - mean_absolute_error: 0.5085
Epoch 00017: val_loss improved from 0.09880 to 0.09495, saving model to /n/home05/isvetkey/cnn-stimuli/RESULTS/s.Figure5.position_common_scale/1/VGG19.h5

600/600 [==============================] - 0s 318us/step - loss: 0.2998 - mean_squared_error: 0.2998 - mean_absolute_error: 0.4995 - val_loss: 0.0949 - val_mean_squared_error: 0.0949 - val_mean_absolute_error: 0.2281
Epoch 18/1000

 32/600 [>.............................] - ETA: 0s - loss: 0.3036 - mean_squared_error: 0.3036 - mean_absolute_error: 0.5030
384/600 [==================>...........] - ETA: 0s - loss: 0.2949 - mean_squared_error: 0.2949 - mean_absolute_error: 0.4934
Epoch 00018: val_loss improved from 0.09495 to 0.09128, saving model to /n/home05/isvetkey/cnn-stimuli/RESULTS/s.Figure5.position_common_scale/1/VGG19.h5

600/600 [==============================] - 0s 270us/step - loss: 0.2925 - mean_squared_error: 0.2925 - mean_absolute_error: 0.4924 - val_loss: 0.0913 - val_mean_squared_error: 0.0913 - val_mean_absolute_error: 0.2227
Epoch 19/1000

 32/600 [>.............................] - ETA: 0s - loss: 0.3156 - mean_squared_error: 0.3156 - mean_absolute_error: 0.5139
320/600 [===============>..............] - ETA: 0s - loss: 0.2887 - mean_squared_error: 0.2887 - mean_absolute_error: 0.4883
Epoch 00019: val_loss improved from 0.09128 to 0.08776, saving model to /n/home05/isvetkey/cnn-stimuli/RESULTS/s.Figure5.position_common_scale/1/VGG19.h5

600/600 [==============================] - 0s 299us/step - loss: 0.2842 - mean_squared_error: 0.2842 - mean_absolute_error: 0.4844 - val_loss: 0.0878 - val_mean_squared_error: 0.0878 - val_mean_absolute_error: 0.2176
Epoch 20/1000

 32/600 [>.............................] - ETA: 0s - loss: 0.2826 - mean_squared_error: 0.2826 - mean_absolute_error: 0.4871
288/600 [=============>................] - ETA: 0s - loss: 0.2827 - mean_squared_error: 0.2827 - mean_absolute_error: 0.4804
Epoch 00020: val_loss improved from 0.08776 to 0.08442, saving model to /n/home05/isvetkey/cnn-stimuli/RESULTS/s.Figure5.position_common_scale/1/VGG19.h5

600/600 [==============================] - 0s 306us/step - loss: 0.2778 - mean_squared_error: 0.2778 - mean_absolute_error: 0.4778 - val_loss: 0.0844 - val_mean_squared_error: 0.0844 - val_mean_absolute_error: 0.2131
Epoch 21/1000

 32/600 [>.............................] - ETA: 0s - loss: 0.2536 - mean_squared_error: 0.2536 - mean_absolute_error: 0.4499
384/600 [==================>...........] - ETA: 0s - loss: 0.2724 - mean_squared_error: 0.2724 - mean_absolute_error: 0.4719
Epoch 00021: val_loss improved from 0.08442 to 0.08123, saving model to /n/home05/isvetkey/cnn-stimuli/RESULTS/s.Figure5.position_common_scale/1/VGG19.h5

600/600 [==============================] - 0s 277us/step - loss: 0.2706 - mean_squared_error: 0.2706 - mean_absolute_error: 0.4706 - val_loss: 0.0812 - val_mean_squared_error: 0.0812 - val_mean_absolute_error: 0.2089
Epoch 22/1000

 32/600 [>.............................] - ETA: 0s - loss: 0.2783 - mean_squared_error: 0.2783 - mean_absolute_error: 0.4776
288/600 [=============>................] - ETA: 0s - loss: 0.2680 - mean_squared_error: 0.2680 - mean_absolute_error: 0.4676
Epoch 00022: val_loss improved from 0.08123 to 0.07817, saving model to /n/home05/isvetkey/cnn-stimuli/RESULTS/s.Figure5.position_common_scale/1/VGG19.h5

600/600 [==============================] - 0s 308us/step - loss: 0.2625 - mean_squared_error: 0.2625 - mean_absolute_error: 0.4624 - val_loss: 0.0782 - val_mean_squared_error: 0.0782 - val_mean_absolute_error: 0.2051
Epoch 23/1000

 32/600 [>.............................] - ETA: 0s - loss: 0.2542 - mean_squared_error: 0.2542 - mean_absolute_error: 0.4558
384/600 [==================>...........] - ETA: 0s - loss: 0.2652 - mean_squared_error: 0.2652 - mean_absolute_error: 0.4664
Epoch 00023: val_loss improved from 0.07817 to 0.07524, saving model to /n/home05/isvetkey/cnn-stimuli/RESULTS/s.Figure5.position_common_scale/1/VGG19.h5

600/600 [==============================] - 0s 276us/step - loss: 0.2554 - mean_squared_error: 0.2554 - mean_absolute_error: 0.4550 - val_loss: 0.0752 - val_mean_squared_error: 0.0752 - val_mean_absolute_error: 0.2018
Epoch 24/1000

 32/600 [>.............................] - ETA: 0s - loss: 0.2601 - mean_squared_error: 0.2601 - mean_absolute_error: 0.4621
288/600 [=============>................] - ETA: 0s - loss: 0.2531 - mean_squared_error: 0.2531 - mean_absolute_error: 0.4525
576/600 [===========================>..] - ETA: 0s - loss: 0.2487 - mean_squared_error: 0.2487 - mean_absolute_error: 0.4482
Epoch 00024: val_loss improved from 0.07524 to 0.07246, saving model to /n/home05/isvetkey/cnn-stimuli/RESULTS/s.Figure5.position_common_scale/1/VGG19.h5

600/600 [==============================] - 0s 322us/step - loss: 0.2491 - mean_squared_error: 0.2491 - mean_absolute_error: 0.4488 - val_loss: 0.0725 - val_mean_squared_error: 0.0725 - val_mean_absolute_error: 0.1987
Epoch 25/1000

 32/600 [>.............................] - ETA: 0s - loss: 0.2547 - mean_squared_error: 0.2547 - mean_absolute_error: 0.4542
288/600 [=============>................] - ETA: 0s - loss: 0.2512 - mean_squared_error: 0.2512 - mean_absolute_error: 0.4499
Epoch 00025: val_loss improved from 0.07246 to 0.06980, saving model to /n/home05/isvetkey/cnn-stimuli/RESULTS/s.Figure5.position_common_scale/1/VGG19.h5

600/600 [==============================] - 0s 307us/step - loss: 0.2432 - mean_squared_error: 0.2432 - mean_absolute_error: 0.4421 - val_loss: 0.0698 - val_mean_squared_error: 0.0698 - val_mean_absolute_error: 0.1958
Epoch 26/1000

 32/600 [>.............................] - ETA: 0s - loss: 0.2280 - mean_squared_error: 0.2280 - mean_absolute_error: 0.4212
384/600 [==================>...........] - ETA: 0s - loss: 0.2396 - mean_squared_error: 0.2396 - mean_absolute_error: 0.4401
Epoch 00026: val_loss improved from 0.06980 to 0.06729, saving model to /n/home05/isvetkey/cnn-stimuli/RESULTS/s.Figure5.position_common_scale/1/VGG19.h5

600/600 [==============================] - 0s 278us/step - loss: 0.2369 - mean_squared_error: 0.2369 - mean_absolute_error: 0.4358 - val_loss: 0.0673 - val_mean_squared_error: 0.0673 - val_mean_absolute_error: 0.1931
Epoch 27/1000

 32/600 [>.............................] - ETA: 0s - loss: 0.2529 - mean_squared_error: 0.2529 - mean_absolute_error: 0.4554
384/600 [==================>...........] - ETA: 0s - loss: 0.2356 - mean_squared_error: 0.2356 - mean_absolute_error: 0.4337
Epoch 00027: val_loss improved from 0.06729 to 0.06491, saving model to /n/home05/isvetkey/cnn-stimuli/RESULTS/s.Figure5.position_common_scale/1/VGG19.h5

600/600 [==============================] - 0s 270us/step - loss: 0.2319 - mean_squared_error: 0.2319 - mean_absolute_error: 0.4301 - val_loss: 0.0649 - val_mean_squared_error: 0.0649 - val_mean_absolute_error: 0.1904
Epoch 28/1000

 32/600 [>.............................] - ETA: 0s - loss: 0.2420 - mean_squared_error: 0.2420 - mean_absolute_error: 0.4390
288/600 [=============>................] - ETA: 0s - loss: 0.2294 - mean_squared_error: 0.2294 - mean_absolute_error: 0.4284
Epoch 00028: val_loss improved from 0.06491 to 0.06264, saving model to /n/home05/isvetkey/cnn-stimuli/RESULTS/s.Figure5.position_common_scale/1/VGG19.h5

600/600 [==============================] - 0s 306us/step - loss: 0.2244 - mean_squared_error: 0.2244 - mean_absolute_error: 0.4223 - val_loss: 0.0626 - val_mean_squared_error: 0.0626 - val_mean_absolute_error: 0.1880
Epoch 29/1000

 32/600 [>.............................] - ETA: 0s - loss: 0.2204 - mean_squared_error: 0.2204 - mean_absolute_error: 0.4148
384/600 [==================>...........] - ETA: 0s - loss: 0.2238 - mean_squared_error: 0.2238 - mean_absolute_error: 0.4212
Epoch 00029: val_loss improved from 0.06264 to 0.06049, saving model to /n/home05/isvetkey/cnn-stimuli/RESULTS/s.Figure5.position_common_scale/1/VGG19.h5

600/600 [==============================] - 0s 282us/step - loss: 0.2202 - mean_squared_error: 0.2202 - mean_absolute_error: 0.4177 - val_loss: 0.0605 - val_mean_squared_error: 0.0605 - val_mean_absolute_error: 0.1857
Epoch 30/1000

 32/600 [>.............................] - ETA: 0s - loss: 0.2303 - mean_squared_error: 0.2303 - mean_absolute_error: 0.4284
384/600 [==================>...........] - ETA: 0s - loss: 0.2135 - mean_squared_error: 0.2135 - mean_absolute_error: 0.4101
Epoch 00030: val_loss improved from 0.06049 to 0.05846, saving model to /n/home05/isvetkey/cnn-stimuli/RESULTS/s.Figure5.position_common_scale/1/VGG19.h5

600/600 [==============================] - 0s 280us/step - loss: 0.2139 - mean_squared_error: 0.2139 - mean_absolute_error: 0.4105 - val_loss: 0.0585 - val_mean_squared_error: 0.0585 - val_mean_absolute_error: 0.1835
Epoch 31/1000

 32/600 [>.............................] - ETA: 0s - loss: 0.1956 - mean_squared_error: 0.1956 - mean_absolute_error: 0.3980
384/600 [==================>...........] - ETA: 0s - loss: 0.2132 - mean_squared_error: 0.2132 - mean_absolute_error: 0.4097
Epoch 00031: val_loss improved from 0.05846 to 0.05653, saving model to /n/home05/isvetkey/cnn-stimuli/RESULTS/s.Figure5.position_common_scale/1/VGG19.h5

600/600 [==============================] - 0s 278us/step - loss: 0.2097 - mean_squared_error: 0.2097 - mean_absolute_error: 0.4059 - val_loss: 0.0565 - val_mean_squared_error: 0.0565 - val_mean_absolute_error: 0.1814
Epoch 32/1000

 32/600 [>.............................] - ETA: 0s - loss: 0.2094 - mean_squared_error: 0.2094 - mean_absolute_error: 0.4169
288/600 [=============>................] - ETA: 0s - loss: 0.2087 - mean_squared_error: 0.2087 - mean_absolute_error: 0.4053
Epoch 00032: val_loss improved from 0.05653 to 0.05471, saving model to /n/home05/isvetkey/cnn-stimuli/RESULTS/s.Figure5.position_common_scale/1/VGG19.h5

600/600 [==============================] - 0s 308us/step - loss: 0.2040 - mean_squared_error: 0.2040 - mean_absolute_error: 0.3997 - val_loss: 0.0547 - val_mean_squared_error: 0.0547 - val_mean_absolute_error: 0.1794
Epoch 33/1000

 32/600 [>.............................] - ETA: 0s - loss: 0.2121 - mean_squared_error: 0.2121 - mean_absolute_error: 0.4049
288/600 [=============>................] - ETA: 0s - loss: 0.1965 - mean_squared_error: 0.1965 - mean_absolute_error: 0.3891
Epoch 00033: val_loss improved from 0.05471 to 0.05300, saving model to /n/home05/isvetkey/cnn-stimuli/RESULTS/s.Figure5.position_common_scale/1/VGG19.h5

600/600 [==============================] - 0s 305us/step - loss: 0.1978 - mean_squared_error: 0.1978 - mean_absolute_error: 0.3928 - val_loss: 0.0530 - val_mean_squared_error: 0.0530 - val_mean_absolute_error: 0.1776
Epoch 34/1000

 32/600 [>.............................] - ETA: 0s - loss: 0.1781 - mean_squared_error: 0.1781 - mean_absolute_error: 0.3614
384/600 [==================>...........] - ETA: 0s - loss: 0.1954 - mean_squared_error: 0.1954 - mean_absolute_error: 0.3904
Epoch 00034: val_loss improved from 0.05300 to 0.05138, saving model to /n/home05/isvetkey/cnn-stimuli/RESULTS/s.Figure5.position_common_scale/1/VGG19.h5

600/600 [==============================] - 0s 273us/step - loss: 0.1933 - mean_squared_error: 0.1933 - mean_absolute_error: 0.3876 - val_loss: 0.0514 - val_mean_squared_error: 0.0514 - val_mean_absolute_error: 0.1760
Epoch 35/1000

 32/600 [>.............................] - ETA: 0s - loss: 0.1960 - mean_squared_error: 0.1960 - mean_absolute_error: 0.3924
384/600 [==================>...........] - ETA: 0s - loss: 0.1876 - mean_squared_error: 0.1876 - mean_absolute_error: 0.3815
Epoch 00035: val_loss improved from 0.05138 to 0.04986, saving model to /n/home05/isvetkey/cnn-stimuli/RESULTS/s.Figure5.position_common_scale/1/VGG19.h5

600/600 [==============================] - 0s 276us/step - loss: 0.1880 - mean_squared_error: 0.1880 - mean_absolute_error: 0.3813 - val_loss: 0.0499 - val_mean_squared_error: 0.0499 - val_mean_absolute_error: 0.1745
Epoch 36/1000

 32/600 [>.............................] - ETA: 0s - loss: 0.2004 - mean_squared_error: 0.2004 - mean_absolute_error: 0.3957
384/600 [==================>...........] - ETA: 0s - loss: 0.1902 - mean_squared_error: 0.1902 - mean_absolute_error: 0.3830
Epoch 00036: val_loss improved from 0.04986 to 0.04843, saving model to /n/home05/isvetkey/cnn-stimuli/RESULTS/s.Figure5.position_common_scale/1/VGG19.h5

600/600 [==============================] - 0s 273us/step - loss: 0.1843 - mean_squared_error: 0.1843 - mean_absolute_error: 0.3774 - val_loss: 0.0484 - val_mean_squared_error: 0.0484 - val_mean_absolute_error: 0.1730
Epoch 37/1000

 32/600 [>.............................] - ETA: 0s - loss: 0.1889 - mean_squared_error: 0.1889 - mean_absolute_error: 0.3753
320/600 [===============>..............] - ETA: 0s - loss: 0.1809 - mean_squared_error: 0.1809 - mean_absolute_error: 0.3724
Epoch 00037: val_loss improved from 0.04843 to 0.04710, saving model to /n/home05/isvetkey/cnn-stimuli/RESULTS/s.Figure5.position_common_scale/1/VGG19.h5

600/600 [==============================] - 0s 303us/step - loss: 0.1798 - mean_squared_error: 0.1798 - mean_absolute_error: 0.3716 - val_loss: 0.0471 - val_mean_squared_error: 0.0471 - val_mean_absolute_error: 0.1717
Epoch 38/1000

 32/600 [>.............................] - ETA: 0s - loss: 0.1561 - mean_squared_error: 0.1561 - mean_absolute_error: 0.3419
384/600 [==================>...........] - ETA: 0s - loss: 0.1760 - mean_squared_error: 0.1760 - mean_absolute_error: 0.3684
Epoch 00038: val_loss improved from 0.04710 to 0.04585, saving model to /n/home05/isvetkey/cnn-stimuli/RESULTS/s.Figure5.position_common_scale/1/VGG19.h5

600/600 [==============================] - 0s 273us/step - loss: 0.1748 - mean_squared_error: 0.1748 - mean_absolute_error: 0.3663 - val_loss: 0.0459 - val_mean_squared_error: 0.0459 - val_mean_absolute_error: 0.1704
Epoch 39/1000

 32/600 [>.............................] - ETA: 0s - loss: 0.1664 - mean_squared_error: 0.1664 - mean_absolute_error: 0.3541
384/600 [==================>...........] - ETA: 0s - loss: 0.1691 - mean_squared_error: 0.1691 - mean_absolute_error: 0.3583
Epoch 00039: val_loss improved from 0.04585 to 0.04469, saving model to /n/home05/isvetkey/cnn-stimuli/RESULTS/s.Figure5.position_common_scale/1/VGG19.h5

600/600 [==============================] - 0s 270us/step - loss: 0.1703 - mean_squared_error: 0.1703 - mean_absolute_error: 0.3608 - val_loss: 0.0447 - val_mean_squared_error: 0.0447 - val_mean_absolute_error: 0.1693
Epoch 40/1000

 32/600 [>.............................] - ETA: 0s - loss: 0.1750 - mean_squared_error: 0.1750 - mean_absolute_error: 0.3658
384/600 [==================>...........] - ETA: 0s - loss: 0.1680 - mean_squared_error: 0.1680 - mean_absolute_error: 0.3578
Epoch 00040: val_loss improved from 0.04469 to 0.04360, saving model to /n/home05/isvetkey/cnn-stimuli/RESULTS/s.Figure5.position_common_scale/1/VGG19.h5

600/600 [==============================] - 0s 270us/step - loss: 0.1663 - mean_squared_error: 0.1663 - mean_absolute_error: 0.3561 - val_loss: 0.0436 - val_mean_squared_error: 0.0436 - val_mean_absolute_error: 0.1682
Epoch 41/1000

 32/600 [>.............................] - ETA: 0s - loss: 0.1721 - mean_squared_error: 0.1721 - mean_absolute_error: 0.3617
384/600 [==================>...........] - ETA: 0s - loss: 0.1630 - mean_squared_error: 0.1630 - mean_absolute_error: 0.3530
Epoch 00041: val_loss improved from 0.04360 to 0.04260, saving model to /n/home05/isvetkey/cnn-stimuli/RESULTS/s.Figure5.position_common_scale/1/VGG19.h5

600/600 [==============================] - 0s 273us/step - loss: 0.1634 - mean_squared_error: 0.1634 - mean_absolute_error: 0.3530 - val_loss: 0.0426 - val_mean_squared_error: 0.0426 - val_mean_absolute_error: 0.1672
Epoch 42/1000

 32/600 [>.............................] - ETA: 0s - loss: 0.1683 - mean_squared_error: 0.1683 - mean_absolute_error: 0.3632
384/600 [==================>...........] - ETA: 0s - loss: 0.1587 - mean_squared_error: 0.1587 - mean_absolute_error: 0.3461
Epoch 00042: val_loss improved from 0.04260 to 0.04168, saving model to /n/home05/isvetkey/cnn-stimuli/RESULTS/s.Figure5.position_common_scale/1/VGG19.h5

600/600 [==============================] - 0s 271us/step - loss: 0.1588 - mean_squared_error: 0.1588 - mean_absolute_error: 0.3470 - val_loss: 0.0417 - val_mean_squared_error: 0.0417 - val_mean_absolute_error: 0.1662
Epoch 43/1000

 32/600 [>.............................] - ETA: 0s - loss: 0.1457 - mean_squared_error: 0.1457 - mean_absolute_error: 0.3331
288/600 [=============>................] - ETA: 0s - loss: 0.1563 - mean_squared_error: 0.1563 - mean_absolute_error: 0.3452
Epoch 00043: val_loss improved from 0.04168 to 0.04083, saving model to /n/home05/isvetkey/cnn-stimuli/RESULTS/s.Figure5.position_common_scale/1/VGG19.h5

600/600 [==============================] - 0s 313us/step - loss: 0.1547 - mean_squared_error: 0.1547 - mean_absolute_error: 0.3430 - val_loss: 0.0408 - val_mean_squared_error: 0.0408 - val_mean_absolute_error: 0.1653
Epoch 44/1000

 32/600 [>.............................] - ETA: 0s - loss: 0.1370 - mean_squared_error: 0.1370 - mean_absolute_error: 0.3174
384/600 [==================>...........] - ETA: 0s - loss: 0.1525 - mean_squared_error: 0.1525 - mean_absolute_error: 0.3395
Epoch 00044: val_loss improved from 0.04083 to 0.04005, saving model to /n/home05/isvetkey/cnn-stimuli/RESULTS/s.Figure5.position_common_scale/1/VGG19.h5

600/600 [==============================] - 0s 268us/step - loss: 0.1510 - mean_squared_error: 0.1510 - mean_absolute_error: 0.3379 - val_loss: 0.0400 - val_mean_squared_error: 0.0400 - val_mean_absolute_error: 0.1644
Epoch 45/1000

 32/600 [>.............................] - ETA: 0s - loss: 0.1344 - mean_squared_error: 0.1344 - mean_absolute_error: 0.3167
384/600 [==================>...........] - ETA: 0s - loss: 0.1531 - mean_squared_error: 0.1531 - mean_absolute_error: 0.3405
Epoch 00045: val_loss improved from 0.04005 to 0.03934, saving model to /n/home05/isvetkey/cnn-stimuli/RESULTS/s.Figure5.position_common_scale/1/VGG19.h5

600/600 [==============================] - 0s 268us/step - loss: 0.1480 - mean_squared_error: 0.1480 - mean_absolute_error: 0.3348 - val_loss: 0.0393 - val_mean_squared_error: 0.0393 - val_mean_absolute_error: 0.1636
Epoch 46/1000

 32/600 [>.............................] - ETA: 0s - loss: 0.1389 - mean_squared_error: 0.1389 - mean_absolute_error: 0.3285
384/600 [==================>...........] - ETA: 0s - loss: 0.1399 - mean_squared_error: 0.1399 - mean_absolute_error: 0.3228
Epoch 00046: val_loss improved from 0.03934 to 0.03869, saving model to /n/home05/isvetkey/cnn-stimuli/RESULTS/s.Figure5.position_common_scale/1/VGG19.h5

600/600 [==============================] - 0s 279us/step - loss: 0.1424 - mean_squared_error: 0.1424 - mean_absolute_error: 0.3277 - val_loss: 0.0387 - val_mean_squared_error: 0.0387 - val_mean_absolute_error: 0.1629
Epoch 47/1000

 32/600 [>.............................] - ETA: 0s - loss: 0.1338 - mean_squared_error: 0.1338 - mean_absolute_error: 0.3136
288/600 [=============>................] - ETA: 0s - loss: 0.1406 - mean_squared_error: 0.1406 - mean_absolute_error: 0.3265
Epoch 00047: val_loss improved from 0.03869 to 0.03811, saving model to /n/home05/isvetkey/cnn-stimuli/RESULTS/s.Figure5.position_common_scale/1/VGG19.h5

600/600 [==============================] - 0s 327us/step - loss: 0.1406 - mean_squared_error: 0.1406 - mean_absolute_error: 0.3254 - val_loss: 0.0381 - val_mean_squared_error: 0.0381 - val_mean_absolute_error: 0.1623
Epoch 48/1000

 32/600 [>.............................] - ETA: 0s - loss: 0.1475 - mean_squared_error: 0.1475 - mean_absolute_error: 0.3299
384/600 [==================>...........] - ETA: 0s - loss: 0.1413 - mean_squared_error: 0.1413 - mean_absolute_error: 0.3265
Epoch 00048: val_loss improved from 0.03811 to 0.03760, saving model to /n/home05/isvetkey/cnn-stimuli/RESULTS/s.Figure5.position_common_scale/1/VGG19.h5

600/600 [==============================] - 0s 269us/step - loss: 0.1381 - mean_squared_error: 0.1381 - mean_absolute_error: 0.3223 - val_loss: 0.0376 - val_mean_squared_error: 0.0376 - val_mean_absolute_error: 0.1617
Epoch 49/1000

 32/600 [>.............................] - ETA: 0s - loss: 0.1248 - mean_squared_error: 0.1248 - mean_absolute_error: 0.3037
384/600 [==================>...........] - ETA: 0s - loss: 0.1369 - mean_squared_error: 0.1369 - mean_absolute_error: 0.3202
Epoch 00049: val_loss improved from 0.03760 to 0.03714, saving model to /n/home05/isvetkey/cnn-stimuli/RESULTS/s.Figure5.position_common_scale/1/VGG19.h5

600/600 [==============================] - 0s 266us/step - loss: 0.1346 - mean_squared_error: 0.1346 - mean_absolute_error: 0.3180 - val_loss: 0.0371 - val_mean_squared_error: 0.0371 - val_mean_absolute_error: 0.1612
Epoch 50/1000

 32/600 [>.............................] - ETA: 0s - loss: 0.1269 - mean_squared_error: 0.1269 - mean_absolute_error: 0.3115
384/600 [==================>...........] - ETA: 0s - loss: 0.1327 - mean_squared_error: 0.1327 - mean_absolute_error: 0.3161
Epoch 00050: val_loss improved from 0.03714 to 0.03674, saving model to /n/home05/isvetkey/cnn-stimuli/RESULTS/s.Figure5.position_common_scale/1/VGG19.h5

600/600 [==============================] - 0s 270us/step - loss: 0.1307 - mean_squared_error: 0.1307 - mean_absolute_error: 0.3130 - val_loss: 0.0367 - val_mean_squared_error: 0.0367 - val_mean_absolute_error: 0.1607
Epoch 51/1000

 32/600 [>.............................] - ETA: 0s - loss: 0.1219 - mean_squared_error: 0.1219 - mean_absolute_error: 0.3055
384/600 [==================>...........] - ETA: 0s - loss: 0.1269 - mean_squared_error: 0.1269 - mean_absolute_error: 0.3081
Epoch 00051: val_loss improved from 0.03674 to 0.03640, saving model to /n/home05/isvetkey/cnn-stimuli/RESULTS/s.Figure5.position_common_scale/1/VGG19.h5

600/600 [==============================] - 0s 265us/step - loss: 0.1278 - mean_squared_error: 0.1278 - mean_absolute_error: 0.3093 - val_loss: 0.0364 - val_mean_squared_error: 0.0364 - val_mean_absolute_error: 0.1603
Epoch 52/1000

 32/600 [>.............................] - ETA: 0s - loss: 0.1225 - mean_squared_error: 0.1225 - mean_absolute_error: 0.3052
384/600 [==================>...........] - ETA: 0s - loss: 0.1258 - mean_squared_error: 0.1258 - mean_absolute_error: 0.3064
Epoch 00052: val_loss improved from 0.03640 to 0.03611, saving model to /n/home05/isvetkey/cnn-stimuli/RESULTS/s.Figure5.position_common_scale/1/VGG19.h5

600/600 [==============================] - 0s 269us/step - loss: 0.1250 - mean_squared_error: 0.1250 - mean_absolute_error: 0.3059 - val_loss: 0.0361 - val_mean_squared_error: 0.0361 - val_mean_absolute_error: 0.1600
Epoch 53/1000

 32/600 [>.............................] - ETA: 0s - loss: 0.1306 - mean_squared_error: 0.1306 - mean_absolute_error: 0.3149
384/600 [==================>...........] - ETA: 0s - loss: 0.1233 - mean_squared_error: 0.1233 - mean_absolute_error: 0.3036
Epoch 00053: val_loss improved from 0.03611 to 0.03587, saving model to /n/home05/isvetkey/cnn-stimuli/RESULTS/s.Figure5.position_common_scale/1/VGG19.h5

600/600 [==============================] - 0s 271us/step - loss: 0.1235 - mean_squared_error: 0.1235 - mean_absolute_error: 0.3034 - val_loss: 0.0359 - val_mean_squared_error: 0.0359 - val_mean_absolute_error: 0.1597
Epoch 54/1000

 32/600 [>.............................] - ETA: 0s - loss: 0.1212 - mean_squared_error: 0.1212 - mean_absolute_error: 0.3012
384/600 [==================>...........] - ETA: 0s - loss: 0.1176 - mean_squared_error: 0.1176 - mean_absolute_error: 0.2975
Epoch 00054: val_loss improved from 0.03587 to 0.03568, saving model to /n/home05/isvetkey/cnn-stimuli/RESULTS/s.Figure5.position_common_scale/1/VGG19.h5

600/600 [==============================] - 0s 269us/step - loss: 0.1200 - mean_squared_error: 0.1200 - mean_absolute_error: 0.2997 - val_loss: 0.0357 - val_mean_squared_error: 0.0357 - val_mean_absolute_error: 0.1595
Epoch 55/1000

 32/600 [>.............................] - ETA: 0s - loss: 0.1052 - mean_squared_error: 0.1052 - mean_absolute_error: 0.2756
384/600 [==================>...........] - ETA: 0s - loss: 0.1153 - mean_squared_error: 0.1153 - mean_absolute_error: 0.2933
Epoch 00055: val_loss improved from 0.03568 to 0.03554, saving model to /n/home05/isvetkey/cnn-stimuli/RESULTS/s.Figure5.position_common_scale/1/VGG19.h5

600/600 [==============================] - 0s 269us/step - loss: 0.1176 - mean_squared_error: 0.1176 - mean_absolute_error: 0.2962 - val_loss: 0.0355 - val_mean_squared_error: 0.0355 - val_mean_absolute_error: 0.1595
Epoch 56/1000

 32/600 [>.............................] - ETA: 0s - loss: 0.1025 - mean_squared_error: 0.1025 - mean_absolute_error: 0.2749
320/600 [===============>..............] - ETA: 0s - loss: 0.1121 - mean_squared_error: 0.1121 - mean_absolute_error: 0.2891
Epoch 00056: val_loss improved from 0.03554 to 0.03544, saving model to /n/home05/isvetkey/cnn-stimuli/RESULTS/s.Figure5.position_common_scale/1/VGG19.h5

600/600 [==============================] - 0s 298us/step - loss: 0.1132 - mean_squared_error: 0.1132 - mean_absolute_error: 0.2907 - val_loss: 0.0354 - val_mean_squared_error: 0.0354 - val_mean_absolute_error: 0.1596
Epoch 57/1000

 32/600 [>.............................] - ETA: 0s - loss: 0.1256 - mean_squared_error: 0.1256 - mean_absolute_error: 0.3077
384/600 [==================>...........] - ETA: 0s - loss: 0.1112 - mean_squared_error: 0.1112 - mean_absolute_error: 0.2877
Epoch 00057: val_loss improved from 0.03544 to 0.03538, saving model to /n/home05/isvetkey/cnn-stimuli/RESULTS/s.Figure5.position_common_scale/1/VGG19.h5

600/600 [==============================] - 0s 274us/step - loss: 0.1111 - mean_squared_error: 0.1111 - mean_absolute_error: 0.2882 - val_loss: 0.0354 - val_mean_squared_error: 0.0354 - val_mean_absolute_error: 0.1598
Epoch 58/1000

 32/600 [>.............................] - ETA: 0s - loss: 0.0937 - mean_squared_error: 0.0937 - mean_absolute_error: 0.2607
384/600 [==================>...........] - ETA: 0s - loss: 0.1065 - mean_squared_error: 0.1065 - mean_absolute_error: 0.2805
Epoch 00058: val_loss improved from 0.03538 to 0.03537, saving model to /n/home05/isvetkey/cnn-stimuli/RESULTS/s.Figure5.position_common_scale/1/VGG19.h5

600/600 [==============================] - 0s 277us/step - loss: 0.1078 - mean_squared_error: 0.1078 - mean_absolute_error: 0.2827 - val_loss: 0.0354 - val_mean_squared_error: 0.0354 - val_mean_absolute_error: 0.1601
Epoch 59/1000

 32/600 [>.............................] - ETA: 0s - loss: 0.0947 - mean_squared_error: 0.0947 - mean_absolute_error: 0.2646
384/600 [==================>...........] - ETA: 0s - loss: 0.1071 - mean_squared_error: 0.1071 - mean_absolute_error: 0.2832
Epoch 00059: val_loss did not improve

600/600 [==============================] - 0s 163us/step - loss: 0.1076 - mean_squared_error: 0.1076 - mean_absolute_error: 0.2836 - val_loss: 0.0354 - val_mean_squared_error: 0.0354 - val_mean_absolute_error: 0.1606
Epoch 60/1000

 32/600 [>.............................] - ETA: 0s - loss: 0.0929 - mean_squared_error: 0.0929 - mean_absolute_error: 0.2591
384/600 [==================>...........] - ETA: 0s - loss: 0.1052 - mean_squared_error: 0.1052 - mean_absolute_error: 0.2800
Epoch 00060: val_loss did not improve

600/600 [==============================] - 0s 161us/step - loss: 0.1048 - mean_squared_error: 0.1048 - mean_absolute_error: 0.2794 - val_loss: 0.0355 - val_mean_squared_error: 0.0355 - val_mean_absolute_error: 0.1610
Epoch 61/1000

 32/600 [>.............................] - ETA: 0s - loss: 0.1122 - mean_squared_error: 0.1122 - mean_absolute_error: 0.2942
384/600 [==================>...........] - ETA: 0s - loss: 0.1062 - mean_squared_error: 0.1062 - mean_absolute_error: 0.2804
Epoch 00061: val_loss did not improve

600/600 [==============================] - 0s 161us/step - loss: 0.1040 - mean_squared_error: 0.1040 - mean_absolute_error: 0.2779 - val_loss: 0.0356 - val_mean_squared_error: 0.0356 - val_mean_absolute_error: 0.1614
Epoch 62/1000

 32/600 [>.............................] - ETA: 0s - loss: 0.1020 - mean_squared_error: 0.1020 - mean_absolute_error: 0.2725
384/600 [==================>...........] - ETA: 0s - loss: 0.1017 - mean_squared_error: 0.1017 - mean_absolute_error: 0.2753
Epoch 00062: val_loss did not improve

600/600 [==============================] - 0s 161us/step - loss: 0.1009 - mean_squared_error: 0.1009 - mean_absolute_error: 0.2738 - val_loss: 0.0357 - val_mean_squared_error: 0.0357 - val_mean_absolute_error: 0.1619
Epoch 63/1000

 32/600 [>.............................] - ETA: 0s - loss: 0.0985 - mean_squared_error: 0.0985 - mean_absolute_error: 0.2675
384/600 [==================>...........] - ETA: 0s - loss: 0.1009 - mean_squared_error: 0.1009 - mean_absolute_error: 0.2738
Epoch 00063: val_loss did not improve

600/600 [==============================] - 0s 161us/step - loss: 0.0999 - mean_squared_error: 0.0999 - mean_absolute_error: 0.2717 - val_loss: 0.0359 - val_mean_squared_error: 0.0359 - val_mean_absolute_error: 0.1624
Epoch 64/1000

 32/600 [>.............................] - ETA: 0s - loss: 0.0935 - mean_squared_error: 0.0935 - mean_absolute_error: 0.2606
384/600 [==================>...........] - ETA: 0s - loss: 0.0999 - mean_squared_error: 0.0999 - mean_absolute_error: 0.2731
Epoch 00064: val_loss did not improve

600/600 [==============================] - 0s 161us/step - loss: 0.0965 - mean_squared_error: 0.0965 - mean_absolute_error: 0.2666 - val_loss: 0.0361 - val_mean_squared_error: 0.0361 - val_mean_absolute_error: 0.1629
Epoch 65/1000

 32/600 [>.............................] - ETA: 0s - loss: 0.0970 - mean_squared_error: 0.0970 - mean_absolute_error: 0.2665
384/600 [==================>...........] - ETA: 0s - loss: 0.0938 - mean_squared_error: 0.0938 - mean_absolute_error: 0.2639
Epoch 00065: val_loss did not improve

600/600 [==============================] - 0s 161us/step - loss: 0.0936 - mean_squared_error: 0.0936 - mean_absolute_error: 0.2634 - val_loss: 0.0363 - val_mean_squared_error: 0.0363 - val_mean_absolute_error: 0.1634
Epoch 66/1000

 32/600 [>.............................] - ETA: 0s - loss: 0.1103 - mean_squared_error: 0.1103 - mean_absolute_error: 0.2906
384/600 [==================>...........] - ETA: 0s - loss: 0.0947 - mean_squared_error: 0.0947 - mean_absolute_error: 0.2654
Epoch 00066: val_loss did not improve

600/600 [==============================] - 0s 161us/step - loss: 0.0928 - mean_squared_error: 0.0928 - mean_absolute_error: 0.2627 - val_loss: 0.0366 - val_mean_squared_error: 0.0366 - val_mean_absolute_error: 0.1639
Epoch 67/1000

 32/600 [>.............................] - ETA: 0s - loss: 0.0844 - mean_squared_error: 0.0844 - mean_absolute_error: 0.2467
384/600 [==================>...........] - ETA: 0s - loss: 0.0908 - mean_squared_error: 0.0908 - mean_absolute_error: 0.2579
Epoch 00067: val_loss did not improve

600/600 [==============================] - 0s 160us/step - loss: 0.0917 - mean_squared_error: 0.0917 - mean_absolute_error: 0.2598 - val_loss: 0.0369 - val_mean_squared_error: 0.0369 - val_mean_absolute_error: 0.1645
Epoch 68/1000

 32/600 [>.............................] - ETA: 0s - loss: 0.1010 - mean_squared_error: 0.1010 - mean_absolute_error: 0.2707
384/600 [==================>...........] - ETA: 0s - loss: 0.0900 - mean_squared_error: 0.0900 - mean_absolute_error: 0.2576
Epoch 00068: val_loss did not improve

600/600 [==============================] - 0s 160us/step - loss: 0.0877 - mean_squared_error: 0.0877 - mean_absolute_error: 0.2545 - val_loss: 0.0372 - val_mean_squared_error: 0.0372 - val_mean_absolute_error: 0.1652
Fitting done 11.2105870247
MLAE 4.87731634046
Written /n/home05/isvetkey/cnn-stimuli/RESULTS/s.Figure5.position_common_scale/1/VGG19.p
Written /n/home05/isvetkey/cnn-stimuli/RESULTS/s.Figure5.position_common_scale/1/VGG19.h5
All done. Give your computer a pat on the back.
actually don't do that.
