My SLURM_ARRAY_TASK_ID:  2
Running s.Figure5.position_non_aligned_scale with flags 1 with VGG19
Working in /n/home05/isvetkey/cnn-stimuli/RESULTS/s.Figure5.position_non_aligned_scale/1/VGG19
Storing /n/home05/isvetkey/cnn-stimuli/RESULTS/s.Figure5.position_non_aligned_scale/1/VGG19.p
Storing /n/home05/isvetkey/cnn-stimuli/RESULTS/s.Figure5.position_non_aligned_scale/1/VGG19.h5
Done 7.61962199211 seconds ( 116927 iterations)
memory usage 60.016 MB

 32/600 [>.............................] - ETA: 41s
 64/600 [==>...........................] - ETA: 20s
 96/600 [===>..........................] - ETA: 12s
128/600 [=====>........................] - ETA: 9s 
160/600 [=======>......................] - ETA: 7s
192/600 [========>.....................] - ETA: 5s
224/600 [==========>...................] - ETA: 4s
256/600 [===========>..................] - ETA: 3s
288/600 [=============>................] - ETA: 3s
320/600 [===============>..............] - ETA: 2s
352/600 [================>.............] - ETA: 2s
384/600 [==================>...........] - ETA: 1s
416/600 [===================>..........] - ETA: 1s
448/600 [=====================>........] - ETA: 1s
480/600 [=======================>......] - ETA: 0s
512/600 [========================>.....] - ETA: 0s
544/600 [==========================>...] - ETA: 0s
576/600 [===========================>..] - ETA: 0s
600/600 [==============================] - 4s 6ms/step

 32/200 [===>..........................] - ETA: 0s
 64/200 [========>.....................] - ETA: 0s
 96/200 [=============>................] - ETA: 0s
128/200 [==================>...........] - ETA: 0s
160/200 [=======================>......] - ETA: 0s
192/200 [===========================>..] - ETA: 0s
200/200 [==============================] - 1s 3ms/step

 32/200 [===>..........................] - ETA: 0s
 64/200 [========>.....................] - ETA: 0s
 96/200 [=============>................] - ETA: 0s
128/200 [==================>...........] - ETA: 0s
160/200 [=======================>......] - ETA: 0s
192/200 [===========================>..] - ETA: 0s
200/200 [==============================] - 0s 2ms/step
VGG19 features done after 4.57578611374
memory usage 24.576 MB
Train on 600 samples, validate on 200 samples
Epoch 1/1000

 32/600 [>.............................] - ETA: 5s - loss: 0.3463 - mean_squared_error: 0.3463 - mean_absolute_error: 0.5268
416/600 [===================>..........] - ETA: 0s - loss: 0.3815 - mean_squared_error: 0.3815 - mean_absolute_error: 0.5618
Epoch 00001: val_loss improved from inf to 0.27715, saving model to /n/home05/isvetkey/cnn-stimuli/RESULTS/s.Figure5.position_non_aligned_scale/1/VGG19.h5

600/600 [==============================] - 1s 1ms/step - loss: 0.3835 - mean_squared_error: 0.3835 - mean_absolute_error: 0.5631 - val_loss: 0.2772 - val_mean_squared_error: 0.2772 - val_mean_absolute_error: 0.4444
Epoch 2/1000

 32/600 [>.............................] - ETA: 0s - loss: 0.3759 - mean_squared_error: 0.3759 - mean_absolute_error: 0.5563
416/600 [===================>..........] - ETA: 0s - loss: 0.3747 - mean_squared_error: 0.3747 - mean_absolute_error: 0.5563
Epoch 00002: val_loss improved from 0.27715 to 0.26904, saving model to /n/home05/isvetkey/cnn-stimuli/RESULTS/s.Figure5.position_non_aligned_scale/1/VGG19.h5

600/600 [==============================] - 0s 263us/step - loss: 0.3742 - mean_squared_error: 0.3742 - mean_absolute_error: 0.5553 - val_loss: 0.2690 - val_mean_squared_error: 0.2690 - val_mean_absolute_error: 0.4358
Epoch 3/1000

 32/600 [>.............................] - ETA: 0s - loss: 0.3560 - mean_squared_error: 0.3560 - mean_absolute_error: 0.5383
384/600 [==================>...........] - ETA: 0s - loss: 0.3645 - mean_squared_error: 0.3645 - mean_absolute_error: 0.5462
Epoch 00003: val_loss improved from 0.26904 to 0.26092, saving model to /n/home05/isvetkey/cnn-stimuli/RESULTS/s.Figure5.position_non_aligned_scale/1/VGG19.h5

600/600 [==============================] - 0s 270us/step - loss: 0.3640 - mean_squared_error: 0.3640 - mean_absolute_error: 0.5466 - val_loss: 0.2609 - val_mean_squared_error: 0.2609 - val_mean_absolute_error: 0.4271
Epoch 4/1000

 32/600 [>.............................] - ETA: 0s - loss: 0.3744 - mean_squared_error: 0.3744 - mean_absolute_error: 0.5525
384/600 [==================>...........] - ETA: 0s - loss: 0.3579 - mean_squared_error: 0.3579 - mean_absolute_error: 0.5418
Epoch 00004: val_loss improved from 0.26092 to 0.25301, saving model to /n/home05/isvetkey/cnn-stimuli/RESULTS/s.Figure5.position_non_aligned_scale/1/VGG19.h5

600/600 [==============================] - 0s 269us/step - loss: 0.3540 - mean_squared_error: 0.3540 - mean_absolute_error: 0.5380 - val_loss: 0.2530 - val_mean_squared_error: 0.2530 - val_mean_absolute_error: 0.4184
Epoch 5/1000

 32/600 [>.............................] - ETA: 0s - loss: 0.3461 - mean_squared_error: 0.3461 - mean_absolute_error: 0.5364
384/600 [==================>...........] - ETA: 0s - loss: 0.3488 - mean_squared_error: 0.3488 - mean_absolute_error: 0.5331
Epoch 00005: val_loss improved from 0.25301 to 0.24540, saving model to /n/home05/isvetkey/cnn-stimuli/RESULTS/s.Figure5.position_non_aligned_scale/1/VGG19.h5

600/600 [==============================] - 0s 268us/step - loss: 0.3444 - mean_squared_error: 0.3444 - mean_absolute_error: 0.5296 - val_loss: 0.2454 - val_mean_squared_error: 0.2454 - val_mean_absolute_error: 0.4099
Epoch 6/1000

 32/600 [>.............................] - ETA: 0s - loss: 0.3129 - mean_squared_error: 0.3129 - mean_absolute_error: 0.4985
384/600 [==================>...........] - ETA: 0s - loss: 0.3310 - mean_squared_error: 0.3310 - mean_absolute_error: 0.5187
Epoch 00006: val_loss improved from 0.24540 to 0.23805, saving model to /n/home05/isvetkey/cnn-stimuli/RESULTS/s.Figure5.position_non_aligned_scale/1/VGG19.h5

600/600 [==============================] - 0s 269us/step - loss: 0.3349 - mean_squared_error: 0.3349 - mean_absolute_error: 0.5212 - val_loss: 0.2381 - val_mean_squared_error: 0.2381 - val_mean_absolute_error: 0.4016
Epoch 7/1000

 32/600 [>.............................] - ETA: 0s - loss: 0.3364 - mean_squared_error: 0.3364 - mean_absolute_error: 0.5264
384/600 [==================>...........] - ETA: 0s - loss: 0.3221 - mean_squared_error: 0.3221 - mean_absolute_error: 0.5101
Epoch 00007: val_loss improved from 0.23805 to 0.23095, saving model to /n/home05/isvetkey/cnn-stimuli/RESULTS/s.Figure5.position_non_aligned_scale/1/VGG19.h5

600/600 [==============================] - 0s 278us/step - loss: 0.3260 - mean_squared_error: 0.3260 - mean_absolute_error: 0.5131 - val_loss: 0.2310 - val_mean_squared_error: 0.2310 - val_mean_absolute_error: 0.3934
Epoch 8/1000

 32/600 [>.............................] - ETA: 0s - loss: 0.3174 - mean_squared_error: 0.3174 - mean_absolute_error: 0.5059
288/600 [=============>................] - ETA: 0s - loss: 0.3208 - mean_squared_error: 0.3208 - mean_absolute_error: 0.5086
Epoch 00008: val_loss improved from 0.23095 to 0.22405, saving model to /n/home05/isvetkey/cnn-stimuli/RESULTS/s.Figure5.position_non_aligned_scale/1/VGG19.h5

600/600 [==============================] - 0s 308us/step - loss: 0.3166 - mean_squared_error: 0.3166 - mean_absolute_error: 0.5044 - val_loss: 0.2241 - val_mean_squared_error: 0.2241 - val_mean_absolute_error: 0.3858
Epoch 9/1000

 32/600 [>.............................] - ETA: 0s - loss: 0.3376 - mean_squared_error: 0.3376 - mean_absolute_error: 0.5313
384/600 [==================>...........] - ETA: 0s - loss: 0.3062 - mean_squared_error: 0.3062 - mean_absolute_error: 0.4962
Epoch 00009: val_loss improved from 0.22405 to 0.21742, saving model to /n/home05/isvetkey/cnn-stimuli/RESULTS/s.Figure5.position_non_aligned_scale/1/VGG19.h5

600/600 [==============================] - 0s 270us/step - loss: 0.3084 - mean_squared_error: 0.3084 - mean_absolute_error: 0.4969 - val_loss: 0.2174 - val_mean_squared_error: 0.2174 - val_mean_absolute_error: 0.3784
Epoch 10/1000

 32/600 [>.............................] - ETA: 0s - loss: 0.3166 - mean_squared_error: 0.3166 - mean_absolute_error: 0.5072
384/600 [==================>...........] - ETA: 0s - loss: 0.3002 - mean_squared_error: 0.3002 - mean_absolute_error: 0.4898
Epoch 00010: val_loss improved from 0.21742 to 0.21101, saving model to /n/home05/isvetkey/cnn-stimuli/RESULTS/s.Figure5.position_non_aligned_scale/1/VGG19.h5

600/600 [==============================] - 0s 270us/step - loss: 0.3000 - mean_squared_error: 0.3000 - mean_absolute_error: 0.4889 - val_loss: 0.2110 - val_mean_squared_error: 0.2110 - val_mean_absolute_error: 0.3714
Epoch 11/1000

 32/600 [>.............................] - ETA: 0s - loss: 0.2892 - mean_squared_error: 0.2892 - mean_absolute_error: 0.4802
384/600 [==================>...........] - ETA: 0s - loss: 0.2942 - mean_squared_error: 0.2942 - mean_absolute_error: 0.4827
Epoch 00011: val_loss improved from 0.21101 to 0.20480, saving model to /n/home05/isvetkey/cnn-stimuli/RESULTS/s.Figure5.position_non_aligned_scale/1/VGG19.h5

600/600 [==============================] - 0s 269us/step - loss: 0.2916 - mean_squared_error: 0.2916 - mean_absolute_error: 0.4808 - val_loss: 0.2048 - val_mean_squared_error: 0.2048 - val_mean_absolute_error: 0.3647
Epoch 12/1000

 32/600 [>.............................] - ETA: 0s - loss: 0.3150 - mean_squared_error: 0.3150 - mean_absolute_error: 0.5062
384/600 [==================>...........] - ETA: 0s - loss: 0.2898 - mean_squared_error: 0.2898 - mean_absolute_error: 0.4792
Epoch 00012: val_loss improved from 0.20480 to 0.19881, saving model to /n/home05/isvetkey/cnn-stimuli/RESULTS/s.Figure5.position_non_aligned_scale/1/VGG19.h5

600/600 [==============================] - 0s 271us/step - loss: 0.2838 - mean_squared_error: 0.2838 - mean_absolute_error: 0.4731 - val_loss: 0.1988 - val_mean_squared_error: 0.1988 - val_mean_absolute_error: 0.3582
Epoch 13/1000

 32/600 [>.............................] - ETA: 0s - loss: 0.2948 - mean_squared_error: 0.2948 - mean_absolute_error: 0.4714
384/600 [==================>...........] - ETA: 0s - loss: 0.2788 - mean_squared_error: 0.2788 - mean_absolute_error: 0.4679
Epoch 00013: val_loss improved from 0.19881 to 0.19306, saving model to /n/home05/isvetkey/cnn-stimuli/RESULTS/s.Figure5.position_non_aligned_scale/1/VGG19.h5

600/600 [==============================] - 0s 270us/step - loss: 0.2769 - mean_squared_error: 0.2769 - mean_absolute_error: 0.4663 - val_loss: 0.1931 - val_mean_squared_error: 0.1931 - val_mean_absolute_error: 0.3518
Epoch 14/1000

 32/600 [>.............................] - ETA: 0s - loss: 0.2485 - mean_squared_error: 0.2485 - mean_absolute_error: 0.4429
384/600 [==================>...........] - ETA: 0s - loss: 0.2661 - mean_squared_error: 0.2661 - mean_absolute_error: 0.4562
Epoch 00014: val_loss improved from 0.19306 to 0.18754, saving model to /n/home05/isvetkey/cnn-stimuli/RESULTS/s.Figure5.position_non_aligned_scale/1/VGG19.h5

600/600 [==============================] - 0s 271us/step - loss: 0.2692 - mean_squared_error: 0.2692 - mean_absolute_error: 0.4586 - val_loss: 0.1875 - val_mean_squared_error: 0.1875 - val_mean_absolute_error: 0.3456
Epoch 15/1000

 32/600 [>.............................] - ETA: 0s - loss: 0.2551 - mean_squared_error: 0.2551 - mean_absolute_error: 0.4520
384/600 [==================>...........] - ETA: 0s - loss: 0.2598 - mean_squared_error: 0.2598 - mean_absolute_error: 0.4490
Epoch 00015: val_loss improved from 0.18754 to 0.18218, saving model to /n/home05/isvetkey/cnn-stimuli/RESULTS/s.Figure5.position_non_aligned_scale/1/VGG19.h5

600/600 [==============================] - 0s 270us/step - loss: 0.2622 - mean_squared_error: 0.2622 - mean_absolute_error: 0.4516 - val_loss: 0.1822 - val_mean_squared_error: 0.1822 - val_mean_absolute_error: 0.3394
Epoch 16/1000

 32/600 [>.............................] - ETA: 0s - loss: 0.2618 - mean_squared_error: 0.2618 - mean_absolute_error: 0.4442
288/600 [=============>................] - ETA: 0s - loss: 0.2572 - mean_squared_error: 0.2572 - mean_absolute_error: 0.4466
Epoch 00016: val_loss improved from 0.18218 to 0.17700, saving model to /n/home05/isvetkey/cnn-stimuli/RESULTS/s.Figure5.position_non_aligned_scale/1/VGG19.h5

600/600 [==============================] - 0s 307us/step - loss: 0.2552 - mean_squared_error: 0.2552 - mean_absolute_error: 0.4444 - val_loss: 0.1770 - val_mean_squared_error: 0.1770 - val_mean_absolute_error: 0.3333
Epoch 17/1000

 32/600 [>.............................] - ETA: 0s - loss: 0.2274 - mean_squared_error: 0.2274 - mean_absolute_error: 0.4204
384/600 [==================>...........] - ETA: 0s - loss: 0.2482 - mean_squared_error: 0.2482 - mean_absolute_error: 0.4383
Epoch 00017: val_loss improved from 0.17700 to 0.17203, saving model to /n/home05/isvetkey/cnn-stimuli/RESULTS/s.Figure5.position_non_aligned_scale/1/VGG19.h5

600/600 [==============================] - 0s 272us/step - loss: 0.2491 - mean_squared_error: 0.2491 - mean_absolute_error: 0.4382 - val_loss: 0.1720 - val_mean_squared_error: 0.1720 - val_mean_absolute_error: 0.3273
Epoch 18/1000

 32/600 [>.............................] - ETA: 0s - loss: 0.2772 - mean_squared_error: 0.2772 - mean_absolute_error: 0.4742
288/600 [=============>................] - ETA: 0s - loss: 0.2433 - mean_squared_error: 0.2433 - mean_absolute_error: 0.4335
Epoch 00018: val_loss improved from 0.17203 to 0.16720, saving model to /n/home05/isvetkey/cnn-stimuli/RESULTS/s.Figure5.position_non_aligned_scale/1/VGG19.h5

600/600 [==============================] - 0s 313us/step - loss: 0.2415 - mean_squared_error: 0.2415 - mean_absolute_error: 0.4307 - val_loss: 0.1672 - val_mean_squared_error: 0.1672 - val_mean_absolute_error: 0.3215
Epoch 19/1000

 32/600 [>.............................] - ETA: 0s - loss: 0.2392 - mean_squared_error: 0.2392 - mean_absolute_error: 0.4243
288/600 [=============>................] - ETA: 0s - loss: 0.2370 - mean_squared_error: 0.2370 - mean_absolute_error: 0.4266
Epoch 00019: val_loss improved from 0.16720 to 0.16255, saving model to /n/home05/isvetkey/cnn-stimuli/RESULTS/s.Figure5.position_non_aligned_scale/1/VGG19.h5

600/600 [==============================] - 0s 305us/step - loss: 0.2355 - mean_squared_error: 0.2355 - mean_absolute_error: 0.4246 - val_loss: 0.1625 - val_mean_squared_error: 0.1625 - val_mean_absolute_error: 0.3160
Epoch 20/1000

 32/600 [>.............................] - ETA: 0s - loss: 0.2415 - mean_squared_error: 0.2415 - mean_absolute_error: 0.4423
384/600 [==================>...........] - ETA: 0s - loss: 0.2324 - mean_squared_error: 0.2324 - mean_absolute_error: 0.4220
Epoch 00020: val_loss improved from 0.16255 to 0.15803, saving model to /n/home05/isvetkey/cnn-stimuli/RESULTS/s.Figure5.position_non_aligned_scale/1/VGG19.h5

600/600 [==============================] - 0s 276us/step - loss: 0.2290 - mean_squared_error: 0.2290 - mean_absolute_error: 0.4175 - val_loss: 0.1580 - val_mean_squared_error: 0.1580 - val_mean_absolute_error: 0.3106
Epoch 21/1000

 32/600 [>.............................] - ETA: 0s - loss: 0.2443 - mean_squared_error: 0.2443 - mean_absolute_error: 0.4314
288/600 [=============>................] - ETA: 0s - loss: 0.2177 - mean_squared_error: 0.2177 - mean_absolute_error: 0.4051
Epoch 00021: val_loss improved from 0.15803 to 0.15371, saving model to /n/home05/isvetkey/cnn-stimuli/RESULTS/s.Figure5.position_non_aligned_scale/1/VGG19.h5

600/600 [==============================] - 0s 305us/step - loss: 0.2227 - mean_squared_error: 0.2227 - mean_absolute_error: 0.4108 - val_loss: 0.1537 - val_mean_squared_error: 0.1537 - val_mean_absolute_error: 0.3055
Epoch 22/1000

 32/600 [>.............................] - ETA: 0s - loss: 0.2262 - mean_squared_error: 0.2262 - mean_absolute_error: 0.4260
384/600 [==================>...........] - ETA: 0s - loss: 0.2160 - mean_squared_error: 0.2160 - mean_absolute_error: 0.4057
Epoch 00022: val_loss improved from 0.15371 to 0.14954, saving model to /n/home05/isvetkey/cnn-stimuli/RESULTS/s.Figure5.position_non_aligned_scale/1/VGG19.h5

600/600 [==============================] - 0s 270us/step - loss: 0.2182 - mean_squared_error: 0.2182 - mean_absolute_error: 0.4057 - val_loss: 0.1495 - val_mean_squared_error: 0.1495 - val_mean_absolute_error: 0.3007
Epoch 23/1000

 32/600 [>.............................] - ETA: 0s - loss: 0.2017 - mean_squared_error: 0.2017 - mean_absolute_error: 0.3870
320/600 [===============>..............] - ETA: 0s - loss: 0.2127 - mean_squared_error: 0.2127 - mean_absolute_error: 0.4002
Epoch 00023: val_loss improved from 0.14954 to 0.14552, saving model to /n/home05/isvetkey/cnn-stimuli/RESULTS/s.Figure5.position_non_aligned_scale/1/VGG19.h5

600/600 [==============================] - 0s 295us/step - loss: 0.2121 - mean_squared_error: 0.2121 - mean_absolute_error: 0.3993 - val_loss: 0.1455 - val_mean_squared_error: 0.1455 - val_mean_absolute_error: 0.2960
Epoch 24/1000

 32/600 [>.............................] - ETA: 0s - loss: 0.1913 - mean_squared_error: 0.1913 - mean_absolute_error: 0.3712
384/600 [==================>...........] - ETA: 0s - loss: 0.2029 - mean_squared_error: 0.2029 - mean_absolute_error: 0.3893
Epoch 00024: val_loss improved from 0.14552 to 0.14164, saving model to /n/home05/isvetkey/cnn-stimuli/RESULTS/s.Figure5.position_non_aligned_scale/1/VGG19.h5

600/600 [==============================] - 0s 267us/step - loss: 0.2064 - mean_squared_error: 0.2064 - mean_absolute_error: 0.3926 - val_loss: 0.1416 - val_mean_squared_error: 0.1416 - val_mean_absolute_error: 0.2918
Epoch 25/1000

 32/600 [>.............................] - ETA: 0s - loss: 0.1981 - mean_squared_error: 0.1981 - mean_absolute_error: 0.3777
384/600 [==================>...........] - ETA: 0s - loss: 0.2052 - mean_squared_error: 0.2052 - mean_absolute_error: 0.3916
Epoch 00025: val_loss improved from 0.14164 to 0.13788, saving model to /n/home05/isvetkey/cnn-stimuli/RESULTS/s.Figure5.position_non_aligned_scale/1/VGG19.h5

600/600 [==============================] - 0s 270us/step - loss: 0.2011 - mean_squared_error: 0.2011 - mean_absolute_error: 0.3867 - val_loss: 0.1379 - val_mean_squared_error: 0.1379 - val_mean_absolute_error: 0.2879
Epoch 26/1000

 32/600 [>.............................] - ETA: 0s - loss: 0.1765 - mean_squared_error: 0.1765 - mean_absolute_error: 0.3498
320/600 [===============>..............] - ETA: 0s - loss: 0.1992 - mean_squared_error: 0.1992 - mean_absolute_error: 0.3852
Epoch 00026: val_loss improved from 0.13788 to 0.13428, saving model to /n/home05/isvetkey/cnn-stimuli/RESULTS/s.Figure5.position_non_aligned_scale/1/VGG19.h5

600/600 [==============================] - 0s 300us/step - loss: 0.1962 - mean_squared_error: 0.1962 - mean_absolute_error: 0.3813 - val_loss: 0.1343 - val_mean_squared_error: 0.1343 - val_mean_absolute_error: 0.2841
Epoch 27/1000

 32/600 [>.............................] - ETA: 0s - loss: 0.2036 - mean_squared_error: 0.2036 - mean_absolute_error: 0.3917
320/600 [===============>..............] - ETA: 0s - loss: 0.1910 - mean_squared_error: 0.1910 - mean_absolute_error: 0.3761
Epoch 00027: val_loss improved from 0.13428 to 0.13081, saving model to /n/home05/isvetkey/cnn-stimuli/RESULTS/s.Figure5.position_non_aligned_scale/1/VGG19.h5

600/600 [==============================] - 0s 315us/step - loss: 0.1910 - mean_squared_error: 0.1910 - mean_absolute_error: 0.3757 - val_loss: 0.1308 - val_mean_squared_error: 0.1308 - val_mean_absolute_error: 0.2805
Epoch 28/1000

 32/600 [>.............................] - ETA: 0s - loss: 0.1601 - mean_squared_error: 0.1601 - mean_absolute_error: 0.3310
384/600 [==================>...........] - ETA: 0s - loss: 0.1857 - mean_squared_error: 0.1857 - mean_absolute_error: 0.3694
Epoch 00028: val_loss improved from 0.13081 to 0.12747, saving model to /n/home05/isvetkey/cnn-stimuli/RESULTS/s.Figure5.position_non_aligned_scale/1/VGG19.h5

600/600 [==============================] - 0s 340us/step - loss: 0.1864 - mean_squared_error: 0.1864 - mean_absolute_error: 0.3704 - val_loss: 0.1275 - val_mean_squared_error: 0.1275 - val_mean_absolute_error: 0.2771
Epoch 29/1000

 32/600 [>.............................] - ETA: 0s - loss: 0.1901 - mean_squared_error: 0.1901 - mean_absolute_error: 0.3761
416/600 [===================>..........] - ETA: 0s - loss: 0.1814 - mean_squared_error: 0.1814 - mean_absolute_error: 0.3633
Epoch 00029: val_loss improved from 0.12747 to 0.12423, saving model to /n/home05/isvetkey/cnn-stimuli/RESULTS/s.Figure5.position_non_aligned_scale/1/VGG19.h5

600/600 [==============================] - 0s 290us/step - loss: 0.1816 - mean_squared_error: 0.1816 - mean_absolute_error: 0.3649 - val_loss: 0.1242 - val_mean_squared_error: 0.1242 - val_mean_absolute_error: 0.2737
Epoch 30/1000

 32/600 [>.............................] - ETA: 0s - loss: 0.1777 - mean_squared_error: 0.1777 - mean_absolute_error: 0.3599
224/600 [==========>...................] - ETA: 0s - loss: 0.1805 - mean_squared_error: 0.1805 - mean_absolute_error: 0.3619
544/600 [==========================>...] - ETA: 0s - loss: 0.1794 - mean_squared_error: 0.1794 - mean_absolute_error: 0.3624
Epoch 00030: val_loss improved from 0.12423 to 0.12113, saving model to /n/home05/isvetkey/cnn-stimuli/RESULTS/s.Figure5.position_non_aligned_scale/1/VGG19.h5

600/600 [==============================] - 0s 325us/step - loss: 0.1780 - mean_squared_error: 0.1780 - mean_absolute_error: 0.3604 - val_loss: 0.1211 - val_mean_squared_error: 0.1211 - val_mean_absolute_error: 0.2705
Epoch 31/1000

 32/600 [>.............................] - ETA: 0s - loss: 0.1734 - mean_squared_error: 0.1734 - mean_absolute_error: 0.3524
384/600 [==================>...........] - ETA: 0s - loss: 0.1700 - mean_squared_error: 0.1700 - mean_absolute_error: 0.3513
Epoch 00031: val_loss improved from 0.12113 to 0.11816, saving model to /n/home05/isvetkey/cnn-stimuli/RESULTS/s.Figure5.position_non_aligned_scale/1/VGG19.h5

600/600 [==============================] - 0s 299us/step - loss: 0.1730 - mean_squared_error: 0.1730 - mean_absolute_error: 0.3549 - val_loss: 0.1182 - val_mean_squared_error: 0.1182 - val_mean_absolute_error: 0.2674
Epoch 32/1000

 32/600 [>.............................] - ETA: 0s - loss: 0.1644 - mean_squared_error: 0.1644 - mean_absolute_error: 0.3473
384/600 [==================>...........] - ETA: 0s - loss: 0.1682 - mean_squared_error: 0.1682 - mean_absolute_error: 0.3475
Epoch 00032: val_loss improved from 0.11816 to 0.11529, saving model to /n/home05/isvetkey/cnn-stimuli/RESULTS/s.Figure5.position_non_aligned_scale/1/VGG19.h5

600/600 [==============================] - 0s 271us/step - loss: 0.1694 - mean_squared_error: 0.1694 - mean_absolute_error: 0.3506 - val_loss: 0.1153 - val_mean_squared_error: 0.1153 - val_mean_absolute_error: 0.2645
Epoch 33/1000

 32/600 [>.............................] - ETA: 0s - loss: 0.1554 - mean_squared_error: 0.1554 - mean_absolute_error: 0.3364
384/600 [==================>...........] - ETA: 0s - loss: 0.1642 - mean_squared_error: 0.1642 - mean_absolute_error: 0.3436
Epoch 00033: val_loss improved from 0.11529 to 0.11252, saving model to /n/home05/isvetkey/cnn-stimuli/RESULTS/s.Figure5.position_non_aligned_scale/1/VGG19.h5

600/600 [==============================] - 0s 276us/step - loss: 0.1651 - mean_squared_error: 0.1651 - mean_absolute_error: 0.3459 - val_loss: 0.1125 - val_mean_squared_error: 0.1125 - val_mean_absolute_error: 0.2617
Epoch 34/1000

 32/600 [>.............................] - ETA: 0s - loss: 0.1512 - mean_squared_error: 0.1512 - mean_absolute_error: 0.3323
384/600 [==================>...........] - ETA: 0s - loss: 0.1620 - mean_squared_error: 0.1620 - mean_absolute_error: 0.3410
Epoch 00034: val_loss improved from 0.11252 to 0.10987, saving model to /n/home05/isvetkey/cnn-stimuli/RESULTS/s.Figure5.position_non_aligned_scale/1/VGG19.h5

600/600 [==============================] - 0s 269us/step - loss: 0.1610 - mean_squared_error: 0.1610 - mean_absolute_error: 0.3408 - val_loss: 0.1099 - val_mean_squared_error: 0.1099 - val_mean_absolute_error: 0.2591
Epoch 35/1000

 32/600 [>.............................] - ETA: 0s - loss: 0.1808 - mean_squared_error: 0.1808 - mean_absolute_error: 0.3687
384/600 [==================>...........] - ETA: 0s - loss: 0.1583 - mean_squared_error: 0.1583 - mean_absolute_error: 0.3381
Epoch 00035: val_loss improved from 0.10987 to 0.10731, saving model to /n/home05/isvetkey/cnn-stimuli/RESULTS/s.Figure5.position_non_aligned_scale/1/VGG19.h5

600/600 [==============================] - 0s 277us/step - loss: 0.1565 - mean_squared_error: 0.1565 - mean_absolute_error: 0.3357 - val_loss: 0.1073 - val_mean_squared_error: 0.1073 - val_mean_absolute_error: 0.2565
Epoch 36/1000

 32/600 [>.............................] - ETA: 0s - loss: 0.1678 - mean_squared_error: 0.1678 - mean_absolute_error: 0.3507
288/600 [=============>................] - ETA: 0s - loss: 0.1544 - mean_squared_error: 0.1544 - mean_absolute_error: 0.3348
Epoch 00036: val_loss improved from 0.10731 to 0.10487, saving model to /n/home05/isvetkey/cnn-stimuli/RESULTS/s.Figure5.position_non_aligned_scale/1/VGG19.h5

600/600 [==============================] - 0s 305us/step - loss: 0.1534 - mean_squared_error: 0.1534 - mean_absolute_error: 0.3320 - val_loss: 0.1049 - val_mean_squared_error: 0.1049 - val_mean_absolute_error: 0.2541
Epoch 37/1000

 32/600 [>.............................] - ETA: 0s - loss: 0.1382 - mean_squared_error: 0.1382 - mean_absolute_error: 0.3090
288/600 [=============>................] - ETA: 0s - loss: 0.1510 - mean_squared_error: 0.1510 - mean_absolute_error: 0.3304
Epoch 00037: val_loss improved from 0.10487 to 0.10251, saving model to /n/home05/isvetkey/cnn-stimuli/RESULTS/s.Figure5.position_non_aligned_scale/1/VGG19.h5

600/600 [==============================] - 0s 307us/step - loss: 0.1492 - mean_squared_error: 0.1492 - mean_absolute_error: 0.3273 - val_loss: 0.1025 - val_mean_squared_error: 0.1025 - val_mean_absolute_error: 0.2517
Epoch 38/1000

 32/600 [>.............................] - ETA: 0s - loss: 0.1477 - mean_squared_error: 0.1477 - mean_absolute_error: 0.3255
384/600 [==================>...........] - ETA: 0s - loss: 0.1456 - mean_squared_error: 0.1456 - mean_absolute_error: 0.3239
Epoch 00038: val_loss improved from 0.10251 to 0.10023, saving model to /n/home05/isvetkey/cnn-stimuli/RESULTS/s.Figure5.position_non_aligned_scale/1/VGG19.h5

600/600 [==============================] - 0s 276us/step - loss: 0.1454 - mean_squared_error: 0.1454 - mean_absolute_error: 0.3226 - val_loss: 0.1002 - val_mean_squared_error: 0.1002 - val_mean_absolute_error: 0.2494
Epoch 39/1000

 32/600 [>.............................] - ETA: 0s - loss: 0.1571 - mean_squared_error: 0.1571 - mean_absolute_error: 0.3297
352/600 [================>.............] - ETA: 0s - loss: 0.1445 - mean_squared_error: 0.1445 - mean_absolute_error: 0.3229
576/600 [===========================>..] - ETA: 0s - loss: 0.1428 - mean_squared_error: 0.1428 - mean_absolute_error: 0.3196
Epoch 00039: val_loss improved from 0.10023 to 0.09805, saving model to /n/home05/isvetkey/cnn-stimuli/RESULTS/s.Figure5.position_non_aligned_scale/1/VGG19.h5

600/600 [==============================] - 0s 352us/step - loss: 0.1421 - mean_squared_error: 0.1421 - mean_absolute_error: 0.3191 - val_loss: 0.0981 - val_mean_squared_error: 0.0981 - val_mean_absolute_error: 0.2471
Epoch 40/1000

 32/600 [>.............................] - ETA: 0s - loss: 0.1552 - mean_squared_error: 0.1552 - mean_absolute_error: 0.3338
416/600 [===================>..........] - ETA: 0s - loss: 0.1433 - mean_squared_error: 0.1433 - mean_absolute_error: 0.3208
Epoch 00040: val_loss improved from 0.09805 to 0.09596, saving model to /n/home05/isvetkey/cnn-stimuli/RESULTS/s.Figure5.position_non_aligned_scale/1/VGG19.h5

600/600 [==============================] - 0s 266us/step - loss: 0.1389 - mean_squared_error: 0.1389 - mean_absolute_error: 0.3152 - val_loss: 0.0960 - val_mean_squared_error: 0.0960 - val_mean_absolute_error: 0.2449
Epoch 41/1000

 32/600 [>.............................] - ETA: 0s - loss: 0.1469 - mean_squared_error: 0.1469 - mean_absolute_error: 0.3306
384/600 [==================>...........] - ETA: 0s - loss: 0.1313 - mean_squared_error: 0.1313 - mean_absolute_error: 0.3054
Epoch 00041: val_loss improved from 0.09596 to 0.09397, saving model to /n/home05/isvetkey/cnn-stimuli/RESULTS/s.Figure5.position_non_aligned_scale/1/VGG19.h5

600/600 [==============================] - 0s 275us/step - loss: 0.1358 - mean_squared_error: 0.1358 - mean_absolute_error: 0.3112 - val_loss: 0.0940 - val_mean_squared_error: 0.0940 - val_mean_absolute_error: 0.2429
Epoch 42/1000

 32/600 [>.............................] - ETA: 0s - loss: 0.1281 - mean_squared_error: 0.1281 - mean_absolute_error: 0.2918
288/600 [=============>................] - ETA: 0s - loss: 0.1310 - mean_squared_error: 0.1310 - mean_absolute_error: 0.3033
Epoch 00042: val_loss improved from 0.09397 to 0.09205, saving model to /n/home05/isvetkey/cnn-stimuli/RESULTS/s.Figure5.position_non_aligned_scale/1/VGG19.h5

600/600 [==============================] - 0s 311us/step - loss: 0.1327 - mean_squared_error: 0.1327 - mean_absolute_error: 0.3071 - val_loss: 0.0920 - val_mean_squared_error: 0.0920 - val_mean_absolute_error: 0.2409
Epoch 43/1000

 32/600 [>.............................] - ETA: 0s - loss: 0.1265 - mean_squared_error: 0.1265 - mean_absolute_error: 0.2952
320/600 [===============>..............] - ETA: 0s - loss: 0.1288 - mean_squared_error: 0.1288 - mean_absolute_error: 0.3023
Epoch 00043: val_loss improved from 0.09205 to 0.09021, saving model to /n/home05/isvetkey/cnn-stimuli/RESULTS/s.Figure5.position_non_aligned_scale/1/VGG19.h5

600/600 [==============================] - 0s 303us/step - loss: 0.1313 - mean_squared_error: 0.1313 - mean_absolute_error: 0.3051 - val_loss: 0.0902 - val_mean_squared_error: 0.0902 - val_mean_absolute_error: 0.2391
Epoch 44/1000

 32/600 [>.............................] - ETA: 0s - loss: 0.1203 - mean_squared_error: 0.1203 - mean_absolute_error: 0.2918
384/600 [==================>...........] - ETA: 0s - loss: 0.1268 - mean_squared_error: 0.1268 - mean_absolute_error: 0.2995
Epoch 00044: val_loss improved from 0.09021 to 0.08845, saving model to /n/home05/isvetkey/cnn-stimuli/RESULTS/s.Figure5.position_non_aligned_scale/1/VGG19.h5

600/600 [==============================] - 0s 280us/step - loss: 0.1283 - mean_squared_error: 0.1283 - mean_absolute_error: 0.3019 - val_loss: 0.0884 - val_mean_squared_error: 0.0884 - val_mean_absolute_error: 0.2373
Epoch 45/1000

 32/600 [>.............................] - ETA: 0s - loss: 0.1038 - mean_squared_error: 0.1038 - mean_absolute_error: 0.2609
384/600 [==================>...........] - ETA: 0s - loss: 0.1242 - mean_squared_error: 0.1242 - mean_absolute_error: 0.2975
Epoch 00045: val_loss improved from 0.08845 to 0.08675, saving model to /n/home05/isvetkey/cnn-stimuli/RESULTS/s.Figure5.position_non_aligned_scale/1/VGG19.h5

600/600 [==============================] - 0s 276us/step - loss: 0.1241 - mean_squared_error: 0.1241 - mean_absolute_error: 0.2969 - val_loss: 0.0868 - val_mean_squared_error: 0.0868 - val_mean_absolute_error: 0.2356
Epoch 46/1000

 32/600 [>.............................] - ETA: 0s - loss: 0.1149 - mean_squared_error: 0.1149 - mean_absolute_error: 0.2885
224/600 [==========>...................] - ETA: 0s - loss: 0.1181 - mean_squared_error: 0.1181 - mean_absolute_error: 0.2916
576/600 [===========================>..] - ETA: 0s - loss: 0.1217 - mean_squared_error: 0.1217 - mean_absolute_error: 0.2940
Epoch 00046: val_loss improved from 0.08675 to 0.08513, saving model to /n/home05/isvetkey/cnn-stimuli/RESULTS/s.Figure5.position_non_aligned_scale/1/VGG19.h5

600/600 [==============================] - 0s 320us/step - loss: 0.1212 - mean_squared_error: 0.1212 - mean_absolute_error: 0.2935 - val_loss: 0.0851 - val_mean_squared_error: 0.0851 - val_mean_absolute_error: 0.2340
Epoch 47/1000

 32/600 [>.............................] - ETA: 0s - loss: 0.1211 - mean_squared_error: 0.1211 - mean_absolute_error: 0.2904
384/600 [==================>...........] - ETA: 0s - loss: 0.1180 - mean_squared_error: 0.1180 - mean_absolute_error: 0.2892
Epoch 00047: val_loss improved from 0.08513 to 0.08358, saving model to /n/home05/isvetkey/cnn-stimuli/RESULTS/s.Figure5.position_non_aligned_scale/1/VGG19.h5

600/600 [==============================] - 0s 285us/step - loss: 0.1191 - mean_squared_error: 0.1191 - mean_absolute_error: 0.2903 - val_loss: 0.0836 - val_mean_squared_error: 0.0836 - val_mean_absolute_error: 0.2324
Epoch 48/1000

 32/600 [>.............................] - ETA: 0s - loss: 0.1350 - mean_squared_error: 0.1350 - mean_absolute_error: 0.3204
224/600 [==========>...................] - ETA: 0s - loss: 0.1188 - mean_squared_error: 0.1188 - mean_absolute_error: 0.2928
384/600 [==================>...........] - ETA: 0s - loss: 0.1173 - mean_squared_error: 0.1173 - mean_absolute_error: 0.2896
Epoch 00048: val_loss improved from 0.08358 to 0.08209, saving model to /n/home05/isvetkey/cnn-stimuli/RESULTS/s.Figure5.position_non_aligned_scale/1/VGG19.h5

600/600 [==============================] - 0s 402us/step - loss: 0.1164 - mean_squared_error: 0.1164 - mean_absolute_error: 0.2874 - val_loss: 0.0821 - val_mean_squared_error: 0.0821 - val_mean_absolute_error: 0.2309
Epoch 49/1000

 32/600 [>.............................] - ETA: 0s - loss: 0.1060 - mean_squared_error: 0.1060 - mean_absolute_error: 0.2723
288/600 [=============>................] - ETA: 0s - loss: 0.1117 - mean_squared_error: 0.1117 - mean_absolute_error: 0.2822
Epoch 00049: val_loss improved from 0.08209 to 0.08068, saving model to /n/home05/isvetkey/cnn-stimuli/RESULTS/s.Figure5.position_non_aligned_scale/1/VGG19.h5

600/600 [==============================] - 0s 317us/step - loss: 0.1135 - mean_squared_error: 0.1135 - mean_absolute_error: 0.2838 - val_loss: 0.0807 - val_mean_squared_error: 0.0807 - val_mean_absolute_error: 0.2294
Epoch 50/1000

 32/600 [>.............................] - ETA: 0s - loss: 0.1038 - mean_squared_error: 0.1038 - mean_absolute_error: 0.2669
384/600 [==================>...........] - ETA: 0s - loss: 0.1071 - mean_squared_error: 0.1071 - mean_absolute_error: 0.2741
Epoch 00050: val_loss improved from 0.08068 to 0.07933, saving model to /n/home05/isvetkey/cnn-stimuli/RESULTS/s.Figure5.position_non_aligned_scale/1/VGG19.h5

600/600 [==============================] - 0s 275us/step - loss: 0.1102 - mean_squared_error: 0.1102 - mean_absolute_error: 0.2790 - val_loss: 0.0793 - val_mean_squared_error: 0.0793 - val_mean_absolute_error: 0.2280
Epoch 51/1000

 32/600 [>.............................] - ETA: 0s - loss: 0.0880 - mean_squared_error: 0.0880 - mean_absolute_error: 0.2450
288/600 [=============>................] - ETA: 0s - loss: 0.1078 - mean_squared_error: 0.1078 - mean_absolute_error: 0.2772
448/600 [=====================>........] - ETA: 0s - loss: 0.1069 - mean_squared_error: 0.1069 - mean_absolute_error: 0.2752
Epoch 00051: val_loss improved from 0.07933 to 0.07804, saving model to /n/home05/isvetkey/cnn-stimuli/RESULTS/s.Figure5.position_non_aligned_scale/1/VGG19.h5

600/600 [==============================] - 0s 349us/step - loss: 0.1092 - mean_squared_error: 0.1092 - mean_absolute_error: 0.2781 - val_loss: 0.0780 - val_mean_squared_error: 0.0780 - val_mean_absolute_error: 0.2266
Epoch 52/1000

 32/600 [>.............................] - ETA: 0s - loss: 0.1221 - mean_squared_error: 0.1221 - mean_absolute_error: 0.2904
288/600 [=============>................] - ETA: 0s - loss: 0.1031 - mean_squared_error: 0.1031 - mean_absolute_error: 0.2669
Epoch 00052: val_loss improved from 0.07804 to 0.07680, saving model to /n/home05/isvetkey/cnn-stimuli/RESULTS/s.Figure5.position_non_aligned_scale/1/VGG19.h5

600/600 [==============================] - 0s 311us/step - loss: 0.1076 - mean_squared_error: 0.1076 - mean_absolute_error: 0.2752 - val_loss: 0.0768 - val_mean_squared_error: 0.0768 - val_mean_absolute_error: 0.2253
Epoch 53/1000

 32/600 [>.............................] - ETA: 0s - loss: 0.1025 - mean_squared_error: 0.1025 - mean_absolute_error: 0.2629
224/600 [==========>...................] - ETA: 0s - loss: 0.1094 - mean_squared_error: 0.1094 - mean_absolute_error: 0.2767
576/600 [===========================>..] - ETA: 0s - loss: 0.1057 - mean_squared_error: 0.1057 - mean_absolute_error: 0.2730
Epoch 00053: val_loss improved from 0.07680 to 0.07562, saving model to /n/home05/isvetkey/cnn-stimuli/RESULTS/s.Figure5.position_non_aligned_scale/1/VGG19.h5

600/600 [==============================] - 0s 320us/step - loss: 0.1052 - mean_squared_error: 0.1052 - mean_absolute_error: 0.2722 - val_loss: 0.0756 - val_mean_squared_error: 0.0756 - val_mean_absolute_error: 0.2240
Epoch 54/1000

 32/600 [>.............................] - ETA: 0s - loss: 0.1124 - mean_squared_error: 0.1124 - mean_absolute_error: 0.2861
384/600 [==================>...........] - ETA: 0s - loss: 0.1033 - mean_squared_error: 0.1033 - mean_absolute_error: 0.2704
Epoch 00054: val_loss improved from 0.07562 to 0.07451, saving model to /n/home05/isvetkey/cnn-stimuli/RESULTS/s.Figure5.position_non_aligned_scale/1/VGG19.h5

600/600 [==============================] - 0s 275us/step - loss: 0.1034 - mean_squared_error: 0.1034 - mean_absolute_error: 0.2708 - val_loss: 0.0745 - val_mean_squared_error: 0.0745 - val_mean_absolute_error: 0.2227
Epoch 55/1000

 32/600 [>.............................] - ETA: 0s - loss: 0.1103 - mean_squared_error: 0.1103 - mean_absolute_error: 0.2789
384/600 [==================>...........] - ETA: 0s - loss: 0.1032 - mean_squared_error: 0.1032 - mean_absolute_error: 0.2709
Epoch 00055: val_loss improved from 0.07451 to 0.07343, saving model to /n/home05/isvetkey/cnn-stimuli/RESULTS/s.Figure5.position_non_aligned_scale/1/VGG19.h5

600/600 [==============================] - 0s 272us/step - loss: 0.1010 - mean_squared_error: 0.1010 - mean_absolute_error: 0.2669 - val_loss: 0.0734 - val_mean_squared_error: 0.0734 - val_mean_absolute_error: 0.2215
Epoch 56/1000

 32/600 [>.............................] - ETA: 0s - loss: 0.0970 - mean_squared_error: 0.0970 - mean_absolute_error: 0.2692
384/600 [==================>...........] - ETA: 0s - loss: 0.1014 - mean_squared_error: 0.1014 - mean_absolute_error: 0.2681
Epoch 00056: val_loss improved from 0.07343 to 0.07241, saving model to /n/home05/isvetkey/cnn-stimuli/RESULTS/s.Figure5.position_non_aligned_scale/1/VGG19.h5

600/600 [==============================] - 0s 279us/step - loss: 0.0993 - mean_squared_error: 0.0993 - mean_absolute_error: 0.2649 - val_loss: 0.0724 - val_mean_squared_error: 0.0724 - val_mean_absolute_error: 0.2203
Epoch 57/1000

 32/600 [>.............................] - ETA: 0s - loss: 0.0864 - mean_squared_error: 0.0864 - mean_absolute_error: 0.2508
288/600 [=============>................] - ETA: 0s - loss: 0.0993 - mean_squared_error: 0.0993 - mean_absolute_error: 0.2666
Epoch 00057: val_loss improved from 0.07241 to 0.07144, saving model to /n/home05/isvetkey/cnn-stimuli/RESULTS/s.Figure5.position_non_aligned_scale/1/VGG19.h5

600/600 [==============================] - 0s 305us/step - loss: 0.0974 - mean_squared_error: 0.0974 - mean_absolute_error: 0.2621 - val_loss: 0.0714 - val_mean_squared_error: 0.0714 - val_mean_absolute_error: 0.2193
Epoch 58/1000

 32/600 [>.............................] - ETA: 0s - loss: 0.0908 - mean_squared_error: 0.0908 - mean_absolute_error: 0.2596
288/600 [=============>................] - ETA: 0s - loss: 0.0986 - mean_squared_error: 0.0986 - mean_absolute_error: 0.2632
Epoch 00058: val_loss improved from 0.07144 to 0.07052, saving model to /n/home05/isvetkey/cnn-stimuli/RESULTS/s.Figure5.position_non_aligned_scale/1/VGG19.h5

600/600 [==============================] - 0s 310us/step - loss: 0.0952 - mean_squared_error: 0.0952 - mean_absolute_error: 0.2590 - val_loss: 0.0705 - val_mean_squared_error: 0.0705 - val_mean_absolute_error: 0.2183
Epoch 59/1000

 32/600 [>.............................] - ETA: 0s - loss: 0.1012 - mean_squared_error: 0.1012 - mean_absolute_error: 0.2633
256/600 [===========>..................] - ETA: 0s - loss: 0.0974 - mean_squared_error: 0.0974 - mean_absolute_error: 0.2644
Epoch 00059: val_loss improved from 0.07052 to 0.06965, saving model to /n/home05/isvetkey/cnn-stimuli/RESULTS/s.Figure5.position_non_aligned_scale/1/VGG19.h5

600/600 [==============================] - 0s 318us/step - loss: 0.0935 - mean_squared_error: 0.0935 - mean_absolute_error: 0.2568 - val_loss: 0.0696 - val_mean_squared_error: 0.0696 - val_mean_absolute_error: 0.2173
Epoch 60/1000

 32/600 [>.............................] - ETA: 0s - loss: 0.0938 - mean_squared_error: 0.0938 - mean_absolute_error: 0.2565
288/600 [=============>................] - ETA: 0s - loss: 0.0976 - mean_squared_error: 0.0976 - mean_absolute_error: 0.2639
Epoch 00060: val_loss improved from 0.06965 to 0.06882, saving model to /n/home05/isvetkey/cnn-stimuli/RESULTS/s.Figure5.position_non_aligned_scale/1/VGG19.h5

600/600 [==============================] - 0s 317us/step - loss: 0.0913 - mean_squared_error: 0.0913 - mean_absolute_error: 0.2539 - val_loss: 0.0688 - val_mean_squared_error: 0.0688 - val_mean_absolute_error: 0.2164
Epoch 61/1000

 32/600 [>.............................] - ETA: 0s - loss: 0.0941 - mean_squared_error: 0.0941 - mean_absolute_error: 0.2548
384/600 [==================>...........] - ETA: 0s - loss: 0.0888 - mean_squared_error: 0.0888 - mean_absolute_error: 0.2507
Epoch 00061: val_loss improved from 0.06882 to 0.06803, saving model to /n/home05/isvetkey/cnn-stimuli/RESULTS/s.Figure5.position_non_aligned_scale/1/VGG19.h5

600/600 [==============================] - 0s 277us/step - loss: 0.0897 - mean_squared_error: 0.0897 - mean_absolute_error: 0.2522 - val_loss: 0.0680 - val_mean_squared_error: 0.0680 - val_mean_absolute_error: 0.2156
Epoch 62/1000

 32/600 [>.............................] - ETA: 0s - loss: 0.1084 - mean_squared_error: 0.1084 - mean_absolute_error: 0.2852
288/600 [=============>................] - ETA: 0s - loss: 0.0930 - mean_squared_error: 0.0930 - mean_absolute_error: 0.2586
Epoch 00062: val_loss improved from 0.06803 to 0.06728, saving model to /n/home05/isvetkey/cnn-stimuli/RESULTS/s.Figure5.position_non_aligned_scale/1/VGG19.h5

600/600 [==============================] - 0s 318us/step - loss: 0.0885 - mean_squared_error: 0.0885 - mean_absolute_error: 0.2505 - val_loss: 0.0673 - val_mean_squared_error: 0.0673 - val_mean_absolute_error: 0.2147
Epoch 63/1000

 32/600 [>.............................] - ETA: 0s - loss: 0.0914 - mean_squared_error: 0.0914 - mean_absolute_error: 0.2546
384/600 [==================>...........] - ETA: 0s - loss: 0.0883 - mean_squared_error: 0.0883 - mean_absolute_error: 0.2504
Epoch 00063: val_loss improved from 0.06728 to 0.06657, saving model to /n/home05/isvetkey/cnn-stimuli/RESULTS/s.Figure5.position_non_aligned_scale/1/VGG19.h5

600/600 [==============================] - 0s 287us/step - loss: 0.0867 - mean_squared_error: 0.0867 - mean_absolute_error: 0.2481 - val_loss: 0.0666 - val_mean_squared_error: 0.0666 - val_mean_absolute_error: 0.2139
Epoch 64/1000

 32/600 [>.............................] - ETA: 0s - loss: 0.0897 - mean_squared_error: 0.0897 - mean_absolute_error: 0.2547
288/600 [=============>................] - ETA: 0s - loss: 0.0826 - mean_squared_error: 0.0826 - mean_absolute_error: 0.2420
Epoch 00064: val_loss improved from 0.06657 to 0.06590, saving model to /n/home05/isvetkey/cnn-stimuli/RESULTS/s.Figure5.position_non_aligned_scale/1/VGG19.h5

600/600 [==============================] - 0s 313us/step - loss: 0.0855 - mean_squared_error: 0.0855 - mean_absolute_error: 0.2455 - val_loss: 0.0659 - val_mean_squared_error: 0.0659 - val_mean_absolute_error: 0.2131
Epoch 65/1000

 32/600 [>.............................] - ETA: 0s - loss: 0.0763 - mean_squared_error: 0.0763 - mean_absolute_error: 0.2282
288/600 [=============>................] - ETA: 0s - loss: 0.0853 - mean_squared_error: 0.0853 - mean_absolute_error: 0.2468
Epoch 00065: val_loss improved from 0.06590 to 0.06526, saving model to /n/home05/isvetkey/cnn-stimuli/RESULTS/s.Figure5.position_non_aligned_scale/1/VGG19.h5

600/600 [==============================] - 0s 311us/step - loss: 0.0839 - mean_squared_error: 0.0839 - mean_absolute_error: 0.2441 - val_loss: 0.0653 - val_mean_squared_error: 0.0653 - val_mean_absolute_error: 0.2123
Epoch 66/1000

 32/600 [>.............................] - ETA: 0s - loss: 0.0876 - mean_squared_error: 0.0876 - mean_absolute_error: 0.2475
384/600 [==================>...........] - ETA: 0s - loss: 0.0823 - mean_squared_error: 0.0823 - mean_absolute_error: 0.2403
Epoch 00066: val_loss improved from 0.06526 to 0.06467, saving model to /n/home05/isvetkey/cnn-stimuli/RESULTS/s.Figure5.position_non_aligned_scale/1/VGG19.h5

600/600 [==============================] - 0s 275us/step - loss: 0.0829 - mean_squared_error: 0.0829 - mean_absolute_error: 0.2424 - val_loss: 0.0647 - val_mean_squared_error: 0.0647 - val_mean_absolute_error: 0.2116
Epoch 67/1000

 32/600 [>.............................] - ETA: 0s - loss: 0.0787 - mean_squared_error: 0.0787 - mean_absolute_error: 0.2311
288/600 [=============>................] - ETA: 0s - loss: 0.0776 - mean_squared_error: 0.0776 - mean_absolute_error: 0.2333
Epoch 00067: val_loss improved from 0.06467 to 0.06410, saving model to /n/home05/isvetkey/cnn-stimuli/RESULTS/s.Figure5.position_non_aligned_scale/1/VGG19.h5

600/600 [==============================] - 0s 312us/step - loss: 0.0823 - mean_squared_error: 0.0823 - mean_absolute_error: 0.2415 - val_loss: 0.0641 - val_mean_squared_error: 0.0641 - val_mean_absolute_error: 0.2110
Epoch 68/1000

 32/600 [>.............................] - ETA: 0s - loss: 0.0695 - mean_squared_error: 0.0695 - mean_absolute_error: 0.2222
384/600 [==================>...........] - ETA: 0s - loss: 0.0807 - mean_squared_error: 0.0807 - mean_absolute_error: 0.2417
Epoch 00068: val_loss improved from 0.06410 to 0.06357, saving model to /n/home05/isvetkey/cnn-stimuli/RESULTS/s.Figure5.position_non_aligned_scale/1/VGG19.h5

600/600 [==============================] - 0s 275us/step - loss: 0.0801 - mean_squared_error: 0.0801 - mean_absolute_error: 0.2396 - val_loss: 0.0636 - val_mean_squared_error: 0.0636 - val_mean_absolute_error: 0.2104
Epoch 69/1000

 32/600 [>.............................] - ETA: 0s - loss: 0.0922 - mean_squared_error: 0.0922 - mean_absolute_error: 0.2602
384/600 [==================>...........] - ETA: 0s - loss: 0.0775 - mean_squared_error: 0.0775 - mean_absolute_error: 0.2349
Epoch 00069: val_loss improved from 0.06357 to 0.06307, saving model to /n/home05/isvetkey/cnn-stimuli/RESULTS/s.Figure5.position_non_aligned_scale/1/VGG19.h5

600/600 [==============================] - 0s 277us/step - loss: 0.0793 - mean_squared_error: 0.0793 - mean_absolute_error: 0.2377 - val_loss: 0.0631 - val_mean_squared_error: 0.0631 - val_mean_absolute_error: 0.2099
Epoch 70/1000

 32/600 [>.............................] - ETA: 0s - loss: 0.0696 - mean_squared_error: 0.0696 - mean_absolute_error: 0.2153
224/600 [==========>...................] - ETA: 0s - loss: 0.0774 - mean_squared_error: 0.0774 - mean_absolute_error: 0.2351
576/600 [===========================>..] - ETA: 0s - loss: 0.0788 - mean_squared_error: 0.0788 - mean_absolute_error: 0.2371
Epoch 00070: val_loss improved from 0.06307 to 0.06260, saving model to /n/home05/isvetkey/cnn-stimuli/RESULTS/s.Figure5.position_non_aligned_scale/1/VGG19.h5

600/600 [==============================] - 0s 388us/step - loss: 0.0785 - mean_squared_error: 0.0785 - mean_absolute_error: 0.2363 - val_loss: 0.0626 - val_mean_squared_error: 0.0626 - val_mean_absolute_error: 0.2095
Epoch 71/1000

 32/600 [>.............................] - ETA: 0s - loss: 0.0900 - mean_squared_error: 0.0900 - mean_absolute_error: 0.2569
352/600 [================>.............] - ETA: 0s - loss: 0.0754 - mean_squared_error: 0.0754 - mean_absolute_error: 0.2327
Epoch 00071: val_loss improved from 0.06260 to 0.06216, saving model to /n/home05/isvetkey/cnn-stimuli/RESULTS/s.Figure5.position_non_aligned_scale/1/VGG19.h5

600/600 [==============================] - 0s 285us/step - loss: 0.0766 - mean_squared_error: 0.0766 - mean_absolute_error: 0.2340 - val_loss: 0.0622 - val_mean_squared_error: 0.0622 - val_mean_absolute_error: 0.2090
Epoch 72/1000

 32/600 [>.............................] - ETA: 0s - loss: 0.0841 - mean_squared_error: 0.0841 - mean_absolute_error: 0.2452
384/600 [==================>...........] - ETA: 0s - loss: 0.0749 - mean_squared_error: 0.0749 - mean_absolute_error: 0.2316
Epoch 00072: val_loss improved from 0.06216 to 0.06174, saving model to /n/home05/isvetkey/cnn-stimuli/RESULTS/s.Figure5.position_non_aligned_scale/1/VGG19.h5

600/600 [==============================] - 0s 278us/step - loss: 0.0754 - mean_squared_error: 0.0754 - mean_absolute_error: 0.2320 - val_loss: 0.0617 - val_mean_squared_error: 0.0617 - val_mean_absolute_error: 0.2086
Epoch 73/1000

 32/600 [>.............................] - ETA: 0s - loss: 0.0800 - mean_squared_error: 0.0800 - mean_absolute_error: 0.2367
384/600 [==================>...........] - ETA: 0s - loss: 0.0751 - mean_squared_error: 0.0751 - mean_absolute_error: 0.2309
Epoch 00073: val_loss improved from 0.06174 to 0.06136, saving model to /n/home05/isvetkey/cnn-stimuli/RESULTS/s.Figure5.position_non_aligned_scale/1/VGG19.h5

600/600 [==============================] - 0s 281us/step - loss: 0.0749 - mean_squared_error: 0.0749 - mean_absolute_error: 0.2305 - val_loss: 0.0614 - val_mean_squared_error: 0.0614 - val_mean_absolute_error: 0.2081
Epoch 74/1000

 32/600 [>.............................] - ETA: 0s - loss: 0.0770 - mean_squared_error: 0.0770 - mean_absolute_error: 0.2345
384/600 [==================>...........] - ETA: 0s - loss: 0.0746 - mean_squared_error: 0.0746 - mean_absolute_error: 0.2311
Epoch 00074: val_loss improved from 0.06136 to 0.06100, saving model to /n/home05/isvetkey/cnn-stimuli/RESULTS/s.Figure5.position_non_aligned_scale/1/VGG19.h5

600/600 [==============================] - 0s 318us/step - loss: 0.0730 - mean_squared_error: 0.0730 - mean_absolute_error: 0.2283 - val_loss: 0.0610 - val_mean_squared_error: 0.0610 - val_mean_absolute_error: 0.2077
Epoch 75/1000

 32/600 [>.............................] - ETA: 0s - loss: 0.0815 - mean_squared_error: 0.0815 - mean_absolute_error: 0.2430
288/600 [=============>................] - ETA: 0s - loss: 0.0693 - mean_squared_error: 0.0693 - mean_absolute_error: 0.2216
Epoch 00075: val_loss improved from 0.06100 to 0.06066, saving model to /n/home05/isvetkey/cnn-stimuli/RESULTS/s.Figure5.position_non_aligned_scale/1/VGG19.h5

600/600 [==============================] - 0s 319us/step - loss: 0.0723 - mean_squared_error: 0.0723 - mean_absolute_error: 0.2272 - val_loss: 0.0607 - val_mean_squared_error: 0.0607 - val_mean_absolute_error: 0.2074
Epoch 76/1000

 32/600 [>.............................] - ETA: 0s - loss: 0.0737 - mean_squared_error: 0.0737 - mean_absolute_error: 0.2297
384/600 [==================>...........] - ETA: 0s - loss: 0.0685 - mean_squared_error: 0.0685 - mean_absolute_error: 0.2223
Epoch 00076: val_loss improved from 0.06066 to 0.06035, saving model to /n/home05/isvetkey/cnn-stimuli/RESULTS/s.Figure5.position_non_aligned_scale/1/VGG19.h5

600/600 [==============================] - 0s 273us/step - loss: 0.0719 - mean_squared_error: 0.0719 - mean_absolute_error: 0.2274 - val_loss: 0.0603 - val_mean_squared_error: 0.0603 - val_mean_absolute_error: 0.2070
Epoch 77/1000

 32/600 [>.............................] - ETA: 0s - loss: 0.0791 - mean_squared_error: 0.0791 - mean_absolute_error: 0.2410
384/600 [==================>...........] - ETA: 0s - loss: 0.0733 - mean_squared_error: 0.0733 - mean_absolute_error: 0.2300
Epoch 00077: val_loss improved from 0.06035 to 0.06006, saving model to /n/home05/isvetkey/cnn-stimuli/RESULTS/s.Figure5.position_non_aligned_scale/1/VGG19.h5

600/600 [==============================] - 0s 270us/step - loss: 0.0705 - mean_squared_error: 0.0705 - mean_absolute_error: 0.2248 - val_loss: 0.0601 - val_mean_squared_error: 0.0601 - val_mean_absolute_error: 0.2067
Epoch 78/1000

 32/600 [>.............................] - ETA: 0s - loss: 0.0692 - mean_squared_error: 0.0692 - mean_absolute_error: 0.2227
384/600 [==================>...........] - ETA: 0s - loss: 0.0700 - mean_squared_error: 0.0700 - mean_absolute_error: 0.2230
Epoch 00078: val_loss improved from 0.06006 to 0.05979, saving model to /n/home05/isvetkey/cnn-stimuli/RESULTS/s.Figure5.position_non_aligned_scale/1/VGG19.h5

600/600 [==============================] - 0s 271us/step - loss: 0.0693 - mean_squared_error: 0.0693 - mean_absolute_error: 0.2227 - val_loss: 0.0598 - val_mean_squared_error: 0.0598 - val_mean_absolute_error: 0.2064
Epoch 79/1000

 32/600 [>.............................] - ETA: 0s - loss: 0.0561 - mean_squared_error: 0.0561 - mean_absolute_error: 0.2036
384/600 [==================>...........] - ETA: 0s - loss: 0.0698 - mean_squared_error: 0.0698 - mean_absolute_error: 0.2239
Epoch 00079: val_loss improved from 0.05979 to 0.05954, saving model to /n/home05/isvetkey/cnn-stimuli/RESULTS/s.Figure5.position_non_aligned_scale/1/VGG19.h5

600/600 [==============================] - 0s 281us/step - loss: 0.0688 - mean_squared_error: 0.0688 - mean_absolute_error: 0.2220 - val_loss: 0.0595 - val_mean_squared_error: 0.0595 - val_mean_absolute_error: 0.2062
Epoch 80/1000

 32/600 [>.............................] - ETA: 0s - loss: 0.0704 - mean_squared_error: 0.0704 - mean_absolute_error: 0.2302
288/600 [=============>................] - ETA: 0s - loss: 0.0702 - mean_squared_error: 0.0702 - mean_absolute_error: 0.2244
Epoch 00080: val_loss improved from 0.05954 to 0.05932, saving model to /n/home05/isvetkey/cnn-stimuli/RESULTS/s.Figure5.position_non_aligned_scale/1/VGG19.h5

600/600 [==============================] - 0s 308us/step - loss: 0.0681 - mean_squared_error: 0.0681 - mean_absolute_error: 0.2210 - val_loss: 0.0593 - val_mean_squared_error: 0.0593 - val_mean_absolute_error: 0.2059
Epoch 81/1000

 32/600 [>.............................] - ETA: 0s - loss: 0.0733 - mean_squared_error: 0.0733 - mean_absolute_error: 0.2298
384/600 [==================>...........] - ETA: 0s - loss: 0.0655 - mean_squared_error: 0.0655 - mean_absolute_error: 0.2177
Epoch 00081: val_loss improved from 0.05932 to 0.05911, saving model to /n/home05/isvetkey/cnn-stimuli/RESULTS/s.Figure5.position_non_aligned_scale/1/VGG19.h5

600/600 [==============================] - 0s 274us/step - loss: 0.0663 - mean_squared_error: 0.0663 - mean_absolute_error: 0.2185 - val_loss: 0.0591 - val_mean_squared_error: 0.0591 - val_mean_absolute_error: 0.2057
Epoch 82/1000

 32/600 [>.............................] - ETA: 0s - loss: 0.0595 - mean_squared_error: 0.0595 - mean_absolute_error: 0.2042
384/600 [==================>...........] - ETA: 0s - loss: 0.0657 - mean_squared_error: 0.0657 - mean_absolute_error: 0.2168
Epoch 00082: val_loss improved from 0.05911 to 0.05892, saving model to /n/home05/isvetkey/cnn-stimuli/RESULTS/s.Figure5.position_non_aligned_scale/1/VGG19.h5

600/600 [==============================] - 0s 274us/step - loss: 0.0674 - mean_squared_error: 0.0674 - mean_absolute_error: 0.2197 - val_loss: 0.0589 - val_mean_squared_error: 0.0589 - val_mean_absolute_error: 0.2056
Epoch 83/1000

 32/600 [>.............................] - ETA: 0s - loss: 0.0661 - mean_squared_error: 0.0661 - mean_absolute_error: 0.2081
384/600 [==================>...........] - ETA: 0s - loss: 0.0648 - mean_squared_error: 0.0648 - mean_absolute_error: 0.2157
Epoch 00083: val_loss improved from 0.05892 to 0.05875, saving model to /n/home05/isvetkey/cnn-stimuli/RESULTS/s.Figure5.position_non_aligned_scale/1/VGG19.h5

600/600 [==============================] - 0s 273us/step - loss: 0.0661 - mean_squared_error: 0.0661 - mean_absolute_error: 0.2182 - val_loss: 0.0587 - val_mean_squared_error: 0.0587 - val_mean_absolute_error: 0.2054
Epoch 84/1000

 32/600 [>.............................] - ETA: 0s - loss: 0.0615 - mean_squared_error: 0.0615 - mean_absolute_error: 0.2061
384/600 [==================>...........] - ETA: 0s - loss: 0.0666 - mean_squared_error: 0.0666 - mean_absolute_error: 0.2181
Epoch 00084: val_loss improved from 0.05875 to 0.05859, saving model to /n/home05/isvetkey/cnn-stimuli/RESULTS/s.Figure5.position_non_aligned_scale/1/VGG19.h5

600/600 [==============================] - 0s 270us/step - loss: 0.0655 - mean_squared_error: 0.0655 - mean_absolute_error: 0.2160 - val_loss: 0.0586 - val_mean_squared_error: 0.0586 - val_mean_absolute_error: 0.2053
Epoch 85/1000

 32/600 [>.............................] - ETA: 0s - loss: 0.0570 - mean_squared_error: 0.0570 - mean_absolute_error: 0.1959
384/600 [==================>...........] - ETA: 0s - loss: 0.0659 - mean_squared_error: 0.0659 - mean_absolute_error: 0.2184
Epoch 00085: val_loss improved from 0.05859 to 0.05845, saving model to /n/home05/isvetkey/cnn-stimuli/RESULTS/s.Figure5.position_non_aligned_scale/1/VGG19.h5

600/600 [==============================] - 0s 271us/step - loss: 0.0641 - mean_squared_error: 0.0641 - mean_absolute_error: 0.2144 - val_loss: 0.0584 - val_mean_squared_error: 0.0584 - val_mean_absolute_error: 0.2052
Epoch 86/1000

 32/600 [>.............................] - ETA: 0s - loss: 0.0715 - mean_squared_error: 0.0715 - mean_absolute_error: 0.2300
384/600 [==================>...........] - ETA: 0s - loss: 0.0626 - mean_squared_error: 0.0626 - mean_absolute_error: 0.2135
Epoch 00086: val_loss improved from 0.05845 to 0.05832, saving model to /n/home05/isvetkey/cnn-stimuli/RESULTS/s.Figure5.position_non_aligned_scale/1/VGG19.h5

600/600 [==============================] - 0s 269us/step - loss: 0.0634 - mean_squared_error: 0.0634 - mean_absolute_error: 0.2136 - val_loss: 0.0583 - val_mean_squared_error: 0.0583 - val_mean_absolute_error: 0.2050
Epoch 87/1000

 32/600 [>.............................] - ETA: 0s - loss: 0.0680 - mean_squared_error: 0.0680 - mean_absolute_error: 0.2185
384/600 [==================>...........] - ETA: 0s - loss: 0.0625 - mean_squared_error: 0.0625 - mean_absolute_error: 0.2108
Epoch 00087: val_loss improved from 0.05832 to 0.05821, saving model to /n/home05/isvetkey/cnn-stimuli/RESULTS/s.Figure5.position_non_aligned_scale/1/VGG19.h5

600/600 [==============================] - 0s 275us/step - loss: 0.0635 - mean_squared_error: 0.0635 - mean_absolute_error: 0.2136 - val_loss: 0.0582 - val_mean_squared_error: 0.0582 - val_mean_absolute_error: 0.2049
Epoch 88/1000

 32/600 [>.............................] - ETA: 0s - loss: 0.0813 - mean_squared_error: 0.0813 - mean_absolute_error: 0.2531
384/600 [==================>...........] - ETA: 0s - loss: 0.0633 - mean_squared_error: 0.0633 - mean_absolute_error: 0.2128
Epoch 00088: val_loss improved from 0.05821 to 0.05811, saving model to /n/home05/isvetkey/cnn-stimuli/RESULTS/s.Figure5.position_non_aligned_scale/1/VGG19.h5

600/600 [==============================] - 0s 277us/step - loss: 0.0626 - mean_squared_error: 0.0626 - mean_absolute_error: 0.2117 - val_loss: 0.0581 - val_mean_squared_error: 0.0581 - val_mean_absolute_error: 0.2048
Epoch 89/1000

 32/600 [>.............................] - ETA: 0s - loss: 0.0557 - mean_squared_error: 0.0557 - mean_absolute_error: 0.1981
288/600 [=============>................] - ETA: 0s - loss: 0.0613 - mean_squared_error: 0.0613 - mean_absolute_error: 0.2104
Epoch 00089: val_loss improved from 0.05811 to 0.05803, saving model to /n/home05/isvetkey/cnn-stimuli/RESULTS/s.Figure5.position_non_aligned_scale/1/VGG19.h5

600/600 [==============================] - 0s 303us/step - loss: 0.0612 - mean_squared_error: 0.0612 - mean_absolute_error: 0.2100 - val_loss: 0.0580 - val_mean_squared_error: 0.0580 - val_mean_absolute_error: 0.2047
Epoch 90/1000

 32/600 [>.............................] - ETA: 0s - loss: 0.0673 - mean_squared_error: 0.0673 - mean_absolute_error: 0.2246
384/600 [==================>...........] - ETA: 0s - loss: 0.0631 - mean_squared_error: 0.0631 - mean_absolute_error: 0.2130
Epoch 00090: val_loss improved from 0.05803 to 0.05796, saving model to /n/home05/isvetkey/cnn-stimuli/RESULTS/s.Figure5.position_non_aligned_scale/1/VGG19.h5

600/600 [==============================] - 0s 270us/step - loss: 0.0618 - mean_squared_error: 0.0618 - mean_absolute_error: 0.2105 - val_loss: 0.0580 - val_mean_squared_error: 0.0580 - val_mean_absolute_error: 0.2046
Epoch 91/1000

 32/600 [>.............................] - ETA: 0s - loss: 0.0625 - mean_squared_error: 0.0625 - mean_absolute_error: 0.2116
384/600 [==================>...........] - ETA: 0s - loss: 0.0635 - mean_squared_error: 0.0635 - mean_absolute_error: 0.2156
Epoch 00091: val_loss improved from 0.05796 to 0.05790, saving model to /n/home05/isvetkey/cnn-stimuli/RESULTS/s.Figure5.position_non_aligned_scale/1/VGG19.h5

600/600 [==============================] - 0s 267us/step - loss: 0.0613 - mean_squared_error: 0.0613 - mean_absolute_error: 0.2107 - val_loss: 0.0579 - val_mean_squared_error: 0.0579 - val_mean_absolute_error: 0.2046
Epoch 92/1000

 32/600 [>.............................] - ETA: 0s - loss: 0.0597 - mean_squared_error: 0.0597 - mean_absolute_error: 0.2043
384/600 [==================>...........] - ETA: 0s - loss: 0.0581 - mean_squared_error: 0.0581 - mean_absolute_error: 0.2034
Epoch 00092: val_loss improved from 0.05790 to 0.05785, saving model to /n/home05/isvetkey/cnn-stimuli/RESULTS/s.Figure5.position_non_aligned_scale/1/VGG19.h5

600/600 [==============================] - 0s 277us/step - loss: 0.0598 - mean_squared_error: 0.0598 - mean_absolute_error: 0.2069 - val_loss: 0.0578 - val_mean_squared_error: 0.0578 - val_mean_absolute_error: 0.2045
Epoch 93/1000

 32/600 [>.............................] - ETA: 0s - loss: 0.0637 - mean_squared_error: 0.0637 - mean_absolute_error: 0.2148
320/600 [===============>..............] - ETA: 0s - loss: 0.0619 - mean_squared_error: 0.0619 - mean_absolute_error: 0.2123
Epoch 00093: val_loss improved from 0.05785 to 0.05781, saving model to /n/home05/isvetkey/cnn-stimuli/RESULTS/s.Figure5.position_non_aligned_scale/1/VGG19.h5

600/600 [==============================] - 0s 294us/step - loss: 0.0599 - mean_squared_error: 0.0599 - mean_absolute_error: 0.2077 - val_loss: 0.0578 - val_mean_squared_error: 0.0578 - val_mean_absolute_error: 0.2045
Epoch 94/1000

 32/600 [>.............................] - ETA: 0s - loss: 0.0552 - mean_squared_error: 0.0552 - mean_absolute_error: 0.1988
384/600 [==================>...........] - ETA: 0s - loss: 0.0579 - mean_squared_error: 0.0579 - mean_absolute_error: 0.2038
Epoch 00094: val_loss improved from 0.05781 to 0.05778, saving model to /n/home05/isvetkey/cnn-stimuli/RESULTS/s.Figure5.position_non_aligned_scale/1/VGG19.h5

600/600 [==============================] - 0s 277us/step - loss: 0.0579 - mean_squared_error: 0.0579 - mean_absolute_error: 0.2046 - val_loss: 0.0578 - val_mean_squared_error: 0.0578 - val_mean_absolute_error: 0.2045
Epoch 95/1000

 32/600 [>.............................] - ETA: 0s - loss: 0.0574 - mean_squared_error: 0.0574 - mean_absolute_error: 0.2034
320/600 [===============>..............] - ETA: 0s - loss: 0.0602 - mean_squared_error: 0.0602 - mean_absolute_error: 0.2081
Epoch 00095: val_loss improved from 0.05778 to 0.05776, saving model to /n/home05/isvetkey/cnn-stimuli/RESULTS/s.Figure5.position_non_aligned_scale/1/VGG19.h5

600/600 [==============================] - 0s 297us/step - loss: 0.0592 - mean_squared_error: 0.0592 - mean_absolute_error: 0.2059 - val_loss: 0.0578 - val_mean_squared_error: 0.0578 - val_mean_absolute_error: 0.2044
Epoch 96/1000

 32/600 [>.............................] - ETA: 0s - loss: 0.0589 - mean_squared_error: 0.0589 - mean_absolute_error: 0.2063
384/600 [==================>...........] - ETA: 0s - loss: 0.0571 - mean_squared_error: 0.0571 - mean_absolute_error: 0.2017
Epoch 00096: val_loss improved from 0.05776 to 0.05775, saving model to /n/home05/isvetkey/cnn-stimuli/RESULTS/s.Figure5.position_non_aligned_scale/1/VGG19.h5

600/600 [==============================] - 0s 273us/step - loss: 0.0576 - mean_squared_error: 0.0576 - mean_absolute_error: 0.2036 - val_loss: 0.0578 - val_mean_squared_error: 0.0578 - val_mean_absolute_error: 0.2044
Epoch 97/1000

 32/600 [>.............................] - ETA: 0s - loss: 0.0703 - mean_squared_error: 0.0703 - mean_absolute_error: 0.2311
320/600 [===============>..............] - ETA: 0s - loss: 0.0626 - mean_squared_error: 0.0626 - mean_absolute_error: 0.2140
Epoch 00097: val_loss did not improve

600/600 [==============================] - 0s 179us/step - loss: 0.0578 - mean_squared_error: 0.0578 - mean_absolute_error: 0.2041 - val_loss: 0.0578 - val_mean_squared_error: 0.0578 - val_mean_absolute_error: 0.2044
Epoch 98/1000

 32/600 [>.............................] - ETA: 0s - loss: 0.0504 - mean_squared_error: 0.0504 - mean_absolute_error: 0.1887
384/600 [==================>...........] - ETA: 0s - loss: 0.0572 - mean_squared_error: 0.0572 - mean_absolute_error: 0.2024
Epoch 00098: val_loss did not improve

600/600 [==============================] - 0s 161us/step - loss: 0.0574 - mean_squared_error: 0.0574 - mean_absolute_error: 0.2028 - val_loss: 0.0578 - val_mean_squared_error: 0.0578 - val_mean_absolute_error: 0.2044
Epoch 99/1000

 32/600 [>.............................] - ETA: 0s - loss: 0.0536 - mean_squared_error: 0.0536 - mean_absolute_error: 0.1991
384/600 [==================>...........] - ETA: 0s - loss: 0.0567 - mean_squared_error: 0.0567 - mean_absolute_error: 0.2024
Epoch 00099: val_loss did not improve

600/600 [==============================] - 0s 163us/step - loss: 0.0571 - mean_squared_error: 0.0571 - mean_absolute_error: 0.2036 - val_loss: 0.0578 - val_mean_squared_error: 0.0578 - val_mean_absolute_error: 0.2043
Epoch 100/1000

 32/600 [>.............................] - ETA: 0s - loss: 0.0552 - mean_squared_error: 0.0552 - mean_absolute_error: 0.1980
384/600 [==================>...........] - ETA: 0s - loss: 0.0564 - mean_squared_error: 0.0564 - mean_absolute_error: 0.2012
Epoch 00100: val_loss did not improve

600/600 [==============================] - 0s 162us/step - loss: 0.0562 - mean_squared_error: 0.0562 - mean_absolute_error: 0.2010 - val_loss: 0.0578 - val_mean_squared_error: 0.0578 - val_mean_absolute_error: 0.2043
Epoch 101/1000

 32/600 [>.............................] - ETA: 0s - loss: 0.0607 - mean_squared_error: 0.0607 - mean_absolute_error: 0.2109
384/600 [==================>...........] - ETA: 0s - loss: 0.0559 - mean_squared_error: 0.0559 - mean_absolute_error: 0.2017
Epoch 00101: val_loss did not improve

600/600 [==============================] - 0s 161us/step - loss: 0.0555 - mean_squared_error: 0.0555 - mean_absolute_error: 0.1997 - val_loss: 0.0578 - val_mean_squared_error: 0.0578 - val_mean_absolute_error: 0.2043
Epoch 102/1000

 32/600 [>.............................] - ETA: 0s - loss: 0.0543 - mean_squared_error: 0.0543 - mean_absolute_error: 0.2005
384/600 [==================>...........] - ETA: 0s - loss: 0.0548 - mean_squared_error: 0.0548 - mean_absolute_error: 0.1983
Epoch 00102: val_loss did not improve

600/600 [==============================] - 0s 161us/step - loss: 0.0565 - mean_squared_error: 0.0565 - mean_absolute_error: 0.2011 - val_loss: 0.0579 - val_mean_squared_error: 0.0579 - val_mean_absolute_error: 0.2044
Epoch 103/1000

 32/600 [>.............................] - ETA: 0s - loss: 0.0560 - mean_squared_error: 0.0560 - mean_absolute_error: 0.2022
384/600 [==================>...........] - ETA: 0s - loss: 0.0553 - mean_squared_error: 0.0553 - mean_absolute_error: 0.2004
Epoch 00103: val_loss did not improve

600/600 [==============================] - 0s 161us/step - loss: 0.0550 - mean_squared_error: 0.0550 - mean_absolute_error: 0.1989 - val_loss: 0.0579 - val_mean_squared_error: 0.0579 - val_mean_absolute_error: 0.2045
Epoch 104/1000

 32/600 [>.............................] - ETA: 0s - loss: 0.0597 - mean_squared_error: 0.0597 - mean_absolute_error: 0.2133
384/600 [==================>...........] - ETA: 0s - loss: 0.0556 - mean_squared_error: 0.0556 - mean_absolute_error: 0.2009
Epoch 00104: val_loss did not improve

600/600 [==============================] - 0s 161us/step - loss: 0.0552 - mean_squared_error: 0.0552 - mean_absolute_error: 0.1989 - val_loss: 0.0580 - val_mean_squared_error: 0.0580 - val_mean_absolute_error: 0.2045
Epoch 105/1000

 32/600 [>.............................] - ETA: 0s - loss: 0.0455 - mean_squared_error: 0.0455 - mean_absolute_error: 0.1774
416/600 [===================>..........] - ETA: 0s - loss: 0.0557 - mean_squared_error: 0.0557 - mean_absolute_error: 0.2011
Epoch 00105: val_loss did not improve

600/600 [==============================] - 0s 160us/step - loss: 0.0548 - mean_squared_error: 0.0548 - mean_absolute_error: 0.1981 - val_loss: 0.0580 - val_mean_squared_error: 0.0580 - val_mean_absolute_error: 0.2046
Epoch 106/1000

 32/600 [>.............................] - ETA: 0s - loss: 0.0592 - mean_squared_error: 0.0592 - mean_absolute_error: 0.2073
384/600 [==================>...........] - ETA: 0s - loss: 0.0554 - mean_squared_error: 0.0554 - mean_absolute_error: 0.2003
Epoch 00106: val_loss did not improve

600/600 [==============================] - 0s 162us/step - loss: 0.0543 - mean_squared_error: 0.0543 - mean_absolute_error: 0.1977 - val_loss: 0.0581 - val_mean_squared_error: 0.0581 - val_mean_absolute_error: 0.2047
Fitting done 18.4997079372
MLAE 4.76080531019
Written /n/home05/isvetkey/cnn-stimuli/RESULTS/s.Figure5.position_non_aligned_scale/1/VGG19.p
Written /n/home05/isvetkey/cnn-stimuli/RESULTS/s.Figure5.position_non_aligned_scale/1/VGG19.h5
All done. Give your computer a pat on the back.
actually don't do that.
