My SLURM_ARRAY_TASK_ID:  2
Running s.Figure5.direction with flags 5 with VGG19
Working in /n/home05/isvetkey/cnn-stimuli/RESULTS/s.Figure5.direction/5/VGG19
Storing /n/home05/isvetkey/cnn-stimuli/RESULTS/s.Figure5.direction/5/VGG19.p
Storing /n/home05/isvetkey/cnn-stimuli/RESULTS/s.Figure5.direction/5/VGG19.h5
Done 13.1676011086 seconds ( 89444 iterations)
memory usage 60.016 MB

 32/600 [>.............................] - ETA: 37s
 64/600 [==>...........................] - ETA: 18s
 96/600 [===>..........................] - ETA: 11s
128/600 [=====>........................] - ETA: 8s 
160/600 [=======>......................] - ETA: 6s
192/600 [========>.....................] - ETA: 5s
224/600 [==========>...................] - ETA: 4s
256/600 [===========>..................] - ETA: 3s
288/600 [=============>................] - ETA: 2s
320/600 [===============>..............] - ETA: 2s
352/600 [================>.............] - ETA: 1s
384/600 [==================>...........] - ETA: 1s
416/600 [===================>..........] - ETA: 1s
448/600 [=====================>........] - ETA: 0s
480/600 [=======================>......] - ETA: 0s
512/600 [========================>.....] - ETA: 0s
544/600 [==========================>...] - ETA: 0s
576/600 [===========================>..] - ETA: 0s
600/600 [==============================] - 4s 6ms/step

 32/200 [===>..........................] - ETA: 0s
 64/200 [========>.....................] - ETA: 0s
 96/200 [=============>................] - ETA: 0s
128/200 [==================>...........] - ETA: 0s
160/200 [=======================>......] - ETA: 0s
192/200 [===========================>..] - ETA: 0s
200/200 [==============================] - 1s 3ms/step

 32/200 [===>..........................] - ETA: 0s
 64/200 [========>.....................] - ETA: 0s
 96/200 [=============>................] - ETA: 0s
128/200 [==================>...........] - ETA: 0s
160/200 [=======================>......] - ETA: 0s
192/200 [===========================>..] - ETA: 0s
200/200 [==============================] - 0s 2ms/step
VGG19 features done after 4.444865942
memory usage 24.576 MB
Train on 600 samples, validate on 200 samples
Epoch 1/1000

 32/600 [>.............................] - ETA: 6s - loss: 0.3876 - mean_squared_error: 0.3876 - mean_absolute_error: 0.5496
384/600 [==================>...........] - ETA: 0s - loss: 0.3608 - mean_squared_error: 0.3608 - mean_absolute_error: 0.5219
Epoch 00001: val_loss improved from inf to 0.30414, saving model to /n/home05/isvetkey/cnn-stimuli/RESULTS/s.Figure5.direction/5/VGG19.h5

600/600 [==============================] - 1s 1ms/step - loss: 0.3525 - mean_squared_error: 0.3525 - mean_absolute_error: 0.5116 - val_loss: 0.3041 - val_mean_squared_error: 0.3041 - val_mean_absolute_error: 0.4701
Epoch 2/1000

 32/600 [>.............................] - ETA: 0s - loss: 0.3654 - mean_squared_error: 0.3654 - mean_absolute_error: 0.5136
320/600 [===============>..............] - ETA: 0s - loss: 0.3517 - mean_squared_error: 0.3517 - mean_absolute_error: 0.5105
Epoch 00002: val_loss improved from 0.30414 to 0.29664, saving model to /n/home05/isvetkey/cnn-stimuli/RESULTS/s.Figure5.direction/5/VGG19.h5

600/600 [==============================] - 0s 308us/step - loss: 0.3449 - mean_squared_error: 0.3449 - mean_absolute_error: 0.5050 - val_loss: 0.2966 - val_mean_squared_error: 0.2966 - val_mean_absolute_error: 0.4630
Epoch 3/1000

 32/600 [>.............................] - ETA: 0s - loss: 0.3099 - mean_squared_error: 0.3099 - mean_absolute_error: 0.4706
256/600 [===========>..................] - ETA: 0s - loss: 0.3348 - mean_squared_error: 0.3348 - mean_absolute_error: 0.4937
544/600 [==========================>...] - ETA: 0s - loss: 0.3350 - mean_squared_error: 0.3350 - mean_absolute_error: 0.4960
Epoch 00003: val_loss improved from 0.29664 to 0.28914, saving model to /n/home05/isvetkey/cnn-stimuli/RESULTS/s.Figure5.direction/5/VGG19.h5

600/600 [==============================] - 0s 370us/step - loss: 0.3368 - mean_squared_error: 0.3368 - mean_absolute_error: 0.4980 - val_loss: 0.2891 - val_mean_squared_error: 0.2891 - val_mean_absolute_error: 0.4558
Epoch 4/1000

 32/600 [>.............................] - ETA: 0s - loss: 0.2895 - mean_squared_error: 0.2895 - mean_absolute_error: 0.4402
224/600 [==========>...................] - ETA: 0s - loss: 0.3215 - mean_squared_error: 0.3215 - mean_absolute_error: 0.4819
480/600 [=======================>......] - ETA: 0s - loss: 0.3303 - mean_squared_error: 0.3303 - mean_absolute_error: 0.4927
Epoch 00004: val_loss improved from 0.28914 to 0.28180, saving model to /n/home05/isvetkey/cnn-stimuli/RESULTS/s.Figure5.direction/5/VGG19.h5

600/600 [==============================] - 0s 389us/step - loss: 0.3288 - mean_squared_error: 0.3288 - mean_absolute_error: 0.4910 - val_loss: 0.2818 - val_mean_squared_error: 0.2818 - val_mean_absolute_error: 0.4487
Epoch 5/1000

 32/600 [>.............................] - ETA: 0s - loss: 0.3622 - mean_squared_error: 0.3622 - mean_absolute_error: 0.5164
224/600 [==========>...................] - ETA: 0s - loss: 0.3102 - mean_squared_error: 0.3102 - mean_absolute_error: 0.4738
480/600 [=======================>......] - ETA: 0s - loss: 0.3148 - mean_squared_error: 0.3148 - mean_absolute_error: 0.4782
Epoch 00005: val_loss improved from 0.28180 to 0.27468, saving model to /n/home05/isvetkey/cnn-stimuli/RESULTS/s.Figure5.direction/5/VGG19.h5

600/600 [==============================] - 0s 382us/step - loss: 0.3210 - mean_squared_error: 0.3210 - mean_absolute_error: 0.4843 - val_loss: 0.2747 - val_mean_squared_error: 0.2747 - val_mean_absolute_error: 0.4418
Epoch 6/1000

 32/600 [>.............................] - ETA: 0s - loss: 0.3356 - mean_squared_error: 0.3356 - mean_absolute_error: 0.5115
224/600 [==========>...................] - ETA: 0s - loss: 0.3273 - mean_squared_error: 0.3273 - mean_absolute_error: 0.4944
512/600 [========================>.....] - ETA: 0s - loss: 0.3122 - mean_squared_error: 0.3122 - mean_absolute_error: 0.4773
Epoch 00006: val_loss improved from 0.27468 to 0.26771, saving model to /n/home05/isvetkey/cnn-stimuli/RESULTS/s.Figure5.direction/5/VGG19.h5

600/600 [==============================] - 0s 754us/step - loss: 0.3134 - mean_squared_error: 0.3134 - mean_absolute_error: 0.4776 - val_loss: 0.2677 - val_mean_squared_error: 0.2677 - val_mean_absolute_error: 0.4351
Epoch 7/1000

 32/600 [>.............................] - ETA: 0s - loss: 0.3106 - mean_squared_error: 0.3106 - mean_absolute_error: 0.4679
256/600 [===========>..................] - ETA: 0s - loss: 0.3169 - mean_squared_error: 0.3169 - mean_absolute_error: 0.4794
512/600 [========================>.....] - ETA: 0s - loss: 0.3044 - mean_squared_error: 0.3044 - mean_absolute_error: 0.4695
Epoch 00007: val_loss improved from 0.26771 to 0.26101, saving model to /n/home05/isvetkey/cnn-stimuli/RESULTS/s.Figure5.direction/5/VGG19.h5

600/600 [==============================] - 1s 1ms/step - loss: 0.3062 - mean_squared_error: 0.3062 - mean_absolute_error: 0.4710 - val_loss: 0.2610 - val_mean_squared_error: 0.2610 - val_mean_absolute_error: 0.4286
Epoch 8/1000

 32/600 [>.............................] - ETA: 0s - loss: 0.2565 - mean_squared_error: 0.2565 - mean_absolute_error: 0.4225
256/600 [===========>..................] - ETA: 0s - loss: 0.2960 - mean_squared_error: 0.2960 - mean_absolute_error: 0.4607
512/600 [========================>.....] - ETA: 0s - loss: 0.2977 - mean_squared_error: 0.2977 - mean_absolute_error: 0.4635
Epoch 00008: val_loss improved from 0.26101 to 0.25453, saving model to /n/home05/isvetkey/cnn-stimuli/RESULTS/s.Figure5.direction/5/VGG19.h5

600/600 [==============================] - 0s 367us/step - loss: 0.2993 - mean_squared_error: 0.2993 - mean_absolute_error: 0.4650 - val_loss: 0.2545 - val_mean_squared_error: 0.2545 - val_mean_absolute_error: 0.4223
Epoch 9/1000

 32/600 [>.............................] - ETA: 0s - loss: 0.2994 - mean_squared_error: 0.2994 - mean_absolute_error: 0.4679
320/600 [===============>..............] - ETA: 0s - loss: 0.2812 - mean_squared_error: 0.2812 - mean_absolute_error: 0.4456
Epoch 00009: val_loss improved from 0.25453 to 0.24820, saving model to /n/home05/isvetkey/cnn-stimuli/RESULTS/s.Figure5.direction/5/VGG19.h5

600/600 [==============================] - 0s 324us/step - loss: 0.2924 - mean_squared_error: 0.2924 - mean_absolute_error: 0.4589 - val_loss: 0.2482 - val_mean_squared_error: 0.2482 - val_mean_absolute_error: 0.4160
Epoch 10/1000

 32/600 [>.............................] - ETA: 0s - loss: 0.3129 - mean_squared_error: 0.3129 - mean_absolute_error: 0.4846
320/600 [===============>..............] - ETA: 0s - loss: 0.2900 - mean_squared_error: 0.2900 - mean_absolute_error: 0.4572
Epoch 00010: val_loss improved from 0.24820 to 0.24199, saving model to /n/home05/isvetkey/cnn-stimuli/RESULTS/s.Figure5.direction/5/VGG19.h5

600/600 [==============================] - 0s 319us/step - loss: 0.2852 - mean_squared_error: 0.2852 - mean_absolute_error: 0.4525 - val_loss: 0.2420 - val_mean_squared_error: 0.2420 - val_mean_absolute_error: 0.4099
Epoch 11/1000

 32/600 [>.............................] - ETA: 0s - loss: 0.2485 - mean_squared_error: 0.2485 - mean_absolute_error: 0.4218
320/600 [===============>..............] - ETA: 0s - loss: 0.2847 - mean_squared_error: 0.2847 - mean_absolute_error: 0.4553
Epoch 00011: val_loss improved from 0.24199 to 0.23596, saving model to /n/home05/isvetkey/cnn-stimuli/RESULTS/s.Figure5.direction/5/VGG19.h5

600/600 [==============================] - 1s 924us/step - loss: 0.2788 - mean_squared_error: 0.2788 - mean_absolute_error: 0.4466 - val_loss: 0.2360 - val_mean_squared_error: 0.2360 - val_mean_absolute_error: 0.4038
Epoch 12/1000

 32/600 [>.............................] - ETA: 0s - loss: 0.2229 - mean_squared_error: 0.2229 - mean_absolute_error: 0.3778
288/600 [=============>................] - ETA: 0s - loss: 0.2706 - mean_squared_error: 0.2706 - mean_absolute_error: 0.4383
576/600 [===========================>..] - ETA: 0s - loss: 0.2731 - mean_squared_error: 0.2731 - mean_absolute_error: 0.4416
Epoch 00012: val_loss improved from 0.23596 to 0.23021, saving model to /n/home05/isvetkey/cnn-stimuli/RESULTS/s.Figure5.direction/5/VGG19.h5

600/600 [==============================] - 0s 349us/step - loss: 0.2727 - mean_squared_error: 0.2727 - mean_absolute_error: 0.4412 - val_loss: 0.2302 - val_mean_squared_error: 0.2302 - val_mean_absolute_error: 0.3980
Epoch 13/1000

 32/600 [>.............................] - ETA: 0s - loss: 0.2672 - mean_squared_error: 0.2672 - mean_absolute_error: 0.4405
320/600 [===============>..............] - ETA: 0s - loss: 0.2626 - mean_squared_error: 0.2626 - mean_absolute_error: 0.4307
Epoch 00013: val_loss improved from 0.23021 to 0.22461, saving model to /n/home05/isvetkey/cnn-stimuli/RESULTS/s.Figure5.direction/5/VGG19.h5

600/600 [==============================] - 0s 638us/step - loss: 0.2664 - mean_squared_error: 0.2664 - mean_absolute_error: 0.4355 - val_loss: 0.2246 - val_mean_squared_error: 0.2246 - val_mean_absolute_error: 0.3923
Epoch 14/1000

 32/600 [>.............................] - ETA: 0s - loss: 0.2758 - mean_squared_error: 0.2758 - mean_absolute_error: 0.4469
256/600 [===========>..................] - ETA: 0s - loss: 0.2676 - mean_squared_error: 0.2676 - mean_absolute_error: 0.4373
544/600 [==========================>...] - ETA: 0s - loss: 0.2613 - mean_squared_error: 0.2613 - mean_absolute_error: 0.4311
Epoch 00014: val_loss improved from 0.22461 to 0.21911, saving model to /n/home05/isvetkey/cnn-stimuli/RESULTS/s.Figure5.direction/5/VGG19.h5

600/600 [==============================] - 0s 355us/step - loss: 0.2599 - mean_squared_error: 0.2599 - mean_absolute_error: 0.4297 - val_loss: 0.2191 - val_mean_squared_error: 0.2191 - val_mean_absolute_error: 0.3866
Epoch 15/1000

 32/600 [>.............................] - ETA: 0s - loss: 0.2511 - mean_squared_error: 0.2511 - mean_absolute_error: 0.4220
256/600 [===========>..................] - ETA: 0s - loss: 0.2523 - mean_squared_error: 0.2523 - mean_absolute_error: 0.4214
512/600 [========================>.....] - ETA: 0s - loss: 0.2543 - mean_squared_error: 0.2543 - mean_absolute_error: 0.4244
Epoch 00015: val_loss improved from 0.21911 to 0.21382, saving model to /n/home05/isvetkey/cnn-stimuli/RESULTS/s.Figure5.direction/5/VGG19.h5

600/600 [==============================] - 0s 345us/step - loss: 0.2543 - mean_squared_error: 0.2543 - mean_absolute_error: 0.4244 - val_loss: 0.2138 - val_mean_squared_error: 0.2138 - val_mean_absolute_error: 0.3812
Epoch 16/1000

 32/600 [>.............................] - ETA: 0s - loss: 0.2214 - mean_squared_error: 0.2214 - mean_absolute_error: 0.3859
224/600 [==========>...................] - ETA: 0s - loss: 0.2468 - mean_squared_error: 0.2468 - mean_absolute_error: 0.4170
480/600 [=======================>......] - ETA: 0s - loss: 0.2519 - mean_squared_error: 0.2519 - mean_absolute_error: 0.4238
Epoch 00016: val_loss improved from 0.21382 to 0.20870, saving model to /n/home05/isvetkey/cnn-stimuli/RESULTS/s.Figure5.direction/5/VGG19.h5

600/600 [==============================] - 0s 553us/step - loss: 0.2490 - mean_squared_error: 0.2490 - mean_absolute_error: 0.4194 - val_loss: 0.2087 - val_mean_squared_error: 0.2087 - val_mean_absolute_error: 0.3759
Epoch 17/1000

 32/600 [>.............................] - ETA: 0s - loss: 0.1987 - mean_squared_error: 0.1987 - mean_absolute_error: 0.3609
320/600 [===============>..............] - ETA: 0s - loss: 0.2488 - mean_squared_error: 0.2488 - mean_absolute_error: 0.4193
Epoch 00017: val_loss improved from 0.20870 to 0.20372, saving model to /n/home05/isvetkey/cnn-stimuli/RESULTS/s.Figure5.direction/5/VGG19.h5

600/600 [==============================] - 0s 326us/step - loss: 0.2430 - mean_squared_error: 0.2430 - mean_absolute_error: 0.4139 - val_loss: 0.2037 - val_mean_squared_error: 0.2037 - val_mean_absolute_error: 0.3707
Epoch 18/1000

 32/600 [>.............................] - ETA: 0s - loss: 0.2456 - mean_squared_error: 0.2456 - mean_absolute_error: 0.4165
288/600 [=============>................] - ETA: 0s - loss: 0.2331 - mean_squared_error: 0.2331 - mean_absolute_error: 0.4022
576/600 [===========================>..] - ETA: 0s - loss: 0.2388 - mean_squared_error: 0.2388 - mean_absolute_error: 0.4105
Epoch 00018: val_loss improved from 0.20372 to 0.19887, saving model to /n/home05/isvetkey/cnn-stimuli/RESULTS/s.Figure5.direction/5/VGG19.h5

600/600 [==============================] - 0s 351us/step - loss: 0.2369 - mean_squared_error: 0.2369 - mean_absolute_error: 0.4087 - val_loss: 0.1989 - val_mean_squared_error: 0.1989 - val_mean_absolute_error: 0.3656
Epoch 19/1000

 32/600 [>.............................] - ETA: 0s - loss: 0.2217 - mean_squared_error: 0.2217 - mean_absolute_error: 0.3871
320/600 [===============>..............] - ETA: 0s - loss: 0.2228 - mean_squared_error: 0.2228 - mean_absolute_error: 0.3950
Epoch 00019: val_loss improved from 0.19887 to 0.19418, saving model to /n/home05/isvetkey/cnn-stimuli/RESULTS/s.Figure5.direction/5/VGG19.h5

600/600 [==============================] - 0s 426us/step - loss: 0.2322 - mean_squared_error: 0.2322 - mean_absolute_error: 0.4043 - val_loss: 0.1942 - val_mean_squared_error: 0.1942 - val_mean_absolute_error: 0.3607
Epoch 20/1000

 32/600 [>.............................] - ETA: 0s - loss: 0.2390 - mean_squared_error: 0.2390 - mean_absolute_error: 0.4064
224/600 [==========>...................] - ETA: 0s - loss: 0.2238 - mean_squared_error: 0.2238 - mean_absolute_error: 0.3967
512/600 [========================>.....] - ETA: 0s - loss: 0.2294 - mean_squared_error: 0.2294 - mean_absolute_error: 0.4018
Epoch 00020: val_loss improved from 0.19418 to 0.18962, saving model to /n/home05/isvetkey/cnn-stimuli/RESULTS/s.Figure5.direction/5/VGG19.h5

600/600 [==============================] - 0s 708us/step - loss: 0.2280 - mean_squared_error: 0.2280 - mean_absolute_error: 0.4004 - val_loss: 0.1896 - val_mean_squared_error: 0.1896 - val_mean_absolute_error: 0.3559
Epoch 21/1000

 32/600 [>.............................] - ETA: 0s - loss: 0.2401 - mean_squared_error: 0.2401 - mean_absolute_error: 0.4135
288/600 [=============>................] - ETA: 0s - loss: 0.2143 - mean_squared_error: 0.2143 - mean_absolute_error: 0.3844
576/600 [===========================>..] - ETA: 0s - loss: 0.2236 - mean_squared_error: 0.2236 - mean_absolute_error: 0.3967
Epoch 00021: val_loss improved from 0.18962 to 0.18526, saving model to /n/home05/isvetkey/cnn-stimuli/RESULTS/s.Figure5.direction/5/VGG19.h5

600/600 [==============================] - 0s 371us/step - loss: 0.2228 - mean_squared_error: 0.2228 - mean_absolute_error: 0.3956 - val_loss: 0.1853 - val_mean_squared_error: 0.1853 - val_mean_absolute_error: 0.3514
Epoch 22/1000

 32/600 [>.............................] - ETA: 0s - loss: 0.2389 - mean_squared_error: 0.2389 - mean_absolute_error: 0.4249
320/600 [===============>..............] - ETA: 0s - loss: 0.2254 - mean_squared_error: 0.2254 - mean_absolute_error: 0.4017
Epoch 00022: val_loss improved from 0.18526 to 0.18092, saving model to /n/home05/isvetkey/cnn-stimuli/RESULTS/s.Figure5.direction/5/VGG19.h5

600/600 [==============================] - 0s 685us/step - loss: 0.2176 - mean_squared_error: 0.2176 - mean_absolute_error: 0.3903 - val_loss: 0.1809 - val_mean_squared_error: 0.1809 - val_mean_absolute_error: 0.3469
Epoch 23/1000

 32/600 [>.............................] - ETA: 0s - loss: 0.2373 - mean_squared_error: 0.2373 - mean_absolute_error: 0.4227
256/600 [===========>..................] - ETA: 0s - loss: 0.2218 - mean_squared_error: 0.2218 - mean_absolute_error: 0.3963
544/600 [==========================>...] - ETA: 0s - loss: 0.2126 - mean_squared_error: 0.2126 - mean_absolute_error: 0.3858
Epoch 00023: val_loss improved from 0.18092 to 0.17679, saving model to /n/home05/isvetkey/cnn-stimuli/RESULTS/s.Figure5.direction/5/VGG19.h5

600/600 [==============================] - 0s 351us/step - loss: 0.2132 - mean_squared_error: 0.2132 - mean_absolute_error: 0.3860 - val_loss: 0.1768 - val_mean_squared_error: 0.1768 - val_mean_absolute_error: 0.3427
Epoch 24/1000

 32/600 [>.............................] - ETA: 0s - loss: 0.2051 - mean_squared_error: 0.2051 - mean_absolute_error: 0.3917
320/600 [===============>..............] - ETA: 0s - loss: 0.1990 - mean_squared_error: 0.1990 - mean_absolute_error: 0.3709
Epoch 00024: val_loss improved from 0.17679 to 0.17281, saving model to /n/home05/isvetkey/cnn-stimuli/RESULTS/s.Figure5.direction/5/VGG19.h5

600/600 [==============================] - 1s 1ms/step - loss: 0.2084 - mean_squared_error: 0.2084 - mean_absolute_error: 0.3815 - val_loss: 0.1728 - val_mean_squared_error: 0.1728 - val_mean_absolute_error: 0.3385
Epoch 25/1000

 32/600 [>.............................] - ETA: 0s - loss: 0.2241 - mean_squared_error: 0.2241 - mean_absolute_error: 0.4031
288/600 [=============>................] - ETA: 0s - loss: 0.2020 - mean_squared_error: 0.2020 - mean_absolute_error: 0.3745
576/600 [===========================>..] - ETA: 0s - loss: 0.2028 - mean_squared_error: 0.2028 - mean_absolute_error: 0.3754
Epoch 00025: val_loss improved from 0.17281 to 0.16891, saving model to /n/home05/isvetkey/cnn-stimuli/RESULTS/s.Figure5.direction/5/VGG19.h5

600/600 [==============================] - 0s 344us/step - loss: 0.2041 - mean_squared_error: 0.2041 - mean_absolute_error: 0.3771 - val_loss: 0.1689 - val_mean_squared_error: 0.1689 - val_mean_absolute_error: 0.3344
Epoch 26/1000

 32/600 [>.............................] - ETA: 0s - loss: 0.1963 - mean_squared_error: 0.1963 - mean_absolute_error: 0.3537
320/600 [===============>..............] - ETA: 0s - loss: 0.1894 - mean_squared_error: 0.1894 - mean_absolute_error: 0.3604
Epoch 00026: val_loss improved from 0.16891 to 0.16513, saving model to /n/home05/isvetkey/cnn-stimuli/RESULTS/s.Figure5.direction/5/VGG19.h5

600/600 [==============================] - 0s 341us/step - loss: 0.1996 - mean_squared_error: 0.1996 - mean_absolute_error: 0.3730 - val_loss: 0.1651 - val_mean_squared_error: 0.1651 - val_mean_absolute_error: 0.3303
Epoch 27/1000

 32/600 [>.............................] - ETA: 0s - loss: 0.2400 - mean_squared_error: 0.2400 - mean_absolute_error: 0.4161
192/600 [========>.....................] - ETA: 0s - loss: 0.1962 - mean_squared_error: 0.1962 - mean_absolute_error: 0.3710
448/600 [=====================>........] - ETA: 0s - loss: 0.1965 - mean_squared_error: 0.1965 - mean_absolute_error: 0.3703
Epoch 00027: val_loss improved from 0.16513 to 0.16143, saving model to /n/home05/isvetkey/cnn-stimuli/RESULTS/s.Figure5.direction/5/VGG19.h5

600/600 [==============================] - 0s 695us/step - loss: 0.1955 - mean_squared_error: 0.1955 - mean_absolute_error: 0.3686 - val_loss: 0.1614 - val_mean_squared_error: 0.1614 - val_mean_absolute_error: 0.3264
Epoch 28/1000

 32/600 [>.............................] - ETA: 0s - loss: 0.1924 - mean_squared_error: 0.1924 - mean_absolute_error: 0.3716
192/600 [========>.....................] - ETA: 0s - loss: 0.2055 - mean_squared_error: 0.2055 - mean_absolute_error: 0.3842
448/600 [=====================>........] - ETA: 0s - loss: 0.1934 - mean_squared_error: 0.1934 - mean_absolute_error: 0.3661
Epoch 00028: val_loss improved from 0.16143 to 0.15790, saving model to /n/home05/isvetkey/cnn-stimuli/RESULTS/s.Figure5.direction/5/VGG19.h5

600/600 [==============================] - 0s 558us/step - loss: 0.1923 - mean_squared_error: 0.1923 - mean_absolute_error: 0.3657 - val_loss: 0.1579 - val_mean_squared_error: 0.1579 - val_mean_absolute_error: 0.3226
Epoch 29/1000

 32/600 [>.............................] - ETA: 0s - loss: 0.2091 - mean_squared_error: 0.2091 - mean_absolute_error: 0.3753
320/600 [===============>..............] - ETA: 0s - loss: 0.1995 - mean_squared_error: 0.1995 - mean_absolute_error: 0.3744
Epoch 00029: val_loss improved from 0.15790 to 0.15446, saving model to /n/home05/isvetkey/cnn-stimuli/RESULTS/s.Figure5.direction/5/VGG19.h5

600/600 [==============================] - 0s 385us/step - loss: 0.1880 - mean_squared_error: 0.1880 - mean_absolute_error: 0.3613 - val_loss: 0.1545 - val_mean_squared_error: 0.1545 - val_mean_absolute_error: 0.3189
Epoch 30/1000

 32/600 [>.............................] - ETA: 0s - loss: 0.1827 - mean_squared_error: 0.1827 - mean_absolute_error: 0.3541
320/600 [===============>..............] - ETA: 0s - loss: 0.1840 - mean_squared_error: 0.1840 - mean_absolute_error: 0.3592
512/600 [========================>.....] - ETA: 0s - loss: 0.1845 - mean_squared_error: 0.1845 - mean_absolute_error: 0.3585
Epoch 00030: val_loss improved from 0.15446 to 0.15114, saving model to /n/home05/isvetkey/cnn-stimuli/RESULTS/s.Figure5.direction/5/VGG19.h5

600/600 [==============================] - 0s 421us/step - loss: 0.1841 - mean_squared_error: 0.1841 - mean_absolute_error: 0.3577 - val_loss: 0.1511 - val_mean_squared_error: 0.1511 - val_mean_absolute_error: 0.3154
Epoch 31/1000

 32/600 [>.............................] - ETA: 0s - loss: 0.1835 - mean_squared_error: 0.1835 - mean_absolute_error: 0.3549
256/600 [===========>..................] - ETA: 0s - loss: 0.1801 - mean_squared_error: 0.1801 - mean_absolute_error: 0.3534
544/600 [==========================>...] - ETA: 0s - loss: 0.1811 - mean_squared_error: 0.1811 - mean_absolute_error: 0.3539
Epoch 00031: val_loss improved from 0.15114 to 0.14792, saving model to /n/home05/isvetkey/cnn-stimuli/RESULTS/s.Figure5.direction/5/VGG19.h5

600/600 [==============================] - 0s 358us/step - loss: 0.1805 - mean_squared_error: 0.1805 - mean_absolute_error: 0.3534 - val_loss: 0.1479 - val_mean_squared_error: 0.1479 - val_mean_absolute_error: 0.3119
Epoch 32/1000

 32/600 [>.............................] - ETA: 0s - loss: 0.1772 - mean_squared_error: 0.1772 - mean_absolute_error: 0.3557
320/600 [===============>..............] - ETA: 0s - loss: 0.1807 - mean_squared_error: 0.1807 - mean_absolute_error: 0.3527
Epoch 00032: val_loss improved from 0.14792 to 0.14479, saving model to /n/home05/isvetkey/cnn-stimuli/RESULTS/s.Figure5.direction/5/VGG19.h5

600/600 [==============================] - 0s 330us/step - loss: 0.1774 - mean_squared_error: 0.1774 - mean_absolute_error: 0.3501 - val_loss: 0.1448 - val_mean_squared_error: 0.1448 - val_mean_absolute_error: 0.3085
Epoch 33/1000

 32/600 [>.............................] - ETA: 0s - loss: 0.1998 - mean_squared_error: 0.1998 - mean_absolute_error: 0.3712
320/600 [===============>..............] - ETA: 0s - loss: 0.1689 - mean_squared_error: 0.1689 - mean_absolute_error: 0.3397
Epoch 00033: val_loss improved from 0.14479 to 0.14177, saving model to /n/home05/isvetkey/cnn-stimuli/RESULTS/s.Figure5.direction/5/VGG19.h5

600/600 [==============================] - 0s 324us/step - loss: 0.1742 - mean_squared_error: 0.1742 - mean_absolute_error: 0.3474 - val_loss: 0.1418 - val_mean_squared_error: 0.1418 - val_mean_absolute_error: 0.3052
Epoch 34/1000

 32/600 [>.............................] - ETA: 0s - loss: 0.1784 - mean_squared_error: 0.1784 - mean_absolute_error: 0.3479
224/600 [==========>...................] - ETA: 0s - loss: 0.1756 - mean_squared_error: 0.1756 - mean_absolute_error: 0.3505
480/600 [=======================>......] - ETA: 0s - loss: 0.1712 - mean_squared_error: 0.1712 - mean_absolute_error: 0.3450
Epoch 00034: val_loss improved from 0.14177 to 0.13883, saving model to /n/home05/isvetkey/cnn-stimuli/RESULTS/s.Figure5.direction/5/VGG19.h5

600/600 [==============================] - 0s 398us/step - loss: 0.1709 - mean_squared_error: 0.1709 - mean_absolute_error: 0.3445 - val_loss: 0.1388 - val_mean_squared_error: 0.1388 - val_mean_absolute_error: 0.3020
Epoch 35/1000

 32/600 [>.............................] - ETA: 0s - loss: 0.1551 - mean_squared_error: 0.1551 - mean_absolute_error: 0.3194
256/600 [===========>..................] - ETA: 0s - loss: 0.1712 - mean_squared_error: 0.1712 - mean_absolute_error: 0.3438
512/600 [========================>.....] - ETA: 0s - loss: 0.1684 - mean_squared_error: 0.1684 - mean_absolute_error: 0.3411
Epoch 00035: val_loss improved from 0.13883 to 0.13600, saving model to /n/home05/isvetkey/cnn-stimuli/RESULTS/s.Figure5.direction/5/VGG19.h5

600/600 [==============================] - 0s 362us/step - loss: 0.1681 - mean_squared_error: 0.1681 - mean_absolute_error: 0.3408 - val_loss: 0.1360 - val_mean_squared_error: 0.1360 - val_mean_absolute_error: 0.2989
Epoch 36/1000

 32/600 [>.............................] - ETA: 0s - loss: 0.1300 - mean_squared_error: 0.1300 - mean_absolute_error: 0.2905
320/600 [===============>..............] - ETA: 0s - loss: 0.1684 - mean_squared_error: 0.1684 - mean_absolute_error: 0.3429
Epoch 00036: val_loss improved from 0.13600 to 0.13322, saving model to /n/home05/isvetkey/cnn-stimuli/RESULTS/s.Figure5.direction/5/VGG19.h5

600/600 [==============================] - 0s 363us/step - loss: 0.1643 - mean_squared_error: 0.1643 - mean_absolute_error: 0.3370 - val_loss: 0.1332 - val_mean_squared_error: 0.1332 - val_mean_absolute_error: 0.2958
Epoch 37/1000

 32/600 [>.............................] - ETA: 0s - loss: 0.1613 - mean_squared_error: 0.1613 - mean_absolute_error: 0.3282
288/600 [=============>................] - ETA: 0s - loss: 0.1677 - mean_squared_error: 0.1677 - mean_absolute_error: 0.3408
576/600 [===========================>..] - ETA: 0s - loss: 0.1605 - mean_squared_error: 0.1605 - mean_absolute_error: 0.3328
Epoch 00037: val_loss improved from 0.13322 to 0.13057, saving model to /n/home05/isvetkey/cnn-stimuli/RESULTS/s.Figure5.direction/5/VGG19.h5

600/600 [==============================] - 0s 367us/step - loss: 0.1610 - mean_squared_error: 0.1610 - mean_absolute_error: 0.3337 - val_loss: 0.1306 - val_mean_squared_error: 0.1306 - val_mean_absolute_error: 0.2929
Epoch 38/1000

 32/600 [>.............................] - ETA: 0s - loss: 0.2012 - mean_squared_error: 0.2012 - mean_absolute_error: 0.3837
224/600 [==========>...................] - ETA: 0s - loss: 0.1625 - mean_squared_error: 0.1625 - mean_absolute_error: 0.3362
480/600 [=======================>......] - ETA: 0s - loss: 0.1572 - mean_squared_error: 0.1572 - mean_absolute_error: 0.3287
Epoch 00038: val_loss improved from 0.13057 to 0.12799, saving model to /n/home05/isvetkey/cnn-stimuli/RESULTS/s.Figure5.direction/5/VGG19.h5

600/600 [==============================] - 0s 367us/step - loss: 0.1580 - mean_squared_error: 0.1580 - mean_absolute_error: 0.3294 - val_loss: 0.1280 - val_mean_squared_error: 0.1280 - val_mean_absolute_error: 0.2899
Epoch 39/1000

 32/600 [>.............................] - ETA: 0s - loss: 0.1693 - mean_squared_error: 0.1693 - mean_absolute_error: 0.3500
256/600 [===========>..................] - ETA: 0s - loss: 0.1449 - mean_squared_error: 0.1449 - mean_absolute_error: 0.3125
544/600 [==========================>...] - ETA: 0s - loss: 0.1541 - mean_squared_error: 0.1541 - mean_absolute_error: 0.3254
Epoch 00039: val_loss improved from 0.12799 to 0.12551, saving model to /n/home05/isvetkey/cnn-stimuli/RESULTS/s.Figure5.direction/5/VGG19.h5

600/600 [==============================] - 0s 366us/step - loss: 0.1554 - mean_squared_error: 0.1554 - mean_absolute_error: 0.3273 - val_loss: 0.1255 - val_mean_squared_error: 0.1255 - val_mean_absolute_error: 0.2871
Epoch 40/1000

 32/600 [>.............................] - ETA: 0s - loss: 0.1580 - mean_squared_error: 0.1580 - mean_absolute_error: 0.3345
256/600 [===========>..................] - ETA: 0s - loss: 0.1505 - mean_squared_error: 0.1505 - mean_absolute_error: 0.3237
544/600 [==========================>...] - ETA: 0s - loss: 0.1511 - mean_squared_error: 0.1511 - mean_absolute_error: 0.3230
Epoch 00040: val_loss improved from 0.12551 to 0.12305, saving model to /n/home05/isvetkey/cnn-stimuli/RESULTS/s.Figure5.direction/5/VGG19.h5

600/600 [==============================] - 0s 365us/step - loss: 0.1521 - mean_squared_error: 0.1521 - mean_absolute_error: 0.3239 - val_loss: 0.1231 - val_mean_squared_error: 0.1231 - val_mean_absolute_error: 0.2843
Epoch 41/1000

 32/600 [>.............................] - ETA: 0s - loss: 0.1462 - mean_squared_error: 0.1462 - mean_absolute_error: 0.3223
256/600 [===========>..................] - ETA: 0s - loss: 0.1493 - mean_squared_error: 0.1493 - mean_absolute_error: 0.3197
512/600 [========================>.....] - ETA: 0s - loss: 0.1516 - mean_squared_error: 0.1516 - mean_absolute_error: 0.3237
Epoch 00041: val_loss improved from 0.12305 to 0.12071, saving model to /n/home05/isvetkey/cnn-stimuli/RESULTS/s.Figure5.direction/5/VGG19.h5

600/600 [==============================] - 0s 379us/step - loss: 0.1499 - mean_squared_error: 0.1499 - mean_absolute_error: 0.3219 - val_loss: 0.1207 - val_mean_squared_error: 0.1207 - val_mean_absolute_error: 0.2817
Epoch 42/1000

 32/600 [>.............................] - ETA: 0s - loss: 0.1501 - mean_squared_error: 0.1501 - mean_absolute_error: 0.3204
320/600 [===============>..............] - ETA: 0s - loss: 0.1520 - mean_squared_error: 0.1520 - mean_absolute_error: 0.3228
576/600 [===========================>..] - ETA: 0s - loss: 0.1474 - mean_squared_error: 0.1474 - mean_absolute_error: 0.3183
Epoch 00042: val_loss improved from 0.12071 to 0.11844, saving model to /n/home05/isvetkey/cnn-stimuli/RESULTS/s.Figure5.direction/5/VGG19.h5

600/600 [==============================] - 0s 346us/step - loss: 0.1476 - mean_squared_error: 0.1476 - mean_absolute_error: 0.3188 - val_loss: 0.1184 - val_mean_squared_error: 0.1184 - val_mean_absolute_error: 0.2791
Epoch 43/1000

 32/600 [>.............................] - ETA: 0s - loss: 0.1459 - mean_squared_error: 0.1459 - mean_absolute_error: 0.3101
320/600 [===============>..............] - ETA: 0s - loss: 0.1464 - mean_squared_error: 0.1464 - mean_absolute_error: 0.3175
Epoch 00043: val_loss improved from 0.11844 to 0.11623, saving model to /n/home05/isvetkey/cnn-stimuli/RESULTS/s.Figure5.direction/5/VGG19.h5

600/600 [==============================] - 0s 343us/step - loss: 0.1446 - mean_squared_error: 0.1446 - mean_absolute_error: 0.3155 - val_loss: 0.1162 - val_mean_squared_error: 0.1162 - val_mean_absolute_error: 0.2765
Epoch 44/1000

 32/600 [>.............................] - ETA: 0s - loss: 0.1301 - mean_squared_error: 0.1301 - mean_absolute_error: 0.2973
256/600 [===========>..................] - ETA: 0s - loss: 0.1424 - mean_squared_error: 0.1424 - mean_absolute_error: 0.3145
544/600 [==========================>...] - ETA: 0s - loss: 0.1416 - mean_squared_error: 0.1416 - mean_absolute_error: 0.3129
Epoch 00044: val_loss improved from 0.11623 to 0.11411, saving model to /n/home05/isvetkey/cnn-stimuli/RESULTS/s.Figure5.direction/5/VGG19.h5

600/600 [==============================] - 0s 364us/step - loss: 0.1421 - mean_squared_error: 0.1421 - mean_absolute_error: 0.3134 - val_loss: 0.1141 - val_mean_squared_error: 0.1141 - val_mean_absolute_error: 0.2741
Epoch 45/1000

 32/600 [>.............................] - ETA: 0s - loss: 0.1752 - mean_squared_error: 0.1752 - mean_absolute_error: 0.3695
224/600 [==========>...................] - ETA: 0s - loss: 0.1393 - mean_squared_error: 0.1393 - mean_absolute_error: 0.3112
480/600 [=======================>......] - ETA: 0s - loss: 0.1405 - mean_squared_error: 0.1405 - mean_absolute_error: 0.3119
Epoch 00045: val_loss improved from 0.11411 to 0.11205, saving model to /n/home05/isvetkey/cnn-stimuli/RESULTS/s.Figure5.direction/5/VGG19.h5

600/600 [==============================] - 0s 381us/step - loss: 0.1394 - mean_squared_error: 0.1394 - mean_absolute_error: 0.3102 - val_loss: 0.1121 - val_mean_squared_error: 0.1121 - val_mean_absolute_error: 0.2717
Epoch 46/1000

 32/600 [>.............................] - ETA: 0s - loss: 0.1141 - mean_squared_error: 0.1141 - mean_absolute_error: 0.2801
320/600 [===============>..............] - ETA: 0s - loss: 0.1328 - mean_squared_error: 0.1328 - mean_absolute_error: 0.3015
Epoch 00046: val_loss improved from 0.11205 to 0.11006, saving model to /n/home05/isvetkey/cnn-stimuli/RESULTS/s.Figure5.direction/5/VGG19.h5

600/600 [==============================] - 0s 341us/step - loss: 0.1375 - mean_squared_error: 0.1375 - mean_absolute_error: 0.3081 - val_loss: 0.1101 - val_mean_squared_error: 0.1101 - val_mean_absolute_error: 0.2694
Epoch 47/1000

 32/600 [>.............................] - ETA: 0s - loss: 0.1124 - mean_squared_error: 0.1124 - mean_absolute_error: 0.2660
256/600 [===========>..................] - ETA: 0s - loss: 0.1309 - mean_squared_error: 0.1309 - mean_absolute_error: 0.2994
512/600 [========================>.....] - ETA: 0s - loss: 0.1381 - mean_squared_error: 0.1381 - mean_absolute_error: 0.3108
Epoch 00047: val_loss improved from 0.11006 to 0.10812, saving model to /n/home05/isvetkey/cnn-stimuli/RESULTS/s.Figure5.direction/5/VGG19.h5

600/600 [==============================] - 0s 707us/step - loss: 0.1351 - mean_squared_error: 0.1351 - mean_absolute_error: 0.3055 - val_loss: 0.1081 - val_mean_squared_error: 0.1081 - val_mean_absolute_error: 0.2671
Epoch 48/1000

 32/600 [>.............................] - ETA: 0s - loss: 0.1443 - mean_squared_error: 0.1443 - mean_absolute_error: 0.3115
256/600 [===========>..................] - ETA: 0s - loss: 0.1382 - mean_squared_error: 0.1382 - mean_absolute_error: 0.3126
544/600 [==========================>...] - ETA: 0s - loss: 0.1321 - mean_squared_error: 0.1321 - mean_absolute_error: 0.3028
Epoch 00048: val_loss improved from 0.10812 to 0.10625, saving model to /n/home05/isvetkey/cnn-stimuli/RESULTS/s.Figure5.direction/5/VGG19.h5

600/600 [==============================] - 0s 372us/step - loss: 0.1328 - mean_squared_error: 0.1328 - mean_absolute_error: 0.3027 - val_loss: 0.1062 - val_mean_squared_error: 0.1062 - val_mean_absolute_error: 0.2649
Epoch 49/1000

 32/600 [>.............................] - ETA: 0s - loss: 0.1256 - mean_squared_error: 0.1256 - mean_absolute_error: 0.2892
224/600 [==========>...................] - ETA: 0s - loss: 0.1318 - mean_squared_error: 0.1318 - mean_absolute_error: 0.3016
480/600 [=======================>......] - ETA: 0s - loss: 0.1316 - mean_squared_error: 0.1316 - mean_absolute_error: 0.3018
Epoch 00049: val_loss improved from 0.10625 to 0.10446, saving model to /n/home05/isvetkey/cnn-stimuli/RESULTS/s.Figure5.direction/5/VGG19.h5

600/600 [==============================] - 0s 710us/step - loss: 0.1310 - mean_squared_error: 0.1310 - mean_absolute_error: 0.3002 - val_loss: 0.1045 - val_mean_squared_error: 0.1045 - val_mean_absolute_error: 0.2629
Epoch 50/1000

 32/600 [>.............................] - ETA: 0s - loss: 0.1553 - mean_squared_error: 0.1553 - mean_absolute_error: 0.3347
256/600 [===========>..................] - ETA: 0s - loss: 0.1340 - mean_squared_error: 0.1340 - mean_absolute_error: 0.3063
544/600 [==========================>...] - ETA: 0s - loss: 0.1316 - mean_squared_error: 0.1316 - mean_absolute_error: 0.3024
Epoch 00050: val_loss improved from 0.10446 to 0.10269, saving model to /n/home05/isvetkey/cnn-stimuli/RESULTS/s.Figure5.direction/5/VGG19.h5

600/600 [==============================] - 0s 356us/step - loss: 0.1288 - mean_squared_error: 0.1288 - mean_absolute_error: 0.2982 - val_loss: 0.1027 - val_mean_squared_error: 0.1027 - val_mean_absolute_error: 0.2608
Epoch 51/1000

 32/600 [>.............................] - ETA: 0s - loss: 0.1273 - mean_squared_error: 0.1273 - mean_absolute_error: 0.2924
320/600 [===============>..............] - ETA: 0s - loss: 0.1268 - mean_squared_error: 0.1268 - mean_absolute_error: 0.2975
Epoch 00051: val_loss improved from 0.10269 to 0.10101, saving model to /n/home05/isvetkey/cnn-stimuli/RESULTS/s.Figure5.direction/5/VGG19.h5
