My SLURM_ARRAY_TASK_ID:  3
Running s.Figure5.direction with flags 5 with VGG19
Working in /n/home05/isvetkey/cnn-stimuli/RESULTS/s.Figure5.direction/5/VGG19
Storing /n/home05/isvetkey/cnn-stimuli/RESULTS/s.Figure5.direction/5/VGG19.p
Storing /n/home05/isvetkey/cnn-stimuli/RESULTS/s.Figure5.direction/5/VGG19.h5
Done 19.6616790295 seconds ( 137390 iterations)
memory usage 60.016 MB

 32/600 [>.............................] - ETA: 41s
 64/600 [==>...........................] - ETA: 19s
 96/600 [===>..........................] - ETA: 12s
128/600 [=====>........................] - ETA: 9s 
160/600 [=======>......................] - ETA: 7s
192/600 [========>.....................] - ETA: 5s
224/600 [==========>...................] - ETA: 4s
256/600 [===========>..................] - ETA: 3s
288/600 [=============>................] - ETA: 3s
320/600 [===============>..............] - ETA: 2s
352/600 [================>.............] - ETA: 2s
384/600 [==================>...........] - ETA: 1s
416/600 [===================>..........] - ETA: 1s
448/600 [=====================>........] - ETA: 1s
480/600 [=======================>......] - ETA: 0s
512/600 [========================>.....] - ETA: 0s
544/600 [==========================>...] - ETA: 0s
576/600 [===========================>..] - ETA: 0s
600/600 [==============================] - 4s 6ms/step

 32/200 [===>..........................] - ETA: 0s
 64/200 [========>.....................] - ETA: 0s
 96/200 [=============>................] - ETA: 0s
128/200 [==================>...........] - ETA: 0s
160/200 [=======================>......] - ETA: 0s
192/200 [===========================>..] - ETA: 0s
200/200 [==============================] - 1s 3ms/step

 32/200 [===>..........................] - ETA: 0s
 64/200 [========>.....................] - ETA: 0s
 96/200 [=============>................] - ETA: 0s
128/200 [==================>...........] - ETA: 0s
160/200 [=======================>......] - ETA: 0s
192/200 [===========================>..] - ETA: 0s
200/200 [==============================] - 0s 2ms/step
VGG19 features done after 4.62468600273
memory usage 24.576 MB
Train on 600 samples, validate on 200 samples
Epoch 1/1000

 32/600 [>.............................] - ETA: 5s - loss: 0.3012 - mean_squared_error: 0.3012 - mean_absolute_error: 0.4701
352/600 [================>.............] - ETA: 0s - loss: 0.3288 - mean_squared_error: 0.3288 - mean_absolute_error: 0.4996
Epoch 00001: val_loss improved from inf to 0.34539, saving model to /n/home05/isvetkey/cnn-stimuli/RESULTS/s.Figure5.direction/5/VGG19.h5

600/600 [==============================] - 1s 900us/step - loss: 0.3194 - mean_squared_error: 0.3194 - mean_absolute_error: 0.4901 - val_loss: 0.3454 - val_mean_squared_error: 0.3454 - val_mean_absolute_error: 0.4947
Epoch 2/1000

 32/600 [>.............................] - ETA: 0s - loss: 0.2700 - mean_squared_error: 0.2700 - mean_absolute_error: 0.4375
352/600 [================>.............] - ETA: 0s - loss: 0.3098 - mean_squared_error: 0.3098 - mean_absolute_error: 0.4815
Epoch 00002: val_loss improved from 0.34539 to 0.33824, saving model to /n/home05/isvetkey/cnn-stimuli/RESULTS/s.Figure5.direction/5/VGG19.h5

600/600 [==============================] - 0s 307us/step - loss: 0.3128 - mean_squared_error: 0.3128 - mean_absolute_error: 0.4841 - val_loss: 0.3382 - val_mean_squared_error: 0.3382 - val_mean_absolute_error: 0.4882
Epoch 3/1000

 32/600 [>.............................] - ETA: 0s - loss: 0.3304 - mean_squared_error: 0.3304 - mean_absolute_error: 0.4955
256/600 [===========>..................] - ETA: 0s - loss: 0.3112 - mean_squared_error: 0.3112 - mean_absolute_error: 0.4788
544/600 [==========================>...] - ETA: 0s - loss: 0.3034 - mean_squared_error: 0.3034 - mean_absolute_error: 0.4746
Epoch 00003: val_loss improved from 0.33824 to 0.33106, saving model to /n/home05/isvetkey/cnn-stimuli/RESULTS/s.Figure5.direction/5/VGG19.h5

600/600 [==============================] - 0s 388us/step - loss: 0.3057 - mean_squared_error: 0.3057 - mean_absolute_error: 0.4778 - val_loss: 0.3311 - val_mean_squared_error: 0.3311 - val_mean_absolute_error: 0.4817
Epoch 4/1000

 32/600 [>.............................] - ETA: 0s - loss: 0.3203 - mean_squared_error: 0.3203 - mean_absolute_error: 0.4964
256/600 [===========>..................] - ETA: 0s - loss: 0.3161 - mean_squared_error: 0.3161 - mean_absolute_error: 0.4893
544/600 [==========================>...] - ETA: 0s - loss: 0.3037 - mean_squared_error: 0.3037 - mean_absolute_error: 0.4762
Epoch 00004: val_loss improved from 0.33106 to 0.32401, saving model to /n/home05/isvetkey/cnn-stimuli/RESULTS/s.Figure5.direction/5/VGG19.h5

600/600 [==============================] - 0s 408us/step - loss: 0.2987 - mean_squared_error: 0.2987 - mean_absolute_error: 0.4714 - val_loss: 0.3240 - val_mean_squared_error: 0.3240 - val_mean_absolute_error: 0.4753
Epoch 5/1000

 32/600 [>.............................] - ETA: 0s - loss: 0.2905 - mean_squared_error: 0.2905 - mean_absolute_error: 0.4658
256/600 [===========>..................] - ETA: 0s - loss: 0.2860 - mean_squared_error: 0.2860 - mean_absolute_error: 0.4591
544/600 [==========================>...] - ETA: 0s - loss: 0.2897 - mean_squared_error: 0.2897 - mean_absolute_error: 0.4630
Epoch 00005: val_loss improved from 0.32401 to 0.31726, saving model to /n/home05/isvetkey/cnn-stimuli/RESULTS/s.Figure5.direction/5/VGG19.h5

600/600 [==============================] - 0s 370us/step - loss: 0.2918 - mean_squared_error: 0.2918 - mean_absolute_error: 0.4652 - val_loss: 0.3173 - val_mean_squared_error: 0.3173 - val_mean_absolute_error: 0.4693
Epoch 6/1000

 32/600 [>.............................] - ETA: 0s - loss: 0.2850 - mean_squared_error: 0.2850 - mean_absolute_error: 0.4628
224/600 [==========>...................] - ETA: 0s - loss: 0.2916 - mean_squared_error: 0.2916 - mean_absolute_error: 0.4648
480/600 [=======================>......] - ETA: 0s - loss: 0.2899 - mean_squared_error: 0.2899 - mean_absolute_error: 0.4630
Epoch 00006: val_loss improved from 0.31726 to 0.31063, saving model to /n/home05/isvetkey/cnn-stimuli/RESULTS/s.Figure5.direction/5/VGG19.h5

600/600 [==============================] - 0s 373us/step - loss: 0.2852 - mean_squared_error: 0.2852 - mean_absolute_error: 0.4591 - val_loss: 0.3106 - val_mean_squared_error: 0.3106 - val_mean_absolute_error: 0.4633
Epoch 7/1000

 32/600 [>.............................] - ETA: 0s - loss: 0.2818 - mean_squared_error: 0.2818 - mean_absolute_error: 0.4513
288/600 [=============>................] - ETA: 0s - loss: 0.2882 - mean_squared_error: 0.2882 - mean_absolute_error: 0.4644
576/600 [===========================>..] - ETA: 0s - loss: 0.2780 - mean_squared_error: 0.2780 - mean_absolute_error: 0.4525
Epoch 00007: val_loss improved from 0.31063 to 0.30417, saving model to /n/home05/isvetkey/cnn-stimuli/RESULTS/s.Figure5.direction/5/VGG19.h5

600/600 [==============================] - 0s 337us/step - loss: 0.2785 - mean_squared_error: 0.2785 - mean_absolute_error: 0.4529 - val_loss: 0.3042 - val_mean_squared_error: 0.3042 - val_mean_absolute_error: 0.4575
Epoch 8/1000

 32/600 [>.............................] - ETA: 0s - loss: 0.2797 - mean_squared_error: 0.2797 - mean_absolute_error: 0.4519
224/600 [==========>...................] - ETA: 0s - loss: 0.2718 - mean_squared_error: 0.2718 - mean_absolute_error: 0.4482
480/600 [=======================>......] - ETA: 0s - loss: 0.2737 - mean_squared_error: 0.2737 - mean_absolute_error: 0.4486
Epoch 00008: val_loss improved from 0.30417 to 0.29789, saving model to /n/home05/isvetkey/cnn-stimuli/RESULTS/s.Figure5.direction/5/VGG19.h5

600/600 [==============================] - 0s 378us/step - loss: 0.2723 - mean_squared_error: 0.2723 - mean_absolute_error: 0.4472 - val_loss: 0.2979 - val_mean_squared_error: 0.2979 - val_mean_absolute_error: 0.4519
Epoch 9/1000

 32/600 [>.............................] - ETA: 0s - loss: 0.2925 - mean_squared_error: 0.2925 - mean_absolute_error: 0.4745
224/600 [==========>...................] - ETA: 0s - loss: 0.2663 - mean_squared_error: 0.2663 - mean_absolute_error: 0.4415
480/600 [=======================>......] - ETA: 0s - loss: 0.2670 - mean_squared_error: 0.2670 - mean_absolute_error: 0.4425
Epoch 00009: val_loss improved from 0.29789 to 0.29177, saving model to /n/home05/isvetkey/cnn-stimuli/RESULTS/s.Figure5.direction/5/VGG19.h5

600/600 [==============================] - 0s 376us/step - loss: 0.2661 - mean_squared_error: 0.2661 - mean_absolute_error: 0.4414 - val_loss: 0.2918 - val_mean_squared_error: 0.2918 - val_mean_absolute_error: 0.4465
Epoch 10/1000

 32/600 [>.............................] - ETA: 0s - loss: 0.3070 - mean_squared_error: 0.3070 - mean_absolute_error: 0.4769
256/600 [===========>..................] - ETA: 0s - loss: 0.2592 - mean_squared_error: 0.2592 - mean_absolute_error: 0.4355
544/600 [==========================>...] - ETA: 0s - loss: 0.2614 - mean_squared_error: 0.2614 - mean_absolute_error: 0.4378
Epoch 00010: val_loss improved from 0.29177 to 0.28580, saving model to /n/home05/isvetkey/cnn-stimuli/RESULTS/s.Figure5.direction/5/VGG19.h5

600/600 [==============================] - 0s 369us/step - loss: 0.2602 - mean_squared_error: 0.2602 - mean_absolute_error: 0.4357 - val_loss: 0.2858 - val_mean_squared_error: 0.2858 - val_mean_absolute_error: 0.4413
Epoch 11/1000

 32/600 [>.............................] - ETA: 0s - loss: 0.2713 - mean_squared_error: 0.2713 - mean_absolute_error: 0.4472
224/600 [==========>...................] - ETA: 0s - loss: 0.2616 - mean_squared_error: 0.2616 - mean_absolute_error: 0.4386
448/600 [=====================>........] - ETA: 0s - loss: 0.2567 - mean_squared_error: 0.2567 - mean_absolute_error: 0.4337
Epoch 00011: val_loss improved from 0.28580 to 0.27998, saving model to /n/home05/isvetkey/cnn-stimuli/RESULTS/s.Figure5.direction/5/VGG19.h5

600/600 [==============================] - 0s 389us/step - loss: 0.2541 - mean_squared_error: 0.2541 - mean_absolute_error: 0.4300 - val_loss: 0.2800 - val_mean_squared_error: 0.2800 - val_mean_absolute_error: 0.4362
Epoch 12/1000

 32/600 [>.............................] - ETA: 0s - loss: 0.2563 - mean_squared_error: 0.2563 - mean_absolute_error: 0.4333
320/600 [===============>..............] - ETA: 0s - loss: 0.2535 - mean_squared_error: 0.2535 - mean_absolute_error: 0.4293
Epoch 00012: val_loss improved from 0.27998 to 0.27433, saving model to /n/home05/isvetkey/cnn-stimuli/RESULTS/s.Figure5.direction/5/VGG19.h5

600/600 [==============================] - 0s 341us/step - loss: 0.2483 - mean_squared_error: 0.2483 - mean_absolute_error: 0.4243 - val_loss: 0.2743 - val_mean_squared_error: 0.2743 - val_mean_absolute_error: 0.4311
Epoch 13/1000

 32/600 [>.............................] - ETA: 0s - loss: 0.1929 - mean_squared_error: 0.1929 - mean_absolute_error: 0.3518
224/600 [==========>...................] - ETA: 0s - loss: 0.2455 - mean_squared_error: 0.2455 - mean_absolute_error: 0.4197
480/600 [=======================>......] - ETA: 0s - loss: 0.2411 - mean_squared_error: 0.2411 - mean_absolute_error: 0.4162
Epoch 00013: val_loss improved from 0.27433 to 0.26882, saving model to /n/home05/isvetkey/cnn-stimuli/RESULTS/s.Figure5.direction/5/VGG19.h5

600/600 [==============================] - 0s 423us/step - loss: 0.2427 - mean_squared_error: 0.2427 - mean_absolute_error: 0.4189 - val_loss: 0.2688 - val_mean_squared_error: 0.2688 - val_mean_absolute_error: 0.4262
Epoch 14/1000

 32/600 [>.............................] - ETA: 0s - loss: 0.2187 - mean_squared_error: 0.2187 - mean_absolute_error: 0.3906
352/600 [================>.............] - ETA: 0s - loss: 0.2323 - mean_squared_error: 0.2323 - mean_absolute_error: 0.4095
Epoch 00014: val_loss improved from 0.26882 to 0.26346, saving model to /n/home05/isvetkey/cnn-stimuli/RESULTS/s.Figure5.direction/5/VGG19.h5

600/600 [==============================] - 0s 319us/step - loss: 0.2374 - mean_squared_error: 0.2374 - mean_absolute_error: 0.4137 - val_loss: 0.2635 - val_mean_squared_error: 0.2635 - val_mean_absolute_error: 0.4214
Epoch 15/1000

 32/600 [>.............................] - ETA: 0s - loss: 0.2288 - mean_squared_error: 0.2288 - mean_absolute_error: 0.3941
320/600 [===============>..............] - ETA: 0s - loss: 0.2250 - mean_squared_error: 0.2250 - mean_absolute_error: 0.4008
Epoch 00015: val_loss improved from 0.26346 to 0.25825, saving model to /n/home05/isvetkey/cnn-stimuli/RESULTS/s.Figure5.direction/5/VGG19.h5

600/600 [==============================] - 0s 329us/step - loss: 0.2323 - mean_squared_error: 0.2323 - mean_absolute_error: 0.4085 - val_loss: 0.2582 - val_mean_squared_error: 0.2582 - val_mean_absolute_error: 0.4168
Epoch 16/1000

 32/600 [>.............................] - ETA: 0s - loss: 0.2328 - mean_squared_error: 0.2328 - mean_absolute_error: 0.4175
224/600 [==========>...................] - ETA: 0s - loss: 0.2204 - mean_squared_error: 0.2204 - mean_absolute_error: 0.3946
480/600 [=======================>......] - ETA: 0s - loss: 0.2289 - mean_squared_error: 0.2289 - mean_absolute_error: 0.4050
Epoch 00016: val_loss improved from 0.25825 to 0.25318, saving model to /n/home05/isvetkey/cnn-stimuli/RESULTS/s.Figure5.direction/5/VGG19.h5

600/600 [==============================] - 0s 378us/step - loss: 0.2277 - mean_squared_error: 0.2277 - mean_absolute_error: 0.4037 - val_loss: 0.2532 - val_mean_squared_error: 0.2532 - val_mean_absolute_error: 0.4123
Epoch 17/1000

 32/600 [>.............................] - ETA: 0s - loss: 0.2135 - mean_squared_error: 0.2135 - mean_absolute_error: 0.3912
224/600 [==========>...................] - ETA: 0s - loss: 0.2032 - mean_squared_error: 0.2032 - mean_absolute_error: 0.3798
480/600 [=======================>......] - ETA: 0s - loss: 0.2208 - mean_squared_error: 0.2208 - mean_absolute_error: 0.3974
Epoch 00017: val_loss improved from 0.25318 to 0.24826, saving model to /n/home05/isvetkey/cnn-stimuli/RESULTS/s.Figure5.direction/5/VGG19.h5

600/600 [==============================] - 0s 375us/step - loss: 0.2222 - mean_squared_error: 0.2222 - mean_absolute_error: 0.3981 - val_loss: 0.2483 - val_mean_squared_error: 0.2483 - val_mean_absolute_error: 0.4079
Epoch 18/1000

 32/600 [>.............................] - ETA: 0s - loss: 0.2198 - mean_squared_error: 0.2198 - mean_absolute_error: 0.3992
224/600 [==========>...................] - ETA: 0s - loss: 0.2239 - mean_squared_error: 0.2239 - mean_absolute_error: 0.4016
480/600 [=======================>......] - ETA: 0s - loss: 0.2238 - mean_squared_error: 0.2238 - mean_absolute_error: 0.4008
Epoch 00018: val_loss improved from 0.24826 to 0.24343, saving model to /n/home05/isvetkey/cnn-stimuli/RESULTS/s.Figure5.direction/5/VGG19.h5

600/600 [==============================] - 0s 380us/step - loss: 0.2179 - mean_squared_error: 0.2179 - mean_absolute_error: 0.3937 - val_loss: 0.2434 - val_mean_squared_error: 0.2434 - val_mean_absolute_error: 0.4035
Epoch 19/1000

 32/600 [>.............................] - ETA: 0s - loss: 0.2096 - mean_squared_error: 0.2096 - mean_absolute_error: 0.3834
224/600 [==========>...................] - ETA: 0s - loss: 0.2150 - mean_squared_error: 0.2150 - mean_absolute_error: 0.3917
480/600 [=======================>......] - ETA: 0s - loss: 0.2139 - mean_squared_error: 0.2139 - mean_absolute_error: 0.3902
Epoch 00019: val_loss improved from 0.24343 to 0.23879, saving model to /n/home05/isvetkey/cnn-stimuli/RESULTS/s.Figure5.direction/5/VGG19.h5

600/600 [==============================] - 0s 365us/step - loss: 0.2127 - mean_squared_error: 0.2127 - mean_absolute_error: 0.3884 - val_loss: 0.2388 - val_mean_squared_error: 0.2388 - val_mean_absolute_error: 0.3993
Epoch 20/1000

 32/600 [>.............................] - ETA: 0s - loss: 0.2184 - mean_squared_error: 0.2184 - mean_absolute_error: 0.4054
320/600 [===============>..............] - ETA: 0s - loss: 0.2098 - mean_squared_error: 0.2098 - mean_absolute_error: 0.3841
Epoch 00020: val_loss improved from 0.23879 to 0.23425, saving model to /n/home05/isvetkey/cnn-stimuli/RESULTS/s.Figure5.direction/5/VGG19.h5

600/600 [==============================] - 0s 333us/step - loss: 0.2081 - mean_squared_error: 0.2081 - mean_absolute_error: 0.3835 - val_loss: 0.2343 - val_mean_squared_error: 0.2343 - val_mean_absolute_error: 0.3951
Epoch 21/1000

 32/600 [>.............................] - ETA: 0s - loss: 0.1944 - mean_squared_error: 0.1944 - mean_absolute_error: 0.3629
320/600 [===============>..............] - ETA: 0s - loss: 0.2026 - mean_squared_error: 0.2026 - mean_absolute_error: 0.3789
Epoch 00021: val_loss improved from 0.23425 to 0.22985, saving model to /n/home05/isvetkey/cnn-stimuli/RESULTS/s.Figure5.direction/5/VGG19.h5
