My SLURM_ARRAY_TASK_ID:  4
Running s.Figure5.length with flags 5 with VGG19
Working in /n/home05/isvetkey/cnn-stimuli/RESULTS/s.Figure5.length/5/VGG19
Storing /n/home05/isvetkey/cnn-stimuli/RESULTS/s.Figure5.length/5/VGG19.p
Storing /n/home05/isvetkey/cnn-stimuli/RESULTS/s.Figure5.length/5/VGG19.h5
Done 229.718579054 seconds ( 4437183 iterations)
memory usage 60.016 MB

 32/600 [>.............................] - ETA: 40s
 64/600 [==>...........................] - ETA: 19s
 96/600 [===>..........................] - ETA: 12s
128/600 [=====>........................] - ETA: 9s 
160/600 [=======>......................] - ETA: 6s
192/600 [========>.....................] - ETA: 5s
224/600 [==========>...................] - ETA: 4s
256/600 [===========>..................] - ETA: 3s
288/600 [=============>................] - ETA: 2s
320/600 [===============>..............] - ETA: 2s
352/600 [================>.............] - ETA: 2s
384/600 [==================>...........] - ETA: 1s
416/600 [===================>..........] - ETA: 1s
448/600 [=====================>........] - ETA: 1s
480/600 [=======================>......] - ETA: 0s
512/600 [========================>.....] - ETA: 0s
544/600 [==========================>...] - ETA: 0s
576/600 [===========================>..] - ETA: 0s
600/600 [==============================] - 4s 6ms/step

 32/200 [===>..........................] - ETA: 0s
 64/200 [========>.....................] - ETA: 0s
 96/200 [=============>................] - ETA: 0s
128/200 [==================>...........] - ETA: 0s
160/200 [=======================>......] - ETA: 0s
192/200 [===========================>..] - ETA: 0s
200/200 [==============================] - 1s 3ms/step

 32/200 [===>..........................] - ETA: 0s
 64/200 [========>.....................] - ETA: 0s
 96/200 [=============>................] - ETA: 0s
128/200 [==================>...........] - ETA: 0s
160/200 [=======================>......] - ETA: 0s
192/200 [===========================>..] - ETA: 0s
200/200 [==============================] - 0s 2ms/step
VGG19 features done after 4.60838389397
memory usage 24.576 MB
Train on 600 samples, validate on 200 samples
Epoch 1/1000

 32/600 [>.............................] - ETA: 5s - loss: 0.7636 - mean_squared_error: 0.7636 - mean_absolute_error: 0.8646
352/600 [================>.............] - ETA: 0s - loss: 0.7507 - mean_squared_error: 0.7507 - mean_absolute_error: 0.8568
Epoch 00001: val_loss improved from inf to 0.32578, saving model to /n/home05/isvetkey/cnn-stimuli/RESULTS/s.Figure5.length/5/VGG19.h5

600/600 [==============================] - 1s 863us/step - loss: 0.7482 - mean_squared_error: 0.7482 - mean_absolute_error: 0.8553 - val_loss: 0.3258 - val_mean_squared_error: 0.3258 - val_mean_absolute_error: 0.5093
Epoch 2/1000

 32/600 [>.............................] - ETA: 0s - loss: 0.7527 - mean_squared_error: 0.7527 - mean_absolute_error: 0.8592
288/600 [=============>................] - ETA: 0s - loss: 0.7367 - mean_squared_error: 0.7367 - mean_absolute_error: 0.8487
Epoch 00002: val_loss improved from 0.32578 to 0.31404, saving model to /n/home05/isvetkey/cnn-stimuli/RESULTS/s.Figure5.length/5/VGG19.h5

600/600 [==============================] - 0s 314us/step - loss: 0.7305 - mean_squared_error: 0.7305 - mean_absolute_error: 0.8449 - val_loss: 0.3140 - val_mean_squared_error: 0.3140 - val_mean_absolute_error: 0.4979
Epoch 3/1000

 32/600 [>.............................] - ETA: 0s - loss: 0.7234 - mean_squared_error: 0.7234 - mean_absolute_error: 0.8415
352/600 [================>.............] - ETA: 0s - loss: 0.7141 - mean_squared_error: 0.7141 - mean_absolute_error: 0.8352
Epoch 00003: val_loss improved from 0.31404 to 0.30224, saving model to /n/home05/isvetkey/cnn-stimuli/RESULTS/s.Figure5.length/5/VGG19.h5

600/600 [==============================] - 0s 294us/step - loss: 0.7110 - mean_squared_error: 0.7110 - mean_absolute_error: 0.8334 - val_loss: 0.3022 - val_mean_squared_error: 0.3022 - val_mean_absolute_error: 0.4862
Epoch 4/1000

 32/600 [>.............................] - ETA: 0s - loss: 0.6962 - mean_squared_error: 0.6962 - mean_absolute_error: 0.8244
352/600 [================>.............] - ETA: 0s - loss: 0.6965 - mean_squared_error: 0.6965 - mean_absolute_error: 0.8249
Epoch 00004: val_loss improved from 0.30224 to 0.29080, saving model to /n/home05/isvetkey/cnn-stimuli/RESULTS/s.Figure5.length/5/VGG19.h5

600/600 [==============================] - 0s 293us/step - loss: 0.6915 - mean_squared_error: 0.6915 - mean_absolute_error: 0.8216 - val_loss: 0.2908 - val_mean_squared_error: 0.2908 - val_mean_absolute_error: 0.4745
Epoch 5/1000

 32/600 [>.............................] - ETA: 0s - loss: 0.6871 - mean_squared_error: 0.6871 - mean_absolute_error: 0.8198
256/600 [===========>..................] - ETA: 0s - loss: 0.6753 - mean_squared_error: 0.6753 - mean_absolute_error: 0.8114
544/600 [==========================>...] - ETA: 0s - loss: 0.6735 - mean_squared_error: 0.6735 - mean_absolute_error: 0.8106
Epoch 00005: val_loss improved from 0.29080 to 0.27979, saving model to /n/home05/isvetkey/cnn-stimuli/RESULTS/s.Figure5.length/5/VGG19.h5

600/600 [==============================] - 0s 329us/step - loss: 0.6726 - mean_squared_error: 0.6726 - mean_absolute_error: 0.8101 - val_loss: 0.2798 - val_mean_squared_error: 0.2798 - val_mean_absolute_error: 0.4630
Epoch 6/1000

 32/600 [>.............................] - ETA: 0s - loss: 0.6637 - mean_squared_error: 0.6637 - mean_absolute_error: 0.8052
352/600 [================>.............] - ETA: 0s - loss: 0.6565 - mean_squared_error: 0.6565 - mean_absolute_error: 0.8002
Epoch 00006: val_loss improved from 0.27979 to 0.26916, saving model to /n/home05/isvetkey/cnn-stimuli/RESULTS/s.Figure5.length/5/VGG19.h5

600/600 [==============================] - 0s 293us/step - loss: 0.6539 - mean_squared_error: 0.6539 - mean_absolute_error: 0.7985 - val_loss: 0.2692 - val_mean_squared_error: 0.2692 - val_mean_absolute_error: 0.4517
Epoch 7/1000

 32/600 [>.............................] - ETA: 0s - loss: 0.6440 - mean_squared_error: 0.6440 - mean_absolute_error: 0.7927
256/600 [===========>..................] - ETA: 0s - loss: 0.6345 - mean_squared_error: 0.6345 - mean_absolute_error: 0.7854
544/600 [==========================>...] - ETA: 0s - loss: 0.6352 - mean_squared_error: 0.6352 - mean_absolute_error: 0.7866
Epoch 00007: val_loss improved from 0.26916 to 0.25892, saving model to /n/home05/isvetkey/cnn-stimuli/RESULTS/s.Figure5.length/5/VGG19.h5

600/600 [==============================] - 0s 327us/step - loss: 0.6361 - mean_squared_error: 0.6361 - mean_absolute_error: 0.7873 - val_loss: 0.2589 - val_mean_squared_error: 0.2589 - val_mean_absolute_error: 0.4409
Epoch 8/1000

 32/600 [>.............................] - ETA: 0s - loss: 0.6362 - mean_squared_error: 0.6362 - mean_absolute_error: 0.7892
288/600 [=============>................] - ETA: 0s - loss: 0.6219 - mean_squared_error: 0.6219 - mean_absolute_error: 0.7781
Epoch 00008: val_loss improved from 0.25892 to 0.24903, saving model to /n/home05/isvetkey/cnn-stimuli/RESULTS/s.Figure5.length/5/VGG19.h5

600/600 [==============================] - 0s 336us/step - loss: 0.6180 - mean_squared_error: 0.6180 - mean_absolute_error: 0.7758 - val_loss: 0.2490 - val_mean_squared_error: 0.2490 - val_mean_absolute_error: 0.4311
Epoch 9/1000

 32/600 [>.............................] - ETA: 0s - loss: 0.6172 - mean_squared_error: 0.6172 - mean_absolute_error: 0.7753
352/600 [================>.............] - ETA: 0s - loss: 0.6057 - mean_squared_error: 0.6057 - mean_absolute_error: 0.7678
Epoch 00009: val_loss improved from 0.24903 to 0.23952, saving model to /n/home05/isvetkey/cnn-stimuli/RESULTS/s.Figure5.length/5/VGG19.h5

600/600 [==============================] - 0s 288us/step - loss: 0.6018 - mean_squared_error: 0.6018 - mean_absolute_error: 0.7653 - val_loss: 0.2395 - val_mean_squared_error: 0.2395 - val_mean_absolute_error: 0.4215
Epoch 10/1000

 32/600 [>.............................] - ETA: 0s - loss: 0.5994 - mean_squared_error: 0.5994 - mean_absolute_error: 0.7648
352/600 [================>.............] - ETA: 0s - loss: 0.5881 - mean_squared_error: 0.5881 - mean_absolute_error: 0.7565
Epoch 00010: val_loss improved from 0.23952 to 0.23037, saving model to /n/home05/isvetkey/cnn-stimuli/RESULTS/s.Figure5.length/5/VGG19.h5

600/600 [==============================] - 0s 286us/step - loss: 0.5847 - mean_squared_error: 0.5847 - mean_absolute_error: 0.7541 - val_loss: 0.2304 - val_mean_squared_error: 0.2304 - val_mean_absolute_error: 0.4121
Epoch 11/1000

 32/600 [>.............................] - ETA: 0s - loss: 0.5655 - mean_squared_error: 0.5655 - mean_absolute_error: 0.7405
352/600 [================>.............] - ETA: 0s - loss: 0.5767 - mean_squared_error: 0.5767 - mean_absolute_error: 0.7495
Epoch 00011: val_loss improved from 0.23037 to 0.22155, saving model to /n/home05/isvetkey/cnn-stimuli/RESULTS/s.Figure5.length/5/VGG19.h5

600/600 [==============================] - 0s 289us/step - loss: 0.5688 - mean_squared_error: 0.5688 - mean_absolute_error: 0.7435 - val_loss: 0.2215 - val_mean_squared_error: 0.2215 - val_mean_absolute_error: 0.4040
Epoch 12/1000

 32/600 [>.............................] - ETA: 0s - loss: 0.5477 - mean_squared_error: 0.5477 - mean_absolute_error: 0.7282
256/600 [===========>..................] - ETA: 0s - loss: 0.5551 - mean_squared_error: 0.5551 - mean_absolute_error: 0.7345
544/600 [==========================>...] - ETA: 0s - loss: 0.5532 - mean_squared_error: 0.5532 - mean_absolute_error: 0.7331
Epoch 00012: val_loss improved from 0.22155 to 0.21305, saving model to /n/home05/isvetkey/cnn-stimuli/RESULTS/s.Figure5.length/5/VGG19.h5

600/600 [==============================] - 0s 329us/step - loss: 0.5521 - mean_squared_error: 0.5521 - mean_absolute_error: 0.7322 - val_loss: 0.2131 - val_mean_squared_error: 0.2131 - val_mean_absolute_error: 0.3961
Epoch 13/1000

 32/600 [>.............................] - ETA: 0s - loss: 0.5594 - mean_squared_error: 0.5594 - mean_absolute_error: 0.7400
256/600 [===========>..................] - ETA: 0s - loss: 0.5426 - mean_squared_error: 0.5426 - mean_absolute_error: 0.7262
544/600 [==========================>...] - ETA: 0s - loss: 0.5381 - mean_squared_error: 0.5381 - mean_absolute_error: 0.7228
Epoch 00013: val_loss improved from 0.21305 to 0.20486, saving model to /n/home05/isvetkey/cnn-stimuli/RESULTS/s.Figure5.length/5/VGG19.h5

600/600 [==============================] - 0s 328us/step - loss: 0.5372 - mean_squared_error: 0.5372 - mean_absolute_error: 0.7221 - val_loss: 0.2049 - val_mean_squared_error: 0.2049 - val_mean_absolute_error: 0.3883
Epoch 14/1000

 32/600 [>.............................] - ETA: 0s - loss: 0.5263 - mean_squared_error: 0.5263 - mean_absolute_error: 0.7136
352/600 [================>.............] - ETA: 0s - loss: 0.5244 - mean_squared_error: 0.5244 - mean_absolute_error: 0.7133
Epoch 00014: val_loss improved from 0.20486 to 0.19697, saving model to /n/home05/isvetkey/cnn-stimuli/RESULTS/s.Figure5.length/5/VGG19.h5

600/600 [==============================] - 0s 286us/step - loss: 0.5218 - mean_squared_error: 0.5218 - mean_absolute_error: 0.7114 - val_loss: 0.1970 - val_mean_squared_error: 0.1970 - val_mean_absolute_error: 0.3810
Epoch 15/1000

 32/600 [>.............................] - ETA: 0s - loss: 0.5155 - mean_squared_error: 0.5155 - mean_absolute_error: 0.7080
352/600 [================>.............] - ETA: 0s - loss: 0.5112 - mean_squared_error: 0.5112 - mean_absolute_error: 0.7040
Epoch 00015: val_loss improved from 0.19697 to 0.18937, saving model to /n/home05/isvetkey/cnn-stimuli/RESULTS/s.Figure5.length/5/VGG19.h5

600/600 [==============================] - 0s 287us/step - loss: 0.5071 - mean_squared_error: 0.5071 - mean_absolute_error: 0.7010 - val_loss: 0.1894 - val_mean_squared_error: 0.1894 - val_mean_absolute_error: 0.3741
Epoch 16/1000

 32/600 [>.............................] - ETA: 0s - loss: 0.5078 - mean_squared_error: 0.5078 - mean_absolute_error: 0.7028
352/600 [================>.............] - ETA: 0s - loss: 0.4934 - mean_squared_error: 0.4934 - mean_absolute_error: 0.6905
Epoch 00016: val_loss improved from 0.18937 to 0.18212, saving model to /n/home05/isvetkey/cnn-stimuli/RESULTS/s.Figure5.length/5/VGG19.h5

600/600 [==============================] - 0s 288us/step - loss: 0.4946 - mean_squared_error: 0.4946 - mean_absolute_error: 0.6919 - val_loss: 0.1821 - val_mean_squared_error: 0.1821 - val_mean_absolute_error: 0.3673
Epoch 17/1000

 32/600 [>.............................] - ETA: 0s - loss: 0.4786 - mean_squared_error: 0.4786 - mean_absolute_error: 0.6796
224/600 [==========>...................] - ETA: 0s - loss: 0.4874 - mean_squared_error: 0.4874 - mean_absolute_error: 0.6871
544/600 [==========================>...] - ETA: 0s - loss: 0.4805 - mean_squared_error: 0.4805 - mean_absolute_error: 0.6817
Epoch 00017: val_loss improved from 0.18212 to 0.17512, saving model to /n/home05/isvetkey/cnn-stimuli/RESULTS/s.Figure5.length/5/VGG19.h5

600/600 [==============================] - 0s 353us/step - loss: 0.4800 - mean_squared_error: 0.4800 - mean_absolute_error: 0.6814 - val_loss: 0.1751 - val_mean_squared_error: 0.1751 - val_mean_absolute_error: 0.3606
Epoch 18/1000

 32/600 [>.............................] - ETA: 0s - loss: 0.4676 - mean_squared_error: 0.4676 - mean_absolute_error: 0.6700
256/600 [===========>..................] - ETA: 0s - loss: 0.4694 - mean_squared_error: 0.4694 - mean_absolute_error: 0.6734
544/600 [==========================>...] - ETA: 0s - loss: 0.4646 - mean_squared_error: 0.4646 - mean_absolute_error: 0.6700
Epoch 00018: val_loss improved from 0.17512 to 0.16838, saving model to /n/home05/isvetkey/cnn-stimuli/RESULTS/s.Figure5.length/5/VGG19.h5

600/600 [==============================] - 0s 332us/step - loss: 0.4654 - mean_squared_error: 0.4654 - mean_absolute_error: 0.6708 - val_loss: 0.1684 - val_mean_squared_error: 0.1684 - val_mean_absolute_error: 0.3540
Epoch 19/1000

 32/600 [>.............................] - ETA: 0s - loss: 0.4593 - mean_squared_error: 0.4593 - mean_absolute_error: 0.6660
256/600 [===========>..................] - ETA: 0s - loss: 0.4557 - mean_squared_error: 0.4557 - mean_absolute_error: 0.6633
480/600 [=======================>......] - ETA: 0s - loss: 0.4550 - mean_squared_error: 0.4550 - mean_absolute_error: 0.6629
Epoch 00019: val_loss improved from 0.16838 to 0.16191, saving model to /n/home05/isvetkey/cnn-stimuli/RESULTS/s.Figure5.length/5/VGG19.h5

600/600 [==============================] - 0s 359us/step - loss: 0.4535 - mean_squared_error: 0.4535 - mean_absolute_error: 0.6616 - val_loss: 0.1619 - val_mean_squared_error: 0.1619 - val_mean_absolute_error: 0.3475
Epoch 20/1000

 32/600 [>.............................] - ETA: 0s - loss: 0.4436 - mean_squared_error: 0.4436 - mean_absolute_error: 0.6540
320/600 [===============>..............] - ETA: 0s - loss: 0.4460 - mean_squared_error: 0.4460 - mean_absolute_error: 0.6561
Epoch 00020: val_loss improved from 0.16191 to 0.15571, saving model to /n/home05/isvetkey/cnn-stimuli/RESULTS/s.Figure5.length/5/VGG19.h5

600/600 [==============================] - 0s 320us/step - loss: 0.4413 - mean_squared_error: 0.4413 - mean_absolute_error: 0.6524 - val_loss: 0.1557 - val_mean_squared_error: 0.1557 - val_mean_absolute_error: 0.3410
Epoch 21/1000

 32/600 [>.............................] - ETA: 0s - loss: 0.4275 - mean_squared_error: 0.4275 - mean_absolute_error: 0.6422
224/600 [==========>...................] - ETA: 0s - loss: 0.4300 - mean_squared_error: 0.4300 - mean_absolute_error: 0.6434
480/600 [=======================>......] - ETA: 0s - loss: 0.4277 - mean_squared_error: 0.4277 - mean_absolute_error: 0.6416
Epoch 00021: val_loss improved from 0.15571 to 0.14978, saving model to /n/home05/isvetkey/cnn-stimuli/RESULTS/s.Figure5.length/5/VGG19.h5

600/600 [==============================] - 0s 362us/step - loss: 0.4278 - mean_squared_error: 0.4278 - mean_absolute_error: 0.6419 - val_loss: 0.1498 - val_mean_squared_error: 0.1498 - val_mean_absolute_error: 0.3347
Epoch 22/1000

 32/600 [>.............................] - ETA: 0s - loss: 0.4243 - mean_squared_error: 0.4243 - mean_absolute_error: 0.6400
224/600 [==========>...................] - ETA: 0s - loss: 0.4220 - mean_squared_error: 0.4220 - mean_absolute_error: 0.6377
480/600 [=======================>......] - ETA: 0s - loss: 0.4194 - mean_squared_error: 0.4194 - mean_absolute_error: 0.6359
Epoch 00022: val_loss improved from 0.14978 to 0.14407, saving model to /n/home05/isvetkey/cnn-stimuli/RESULTS/s.Figure5.length/5/VGG19.h5

600/600 [==============================] - 0s 375us/step - loss: 0.4163 - mean_squared_error: 0.4163 - mean_absolute_error: 0.6331 - val_loss: 0.1441 - val_mean_squared_error: 0.1441 - val_mean_absolute_error: 0.3287
Epoch 23/1000

 32/600 [>.............................] - ETA: 0s - loss: 0.4085 - mean_squared_error: 0.4085 - mean_absolute_error: 0.6253
320/600 [===============>..............] - ETA: 0s - loss: 0.4073 - mean_squared_error: 0.4073 - mean_absolute_error: 0.6260
Epoch 00023: val_loss improved from 0.14407 to 0.13860, saving model to /n/home05/isvetkey/cnn-stimuli/RESULTS/s.Figure5.length/5/VGG19.h5

600/600 [==============================] - 0s 332us/step - loss: 0.4046 - mean_squared_error: 0.4046 - mean_absolute_error: 0.6237 - val_loss: 0.1386 - val_mean_squared_error: 0.1386 - val_mean_absolute_error: 0.3230
Epoch 24/1000

 32/600 [>.............................] - ETA: 0s - loss: 0.3903 - mean_squared_error: 0.3903 - mean_absolute_error: 0.6109
256/600 [===========>..................] - ETA: 0s - loss: 0.3970 - mean_squared_error: 0.3970 - mean_absolute_error: 0.6179
512/600 [========================>.....] - ETA: 0s - loss: 0.3946 - mean_squared_error: 0.3946 - mean_absolute_error: 0.6159
Epoch 00024: val_loss improved from 0.13860 to 0.13337, saving model to /n/home05/isvetkey/cnn-stimuli/RESULTS/s.Figure5.length/5/VGG19.h5

600/600 [==============================] - 0s 354us/step - loss: 0.3925 - mean_squared_error: 0.3925 - mean_absolute_error: 0.6141 - val_loss: 0.1334 - val_mean_squared_error: 0.1334 - val_mean_absolute_error: 0.3173
Epoch 25/1000

 32/600 [>.............................] - ETA: 0s - loss: 0.3912 - mean_squared_error: 0.3912 - mean_absolute_error: 0.6148
288/600 [=============>................] - ETA: 0s - loss: 0.3818 - mean_squared_error: 0.3818 - mean_absolute_error: 0.6057
576/600 [===========================>..] - ETA: 0s - loss: 0.3794 - mean_squared_error: 0.3794 - mean_absolute_error: 0.6032
Epoch 00025: val_loss improved from 0.13337 to 0.12835, saving model to /n/home05/isvetkey/cnn-stimuli/RESULTS/s.Figure5.length/5/VGG19.h5

600/600 [==============================] - 0s 331us/step - loss: 0.3798 - mean_squared_error: 0.3798 - mean_absolute_error: 0.6036 - val_loss: 0.1284 - val_mean_squared_error: 0.1284 - val_mean_absolute_error: 0.3117
Epoch 26/1000

 32/600 [>.............................] - ETA: 0s - loss: 0.3776 - mean_squared_error: 0.3776 - mean_absolute_error: 0.6019
224/600 [==========>...................] - ETA: 0s - loss: 0.3693 - mean_squared_error: 0.3693 - mean_absolute_error: 0.5950
480/600 [=======================>......] - ETA: 0s - loss: 0.3687 - mean_squared_error: 0.3687 - mean_absolute_error: 0.5945
Epoch 00026: val_loss improved from 0.12835 to 0.12353, saving model to /n/home05/isvetkey/cnn-stimuli/RESULTS/s.Figure5.length/5/VGG19.h5

600/600 [==============================] - 0s 368us/step - loss: 0.3677 - mean_squared_error: 0.3677 - mean_absolute_error: 0.5936 - val_loss: 0.1235 - val_mean_squared_error: 0.1235 - val_mean_absolute_error: 0.3062
Epoch 27/1000

 32/600 [>.............................] - ETA: 0s - loss: 0.3593 - mean_squared_error: 0.3593 - mean_absolute_error: 0.5861
224/600 [==========>...................] - ETA: 0s - loss: 0.3638 - mean_squared_error: 0.3638 - mean_absolute_error: 0.5902
480/600 [=======================>......] - ETA: 0s - loss: 0.3616 - mean_squared_error: 0.3616 - mean_absolute_error: 0.5886
Epoch 00027: val_loss improved from 0.12353 to 0.11894, saving model to /n/home05/isvetkey/cnn-stimuli/RESULTS/s.Figure5.length/5/VGG19.h5

600/600 [==============================] - 0s 363us/step - loss: 0.3598 - mean_squared_error: 0.3598 - mean_absolute_error: 0.5869 - val_loss: 0.1189 - val_mean_squared_error: 0.1189 - val_mean_absolute_error: 0.3008
Epoch 28/1000

 32/600 [>.............................] - ETA: 0s - loss: 0.3722 - mean_squared_error: 0.3722 - mean_absolute_error: 0.5996
320/600 [===============>..............] - ETA: 0s - loss: 0.3528 - mean_squared_error: 0.3528 - mean_absolute_error: 0.5816
Epoch 00028: val_loss improved from 0.11894 to 0.11455, saving model to /n/home05/isvetkey/cnn-stimuli/RESULTS/s.Figure5.length/5/VGG19.h5

600/600 [==============================] - 0s 324us/step - loss: 0.3489 - mean_squared_error: 0.3489 - mean_absolute_error: 0.5775 - val_loss: 0.1146 - val_mean_squared_error: 0.1146 - val_mean_absolute_error: 0.2955
Epoch 29/1000

 32/600 [>.............................] - ETA: 0s - loss: 0.3467 - mean_squared_error: 0.3467 - mean_absolute_error: 0.5737
224/600 [==========>...................] - ETA: 0s - loss: 0.3449 - mean_squared_error: 0.3449 - mean_absolute_error: 0.5740
480/600 [=======================>......] - ETA: 0s - loss: 0.3420 - mean_squared_error: 0.3420 - mean_absolute_error: 0.5717
Epoch 00029: val_loss improved from 0.11455 to 0.11038, saving model to /n/home05/isvetkey/cnn-stimuli/RESULTS/s.Figure5.length/5/VGG19.h5

600/600 [==============================] - 0s 366us/step - loss: 0.3392 - mean_squared_error: 0.3392 - mean_absolute_error: 0.5691 - val_loss: 0.1104 - val_mean_squared_error: 0.1104 - val_mean_absolute_error: 0.2902
Epoch 30/1000

 32/600 [>.............................] - ETA: 0s - loss: 0.3332 - mean_squared_error: 0.3332 - mean_absolute_error: 0.5628
224/600 [==========>...................] - ETA: 0s - loss: 0.3322 - mean_squared_error: 0.3322 - mean_absolute_error: 0.5625
480/600 [=======================>......] - ETA: 0s - loss: 0.3299 - mean_squared_error: 0.3299 - mean_absolute_error: 0.5609
Epoch 00030: val_loss improved from 0.11038 to 0.10640, saving model to /n/home05/isvetkey/cnn-stimuli/RESULTS/s.Figure5.length/5/VGG19.h5

600/600 [==============================] - 0s 359us/step - loss: 0.3293 - mean_squared_error: 0.3293 - mean_absolute_error: 0.5602 - val_loss: 0.1064 - val_mean_squared_error: 0.1064 - val_mean_absolute_error: 0.2850
Epoch 31/1000

 32/600 [>.............................] - ETA: 0s - loss: 0.3304 - mean_squared_error: 0.3304 - mean_absolute_error: 0.5600
224/600 [==========>...................] - ETA: 0s - loss: 0.3277 - mean_squared_error: 0.3277 - mean_absolute_error: 0.5591
480/600 [=======================>......] - ETA: 0s - loss: 0.3222 - mean_squared_error: 0.3222 - mean_absolute_error: 0.5542
Epoch 00031: val_loss improved from 0.10640 to 0.10262, saving model to /n/home05/isvetkey/cnn-stimuli/RESULTS/s.Figure5.length/5/VGG19.h5

600/600 [==============================] - 0s 367us/step - loss: 0.3200 - mean_squared_error: 0.3200 - mean_absolute_error: 0.5518 - val_loss: 0.1026 - val_mean_squared_error: 0.1026 - val_mean_absolute_error: 0.2799
Epoch 32/1000

 32/600 [>.............................] - ETA: 0s - loss: 0.3200 - mean_squared_error: 0.3200 - mean_absolute_error: 0.5524
224/600 [==========>...................] - ETA: 0s - loss: 0.3157 - mean_squared_error: 0.3157 - mean_absolute_error: 0.5480
480/600 [=======================>......] - ETA: 0s - loss: 0.3128 - mean_squared_error: 0.3128 - mean_absolute_error: 0.5450
Epoch 00032: val_loss improved from 0.10262 to 0.09902, saving model to /n/home05/isvetkey/cnn-stimuli/RESULTS/s.Figure5.length/5/VGG19.h5

600/600 [==============================] - 0s 365us/step - loss: 0.3120 - mean_squared_error: 0.3120 - mean_absolute_error: 0.5444 - val_loss: 0.0990 - val_mean_squared_error: 0.0990 - val_mean_absolute_error: 0.2748
Epoch 33/1000

 32/600 [>.............................] - ETA: 0s - loss: 0.3178 - mean_squared_error: 0.3178 - mean_absolute_error: 0.5498
224/600 [==========>...................] - ETA: 0s - loss: 0.3057 - mean_squared_error: 0.3057 - mean_absolute_error: 0.5393
480/600 [=======================>......] - ETA: 0s - loss: 0.3029 - mean_squared_error: 0.3029 - mean_absolute_error: 0.5360
Epoch 00033: val_loss improved from 0.09902 to 0.09561, saving model to /n/home05/isvetkey/cnn-stimuli/RESULTS/s.Figure5.length/5/VGG19.h5

600/600 [==============================] - 0s 363us/step - loss: 0.3023 - mean_squared_error: 0.3023 - mean_absolute_error: 0.5355 - val_loss: 0.0956 - val_mean_squared_error: 0.0956 - val_mean_absolute_error: 0.2698
Epoch 34/1000

 32/600 [>.............................] - ETA: 0s - loss: 0.3007 - mean_squared_error: 0.3007 - mean_absolute_error: 0.5351
320/600 [===============>..............] - ETA: 0s - loss: 0.2958 - mean_squared_error: 0.2958 - mean_absolute_error: 0.5301
Epoch 00034: val_loss improved from 0.09561 to 0.09236, saving model to /n/home05/isvetkey/cnn-stimuli/RESULTS/s.Figure5.length/5/VGG19.h5

600/600 [==============================] - 0s 322us/step - loss: 0.2905 - mean_squared_error: 0.2905 - mean_absolute_error: 0.5242 - val_loss: 0.0924 - val_mean_squared_error: 0.0924 - val_mean_absolute_error: 0.2651
Epoch 35/1000

 32/600 [>.............................] - ETA: 0s - loss: 0.2823 - mean_squared_error: 0.2823 - mean_absolute_error: 0.5160
224/600 [==========>...................] - ETA: 0s - loss: 0.2869 - mean_squared_error: 0.2869 - mean_absolute_error: 0.5216
480/600 [=======================>......] - ETA: 0s - loss: 0.2825 - mean_squared_error: 0.2825 - mean_absolute_error: 0.5168
Epoch 00035: val_loss improved from 0.09236 to 0.08929, saving model to /n/home05/isvetkey/cnn-stimuli/RESULTS/s.Figure5.length/5/VGG19.h5

600/600 [==============================] - 0s 364us/step - loss: 0.2827 - mean_squared_error: 0.2827 - mean_absolute_error: 0.5169 - val_loss: 0.0893 - val_mean_squared_error: 0.0893 - val_mean_absolute_error: 0.2606
Epoch 36/1000

 32/600 [>.............................] - ETA: 0s - loss: 0.2855 - mean_squared_error: 0.2855 - mean_absolute_error: 0.5222
288/600 [=============>................] - ETA: 0s - loss: 0.2777 - mean_squared_error: 0.2777 - mean_absolute_error: 0.5130
576/600 [===========================>..] - ETA: 0s - loss: 0.2751 - mean_squared_error: 0.2751 - mean_absolute_error: 0.5095
Epoch 00036: val_loss improved from 0.08929 to 0.08638, saving model to /n/home05/isvetkey/cnn-stimuli/RESULTS/s.Figure5.length/5/VGG19.h5

600/600 [==============================] - 0s 329us/step - loss: 0.2758 - mean_squared_error: 0.2758 - mean_absolute_error: 0.5101 - val_loss: 0.0864 - val_mean_squared_error: 0.0864 - val_mean_absolute_error: 0.2562
Epoch 37/1000

 32/600 [>.............................] - ETA: 0s - loss: 0.2768 - mean_squared_error: 0.2768 - mean_absolute_error: 0.5134
320/600 [===============>..............] - ETA: 0s - loss: 0.2697 - mean_squared_error: 0.2697 - mean_absolute_error: 0.5045
Epoch 00037: val_loss improved from 0.08638 to 0.08364, saving model to /n/home05/isvetkey/cnn-stimuli/RESULTS/s.Figure5.length/5/VGG19.h5

600/600 [==============================] - 0s 322us/step - loss: 0.2656 - mean_squared_error: 0.2656 - mean_absolute_error: 0.4998 - val_loss: 0.0836 - val_mean_squared_error: 0.0836 - val_mean_absolute_error: 0.2519
Epoch 38/1000

 32/600 [>.............................] - ETA: 0s - loss: 0.2631 - mean_squared_error: 0.2631 - mean_absolute_error: 0.4984
224/600 [==========>...................] - ETA: 0s - loss: 0.2632 - mean_squared_error: 0.2632 - mean_absolute_error: 0.4984
480/600 [=======================>......] - ETA: 0s - loss: 0.2587 - mean_squared_error: 0.2587 - mean_absolute_error: 0.4931
Epoch 00038: val_loss improved from 0.08364 to 0.08105, saving model to /n/home05/isvetkey/cnn-stimuli/RESULTS/s.Figure5.length/5/VGG19.h5

600/600 [==============================] - 0s 365us/step - loss: 0.2585 - mean_squared_error: 0.2585 - mean_absolute_error: 0.4931 - val_loss: 0.0811 - val_mean_squared_error: 0.0811 - val_mean_absolute_error: 0.2479
Epoch 39/1000

 32/600 [>.............................] - ETA: 0s - loss: 0.2412 - mean_squared_error: 0.2412 - mean_absolute_error: 0.4730
224/600 [==========>...................] - ETA: 0s - loss: 0.2495 - mean_squared_error: 0.2495 - mean_absolute_error: 0.4836
480/600 [=======================>......] - ETA: 0s - loss: 0.2507 - mean_squared_error: 0.2507 - mean_absolute_error: 0.4850
Epoch 00039: val_loss improved from 0.08105 to 0.07862, saving model to /n/home05/isvetkey/cnn-stimuli/RESULTS/s.Figure5.length/5/VGG19.h5

600/600 [==============================] - 0s 359us/step - loss: 0.2496 - mean_squared_error: 0.2496 - mean_absolute_error: 0.4837 - val_loss: 0.0786 - val_mean_squared_error: 0.0786 - val_mean_absolute_error: 0.2439
Epoch 40/1000

 32/600 [>.............................] - ETA: 0s - loss: 0.2410 - mean_squared_error: 0.2410 - mean_absolute_error: 0.4706
256/600 [===========>..................] - ETA: 0s - loss: 0.2446 - mean_squared_error: 0.2446 - mean_absolute_error: 0.4780
544/600 [==========================>...] - ETA: 0s - loss: 0.2447 - mean_squared_error: 0.2447 - mean_absolute_error: 0.4788
Epoch 00040: val_loss improved from 0.07862 to 0.07635, saving model to /n/home05/isvetkey/cnn-stimuli/RESULTS/s.Figure5.length/5/VGG19.h5

600/600 [==============================] - 0s 336us/step - loss: 0.2435 - mean_squared_error: 0.2435 - mean_absolute_error: 0.4773 - val_loss: 0.0763 - val_mean_squared_error: 0.0763 - val_mean_absolute_error: 0.2401
Epoch 41/1000

 32/600 [>.............................] - ETA: 0s - loss: 0.2249 - mean_squared_error: 0.2249 - mean_absolute_error: 0.4532
320/600 [===============>..............] - ETA: 0s - loss: 0.2378 - mean_squared_error: 0.2378 - mean_absolute_error: 0.4718
Epoch 00041: val_loss improved from 0.07635 to 0.07422, saving model to /n/home05/isvetkey/cnn-stimuli/RESULTS/s.Figure5.length/5/VGG19.h5

600/600 [==============================] - 0s 325us/step - loss: 0.2362 - mean_squared_error: 0.2362 - mean_absolute_error: 0.4697 - val_loss: 0.0742 - val_mean_squared_error: 0.0742 - val_mean_absolute_error: 0.2364
Epoch 42/1000

 32/600 [>.............................] - ETA: 0s - loss: 0.2258 - mean_squared_error: 0.2258 - mean_absolute_error: 0.4587
224/600 [==========>...................] - ETA: 0s - loss: 0.2292 - mean_squared_error: 0.2292 - mean_absolute_error: 0.4628
480/600 [=======================>......] - ETA: 0s - loss: 0.2296 - mean_squared_error: 0.2296 - mean_absolute_error: 0.4630
Epoch 00042: val_loss improved from 0.07422 to 0.07223, saving model to /n/home05/isvetkey/cnn-stimuli/RESULTS/s.Figure5.length/5/VGG19.h5

600/600 [==============================] - 0s 427us/step - loss: 0.2293 - mean_squared_error: 0.2293 - mean_absolute_error: 0.4629 - val_loss: 0.0722 - val_mean_squared_error: 0.0722 - val_mean_absolute_error: 0.2328
Epoch 43/1000

 32/600 [>.............................] - ETA: 0s - loss: 0.2246 - mean_squared_error: 0.2246 - mean_absolute_error: 0.4555
256/600 [===========>..................] - ETA: 0s - loss: 0.2244 - mean_squared_error: 0.2244 - mean_absolute_error: 0.4561
512/600 [========================>.....] - ETA: 0s - loss: 0.2223 - mean_squared_error: 0.2223 - mean_absolute_error: 0.4545
Epoch 00043: val_loss improved from 0.07223 to 0.07037, saving model to /n/home05/isvetkey/cnn-stimuli/RESULTS/s.Figure5.length/5/VGG19.h5

600/600 [==============================] - 0s 357us/step - loss: 0.2222 - mean_squared_error: 0.2222 - mean_absolute_error: 0.4545 - val_loss: 0.0704 - val_mean_squared_error: 0.0704 - val_mean_absolute_error: 0.2293
Epoch 44/1000

 32/600 [>.............................] - ETA: 0s - loss: 0.2290 - mean_squared_error: 0.2290 - mean_absolute_error: 0.4628
320/600 [===============>..............] - ETA: 0s - loss: 0.2169 - mean_squared_error: 0.2169 - mean_absolute_error: 0.4489
Epoch 00044: val_loss improved from 0.07037 to 0.06865, saving model to /n/home05/isvetkey/cnn-stimuli/RESULTS/s.Figure5.length/5/VGG19.h5

600/600 [==============================] - 0s 326us/step - loss: 0.2154 - mean_squared_error: 0.2154 - mean_absolute_error: 0.4467 - val_loss: 0.0687 - val_mean_squared_error: 0.0687 - val_mean_absolute_error: 0.2260
Epoch 45/1000

 32/600 [>.............................] - ETA: 0s - loss: 0.2142 - mean_squared_error: 0.2142 - mean_absolute_error: 0.4456
224/600 [==========>...................] - ETA: 0s - loss: 0.2071 - mean_squared_error: 0.2071 - mean_absolute_error: 0.4361
480/600 [=======================>......] - ETA: 0s - loss: 0.2106 - mean_squared_error: 0.2106 - mean_absolute_error: 0.4412
Epoch 00045: val_loss improved from 0.06865 to 0.06707, saving model to /n/home05/isvetkey/cnn-stimuli/RESULTS/s.Figure5.length/5/VGG19.h5

600/600 [==============================] - 0s 373us/step - loss: 0.2102 - mean_squared_error: 0.2102 - mean_absolute_error: 0.4411 - val_loss: 0.0671 - val_mean_squared_error: 0.0671 - val_mean_absolute_error: 0.2227
Epoch 46/1000

 32/600 [>.............................] - ETA: 0s - loss: 0.1982 - mean_squared_error: 0.1982 - mean_absolute_error: 0.4267
256/600 [===========>..................] - ETA: 0s - loss: 0.2033 - mean_squared_error: 0.2033 - mean_absolute_error: 0.4337
544/600 [==========================>...] - ETA: 0s - loss: 0.2012 - mean_squared_error: 0.2012 - mean_absolute_error: 0.4314
Epoch 00046: val_loss improved from 0.06707 to 0.06560, saving model to /n/home05/isvetkey/cnn-stimuli/RESULTS/s.Figure5.length/5/VGG19.h5

600/600 [==============================] - 0s 361us/step - loss: 0.2009 - mean_squared_error: 0.2009 - mean_absolute_error: 0.4307 - val_loss: 0.0656 - val_mean_squared_error: 0.0656 - val_mean_absolute_error: 0.2196
Epoch 47/1000

 32/600 [>.............................] - ETA: 0s - loss: 0.1924 - mean_squared_error: 0.1924 - mean_absolute_error: 0.4179
320/600 [===============>..............] - ETA: 0s - loss: 0.1972 - mean_squared_error: 0.1972 - mean_absolute_error: 0.4262
Epoch 00047: val_loss improved from 0.06560 to 0.06426, saving model to /n/home05/isvetkey/cnn-stimuli/RESULTS/s.Figure5.length/5/VGG19.h5

600/600 [==============================] - 0s 341us/step - loss: 0.1964 - mean_squared_error: 0.1964 - mean_absolute_error: 0.4254 - val_loss: 0.0643 - val_mean_squared_error: 0.0643 - val_mean_absolute_error: 0.2164
Epoch 48/1000

 32/600 [>.............................] - ETA: 0s - loss: 0.1993 - mean_squared_error: 0.1993 - mean_absolute_error: 0.4283
320/600 [===============>..............] - ETA: 0s - loss: 0.1907 - mean_squared_error: 0.1907 - mean_absolute_error: 0.4172
Epoch 00048: val_loss improved from 0.06426 to 0.06304, saving model to /n/home05/isvetkey/cnn-stimuli/RESULTS/s.Figure5.length/5/VGG19.h5

600/600 [==============================] - 0s 339us/step - loss: 0.1904 - mean_squared_error: 0.1904 - mean_absolute_error: 0.4178 - val_loss: 0.0630 - val_mean_squared_error: 0.0630 - val_mean_absolute_error: 0.2138
Epoch 49/1000

 32/600 [>.............................] - ETA: 0s - loss: 0.1873 - mean_squared_error: 0.1873 - mean_absolute_error: 0.4117
224/600 [==========>...................] - ETA: 0s - loss: 0.1860 - mean_squared_error: 0.1860 - mean_absolute_error: 0.4118
480/600 [=======================>......] - ETA: 0s - loss: 0.1858 - mean_squared_error: 0.1858 - mean_absolute_error: 0.4126
Epoch 00049: val_loss improved from 0.06304 to 0.06194, saving model to /n/home05/isvetkey/cnn-stimuli/RESULTS/s.Figure5.length/5/VGG19.h5

600/600 [==============================] - 0s 362us/step - loss: 0.1858 - mean_squared_error: 0.1858 - mean_absolute_error: 0.4125 - val_loss: 0.0619 - val_mean_squared_error: 0.0619 - val_mean_absolute_error: 0.2113
Epoch 50/1000

 32/600 [>.............................] - ETA: 0s - loss: 0.1688 - mean_squared_error: 0.1688 - mean_absolute_error: 0.3854
320/600 [===============>..............] - ETA: 0s - loss: 0.1781 - mean_squared_error: 0.1781 - mean_absolute_error: 0.4026
Epoch 00050: val_loss improved from 0.06194 to 0.06094, saving model to /n/home05/isvetkey/cnn-stimuli/RESULTS/s.Figure5.length/5/VGG19.h5

600/600 [==============================] - 0s 319us/step - loss: 0.1784 - mean_squared_error: 0.1784 - mean_absolute_error: 0.4033 - val_loss: 0.0609 - val_mean_squared_error: 0.0609 - val_mean_absolute_error: 0.2090
Epoch 51/1000

 32/600 [>.............................] - ETA: 0s - loss: 0.1744 - mean_squared_error: 0.1744 - mean_absolute_error: 0.3998
320/600 [===============>..............] - ETA: 0s - loss: 0.1754 - mean_squared_error: 0.1754 - mean_absolute_error: 0.4002
Epoch 00051: val_loss improved from 0.06094 to 0.06006, saving model to /n/home05/isvetkey/cnn-stimuli/RESULTS/s.Figure5.length/5/VGG19.h5

600/600 [==============================] - 0s 326us/step - loss: 0.1722 - mean_squared_error: 0.1722 - mean_absolute_error: 0.3957 - val_loss: 0.0601 - val_mean_squared_error: 0.0601 - val_mean_absolute_error: 0.2070
Epoch 52/1000

 32/600 [>.............................] - ETA: 0s - loss: 0.1768 - mean_squared_error: 0.1768 - mean_absolute_error: 0.4035
320/600 [===============>..............] - ETA: 0s - loss: 0.1695 - mean_squared_error: 0.1695 - mean_absolute_error: 0.3917
Epoch 00052: val_loss improved from 0.06006 to 0.05927, saving model to /n/home05/isvetkey/cnn-stimuli/RESULTS/s.Figure5.length/5/VGG19.h5

600/600 [==============================] - 0s 323us/step - loss: 0.1677 - mean_squared_error: 0.1677 - mean_absolute_error: 0.3897 - val_loss: 0.0593 - val_mean_squared_error: 0.0593 - val_mean_absolute_error: 0.2050
Epoch 53/1000

 32/600 [>.............................] - ETA: 0s - loss: 0.1619 - mean_squared_error: 0.1619 - mean_absolute_error: 0.3849
224/600 [==========>...................] - ETA: 0s - loss: 0.1654 - mean_squared_error: 0.1654 - mean_absolute_error: 0.3880
480/600 [=======================>......] - ETA: 0s - loss: 0.1618 - mean_squared_error: 0.1618 - mean_absolute_error: 0.3825
Epoch 00053: val_loss improved from 0.05927 to 0.05860, saving model to /n/home05/isvetkey/cnn-stimuli/RESULTS/s.Figure5.length/5/VGG19.h5

600/600 [==============================] - 0s 364us/step - loss: 0.1606 - mean_squared_error: 0.1606 - mean_absolute_error: 0.3805 - val_loss: 0.0586 - val_mean_squared_error: 0.0586 - val_mean_absolute_error: 0.2030
Epoch 54/1000

 32/600 [>.............................] - ETA: 0s - loss: 0.1643 - mean_squared_error: 0.1643 - mean_absolute_error: 0.3863
320/600 [===============>..............] - ETA: 0s - loss: 0.1566 - mean_squared_error: 0.1566 - mean_absolute_error: 0.3749
Epoch 00054: val_loss improved from 0.05860 to 0.05801, saving model to /n/home05/isvetkey/cnn-stimuli/RESULTS/s.Figure5.length/5/VGG19.h5

600/600 [==============================] - 0s 334us/step - loss: 0.1573 - mean_squared_error: 0.1573 - mean_absolute_error: 0.3761 - val_loss: 0.0580 - val_mean_squared_error: 0.0580 - val_mean_absolute_error: 0.2012
Epoch 55/1000

 32/600 [>.............................] - ETA: 0s - loss: 0.1589 - mean_squared_error: 0.1589 - mean_absolute_error: 0.3834
224/600 [==========>...................] - ETA: 0s - loss: 0.1495 - mean_squared_error: 0.1495 - mean_absolute_error: 0.3653
480/600 [=======================>......] - ETA: 0s - loss: 0.1492 - mean_squared_error: 0.1492 - mean_absolute_error: 0.3660
Epoch 00055: val_loss improved from 0.05801 to 0.05752, saving model to /n/home05/isvetkey/cnn-stimuli/RESULTS/s.Figure5.length/5/VGG19.h5

600/600 [==============================] - 0s 378us/step - loss: 0.1495 - mean_squared_error: 0.1495 - mean_absolute_error: 0.3661 - val_loss: 0.0575 - val_mean_squared_error: 0.0575 - val_mean_absolute_error: 0.1994
Epoch 56/1000

 32/600 [>.............................] - ETA: 0s - loss: 0.1568 - mean_squared_error: 0.1568 - mean_absolute_error: 0.3757
288/600 [=============>................] - ETA: 0s - loss: 0.1484 - mean_squared_error: 0.1484 - mean_absolute_error: 0.3645
576/600 [===========================>..] - ETA: 0s - loss: 0.1472 - mean_squared_error: 0.1472 - mean_absolute_error: 0.3623
Epoch 00056: val_loss improved from 0.05752 to 0.05712, saving model to /n/home05/isvetkey/cnn-stimuli/RESULTS/s.Figure5.length/5/VGG19.h5

600/600 [==============================] - 0s 332us/step - loss: 0.1476 - mean_squared_error: 0.1476 - mean_absolute_error: 0.3629 - val_loss: 0.0571 - val_mean_squared_error: 0.0571 - val_mean_absolute_error: 0.1977
Epoch 57/1000

 32/600 [>.............................] - ETA: 0s - loss: 0.1474 - mean_squared_error: 0.1474 - mean_absolute_error: 0.3617
256/600 [===========>..................] - ETA: 0s - loss: 0.1441 - mean_squared_error: 0.1441 - mean_absolute_error: 0.3572
544/600 [==========================>...] - ETA: 0s - loss: 0.1431 - mean_squared_error: 0.1431 - mean_absolute_error: 0.3568
Epoch 00057: val_loss improved from 0.05712 to 0.05681, saving model to /n/home05/isvetkey/cnn-stimuli/RESULTS/s.Figure5.length/5/VGG19.h5

600/600 [==============================] - 0s 371us/step - loss: 0.1428 - mean_squared_error: 0.1428 - mean_absolute_error: 0.3565 - val_loss: 0.0568 - val_mean_squared_error: 0.0568 - val_mean_absolute_error: 0.1960
Epoch 58/1000

 32/600 [>.............................] - ETA: 0s - loss: 0.1336 - mean_squared_error: 0.1336 - mean_absolute_error: 0.3429
224/600 [==========>...................] - ETA: 0s - loss: 0.1359 - mean_squared_error: 0.1359 - mean_absolute_error: 0.3462
480/600 [=======================>......] - ETA: 0s - loss: 0.1373 - mean_squared_error: 0.1373 - mean_absolute_error: 0.3481
Epoch 00058: val_loss improved from 0.05681 to 0.05658, saving model to /n/home05/isvetkey/cnn-stimuli/RESULTS/s.Figure5.length/5/VGG19.h5

600/600 [==============================] - 0s 362us/step - loss: 0.1383 - mean_squared_error: 0.1383 - mean_absolute_error: 0.3503 - val_loss: 0.0566 - val_mean_squared_error: 0.0566 - val_mean_absolute_error: 0.1943
Epoch 59/1000

 32/600 [>.............................] - ETA: 0s - loss: 0.1222 - mean_squared_error: 0.1222 - mean_absolute_error: 0.3246
320/600 [===============>..............] - ETA: 0s - loss: 0.1348 - mean_squared_error: 0.1348 - mean_absolute_error: 0.3448
Epoch 00059: val_loss improved from 0.05658 to 0.05644, saving model to /n/home05/isvetkey/cnn-stimuli/RESULTS/s.Figure5.length/5/VGG19.h5

600/600 [==============================] - 0s 320us/step - loss: 0.1346 - mean_squared_error: 0.1346 - mean_absolute_error: 0.3450 - val_loss: 0.0564 - val_mean_squared_error: 0.0564 - val_mean_absolute_error: 0.1934
Epoch 60/1000

 32/600 [>.............................] - ETA: 0s - loss: 0.1286 - mean_squared_error: 0.1286 - mean_absolute_error: 0.3361
288/600 [=============>................] - ETA: 0s - loss: 0.1280 - mean_squared_error: 0.1280 - mean_absolute_error: 0.3350
576/600 [===========================>..] - ETA: 0s - loss: 0.1279 - mean_squared_error: 0.1279 - mean_absolute_error: 0.3352
Epoch 00060: val_loss improved from 0.05644 to 0.05637, saving model to /n/home05/isvetkey/cnn-stimuli/RESULTS/s.Figure5.length/5/VGG19.h5

600/600 [==============================] - 0s 328us/step - loss: 0.1275 - mean_squared_error: 0.1275 - mean_absolute_error: 0.3348 - val_loss: 0.0564 - val_mean_squared_error: 0.0564 - val_mean_absolute_error: 0.1927
Epoch 61/1000

 32/600 [>.............................] - ETA: 0s - loss: 0.1245 - mean_squared_error: 0.1245 - mean_absolute_error: 0.3347
320/600 [===============>..............] - ETA: 0s - loss: 0.1261 - mean_squared_error: 0.1261 - mean_absolute_error: 0.3328
Epoch 00061: val_loss did not improve

600/600 [==============================] - 0s 206us/step - loss: 0.1249 - mean_squared_error: 0.1249 - mean_absolute_error: 0.3311 - val_loss: 0.0564 - val_mean_squared_error: 0.0564 - val_mean_absolute_error: 0.1920
Epoch 62/1000

 32/600 [>.............................] - ETA: 0s - loss: 0.1137 - mean_squared_error: 0.1137 - mean_absolute_error: 0.3120
320/600 [===============>..............] - ETA: 0s - loss: 0.1213 - mean_squared_error: 0.1213 - mean_absolute_error: 0.3259
Epoch 00062: val_loss did not improve

600/600 [==============================] - 0s 188us/step - loss: 0.1204 - mean_squared_error: 0.1204 - mean_absolute_error: 0.3246 - val_loss: 0.0565 - val_mean_squared_error: 0.0565 - val_mean_absolute_error: 0.1916
Epoch 63/1000

 32/600 [>.............................] - ETA: 0s - loss: 0.1144 - mean_squared_error: 0.1144 - mean_absolute_error: 0.3074
384/600 [==================>...........] - ETA: 0s - loss: 0.1196 - mean_squared_error: 0.1196 - mean_absolute_error: 0.3227
Epoch 00063: val_loss did not improve

600/600 [==============================] - 0s 169us/step - loss: 0.1184 - mean_squared_error: 0.1184 - mean_absolute_error: 0.3217 - val_loss: 0.0566 - val_mean_squared_error: 0.0566 - val_mean_absolute_error: 0.1912
Epoch 64/1000

 32/600 [>.............................] - ETA: 0s - loss: 0.1067 - mean_squared_error: 0.1067 - mean_absolute_error: 0.3039
384/600 [==================>...........] - ETA: 0s - loss: 0.1145 - mean_squared_error: 0.1145 - mean_absolute_error: 0.3159
Epoch 00064: val_loss did not improve

600/600 [==============================] - 0s 170us/step - loss: 0.1138 - mean_squared_error: 0.1138 - mean_absolute_error: 0.3147 - val_loss: 0.0568 - val_mean_squared_error: 0.0568 - val_mean_absolute_error: 0.1911
Epoch 65/1000

 32/600 [>.............................] - ETA: 0s - loss: 0.1114 - mean_squared_error: 0.1114 - mean_absolute_error: 0.3113
384/600 [==================>...........] - ETA: 0s - loss: 0.1111 - mean_squared_error: 0.1111 - mean_absolute_error: 0.3111
Epoch 00065: val_loss did not improve

600/600 [==============================] - 0s 171us/step - loss: 0.1092 - mean_squared_error: 0.1092 - mean_absolute_error: 0.3078 - val_loss: 0.0571 - val_mean_squared_error: 0.0571 - val_mean_absolute_error: 0.1912
Epoch 66/1000

 32/600 [>.............................] - ETA: 0s - loss: 0.1216 - mean_squared_error: 0.1216 - mean_absolute_error: 0.3280
384/600 [==================>...........] - ETA: 0s - loss: 0.1095 - mean_squared_error: 0.1095 - mean_absolute_error: 0.3083
Epoch 00066: val_loss did not improve

600/600 [==============================] - 0s 171us/step - loss: 0.1086 - mean_squared_error: 0.1086 - mean_absolute_error: 0.3067 - val_loss: 0.0574 - val_mean_squared_error: 0.0574 - val_mean_absolute_error: 0.1917
Epoch 67/1000

 32/600 [>.............................] - ETA: 0s - loss: 0.0917 - mean_squared_error: 0.0917 - mean_absolute_error: 0.2760
384/600 [==================>...........] - ETA: 0s - loss: 0.1037 - mean_squared_error: 0.1037 - mean_absolute_error: 0.2992
Epoch 00067: val_loss did not improve

600/600 [==============================] - 0s 170us/step - loss: 0.1041 - mean_squared_error: 0.1041 - mean_absolute_error: 0.3000 - val_loss: 0.0578 - val_mean_squared_error: 0.0578 - val_mean_absolute_error: 0.1922
Epoch 68/1000

 32/600 [>.............................] - ETA: 0s - loss: 0.0947 - mean_squared_error: 0.0947 - mean_absolute_error: 0.2880
384/600 [==================>...........] - ETA: 0s - loss: 0.1016 - mean_squared_error: 0.1016 - mean_absolute_error: 0.2952
Epoch 00068: val_loss did not improve

600/600 [==============================] - 0s 171us/step - loss: 0.1006 - mean_squared_error: 0.1006 - mean_absolute_error: 0.2941 - val_loss: 0.0583 - val_mean_squared_error: 0.0583 - val_mean_absolute_error: 0.1928
Epoch 69/1000

 32/600 [>.............................] - ETA: 0s - loss: 0.1123 - mean_squared_error: 0.1123 - mean_absolute_error: 0.3152
384/600 [==================>...........] - ETA: 0s - loss: 0.1004 - mean_squared_error: 0.1004 - mean_absolute_error: 0.2942
Epoch 00069: val_loss did not improve

600/600 [==============================] - 0s 171us/step - loss: 0.1007 - mean_squared_error: 0.1007 - mean_absolute_error: 0.2946 - val_loss: 0.0588 - val_mean_squared_error: 0.0588 - val_mean_absolute_error: 0.1935
Epoch 70/1000

 32/600 [>.............................] - ETA: 0s - loss: 0.0985 - mean_squared_error: 0.0985 - mean_absolute_error: 0.2878
384/600 [==================>...........] - ETA: 0s - loss: 0.0940 - mean_squared_error: 0.0940 - mean_absolute_error: 0.2829
Epoch 00070: val_loss did not improve

600/600 [==============================] - 0s 171us/step - loss: 0.0937 - mean_squared_error: 0.0937 - mean_absolute_error: 0.2830 - val_loss: 0.0593 - val_mean_squared_error: 0.0593 - val_mean_absolute_error: 0.1942
Fitting done 13.6651360989
MLAE 4.81490179537
Written /n/home05/isvetkey/cnn-stimuli/RESULTS/s.Figure5.length/5/VGG19.p
Written /n/home05/isvetkey/cnn-stimuli/RESULTS/s.Figure5.length/5/VGG19.h5
All done. Give your computer a pat on the back.
actually don't do that.
